CRITICAL (2023-08-07 16:26:50,480): 
404 Client Error: Not Found for url: https://earthquake.phivolcs.dost.gov.ph/EQLatest-Monthly/2017/2017_Earthquake_Information/March/2017_0329_0330_B1.html
CRITICAL (2023-08-07 16:26:56,011): 
404 Client Error: Not Found for url: https://earthquake.phivolcs.dost.gov.ph/EQLatest-Monthly/2017/2017_Earthquake_Information/March/2017_0329_0330_B1.html
CRITICAL (2023-08-07 16:26:56,341): 
404 Client Error: Not Found for url: https://earthquake.phivolcs.dost.gov.ph/EQLatest-Monthly/2017/2017_Earthquake_Information/March/2017_0329_0330_B1.html
CRITICAL (2023-08-07 16:26:56,482): 
404 Client Error: Not Found for url: https://earthquake.phivolcs.dost.gov.ph/EQLatest-Monthly/2017/2017_Earthquake_Information/March/2017_0329_0330_B1.html
CRITICAL (2023-08-07 16:26:56,655): 
404 Client Error: Not Found for url: https://earthquake.phivolcs.dost.gov.ph/EQLatest-Monthly/2017/2017_Earthquake_Information/March/2017_0329_0330_B1.html
CRITICAL (2023-08-07 16:26:56,891): 
404 Client Error: Not Found for url: https://earthquake.phivolcs.dost.gov.ph/EQLatest-Monthly/2017/2017_Earthquake_Information/March/2017_0329_0330_B1.html
CRITICAL (2023-08-07 16:26:57,127): 
404 Client Error: Not Found for url: https://earthquake.phivolcs.dost.gov.ph/EQLatest-Monthly/2017/2017_Earthquake_Information/March/2017_0329_0330_B1.html
CRITICAL (2023-08-07 16:26:57,363): 
404 Client Error: Not Found for url: https://earthquake.phivolcs.dost.gov.ph/EQLatest-Monthly/2017/2017_Earthquake_Information/March/2017_0329_0330_B1.html
CRITICAL (2023-08-07 16:26:57,615): 
404 Client Error: Not Found for url: https://earthquake.phivolcs.dost.gov.ph/EQLatest-Monthly/2017/2017_Earthquake_Information/March/2017_0329_0330_B1.html
CRITICAL (2023-08-07 16:26:57,820): 
404 Client Error: Not Found for url: https://earthquake.phivolcs.dost.gov.ph/EQLatest-Monthly/2017/2017_Earthquake_Information/March/2017_0329_0330_B1.html
CRITICAL (2023-08-07 16:26:58,103): 
404 Client Error: Not Found for url: https://earthquake.phivolcs.dost.gov.ph/EQLatest-Monthly/2017/2017_Earthquake_Information/March/2017_0329_0330_B1.html
CRITICAL (2023-08-07 16:26:58,543): 
404 Client Error: Not Found for url: https://earthquake.phivolcs.dost.gov.ph/EQLatest-Monthly/2017/2017_Earthquake_Information/March/2017_0329_0330_B1.html
CRITICAL (2023-08-07 16:26:58,788): 
404 Client Error: Not Found for url: https://earthquake.phivolcs.dost.gov.ph/EQLatest-Monthly/2017/2017_Earthquake_Information/March/2017_0329_0330_B1.html
CRITICAL (2023-08-07 16:26:58,888): 
404 Client Error: Not Found for url: https://earthquake.phivolcs.dost.gov.ph/EQLatest-Monthly/2017/2017_Earthquake_Information/March/2017_0329_0330_B1.html
CRITICAL (2023-08-07 16:26:59,124): 
404 Client Error: Not Found for url: https://earthquake.phivolcs.dost.gov.ph/EQLatest-Monthly/2017/2017_Earthquake_Information/March/2017_0329_0330_B1.html
CRITICAL (2023-08-07 16:26:59,438): 
404 Client Error: Not Found for url: https://earthquake.phivolcs.dost.gov.ph/EQLatest-Monthly/2017/2017_Earthquake_Information/March/2017_0329_0330_B1.html
CRITICAL (2023-08-07 16:26:59,590): 
404 Client Error: Not Found for url: https://earthquake.phivolcs.dost.gov.ph/EQLatest-Monthly/2017/2017_Earthquake_Information/March/2017_0329_0330_B1.html
CRITICAL (2023-08-07 16:26:59,862): 
404 Client Error: Not Found for url: https://earthquake.phivolcs.dost.gov.ph/EQLatest-Monthly/2017/2017_Earthquake_Information/March/2017_0329_0330_B1.html
CRITICAL (2023-08-07 16:27:00,098): 
404 Client Error: Not Found for url: https://earthquake.phivolcs.dost.gov.ph/EQLatest-Monthly/2017/2017_Earthquake_Information/March/2017_0329_0330_B1.html
CRITICAL (2023-08-07 16:27:00,428): 
404 Client Error: Not Found for url: https://earthquake.phivolcs.dost.gov.ph/EQLatest-Monthly/2017/2017_Earthquake_Information/March/2017_0329_0330_B1.html
CRITICAL (2023-08-07 16:27:06,097): 
404 Client Error: Not Found for url: https://earthquake.phivolcs.dost.gov.ph/EQLatest-Monthly/2017/2017_Earthquake_Information/March/2017_0329_0330_B1.html
CRITICAL (2023-08-07 16:27:06,348): 
404 Client Error: Not Found for url: https://earthquake.phivolcs.dost.gov.ph/EQLatest-Monthly/2017/2017_Earthquake_Information/March/2017_0329_0330_B1.html
CRITICAL (2023-08-07 16:27:06,599): 
404 Client Error: Not Found for url: https://earthquake.phivolcs.dost.gov.ph/EQLatest-Monthly/2017/2017_Earthquake_Information/March/2017_0329_0330_B1.html
CRITICAL (2023-08-07 16:27:06,851): 
404 Client Error: Not Found for url: https://earthquake.phivolcs.dost.gov.ph/EQLatest-Monthly/2017/2017_Earthquake_Information/March/2017_0329_0330_B1.html
CRITICAL (2023-08-07 16:27:06,992): 
404 Client Error: Not Found for url: https://earthquake.phivolcs.dost.gov.ph/EQLatest-Monthly/2017/2017_Earthquake_Information/March/2017_0329_0330_B1.html
CRITICAL (2023-08-07 16:27:07,259): 
404 Client Error: Not Found for url: https://earthquake.phivolcs.dost.gov.ph/EQLatest-Monthly/2017/2017_Earthquake_Information/March/2017_0329_0330_B1.html
CRITICAL (2023-08-07 16:27:07,511): 
404 Client Error: Not Found for url: https://earthquake.phivolcs.dost.gov.ph/EQLatest-Monthly/2017/2017_Earthquake_Information/March/2017_0329_0330_B1.html
CRITICAL (2023-08-07 16:27:07,683): 
404 Client Error: Not Found for url: https://earthquake.phivolcs.dost.gov.ph/EQLatest-Monthly/2017/2017_Earthquake_Information/March/2017_0329_0330_B1.html
CRITICAL (2023-08-07 16:27:07,912): 
404 Client Error: Not Found for url: https://earthquake.phivolcs.dost.gov.ph/EQLatest-Monthly/2017/2017_Earthquake_Information/March/2017_0329_0330_B1.html
CRITICAL (2023-08-07 16:27:08,155): 
404 Client Error: Not Found for url: https://earthquake.phivolcs.dost.gov.ph/EQLatest-Monthly/2017/2017_Earthquake_Information/March/2017_0329_1217_B2.html
CRITICAL (2023-08-07 16:27:08,413): 
404 Client Error: Not Found for url: https://earthquake.phivolcs.dost.gov.ph/EQLatest-Monthly/2017/2017_Earthquake_Information/March/2017_0329_1121_B2F.html
CRITICAL (2023-08-07 16:27:08,988): 
404 Client Error: Not Found for url: https://earthquake.phivolcs.dost.gov.ph/EQLatest-Monthly/2017/2017_Earthquake_Information/March/2017_0329_1109_B2.html
CRITICAL (2023-08-07 16:27:09,192): 
404 Client Error: Not Found for url: https://earthquake.phivolcs.dost.gov.ph/EQLatest-Monthly/2017/2017_Earthquake_Information/March/2017_0329_1040_B3F.html
CRITICAL (2023-08-07 16:27:09,474): 
404 Client Error: Not Found for url: https://earthquake.phivolcs.dost.gov.ph/EQLatest-Monthly/2017/2017_Earthquake_Information/March/2017_0329_0515_B2.html
CRITICAL (2023-08-07 16:27:09,742): 
404 Client Error: Not Found for url: https://earthquake.phivolcs.dost.gov.ph/EQLatest-Monthly/2017/2017_Earthquake_Information/March/2017_0329_0330_B2.html
CRITICAL (2023-08-07 16:27:10,041): 
404 Client Error: Not Found for url: https://earthquake.phivolcs.dost.gov.ph/EQLatest-Monthly/2017/2017_Earthquake_Information/March/2017_0329_0039_B2F.html
CRITICAL (2023-08-07 16:27:10,245): 
404 Client Error: Not Found for url: https://earthquake.phivolcs.dost.gov.ph/EQLatest-Monthly/2017/2017_Earthquake_Information/March/2017_0328_2339_B2F.html
CRITICAL (2023-08-07 16:27:10,496): 
404 Client Error: Not Found for url: https://earthquake.phivolcs.dost.gov.ph/EQLatest-Monthly/2017/2017_Earthquake_Information/March/2017_0328_2312_B2.html
CRITICAL (2023-08-07 16:27:22,763): 
404 Client Error: Not Found for url: https://earthquake.phivolcs.dost.gov.ph/EQLatest-Monthly/2017/2017_Earthquake_Information/March/2017_0328_2039_B2.html
CRITICAL (2023-08-07 16:27:35,003): 
404 Client Error: Not Found for url: https://earthquake.phivolcs.dost.gov.ph/EQLatest-Monthly/2017/2017_Earthquake_Information/March/2017_0328_1206_B2.html
CRITICAL (2023-08-07 16:27:47,137): 
404 Client Error: Not Found for url: https://earthquake.phivolcs.dost.gov.ph/EQLatest-Monthly/2017/2017_Earthquake_Information/March/2017_0328_1008_B3F.html
CRITICAL (2023-08-07 16:27:59,333): 
404 Client Error: Not Found for url: https://earthquake.phivolcs.dost.gov.ph/EQLatest-Monthly/2017/2017_Earthquake_Information/March/2017_0328_0915_B1.html
CRITICAL (2023-08-07 16:28:05,008): 
404 Client Error: Not Found for url: https://earthquake.phivolcs.dost.gov.ph/EQLatest-Monthly/2017/2017_Earthquake_Information/March/2017_0328_0834_B2.html
CRITICAL (2023-08-07 16:28:05,149): 
404 Client Error: Not Found for url: https://earthquake.phivolcs.dost.gov.ph/EQLatest-Monthly/2017/2017_Earthquake_Information/March/2017_0328_0707_B1.html
CRITICAL (2023-08-07 16:28:05,417): 
404 Client Error: Not Found for url: https://earthquake.phivolcs.dost.gov.ph/EQLatest-Monthly/2017/2017_Earthquake_Information/March/2017_0328_0518_B2.html
CRITICAL (2023-08-07 16:28:05,732): 
404 Client Error: Not Found for url: https://earthquake.phivolcs.dost.gov.ph/EQLatest-Monthly/2017/2017_Earthquake_Information/March/2017_0328_0305_B2.html
CRITICAL (2023-08-07 16:28:05,826): 
404 Client Error: Not Found for url: https://earthquake.phivolcs.dost.gov.ph/EQLatest-Monthly/2017/2017_Earthquake_Information/March/2017_0327_2035_B2.html
CRITICAL (2023-08-07 16:28:06,093): 
404 Client Error: Not Found for url: https://earthquake.phivolcs.dost.gov.ph/EQLatest-Monthly/2017/2017_Earthquake_Information/March/2017_0327_1907_B2.html
CRITICAL (2023-08-07 16:28:06,266): 
404 Client Error: Not Found for url: https://earthquake.phivolcs.dost.gov.ph/EQLatest-Monthly/2017/2017_Earthquake_Information/March/2017_0327_1634_B2.html
CRITICAL (2023-08-07 16:28:06,407): 
404 Client Error: Not Found for url: https://earthquake.phivolcs.dost.gov.ph/EQLatest-Monthly/2017/2017_Earthquake_Information/March/2017_0327_1215_B3.html
CRITICAL (2023-08-07 16:28:06,596): 
404 Client Error: Not Found for url: https://earthquake.phivolcs.dost.gov.ph/EQLatest-Monthly/2017/2017_Earthquake_Information/March/2017_0327_1212_B3.html
CRITICAL (2023-08-07 16:28:06,910): 
404 Client Error: Not Found for url: https://earthquake.phivolcs.dost.gov.ph/EQLatest-Monthly/2017/2017_Earthquake_Information/March/2017_0327_0820_B3F.html
CRITICAL (2023-08-07 16:28:07,005): 
404 Client Error: Not Found for url: https://earthquake.phivolcs.dost.gov.ph/EQLatest-Monthly/2017/2017_Earthquake_Information/March/2017_0327_0152_B2.html
CRITICAL (2023-08-07 16:28:07,225): 
404 Client Error: Not Found for url: https://earthquake.phivolcs.dost.gov.ph/EQLatest-Monthly/2017/2017_Earthquake_Information/March/2017_0326_1812_B3.html
CRITICAL (2023-08-07 16:28:07,319): 
404 Client Error: Not Found for url: https://earthquake.phivolcs.dost.gov.ph/EQLatest-Monthly/2017/2017_Earthquake_Information/March/2017_0326_1529_B2.html
CRITICAL (2023-08-07 16:28:07,633): 
404 Client Error: Not Found for url: https://earthquake.phivolcs.dost.gov.ph/EQLatest-Monthly/2017/2017_Earthquake_Information/March/2017_0326_1408_B2.html
CRITICAL (2023-08-07 16:28:07,838): 
404 Client Error: Not Found for url: https://earthquake.phivolcs.dost.gov.ph/EQLatest-Monthly/2017/2017_Earthquake_Information/March/2017_0326_1350_B2.html
CRITICAL (2023-08-07 16:28:08,121): 
404 Client Error: Not Found for url: https://earthquake.phivolcs.dost.gov.ph/EQLatest-Monthly/2017/2017_Earthquake_Information/March/2017_0326_1210_B2.html
CRITICAL (2023-08-07 16:28:08,215): 
404 Client Error: Not Found for url: https://earthquake.phivolcs.dost.gov.ph/EQLatest-Monthly/2017/2017_Earthquake_Information/March/2017_0326_1130_B2.html
CRITICAL (2023-08-07 16:28:08,404): 
404 Client Error: Not Found for url: https://earthquake.phivolcs.dost.gov.ph/EQLatest-Monthly/2017/2017_Earthquake_Information/March/2017_0326_0912_B2.html
CRITICAL (2023-08-07 16:28:08,624): 
404 Client Error: Not Found for url: https://earthquake.phivolcs.dost.gov.ph/EQLatest-Monthly/2017/2017_Earthquake_Information/March/2017_0326_0643_B2.html
CRITICAL (2023-08-07 16:28:08,812): 
404 Client Error: Not Found for url: https://earthquake.phivolcs.dost.gov.ph/EQLatest-Monthly/2017/2017_Earthquake_Information/March/2017_0326_0629_B3F.html
CRITICAL (2023-08-07 16:28:09,064): 
404 Client Error: Not Found for url: https://earthquake.phivolcs.dost.gov.ph/EQLatest-Monthly/2017/2017_Earthquake_Information/March/2017_0326_0613_B2.html
CRITICAL (2023-08-07 16:28:09,332): 
404 Client Error: Not Found for url: https://earthquake.phivolcs.dost.gov.ph/EQLatest-Monthly/2017/2017_Earthquake_Information/March/2017_0326_0158_B2.html
CRITICAL (2023-08-07 16:28:15,031): 
404 Client Error: Not Found for url: https://earthquake.phivolcs.dost.gov.ph/EQLatest-Monthly/2017/2017_Earthquake_Information/March/2017_0325_2216_B3.html
CRITICAL (2023-08-07 16:28:15,293): 
404 Client Error: Not Found for url: https://earthquake.phivolcs.dost.gov.ph/EQLatest-Monthly/2017/2017_Earthquake_Information/March/2017_0325_2030_B2.html
CRITICAL (2023-08-07 16:28:15,454): 
404 Client Error: Not Found for url: https://earthquake.phivolcs.dost.gov.ph/EQLatest-Monthly/2017/2017_Earthquake_Information/March/2017_0325_2016_B2.html
CRITICAL (2023-08-07 16:28:15,627): 
404 Client Error: Not Found for url: https://earthquake.phivolcs.dost.gov.ph/EQLatest-Monthly/2017/2017_Earthquake_Information/March/2017_0325_1420_B2.html
CRITICAL (2023-08-07 16:28:15,768): 
404 Client Error: Not Found for url: https://earthquake.phivolcs.dost.gov.ph/EQLatest-Monthly/2017/2017_Earthquake_Information/March/2017_0325_1345_B2.html
CRITICAL (2023-08-07 16:28:16,020): 
404 Client Error: Not Found for url: https://earthquake.phivolcs.dost.gov.ph/EQLatest-Monthly/2017/2017_Earthquake_Information/March/2017_0325_1234_B2.html
CRITICAL (2023-08-07 16:28:16,209): 
404 Client Error: Not Found for url: https://earthquake.phivolcs.dost.gov.ph/EQLatest-Monthly/2017/2017_Earthquake_Information/March/2017_0325_1122_B2.html
CRITICAL (2023-08-07 16:28:16,350): 
404 Client Error: Not Found for url: https://earthquake.phivolcs.dost.gov.ph/EQLatest-Monthly/2017/2017_Earthquake_Information/March/2017_0325_0553_B2.html
CRITICAL (2023-08-07 16:28:16,596): 
404 Client Error: Not Found for url: https://earthquake.phivolcs.dost.gov.ph/EQLatest-Monthly/2017/2017_Earthquake_Information/March/2017_0325_0206_B2.html
CRITICAL (2023-08-07 16:28:16,696): 
404 Client Error: Not Found for url: https://earthquake.phivolcs.dost.gov.ph/EQLatest-Monthly/2017/2017_Earthquake_Information/March/2017_0325_0158_B2.html
CRITICAL (2023-08-07 16:28:16,869): 
404 Client Error: Not Found for url: https://earthquake.phivolcs.dost.gov.ph/EQLatest-Monthly/2017/2017_Earthquake_Information/March/2017_0325_0145_B2.html
CRITICAL (2023-08-07 16:28:17,011): 
404 Client Error: Not Found for url: https://earthquake.phivolcs.dost.gov.ph/EQLatest-Monthly/2017/2017_Earthquake_Information/March/2017_0325_0121_B2.html
CRITICAL (2023-08-07 16:28:17,277): 
404 Client Error: Not Found for url: https://earthquake.phivolcs.dost.gov.ph/EQLatest-Monthly/2017/2017_Earthquake_Information/March/2017_0325_0114_B2.html
CRITICAL (2023-08-07 16:28:17,450): 
404 Client Error: Not Found for url: https://earthquake.phivolcs.dost.gov.ph/EQLatest-Monthly/2017/2017_Earthquake_Information/March/2017_0324_2130_B2.html
CRITICAL (2023-08-07 16:28:17,592): 
404 Client Error: Not Found for url: https://earthquake.phivolcs.dost.gov.ph/EQLatest-Monthly/2017/2017_Earthquake_Information/March/2017_0324_1755_B2F.html
CRITICAL (2023-08-07 16:28:17,781): 
404 Client Error: Not Found for url: https://earthquake.phivolcs.dost.gov.ph/EQLatest-Monthly/2017/2017_Earthquake_Information/March/2017_0324_1717_B3F.html
CRITICAL (2023-08-07 16:28:17,922): 
404 Client Error: Not Found for url: https://earthquake.phivolcs.dost.gov.ph/EQLatest-Monthly/2017/2017_Earthquake_Information/March/2017_0324_1651_B2.html
CRITICAL (2023-08-07 16:28:18,174): 
404 Client Error: Not Found for url: https://earthquake.phivolcs.dost.gov.ph/EQLatest-Monthly/2017/2017_Earthquake_Information/March/2017_0324_1438_B2.html
CRITICAL (2023-08-07 16:28:18,501): 
404 Client Error: Not Found for url: https://earthquake.phivolcs.dost.gov.ph/EQLatest-Monthly/2017/2017_Earthquake_Information/March/2017_0324_1429_B1.html
CRITICAL (2023-08-07 16:28:18,692): 
404 Client Error: Not Found for url: https://earthquake.phivolcs.dost.gov.ph/EQLatest-Monthly/2017/2017_Earthquake_Information/March/2017_0324_1158_B2.html
CRITICAL (2023-08-07 16:28:18,928): 
404 Client Error: Not Found for url: https://earthquake.phivolcs.dost.gov.ph/EQLatest-Monthly/2017/2017_Earthquake_Information/March/2017_0324_1033_B2F.html
CRITICAL (2023-08-07 16:28:19,163): 
404 Client Error: Not Found for url: https://earthquake.phivolcs.dost.gov.ph/EQLatest-Monthly/2017/2017_Earthquake_Information/March/2017_0324_0705_B2F.html
CRITICAL (2023-08-07 16:28:19,414): 
404 Client Error: Not Found for url: https://earthquake.phivolcs.dost.gov.ph/EQLatest-Monthly/2017/2017_Earthquake_Information/March/2017_0324_0306_B2.html
CRITICAL (2023-08-07 16:28:31,689): 
404 Client Error: Not Found for url: https://earthquake.phivolcs.dost.gov.ph/EQLatest-Monthly/2017/2017_Earthquake_Information/March/2017_0324_0224_B2.html
CRITICAL (2023-08-07 16:28:37,008): 
404 Client Error: Not Found for url: https://earthquake.phivolcs.dost.gov.ph/EQLatest-Monthly/2017/2017_Earthquake_Information/March/2017_0324_0224_B2V.html
CRITICAL (2023-08-07 16:28:37,213): 
404 Client Error: Not Found for url: https://earthquake.phivolcs.dost.gov.ph/EQLatest-Monthly/2017/2017_Earthquake_Information/March/2017_0323_2030_B2.html
CRITICAL (2023-08-07 16:28:37,401): 
404 Client Error: Not Found for url: https://earthquake.phivolcs.dost.gov.ph/EQLatest-Monthly/2017/2017_Earthquake_Information/March/2017_0323_1705_B2.html
CRITICAL (2023-08-07 16:28:37,605): 
404 Client Error: Not Found for url: https://earthquake.phivolcs.dost.gov.ph/EQLatest-Monthly/2017/2017_Earthquake_Information/March/2017_0323_1700_B2.html
CRITICAL (2023-08-07 16:28:37,731): 
404 Client Error: Not Found for url: https://earthquake.phivolcs.dost.gov.ph/EQLatest-Monthly/2017/2017_Earthquake_Information/March/2017_0323_1529_B2.html
CRITICAL (2023-08-07 16:28:37,935): 
404 Client Error: Not Found for url: https://earthquake.phivolcs.dost.gov.ph/EQLatest-Monthly/2017/2017_Earthquake_Information/March/2017_0323_1452_B2.html
CRITICAL (2023-08-07 16:28:38,061): 
404 Client Error: Not Found for url: https://earthquake.phivolcs.dost.gov.ph/EQLatest-Monthly/2017/2017_Earthquake_Information/March/2017_0323_1451_B2.html
CRITICAL (2023-08-07 16:28:38,329): 
404 Client Error: Not Found for url: https://earthquake.phivolcs.dost.gov.ph/EQLatest-Monthly/2017/2017_Earthquake_Information/March/2017_0323_1447_B2.html
CRITICAL (2023-08-07 16:28:38,518): 
404 Client Error: Not Found for url: https://earthquake.phivolcs.dost.gov.ph/EQLatest-Monthly/2017/2017_Earthquake_Information/March/2017_0323_1445_B2.html
CRITICAL (2023-08-07 16:28:38,833): 
404 Client Error: Not Found for url: https://earthquake.phivolcs.dost.gov.ph/EQLatest-Monthly/2017/2017_Earthquake_Information/March/2017_0323_1110_B2.html
CRITICAL (2023-08-07 16:28:38,958): 
404 Client Error: Not Found for url: https://earthquake.phivolcs.dost.gov.ph/EQLatest-Monthly/2017/2017_Earthquake_Information/March/2017_0323_1024_B2.html
CRITICAL (2023-08-07 16:28:39,240): 
404 Client Error: Not Found for url: https://earthquake.phivolcs.dost.gov.ph/EQLatest-Monthly/2017/2017_Earthquake_Information/March/2017_0323_0612_B2.html
CRITICAL (2023-08-07 16:28:39,555): 
404 Client Error: Not Found for url: https://earthquake.phivolcs.dost.gov.ph/EQLatest-Monthly/2017/2017_Earthquake_Information/March/2017_0323_0535_B3F.html
CRITICAL (2023-08-07 16:28:39,753): 
404 Client Error: Not Found for url: https://earthquake.phivolcs.dost.gov.ph/EQLatest-Monthly/2017/2017_Earthquake_Information/March/2017_0323_0449_B2.html
CRITICAL (2023-08-07 16:28:39,886): 
404 Client Error: Not Found for url: https://earthquake.phivolcs.dost.gov.ph/EQLatest-Monthly/2017/2017_Earthquake_Information/March/2017_0322_2227_B2.html
CRITICAL (2023-08-07 16:28:40,075): 
404 Client Error: Not Found for url: https://earthquake.phivolcs.dost.gov.ph/EQLatest-Monthly/2017/2017_Earthquake_Information/March/2017_0322_2141_B2.html
CRITICAL (2023-08-07 16:28:40,201): 
404 Client Error: Not Found for url: https://earthquake.phivolcs.dost.gov.ph/EQLatest-Monthly/2017/2017_Earthquake_Information/March/2017_0322_1641_B2.html
CRITICAL (2023-08-07 16:28:40,326): 
404 Client Error: Not Found for url: https://earthquake.phivolcs.dost.gov.ph/EQLatest-Monthly/2017/2017_Earthquake_Information/March/2017_0322_1539_B2.html
CRITICAL (2023-08-07 16:28:40,531): 
404 Client Error: Not Found for url: https://earthquake.phivolcs.dost.gov.ph/EQLatest-Monthly/2017/2017_Earthquake_Information/March/2017_0322_1420_B2.html
CRITICAL (2023-08-07 16:28:40,798): 
404 Client Error: Not Found for url: https://earthquake.phivolcs.dost.gov.ph/EQLatest-Monthly/2017/2017_Earthquake_Information/March/2017_0322_1135_B2.html
CRITICAL (2023-08-07 16:28:41,003): 
404 Client Error: Not Found for url: https://earthquake.phivolcs.dost.gov.ph/EQLatest-Monthly/2017/2017_Earthquake_Information/March/2017_0322_1020_B2.html
CRITICAL (2023-08-07 16:28:41,301): 
404 Client Error: Not Found for url: https://earthquake.phivolcs.dost.gov.ph/EQLatest-Monthly/2017/2017_Earthquake_Information/March/2017_0322_1018_B2.html
CRITICAL (2023-08-07 16:28:53,435): 
404 Client Error: Not Found for url: https://earthquake.phivolcs.dost.gov.ph/EQLatest-Monthly/2017/2017_Earthquake_Information/March/2017_0322_0937_B2.html
CRITICAL (2023-08-07 16:29:05,620): 
404 Client Error: Not Found for url: https://earthquake.phivolcs.dost.gov.ph/EQLatest-Monthly/2017/2017_Earthquake_Information/March/2017_0322_0550_B3F.html
CRITICAL (2023-08-07 16:29:17,870): 
404 Client Error: Not Found for url: https://earthquake.phivolcs.dost.gov.ph/EQLatest-Monthly/2017/2017_Earthquake_Information/March/2017_0322_0508_B2F.html
CRITICAL (2023-08-07 16:29:23,972): 
404 Client Error: Not Found for url: https://earthquake.phivolcs.dost.gov.ph/EQLatest-Monthly/2017/2017_Earthquake_Information/March/2017_0322_0337_B2.html
CRITICAL (2023-08-07 16:29:24,098): 
404 Client Error: Not Found for url: https://earthquake.phivolcs.dost.gov.ph/EQLatest-Monthly/2017/2017_Earthquake_Information/March/2017_0322_0334_B3F.html
CRITICAL (2023-08-07 16:29:24,224): 
404 Client Error: Not Found for url: https://earthquake.phivolcs.dost.gov.ph/EQLatest-Monthly/2017/2017_Earthquake_Information/March/2017_0322_0146_B2F.html
CRITICAL (2023-08-07 16:29:24,397): 
404 Client Error: Not Found for url: https://earthquake.phivolcs.dost.gov.ph/EQLatest-Monthly/2017/2017_Earthquake_Information/March/2017_0322_0141_B2.html
CRITICAL (2023-08-07 16:29:24,538): 
404 Client Error: Not Found for url: https://earthquake.phivolcs.dost.gov.ph/EQLatest-Monthly/2017/2017_Earthquake_Information/March/2017_0322_0008_B2.html
CRITICAL (2023-08-07 16:29:24,726): 
404 Client Error: Not Found for url: https://earthquake.phivolcs.dost.gov.ph/EQLatest-Monthly/2017/2017_Earthquake_Information/March/2017_0321_2324_B2.html
CRITICAL (2023-08-07 16:29:24,875): 
404 Client Error: Not Found for url: https://earthquake.phivolcs.dost.gov.ph/EQLatest-Monthly/2017/2017_Earthquake_Information/March/2017_0321_2314_B2.html
CRITICAL (2023-08-07 16:29:25,010): 
404 Client Error: Not Found for url: https://earthquake.phivolcs.dost.gov.ph/EQLatest-Monthly/2017/2017_Earthquake_Information/March/2017_0321_1616_B2.html
CRITICAL (2023-08-07 16:29:25,198): 
404 Client Error: Not Found for url: https://earthquake.phivolcs.dost.gov.ph/EQLatest-Monthly/2017/2017_Earthquake_Information/March/2017_0321_1534_B2.html
CRITICAL (2023-08-07 16:29:25,339): 
404 Client Error: Not Found for url: https://earthquake.phivolcs.dost.gov.ph/EQLatest-Monthly/2017/2017_Earthquake_Information/March/2017_0321_0901_B2.html
CRITICAL (2023-08-07 16:29:25,622): 
404 Client Error: Not Found for url: https://earthquake.phivolcs.dost.gov.ph/EQLatest-Monthly/2017/2017_Earthquake_Information/March/2017_0321_0808_B2F.html
CRITICAL (2023-08-07 16:29:25,716): 
404 Client Error: Not Found for url: https://earthquake.phivolcs.dost.gov.ph/EQLatest-Monthly/2017/2017_Earthquake_Information/March/2017_0321_0709_B2.html
CRITICAL (2023-08-07 16:29:25,952): 
404 Client Error: Not Found for url: https://earthquake.phivolcs.dost.gov.ph/EQLatest-Monthly/2017/2017_Earthquake_Information/March/2017_0321_0532_B2F.html
CRITICAL (2023-08-07 16:29:26,278): 
404 Client Error: Not Found for url: https://earthquake.phivolcs.dost.gov.ph/EQLatest-Monthly/2017/2017_Earthquake_Information/March/2017_0321_0413_B2.html
CRITICAL (2023-08-07 16:29:26,532): 
404 Client Error: Not Found for url: https://earthquake.phivolcs.dost.gov.ph/EQLatest-Monthly/2017/2017_Earthquake_Information/March/2017_0321_0320_B2.html
CRITICAL (2023-08-07 16:29:26,690): 
404 Client Error: Not Found for url: https://earthquake.phivolcs.dost.gov.ph/EQLatest-Monthly/2017/2017_Earthquake_Information/March/2017_0321_0113_B3.html
CRITICAL (2023-08-07 16:29:26,879): 
404 Client Error: Not Found for url: https://earthquake.phivolcs.dost.gov.ph/EQLatest-Monthly/2017/2017_Earthquake_Information/March/2017_0320_2358_B1.html
CRITICAL (2023-08-07 16:29:27,193): 
404 Client Error: Not Found for url: https://earthquake.phivolcs.dost.gov.ph/EQLatest-Monthly/2017/2017_Earthquake_Information/March/2017_0320_2255_B2.html
CRITICAL (2023-08-07 16:29:27,334): 
404 Client Error: Not Found for url: https://earthquake.phivolcs.dost.gov.ph/EQLatest-Monthly/2017/2017_Earthquake_Information/March/2017_0320_2217_B2.html
CRITICAL (2023-08-07 16:29:29,346): 
404 Client Error: Not Found for url: https://earthquake.phivolcs.dost.gov.ph/EQLatest-Monthly/2017/2017_Earthquake_Information/March/2017_0320_2050_B2.html
CRITICAL (2023-08-07 16:29:41,492): 
404 Client Error: Not Found for url: https://earthquake.phivolcs.dost.gov.ph/EQLatest-Monthly/2017/2017_Earthquake_Information/March/2017_0320_2041_B2.html
CRITICAL (2023-08-07 16:29:47,105): 
404 Client Error: Not Found for url: https://earthquake.phivolcs.dost.gov.ph/EQLatest-Monthly/2017/2017_Earthquake_Information/March/2017_0320_1958_B2.html
CRITICAL (2023-08-07 16:29:47,334): 
404 Client Error: Not Found for url: https://earthquake.phivolcs.dost.gov.ph/EQLatest-Monthly/2017/2017_Earthquake_Information/March/2017_0320_1943_B3F.html
CRITICAL (2023-08-07 16:29:47,434): 
404 Client Error: Not Found for url: https://earthquake.phivolcs.dost.gov.ph/EQLatest-Monthly/2017/2017_Earthquake_Information/March/2017_0320_1941_B3F.html
CRITICAL (2023-08-07 16:29:47,686): 
404 Client Error: Not Found for url: https://earthquake.phivolcs.dost.gov.ph/EQLatest-Monthly/2017/2017_Earthquake_Information/March/2017_0320_1832_B2.html
CRITICAL (2023-08-07 16:29:48,000): 
404 Client Error: Not Found for url: https://earthquake.phivolcs.dost.gov.ph/EQLatest-Monthly/2017/2017_Earthquake_Information/March/2017_0320_1825_B2.html
CRITICAL (2023-08-07 16:29:48,315): 
404 Client Error: Not Found for url: https://earthquake.phivolcs.dost.gov.ph/EQLatest-Monthly/2017/2017_Earthquake_Information/March/2017_0320_1655_B2.html
CRITICAL (2023-08-07 16:29:48,566): 
404 Client Error: Not Found for url: https://earthquake.phivolcs.dost.gov.ph/EQLatest-Monthly/2017/2017_Earthquake_Information/March/2017_0320_1647_B2.html
CRITICAL (2023-08-07 16:29:48,644): 
404 Client Error: Not Found for url: https://earthquake.phivolcs.dost.gov.ph/EQLatest-Monthly/2017/2017_Earthquake_Information/March/2017_0320_1435_B2.html
CRITICAL (2023-08-07 16:29:48,911): 
404 Client Error: Not Found for url: https://earthquake.phivolcs.dost.gov.ph/EQLatest-Monthly/2017/2017_Earthquake_Information/March/2017_0320_1226_B2.html
CRITICAL (2023-08-07 16:29:49,225): 
404 Client Error: Not Found for url: https://earthquake.phivolcs.dost.gov.ph/EQLatest-Monthly/2017/2017_Earthquake_Information/March/2017_0320_1115_B2.html
CRITICAL (2023-08-07 16:29:49,398): 
404 Client Error: Not Found for url: https://earthquake.phivolcs.dost.gov.ph/EQLatest-Monthly/2017/2017_Earthquake_Information/March/2017_0320_0932_B2.html
CRITICAL (2023-08-07 16:29:49,555): 
404 Client Error: Not Found for url: https://earthquake.phivolcs.dost.gov.ph/EQLatest-Monthly/2017/2017_Earthquake_Information/March/2017_0320_0618_B2.html
CRITICAL (2023-08-07 16:29:49,820): 
404 Client Error: Not Found for url: https://earthquake.phivolcs.dost.gov.ph/EQLatest-Monthly/2017/2017_Earthquake_Information/March/2017_0319_1326_B1.html
CRITICAL (2023-08-07 16:29:50,132): 
404 Client Error: Not Found for url: https://earthquake.phivolcs.dost.gov.ph/EQLatest-Monthly/2017/2017_Earthquake_Information/March/2017_0319_1730_B2.html
CRITICAL (2023-08-07 16:29:50,320): 
404 Client Error: Not Found for url: https://earthquake.phivolcs.dost.gov.ph/EQLatest-Monthly/2017/2017_Earthquake_Information/March/2017_0319_1326_B2.html
CRITICAL (2023-08-07 16:29:50,525): 
404 Client Error: Not Found for url: https://earthquake.phivolcs.dost.gov.ph/EQLatest-Monthly/2017/2017_Earthquake_Information/March/2017_0319_1237_B2.html
CRITICAL (2023-08-07 16:29:50,729): 
404 Client Error: Not Found for url: https://earthquake.phivolcs.dost.gov.ph/EQLatest-Monthly/2017/2017_Earthquake_Information/March/2017_0319_0632_B2.html
CRITICAL (2023-08-07 16:29:50,855): 
404 Client Error: Not Found for url: https://earthquake.phivolcs.dost.gov.ph/EQLatest-Monthly/2017/2017_Earthquake_Information/March/2017_0319_0608_B2.html
CRITICAL (2023-08-07 16:29:51,060): 
404 Client Error: Not Found for url: https://earthquake.phivolcs.dost.gov.ph/EQLatest-Monthly/2017/2017_Earthquake_Information/March/2017_0318_2103_B3.html
CRITICAL (2023-08-07 16:29:51,201): 
404 Client Error: Not Found for url: https://earthquake.phivolcs.dost.gov.ph/EQLatest-Monthly/2017/2017_Earthquake_Information/March/2017_0318_2027_B2.html
CRITICAL (2023-08-07 16:29:51,389): 
404 Client Error: Not Found for url: https://earthquake.phivolcs.dost.gov.ph/EQLatest-Monthly/2017/2017_Earthquake_Information/March/2017_0318_1609_B2.html
WARNING (2023-08-07 16:30:05,696): Retrying (Retry(total=4, connect=None, read=None, redirect=None, status=None)) after connection broken by 'NewConnectionError('<urllib3.connection.HTTPSConnection object at 0x000002C71AC60B80>: Failed to establish a new connection: [WinError 10061] No connection could be made because the target machine actively refused it')': /EQLatest-Monthly/2017/2017_Earthquake_Information/March/2017_0318_1607_B2.html
CRITICAL (2023-08-07 16:30:18,258): 
404 Client Error: Not Found for url: https://earthquake.phivolcs.dost.gov.ph/EQLatest-Monthly/2017/2017_Earthquake_Information/March/2017_0318_1607_B2.html
CRITICAL (2023-08-07 16:30:30,786): 
404 Client Error: Not Found for url: https://earthquake.phivolcs.dost.gov.ph/EQLatest-Monthly/2017/2017_Earthquake_Information/March/2017_0318_1601_B2.html
CRITICAL (2023-08-07 16:30:36,275): 
404 Client Error: Not Found for url: https://earthquake.phivolcs.dost.gov.ph/EQLatest-Monthly/2017/2017_Earthquake_Information/March/2017_0318_1550_B2.html
CRITICAL (2023-08-07 16:30:36,369): 
404 Client Error: Not Found for url: https://earthquake.phivolcs.dost.gov.ph/EQLatest-Monthly/2017/2017_Earthquake_Information/March/2017_0318_1415_B2.html
CRITICAL (2023-08-07 16:30:36,558): 
404 Client Error: Not Found for url: https://earthquake.phivolcs.dost.gov.ph/EQLatest-Monthly/2017/2017_Earthquake_Information/March/2017_0318_1314_B2.html
CRITICAL (2023-08-07 16:30:36,857): 
404 Client Error: Not Found for url: https://earthquake.phivolcs.dost.gov.ph/EQLatest-Monthly/2017/2017_Earthquake_Information/March/2017_0318_1313_B2F.html
CRITICAL (2023-08-07 16:30:37,014): 
404 Client Error: Not Found for url: https://earthquake.phivolcs.dost.gov.ph/EQLatest-Monthly/2017/2017_Earthquake_Information/March/2017_0318_1237_B2.html
CRITICAL (2023-08-07 16:30:37,281): 
404 Client Error: Not Found for url: https://earthquake.phivolcs.dost.gov.ph/EQLatest-Monthly/2017/2017_Earthquake_Information/March/2017_0318_1135_B2.html
CRITICAL (2023-08-07 16:30:37,595): 
404 Client Error: Not Found for url: https://earthquake.phivolcs.dost.gov.ph/EQLatest-Monthly/2017/2017_Earthquake_Information/March/2017_0318_1127_B3F.html
CRITICAL (2023-08-07 16:30:37,925): 
404 Client Error: Not Found for url: https://earthquake.phivolcs.dost.gov.ph/EQLatest-Monthly/2017/2017_Earthquake_Information/March/2017_0318_0134_B2.html
CRITICAL (2023-08-07 16:30:38,176): 
404 Client Error: Not Found for url: https://earthquake.phivolcs.dost.gov.ph/EQLatest-Monthly/2017/2017_Earthquake_Information/March/2017_0318_0119_B3F.html
CRITICAL (2023-08-07 16:30:38,490): 
404 Client Error: Not Found for url: https://earthquake.phivolcs.dost.gov.ph/EQLatest-Monthly/2017/2017_Earthquake_Information/March/2017_0318_0052_B3F.html
CRITICAL (2023-08-07 16:30:38,836): 
404 Client Error: Not Found for url: https://earthquake.phivolcs.dost.gov.ph/EQLatest-Monthly/2017/2017_Earthquake_Information/March/2017_0317_2353_B3F.html
CRITICAL (2023-08-07 16:30:39,087): 
404 Client Error: Not Found for url: https://earthquake.phivolcs.dost.gov.ph/EQLatest-Monthly/2017/2017_Earthquake_Information/March/2017_0317_2227_B3F.html
CRITICAL (2023-08-07 16:30:39,402): 
404 Client Error: Not Found for url: https://earthquake.phivolcs.dost.gov.ph/EQLatest-Monthly/2017/2017_Earthquake_Information/March/2017_0317_2021_B2.html
CRITICAL (2023-08-07 16:30:39,731): 
404 Client Error: Not Found for url: https://earthquake.phivolcs.dost.gov.ph/EQLatest-Monthly/2017/2017_Earthquake_Information/March/2017_0317_1615_B2.html
CRITICAL (2023-08-07 16:30:39,983): 
404 Client Error: Not Found for url: https://earthquake.phivolcs.dost.gov.ph/EQLatest-Monthly/2017/2017_Earthquake_Information/March/2017_0317_1543_B2.html
CRITICAL (2023-08-07 16:30:40,140): 
404 Client Error: Not Found for url: https://earthquake.phivolcs.dost.gov.ph/EQLatest-Monthly/2017/2017_Earthquake_Information/March/2017_0317_1329_B2.html
CRITICAL (2023-08-07 16:30:40,329): 
404 Client Error: Not Found for url: https://earthquake.phivolcs.dost.gov.ph/EQLatest-Monthly/2017/2017_Earthquake_Information/March/2017_0317_0901_B2F.html
CRITICAL (2023-08-07 16:30:45,999): 
404 Client Error: Not Found for url: https://earthquake.phivolcs.dost.gov.ph/EQLatest-Monthly/2017/2017_Earthquake_Information/March/2017_0317_0823_B2.html
CRITICAL (2023-08-07 16:30:46,178): 
404 Client Error: Not Found for url: https://earthquake.phivolcs.dost.gov.ph/EQLatest-Monthly/2017/2017_Earthquake_Information/March/2017_0317_0607_B2.html
CRITICAL (2023-08-07 16:30:46,539): 
404 Client Error: Not Found for url: https://earthquake.phivolcs.dost.gov.ph/EQLatest-Monthly/2017/2017_Earthquake_Information/March/2017_0317_0352_B2.html
CRITICAL (2023-08-07 16:30:46,821): 
404 Client Error: Not Found for url: https://earthquake.phivolcs.dost.gov.ph/EQLatest-Monthly/2017/2017_Earthquake_Information/March/2017_0317_0229_B2.html
CRITICAL (2023-08-07 16:30:47,057): 
404 Client Error: Not Found for url: https://earthquake.phivolcs.dost.gov.ph/EQLatest-Monthly/2017/2017_Earthquake_Information/March/2017_0317_0157_B2F.html
CRITICAL (2023-08-07 16:30:47,389): 
404 Client Error: Not Found for url: https://earthquake.phivolcs.dost.gov.ph/EQLatest-Monthly/2017/2017_Earthquake_Information/March/2017_0316_2329_B2.html
CRITICAL (2023-08-07 16:30:47,562): 
404 Client Error: Not Found for url: https://earthquake.phivolcs.dost.gov.ph/EQLatest-Monthly/2017/2017_Earthquake_Information/March/2017_0316_2239_B2.html
CRITICAL (2023-08-07 16:30:48,788): 
404 Client Error: Not Found for url: https://earthquake.phivolcs.dost.gov.ph/EQLatest-Monthly/2017/2017_Earthquake_Information/March/2017_0316_2156_B2.html
CRITICAL (2023-08-07 16:30:48,977): 
404 Client Error: Not Found for url: https://earthquake.phivolcs.dost.gov.ph/EQLatest-Monthly/2017/2017_Earthquake_Information/March/2017_0316_1728_B2.html
CRITICAL (2023-08-07 16:30:49,119): 
404 Client Error: Not Found for url: https://earthquake.phivolcs.dost.gov.ph/EQLatest-Monthly/2017/2017_Earthquake_Information/March/2017_0316_1716_B2.html
CRITICAL (2023-08-07 16:30:49,293): 
404 Client Error: Not Found for url: https://earthquake.phivolcs.dost.gov.ph/EQLatest-Monthly/2017/2017_Earthquake_Information/March/2017_0316_1530_B2.html
CRITICAL (2023-08-07 16:30:49,434): 
404 Client Error: Not Found for url: https://earthquake.phivolcs.dost.gov.ph/EQLatest-Monthly/2017/2017_Earthquake_Information/March/2017_0316_1323_B2.html
CRITICAL (2023-08-07 16:30:49,622): 
404 Client Error: Not Found for url: https://earthquake.phivolcs.dost.gov.ph/EQLatest-Monthly/2017/2017_Earthquake_Information/March/2017_0316_1114_B3.html
CRITICAL (2023-08-07 16:30:49,795): 
404 Client Error: Not Found for url: https://earthquake.phivolcs.dost.gov.ph/EQLatest-Monthly/2017/2017_Earthquake_Information/March/2017_0316_0949_B2.html
CRITICAL (2023-08-07 16:30:49,957): 
404 Client Error: Not Found for url: https://earthquake.phivolcs.dost.gov.ph/EQLatest-Monthly/2017/2017_Earthquake_Information/March/2017_0309_1522_B1.html
CRITICAL (2023-08-07 16:30:50,186): 
404 Client Error: Not Found for url: https://earthquake.phivolcs.dost.gov.ph/EQLatest-Monthly/2017/2017_Earthquake_Information/March/2017_0309_1522_B1.html
CRITICAL (2023-08-07 16:30:50,280): 
404 Client Error: Not Found for url: https://earthquake.phivolcs.dost.gov.ph/EQLatest-Monthly/2017/2017_Earthquake_Information/March/2017_0309_1522_B1.html
CRITICAL (2023-08-07 16:30:55,929): 
404 Client Error: Not Found for url: https://earthquake.phivolcs.dost.gov.ph/EQLatest-Monthly/2017/2017_Earthquake_Information/March/2017_0309_1522_B1.html
CRITICAL (2023-08-07 16:30:56,180): 
404 Client Error: Not Found for url: https://earthquake.phivolcs.dost.gov.ph/EQLatest-Monthly/2017/2017_Earthquake_Information/March/2017_0315_2009_B2.html
CRITICAL (2023-08-07 16:30:56,448): 
404 Client Error: Not Found for url: https://earthquake.phivolcs.dost.gov.ph/EQLatest-Monthly/2017/2017_Earthquake_Information/March/2017_0315_1906_B2.html
CRITICAL (2023-08-07 16:30:56,589): 
404 Client Error: Not Found for url: https://earthquake.phivolcs.dost.gov.ph/EQLatest-Monthly/2017/2017_Earthquake_Information/March/2017_0315_1751_B2.html
CRITICAL (2023-08-07 16:30:56,747): 
404 Client Error: Not Found for url: https://earthquake.phivolcs.dost.gov.ph/EQLatest-Monthly/2017/2017_Earthquake_Information/March/2017_0309_1522_B1.html
CRITICAL (2023-08-07 16:30:56,841): 
404 Client Error: Not Found for url: https://earthquake.phivolcs.dost.gov.ph/EQLatest-Monthly/2017/2017_Earthquake_Information/March/2017_0309_1522_B1.html
CRITICAL (2023-08-07 16:30:57,013): 
404 Client Error: Not Found for url: https://earthquake.phivolcs.dost.gov.ph/EQLatest-Monthly/2017/2017_Earthquake_Information/March/2017_0309_1522_B1.html
CRITICAL (2023-08-07 16:30:57,155): 
404 Client Error: Not Found for url: https://earthquake.phivolcs.dost.gov.ph/EQLatest-Monthly/2017/2017_Earthquake_Information/March/2017_0309_1522_B1.html
CRITICAL (2023-08-07 16:30:57,375): 
404 Client Error: Not Found for url: https://earthquake.phivolcs.dost.gov.ph/EQLatest-Monthly/2017/2017_Earthquake_Information/March/2017_0309_1522_B1.html
CRITICAL (2023-08-07 16:30:57,658): 
404 Client Error: Not Found for url: https://earthquake.phivolcs.dost.gov.ph/EQLatest-Monthly/2017/2017_Earthquake_Information/March/2017_0309_1522_B1.html
CRITICAL (2023-08-07 16:30:57,831): 
404 Client Error: Not Found for url: https://earthquake.phivolcs.dost.gov.ph/EQLatest-Monthly/2017/2017_Earthquake_Information/March/2017_0309_1522_B1.html
CRITICAL (2023-08-07 16:30:57,957): 
404 Client Error: Not Found for url: https://earthquake.phivolcs.dost.gov.ph/EQLatest-Monthly/2017/2017_Earthquake_Information/March/2017_0309_1522_B1.html
CRITICAL (2023-08-07 16:30:58,068): 
404 Client Error: Not Found for url: https://earthquake.phivolcs.dost.gov.ph/EQLatest-Monthly/2017/2017_Earthquake_Information/March/2017_0309_1522_B1.html
CRITICAL (2023-08-07 16:30:58,272): 
404 Client Error: Not Found for url: https://earthquake.phivolcs.dost.gov.ph/EQLatest-Monthly/2017/2017_Earthquake_Information/March/2017_0309_1522_B1.html
CRITICAL (2023-08-07 16:30:58,382): 
404 Client Error: Not Found for url: https://earthquake.phivolcs.dost.gov.ph/EQLatest-Monthly/2017/2017_Earthquake_Information/March/2017_0309_1522_B1.html
CRITICAL (2023-08-07 16:30:58,531): 
404 Client Error: Not Found for url: https://earthquake.phivolcs.dost.gov.ph/EQLatest-Monthly/2017/2017_Earthquake_Information/March/2017_0309_1522_B1.html
CRITICAL (2023-08-07 16:30:58,634): 
404 Client Error: Not Found for url: https://earthquake.phivolcs.dost.gov.ph/EQLatest-Monthly/2017/2017_Earthquake_Information/March/2017_0309_1522_B1.html
CRITICAL (2023-08-07 16:30:58,901): 
404 Client Error: Not Found for url: https://earthquake.phivolcs.dost.gov.ph/EQLatest-Monthly/2017/2017_Earthquake_Information/March/2017_0314_1147_B3F.html
CRITICAL (2023-08-07 16:30:59,168): 
404 Client Error: Not Found for url: https://earthquake.phivolcs.dost.gov.ph/EQLatest-Monthly/2017/2017_Earthquake_Information/March/2017_0309_1522_B1.html
CRITICAL (2023-08-07 16:31:00,394): 
404 Client Error: Not Found for url: https://earthquake.phivolcs.dost.gov.ph/EQLatest-Monthly/2017/2017_Earthquake_Information/March/2017_0309_1522_B1.html
CRITICAL (2023-08-07 16:31:17,580): 
404 Client Error: Not Found for url: https://earthquake.phivolcs.dost.gov.ph/EQLatest-Monthly/2017/2017_Earthquake_Information/March/2017_0309_1522_B1.html
CRITICAL (2023-08-07 16:31:23,098): 
404 Client Error: Not Found for url: https://earthquake.phivolcs.dost.gov.ph/EQLatest-Monthly/2017/2017_Earthquake_Information/March/2017_0309_1522_B1.html
CRITICAL (2023-08-07 16:31:23,334): 
404 Client Error: Not Found for url: https://earthquake.phivolcs.dost.gov.ph/EQLatest-Monthly/2017/2017_Earthquake_Information/March/2017_0309_1522_B1.html
CRITICAL (2023-08-07 16:31:23,601): 
404 Client Error: Not Found for url: https://earthquake.phivolcs.dost.gov.ph/EQLatest-Monthly/2017/2017_Earthquake_Information/March/2017_0309_1522_B1.html
CRITICAL (2023-08-07 16:31:23,679): 
404 Client Error: Not Found for url: https://earthquake.phivolcs.dost.gov.ph/EQLatest-Monthly/2017/2017_Earthquake_Information/March/2017_0309_1522_B1.html
CRITICAL (2023-08-07 16:31:23,947): 
404 Client Error: Not Found for url: https://earthquake.phivolcs.dost.gov.ph/EQLatest-Monthly/2017/2017_Earthquake_Information/March/2017_0309_1522_B1.html
CRITICAL (2023-08-07 16:31:24,072): 
404 Client Error: Not Found for url: https://earthquake.phivolcs.dost.gov.ph/EQLatest-Monthly/2017/2017_Earthquake_Information/March/2017_0309_1522_B1.html
CRITICAL (2023-08-07 16:31:24,261): 
404 Client Error: Not Found for url: https://earthquake.phivolcs.dost.gov.ph/EQLatest-Monthly/2017/2017_Earthquake_Information/March/2017_0309_1522_B1.html
CRITICAL (2023-08-07 16:31:24,654): 
404 Client Error: Not Found for url: https://earthquake.phivolcs.dost.gov.ph/EQLatest-Monthly/2017/2017_Earthquake_Information/March/2017_0309_1522_B1.html
CRITICAL (2023-08-07 16:31:24,922): 
404 Client Error: Not Found for url: https://earthquake.phivolcs.dost.gov.ph/EQLatest-Monthly/2017/2017_Earthquake_Information/March/2017_0309_1522_B1.html
CRITICAL (2023-08-07 16:31:25,300): 
404 Client Error: Not Found for url: https://earthquake.phivolcs.dost.gov.ph/EQLatest-Monthly/2017/2017_Earthquake_Information/March/2017_0309_1522_B1.html
CRITICAL (2023-08-07 16:31:25,503): 
404 Client Error: Not Found for url: https://earthquake.phivolcs.dost.gov.ph/EQLatest-Monthly/2017/2017_Earthquake_Information/March/2017_0313_0959_B2.html
CRITICAL (2023-08-07 16:31:25,644): 
404 Client Error: Not Found for url: https://earthquake.phivolcs.dost.gov.ph/EQLatest-Monthly/2017/2017_Earthquake_Information/March/2017_0313_0843_B2.html
CRITICAL (2023-08-07 16:31:25,901): 
404 Client Error: Not Found for url: https://earthquake.phivolcs.dost.gov.ph/EQLatest-Monthly/2017/2017_Earthquake_Information/March/2017_0313_0752_B2.html
CRITICAL (2023-08-07 16:31:26,148): 
404 Client Error: Not Found for url: https://earthquake.phivolcs.dost.gov.ph/EQLatest-Monthly/2017/2017_Earthquake_Information/March/2017_0313_0248_B3F.html
CRITICAL (2023-08-07 16:31:26,305): 
404 Client Error: Not Found for url: https://earthquake.phivolcs.dost.gov.ph/EQLatest-Monthly/2017/2017_Earthquake_Information/March/2017_0312_1938_B2.html
CRITICAL (2023-08-07 16:31:26,557): 
404 Client Error: Not Found for url: https://earthquake.phivolcs.dost.gov.ph/EQLatest-Monthly/2017/2017_Earthquake_Information/March/2017_0312_1810_B2.html
CRITICAL (2023-08-07 16:31:26,808): 
404 Client Error: Not Found for url: https://earthquake.phivolcs.dost.gov.ph/EQLatest-Monthly/2017/2017_Earthquake_Information/March/2017_0309_1522_B1.html
CRITICAL (2023-08-07 16:31:27,004): 
404 Client Error: Not Found for url: https://earthquake.phivolcs.dost.gov.ph/EQLatest-Monthly/2017/2017_Earthquake_Information/March/2017_0309_1522_B1.html
CRITICAL (2023-08-07 16:31:27,201): 
404 Client Error: Not Found for url: https://earthquake.phivolcs.dost.gov.ph/EQLatest-Monthly/2017/2017_Earthquake_Information/March/2017_0309_1522_B1.html
CRITICAL (2023-08-07 16:31:27,453): 
404 Client Error: Not Found for url: https://earthquake.phivolcs.dost.gov.ph/EQLatest-Monthly/2017/2017_Earthquake_Information/March/2017_0309_1522_B1.html
CRITICAL (2023-08-07 16:31:33,084): 
404 Client Error: Not Found for url: https://earthquake.phivolcs.dost.gov.ph/EQLatest-Monthly/2017/2017_Earthquake_Information/March/2017_0309_1522_B1.html
CRITICAL (2023-08-07 16:31:33,241): 
404 Client Error: Not Found for url: https://earthquake.phivolcs.dost.gov.ph/EQLatest-Monthly/2017/2017_Earthquake_Information/March/2017_0309_1522_B1.html
CRITICAL (2023-08-07 16:31:33,367): 
404 Client Error: Not Found for url: https://earthquake.phivolcs.dost.gov.ph/EQLatest-Monthly/2017/2017_Earthquake_Information/March/2017_0309_1522_B1.html
CRITICAL (2023-08-07 16:31:33,635): 
404 Client Error: Not Found for url: https://earthquake.phivolcs.dost.gov.ph/EQLatest-Monthly/2017/2017_Earthquake_Information/March/2017_0309_1522_B1.html
CRITICAL (2023-08-07 16:31:33,888): 
404 Client Error: Not Found for url: https://earthquake.phivolcs.dost.gov.ph/EQLatest-Monthly/2017/2017_Earthquake_Information/March/2017_0309_1522_B1.html
CRITICAL (2023-08-07 16:31:34,034): 
404 Client Error: Not Found for url: https://earthquake.phivolcs.dost.gov.ph/EQLatest-Monthly/2017/2017_Earthquake_Information/March/2017_0309_1522_B1.html
CRITICAL (2023-08-07 16:31:34,207): 
404 Client Error: Not Found for url: https://earthquake.phivolcs.dost.gov.ph/EQLatest-Monthly/2017/2017_Earthquake_Information/March/2017_0309_1522_B1.html
CRITICAL (2023-08-07 16:31:34,365): 
404 Client Error: Not Found for url: https://earthquake.phivolcs.dost.gov.ph/EQLatest-Monthly/2017/2017_Earthquake_Information/March/2017_0309_1522_B1.html
CRITICAL (2023-08-07 16:31:34,522): 
404 Client Error: Not Found for url: https://earthquake.phivolcs.dost.gov.ph/EQLatest-Monthly/2017/2017_Earthquake_Information/March/2017_0309_1522_B1.html
CRITICAL (2023-08-07 16:31:34,789): 
404 Client Error: Not Found for url: https://earthquake.phivolcs.dost.gov.ph/EQLatest-Monthly/2017/2017_Earthquake_Information/March/2017_0309_1522_B1.html
CRITICAL (2023-08-07 16:31:34,930): 
404 Client Error: Not Found for url: https://earthquake.phivolcs.dost.gov.ph/EQLatest-Monthly/2017/2017_Earthquake_Information/March/2017_0309_1522_B1.html
CRITICAL (2023-08-07 16:31:35,121): 
404 Client Error: Not Found for url: https://earthquake.phivolcs.dost.gov.ph/EQLatest-Monthly/2017/2017_Earthquake_Information/March/2017_0309_1522_B1.html
CRITICAL (2023-08-07 16:31:35,292): 
404 Client Error: Not Found for url: https://earthquake.phivolcs.dost.gov.ph/EQLatest-Monthly/2017/2017_Earthquake_Information/March/2017_0309_1522_B1.html
CRITICAL (2023-08-07 16:31:35,512): 
404 Client Error: Not Found for url: https://earthquake.phivolcs.dost.gov.ph/EQLatest-Monthly/2017/2017_Earthquake_Information/March/2017_0309_1522_B1.html
CRITICAL (2023-08-07 16:31:35,699): 
404 Client Error: Not Found for url: https://earthquake.phivolcs.dost.gov.ph/EQLatest-Monthly/2017/2017_Earthquake_Information/March/2017_0309_1522_B1.html
CRITICAL (2023-08-07 16:31:35,841): 
404 Client Error: Not Found for url: https://earthquake.phivolcs.dost.gov.ph/EQLatest-Monthly/2017/2017_Earthquake_Information/March/2017_0309_1522_B1.html
CRITICAL (2023-08-07 16:31:36,030): 
404 Client Error: Not Found for url: https://earthquake.phivolcs.dost.gov.ph/EQLatest-Monthly/2017/2017_Earthquake_Information/March/2017_0309_1522_B1.html
CRITICAL (2023-08-07 16:31:36,957): 
404 Client Error: Not Found for url: https://earthquake.phivolcs.dost.gov.ph/EQLatest-Monthly/2017/2017_Earthquake_Information/March/2017_0309_1522_B1.html
CRITICAL (2023-08-07 16:31:37,240): 
404 Client Error: Not Found for url: https://earthquake.phivolcs.dost.gov.ph/EQLatest-Monthly/2017/2017_Earthquake_Information/March/2017_0309_1522_B1.html
CRITICAL (2023-08-07 16:31:42,931): 
404 Client Error: Not Found for url: https://earthquake.phivolcs.dost.gov.ph/EQLatest-Monthly/2017/2017_Earthquake_Information/March/2017_0309_1522_B1.html
CRITICAL (2023-08-07 16:31:43,245): 
404 Client Error: Not Found for url: https://earthquake.phivolcs.dost.gov.ph/EQLatest-Monthly/2017/2017_Earthquake_Information/March/2017_0309_1522_B1.html
CRITICAL (2023-08-07 16:31:43,496): 
404 Client Error: Not Found for url: https://earthquake.phivolcs.dost.gov.ph/EQLatest-Monthly/2017/2017_Earthquake_Information/March/2017_0309_1522_B1.html
CRITICAL (2023-08-07 16:31:43,653): 
404 Client Error: Not Found for url: https://earthquake.phivolcs.dost.gov.ph/EQLatest-Monthly/2017/2017_Earthquake_Information/March/2017_0309_1522_B1.html
CRITICAL (2023-08-07 16:31:43,811): 
404 Client Error: Not Found for url: https://earthquake.phivolcs.dost.gov.ph/EQLatest-Monthly/2017/2017_Earthquake_Information/March/2017_0309_1522_B1.html
CRITICAL (2023-08-07 16:31:43,921): 
404 Client Error: Not Found for url: https://earthquake.phivolcs.dost.gov.ph/EQLatest-Monthly/2017/2017_Earthquake_Information/March/2017_0309_1522_B1.html
CRITICAL (2023-08-07 16:31:44,094): 
404 Client Error: Not Found for url: https://earthquake.phivolcs.dost.gov.ph/EQLatest-Monthly/2017/2017_Earthquake_Information/March/2017_0309_1522_B1.html
CRITICAL (2023-08-07 16:31:44,244): 
404 Client Error: Not Found for url: https://earthquake.phivolcs.dost.gov.ph/EQLatest-Monthly/2017/2017_Earthquake_Information/March/2017_0309_1522_B1.html
CRITICAL (2023-08-07 16:31:44,424): 
404 Client Error: Not Found for url: https://earthquake.phivolcs.dost.gov.ph/EQLatest-Monthly/2017/2017_Earthquake_Information/March/2017_0309_1522_B1.html
CRITICAL (2023-08-07 16:31:44,566): 
404 Client Error: Not Found for url: https://earthquake.phivolcs.dost.gov.ph/EQLatest-Monthly/2017/2017_Earthquake_Information/March/2017_0309_1522_B1.html
CRITICAL (2023-08-07 16:31:44,755): 
404 Client Error: Not Found for url: https://earthquake.phivolcs.dost.gov.ph/EQLatest-Monthly/2017/2017_Earthquake_Information/March/2017_0309_1522_B1.html
CRITICAL (2023-08-07 16:31:44,896): 
404 Client Error: Not Found for url: https://earthquake.phivolcs.dost.gov.ph/EQLatest-Monthly/2017/2017_Earthquake_Information/March/2017_0309_1522_B1.html
CRITICAL (2023-08-07 16:31:45,045): 
404 Client Error: Not Found for url: https://earthquake.phivolcs.dost.gov.ph/EQLatest-Monthly/2017/2017_Earthquake_Information/March/2017_0309_1522_B2.html
CRITICAL (2023-08-07 16:31:45,210): 
404 Client Error: Not Found for url: https://earthquake.phivolcs.dost.gov.ph/EQLatest-Monthly/2017/2017_Earthquake_Information/March/2017_0309_1413_B2.html
CRITICAL (2023-08-07 16:31:45,430): 
404 Client Error: Not Found for url: https://earthquake.phivolcs.dost.gov.ph/EQLatest-Monthly/2017/2017_Earthquake_Information/March/2017_0309_1330_B2.html
CRITICAL (2023-08-07 16:31:45,653): 
404 Client Error: Not Found for url: https://earthquake.phivolcs.dost.gov.ph/EQLatest-Monthly/2017/2017_Earthquake_Information/March/2017_0309_1151_B2.html
CRITICAL (2023-08-07 16:31:46,059): 
404 Client Error: Not Found for url: https://earthquake.phivolcs.dost.gov.ph/EQLatest-Monthly/2017/2017_Earthquake_Information/March/2017_0309_1056_B2.html
CRITICAL (2023-08-07 16:31:46,232): 
404 Client Error: Not Found for url: https://earthquake.phivolcs.dost.gov.ph/EQLatest-Monthly/2017/2017_Earthquake_Information/March/2017_0307_0228_B1.html
CRITICAL (2023-08-07 16:31:46,549): 
404 Client Error: Not Found for url: https://earthquake.phivolcs.dost.gov.ph/EQLatest-Monthly/2017/2017_Earthquake_Information/March/2017_0307_0228_B1.html
CRITICAL (2023-08-07 16:31:46,688): 
404 Client Error: Not Found for url: https://earthquake.phivolcs.dost.gov.ph/EQLatest-Monthly/2017/2017_Earthquake_Information/March/2017_0307_0228_B1.html
CRITICAL (2023-08-07 16:31:46,955): 
404 Client Error: Not Found for url: https://earthquake.phivolcs.dost.gov.ph/EQLatest-Monthly/2017/2017_Earthquake_Information/March/2017_0307_0228_B1.html
CRITICAL (2023-08-07 16:31:47,206): 
404 Client Error: Not Found for url: https://earthquake.phivolcs.dost.gov.ph/EQLatest-Monthly/2017/2017_Earthquake_Information/March/2017_0307_0228_B1.html
CRITICAL (2023-08-07 16:31:47,395): 
404 Client Error: Not Found for url: https://earthquake.phivolcs.dost.gov.ph/EQLatest-Monthly/2017/2017_Earthquake_Information/March/2017_0307_0228_B1.html
CRITICAL (2023-08-07 16:31:53,121): 
404 Client Error: Not Found for url: https://earthquake.phivolcs.dost.gov.ph/EQLatest-Monthly/2017/2017_Earthquake_Information/March/2017_0307_0228_B1.html
CRITICAL (2023-08-07 16:31:53,373): 
404 Client Error: Not Found for url: https://earthquake.phivolcs.dost.gov.ph/EQLatest-Monthly/2017/2017_Earthquake_Information/March/2017_0307_0228_B1.html
CRITICAL (2023-08-07 16:31:53,704): 
404 Client Error: Not Found for url: https://earthquake.phivolcs.dost.gov.ph/EQLatest-Monthly/2017/2017_Earthquake_Information/March/2017_0307_0228_B1.html
CRITICAL (2023-08-07 16:31:54,019): 
404 Client Error: Not Found for url: https://earthquake.phivolcs.dost.gov.ph/EQLatest-Monthly/2017/2017_Earthquake_Information/March/2017_0307_0228_B1.html
CRITICAL (2023-08-07 16:31:54,286): 
404 Client Error: Not Found for url: https://earthquake.phivolcs.dost.gov.ph/EQLatest-Monthly/2017/2017_Earthquake_Information/March/2017_0307_0228_B1.html
CRITICAL (2023-08-07 16:31:54,616): 
404 Client Error: Not Found for url: https://earthquake.phivolcs.dost.gov.ph/EQLatest-Monthly/2017/2017_Earthquake_Information/March/2017_0307_0228_B1.html
CRITICAL (2023-08-07 16:31:55,009): 
404 Client Error: Not Found for url: https://earthquake.phivolcs.dost.gov.ph/EQLatest-Monthly/2017/2017_Earthquake_Information/March/2017_0307_0228_B1.html
CRITICAL (2023-08-07 16:31:55,590): 
404 Client Error: Not Found for url: https://earthquake.phivolcs.dost.gov.ph/EQLatest-Monthly/2017/2017_Earthquake_Information/March/2017_0307_0228_B2.html
CRITICAL (2023-08-07 16:31:55,857): 
404 Client Error: Not Found for url: https://earthquake.phivolcs.dost.gov.ph/EQLatest-Monthly/2017/2017_Earthquake_Information/March/2017_0307_0228_B1.html
CRITICAL (2023-08-07 16:31:55,999): 
404 Client Error: Not Found for url: https://earthquake.phivolcs.dost.gov.ph/EQLatest-Monthly/2017/2017_Earthquake_Information/March/2017_0307_0228_B1.html
CRITICAL (2023-08-07 16:31:56,423): 
404 Client Error: Not Found for url: https://earthquake.phivolcs.dost.gov.ph/EQLatest-Monthly/2017/2017_Earthquake_Information/March/2017_0307_0228_B1.html
CRITICAL (2023-08-07 16:31:56,754): 
404 Client Error: Not Found for url: https://earthquake.phivolcs.dost.gov.ph/EQLatest-Monthly/2017/2017_Earthquake_Information/March/2017_0305_0111_B1F.html
CRITICAL (2023-08-07 16:31:56,895): 
404 Client Error: Not Found for url: https://earthquake.phivolcs.dost.gov.ph/EQLatest-Monthly/2017/2017_Earthquake_Information/March/2017_0305_0111_B1F.html
CRITICAL (2023-08-07 16:31:57,163): 
404 Client Error: Not Found for url: https://earthquake.phivolcs.dost.gov.ph/EQLatest-Monthly/2017/2017_Earthquake_Information/March/2017_0306_2305_B2F.html
CRITICAL (2023-08-07 16:31:57,383): 
404 Client Error: Not Found for url: https://earthquake.phivolcs.dost.gov.ph/EQLatest-Monthly/2017/2017_Earthquake_Information/March/2017_0305_0111_B1F.html
CRITICAL (2023-08-07 16:32:09,646): 
404 Client Error: Not Found for url: https://earthquake.phivolcs.dost.gov.ph/EQLatest-Monthly/2017/2017_Earthquake_Information/March/2017_0305_0111_B1F.html
CRITICAL (2023-08-07 16:32:15,007): 
404 Client Error: Not Found for url: https://earthquake.phivolcs.dost.gov.ph/EQLatest-Monthly/2017/2017_Earthquake_Information/March/2017_0305_0111_B1F.html
CRITICAL (2023-08-07 16:32:15,149): 
404 Client Error: Not Found for url: https://earthquake.phivolcs.dost.gov.ph/EQLatest-Monthly/2017/2017_Earthquake_Information/March/2017_0305_0111_B1F.html
CRITICAL (2023-08-07 16:32:15,400): 
404 Client Error: Not Found for url: https://earthquake.phivolcs.dost.gov.ph/EQLatest-Monthly/2017/2017_Earthquake_Information/March/2017_0305_0111_B1F.html
CRITICAL (2023-08-07 16:32:15,510): 
404 Client Error: Not Found for url: https://earthquake.phivolcs.dost.gov.ph/EQLatest-Monthly/2017/2017_Earthquake_Information/March/2017_0305_0111_B1F.html
CRITICAL (2023-08-07 16:32:15,683): 
404 Client Error: Not Found for url: https://earthquake.phivolcs.dost.gov.ph/EQLatest-Monthly/2017/2017_Earthquake_Information/March/2017_0305_0111_B1F.html
CRITICAL (2023-08-07 16:32:15,808): 
404 Client Error: Not Found for url: https://earthquake.phivolcs.dost.gov.ph/EQLatest-Monthly/2017/2017_Earthquake_Information/March/2017_0305_0111_B1F.html
CRITICAL (2023-08-07 16:32:16,025): 
404 Client Error: Not Found for url: https://earthquake.phivolcs.dost.gov.ph/EQLatest-Monthly/2017/2017_Earthquake_Information/March/2017_0305_0111_B1F.html
CRITICAL (2023-08-07 16:32:16,155): 
404 Client Error: Not Found for url: https://earthquake.phivolcs.dost.gov.ph/EQLatest-Monthly/2017/2017_Earthquake_Information/March/2017_0305_0111_B1F.html
CRITICAL (2023-08-07 16:32:16,406): 
404 Client Error: Not Found for url: https://earthquake.phivolcs.dost.gov.ph/EQLatest-Monthly/2017/2017_Earthquake_Information/March/2017_0305_0111_B1F.html
CRITICAL (2023-08-07 16:32:16,657): 
404 Client Error: Not Found for url: https://earthquake.phivolcs.dost.gov.ph/EQLatest-Monthly/2017/2017_Earthquake_Information/March/2017_0305_0111_B1F.html
CRITICAL (2023-08-07 16:32:16,988): 
404 Client Error: Not Found for url: https://earthquake.phivolcs.dost.gov.ph/EQLatest-Monthly/2017/2017_Earthquake_Information/March/2017_0306_0139_B3.html
CRITICAL (2023-08-07 16:32:17,303): 
404 Client Error: Not Found for url: https://earthquake.phivolcs.dost.gov.ph/EQLatest-Monthly/2017/2017_Earthquake_Information/March/2017_0306_0033_B2.html
CRITICAL (2023-08-07 16:32:17,632): 
404 Client Error: Not Found for url: https://earthquake.phivolcs.dost.gov.ph/EQLatest-Monthly/2017/2017_Earthquake_Information/March/2017_0305_0111_B1F.html
CRITICAL (2023-08-07 16:32:17,884): 
404 Client Error: Not Found for url: https://earthquake.phivolcs.dost.gov.ph/EQLatest-Monthly/2017/2017_Earthquake_Information/March/2017_0305_0111_B1F.html
CRITICAL (2023-08-07 16:32:18,198): 
404 Client Error: Not Found for url: https://earthquake.phivolcs.dost.gov.ph/EQLatest-Monthly/2017/2017_Earthquake_Information/February/2017_0227_1501_B3.html
CRITICAL (2023-08-07 16:32:18,293): 
404 Client Error: Not Found for url: https://earthquake.phivolcs.dost.gov.ph/EQLatest-Monthly/2017/2017_Earthquake_Information/February/2017_0227_1501_B3.html
CRITICAL (2023-08-07 16:32:18,608): 
404 Client Error: Not Found for url: https://earthquake.phivolcs.dost.gov.ph/EQLatest-Monthly/2017/2017_Earthquake_Information/February/2017_0227_1501_B3.html
CRITICAL (2023-08-07 16:32:18,796): 
404 Client Error: Not Found for url: https://earthquake.phivolcs.dost.gov.ph/EQLatest-Monthly/2017/2017_Earthquake_Information/March/2017_0305_0111_B1F.html
CRITICAL (2023-08-07 16:32:18,938): 
404 Client Error: Not Found for url: https://earthquake.phivolcs.dost.gov.ph/EQLatest-Monthly/2017/2017_Earthquake_Information/March/2017_0305_0111_B1F.html
CRITICAL (2023-08-07 16:32:19,191): 
404 Client Error: Not Found for url: https://earthquake.phivolcs.dost.gov.ph/EQLatest-Monthly/2017/2017_Earthquake_Information/March/2017_0305_0111_B1F.html
CRITICAL (2023-08-07 16:32:19,395): 
404 Client Error: Not Found for url: https://earthquake.phivolcs.dost.gov.ph/EQLatest-Monthly/2017/2017_Earthquake_Information/March/2017_0305_0111_B1F.html
CRITICAL (2023-08-07 16:32:31,547): 
404 Client Error: Not Found for url: https://earthquake.phivolcs.dost.gov.ph/EQLatest-Monthly/2017/2017_Earthquake_Information/March/2017_0305_0111_B1F.html
CRITICAL (2023-08-07 16:32:43,700): 
404 Client Error: Not Found for url: https://earthquake.phivolcs.dost.gov.ph/EQLatest-Monthly/2017/2017_Earthquake_Information/March/2017_0305_1407_B2.html
CRITICAL (2023-08-07 16:32:55,925): 
404 Client Error: Not Found for url: https://earthquake.phivolcs.dost.gov.ph/EQLatest-Monthly/2017/2017_Earthquake_Information/March/2017_0305_0111_B1F.html
CRITICAL (2023-08-07 16:33:08,069): 
404 Client Error: Not Found for url: https://earthquake.phivolcs.dost.gov.ph/EQLatest-Monthly/2017/2017_Earthquake_Information/March/2017_0305_0111_B1F.html
CRITICAL (2023-08-07 16:33:20,480): 
404 Client Error: Not Found for url: https://earthquake.phivolcs.dost.gov.ph/EQLatest-Monthly/2017/2017_Earthquake_Information/March/2017_0305_0111_B1F.html
CRITICAL (2023-08-07 16:33:32,903): 
404 Client Error: Not Found for url: https://earthquake.phivolcs.dost.gov.ph/EQLatest-Monthly/2017/2017_Earthquake_Information/March/2017_0305_0111_B1F.html
CRITICAL (2023-08-07 16:33:39,064): 
404 Client Error: Not Found for url: https://earthquake.phivolcs.dost.gov.ph/EQLatest-Monthly/2017/2017_Earthquake_Information/March/2017_0305_0111_B1F.html
CRITICAL (2023-08-07 16:33:39,331): 
404 Client Error: Not Found for url: https://earthquake.phivolcs.dost.gov.ph/EQLatest-Monthly/2017/2017_Earthquake_Information/March/2017_0305_0111_B1F.html
CRITICAL (2023-08-07 16:33:39,473): 
404 Client Error: Not Found for url: https://earthquake.phivolcs.dost.gov.ph/EQLatest-Monthly/2017/2017_Earthquake_Information/March/2017_0305_0111_B1F.html
CRITICAL (2023-08-07 16:33:39,739): 
404 Client Error: Not Found for url: https://earthquake.phivolcs.dost.gov.ph/EQLatest-Monthly/2017/2017_Earthquake_Information/March/2017_0305_0111_B1F.html
CRITICAL (2023-08-07 16:33:39,928): 
404 Client Error: Not Found for url: https://earthquake.phivolcs.dost.gov.ph/EQLatest-Monthly/2017/2017_Earthquake_Information/March/2017_0305_0111_B1F.html
CRITICAL (2023-08-07 16:33:40,227): 
404 Client Error: Not Found for url: https://earthquake.phivolcs.dost.gov.ph/EQLatest-Monthly/2017/2017_Earthquake_Information/March/2017_0302_1517_B2.html
CRITICAL (2023-08-07 16:33:40,321): 
404 Client Error: Not Found for url: https://earthquake.phivolcs.dost.gov.ph/EQLatest-Monthly/2017/2017_Earthquake_Information/March/2017_0302_1517_B2.html
CRITICAL (2023-08-07 16:33:40,557): 
404 Client Error: Not Found for url: https://earthquake.phivolcs.dost.gov.ph/EQLatest-Monthly/2017/2017_Earthquake_Information/March/2017_0302_1517_B2.html
CRITICAL (2023-08-07 16:33:40,650): 
404 Client Error: Not Found for url: https://earthquake.phivolcs.dost.gov.ph/EQLatest-Monthly/2017/2017_Earthquake_Information/March/2017_0302_1517_B2.html
CRITICAL (2023-08-07 16:33:40,886): 
404 Client Error: Not Found for url: https://earthquake.phivolcs.dost.gov.ph/EQLatest-Monthly/2017/2017_Earthquake_Information/March/2017_0302_1517_B2.html
CRITICAL (2023-08-07 16:33:41,055): 
404 Client Error: Not Found for url: https://earthquake.phivolcs.dost.gov.ph/EQLatest-Monthly/2017/2017_Earthquake_Information/March/2017_0302_1517_B2.html
CRITICAL (2023-08-07 16:33:41,279): 
404 Client Error: Not Found for url: https://earthquake.phivolcs.dost.gov.ph/EQLatest-Monthly/2017/2017_Earthquake_Information/March/2017_0302_1517_B2.html
CRITICAL (2023-08-07 16:33:41,483): 
404 Client Error: Not Found for url: https://earthquake.phivolcs.dost.gov.ph/EQLatest-Monthly/2017/2017_Earthquake_Information/March/2017_0302_1517_B2.html
CRITICAL (2023-08-07 16:33:41,609): 
404 Client Error: Not Found for url: https://earthquake.phivolcs.dost.gov.ph/EQLatest-Monthly/2017/2017_Earthquake_Information/March/2017_0302_1517_B2.html
CRITICAL (2023-08-07 16:33:41,813): 
404 Client Error: Not Found for url: https://earthquake.phivolcs.dost.gov.ph/EQLatest-Monthly/2017/2017_Earthquake_Information/March/2017_0302_1517_B2.html
CRITICAL (2023-08-07 16:33:41,956): 
404 Client Error: Not Found for url: https://earthquake.phivolcs.dost.gov.ph/EQLatest-Monthly/2017/2017_Earthquake_Information/March/2017_0302_1517_B2.html
CRITICAL (2023-08-07 16:33:42,127): 
404 Client Error: Not Found for url: https://earthquake.phivolcs.dost.gov.ph/EQLatest-Monthly/2017/2017_Earthquake_Information/March/2017_0302_1517_B2.html
CRITICAL (2023-08-07 16:33:42,284): 
404 Client Error: Not Found for url: https://earthquake.phivolcs.dost.gov.ph/EQLatest-Monthly/2017/2017_Earthquake_Information/March/2017_0302_1517_B2.html
CRITICAL (2023-08-07 16:33:42,536): 
404 Client Error: Not Found for url: https://earthquake.phivolcs.dost.gov.ph/EQLatest-Monthly/2017/2017_Earthquake_Information/March/2017_0302_1517_B2.html
CRITICAL (2023-08-07 16:33:42,787): 
404 Client Error: Not Found for url: https://earthquake.phivolcs.dost.gov.ph/EQLatest-Monthly/2017/2017_Earthquake_Information/March/2017_0302_1517_B2.html
CRITICAL (2023-08-07 16:33:43,039): 
404 Client Error: Not Found for url: https://earthquake.phivolcs.dost.gov.ph/EQLatest-Monthly/2017/2017_Earthquake_Information/March/2017_0302_1517_B2.html
CRITICAL (2023-08-07 16:33:43,180): 
404 Client Error: Not Found for url: https://earthquake.phivolcs.dost.gov.ph/EQLatest-Monthly/2017/2017_Earthquake_Information/March/2017_0302_1517_B2.html
CRITICAL (2023-08-07 16:33:43,368): 
404 Client Error: Not Found for url: https://earthquake.phivolcs.dost.gov.ph/EQLatest-Monthly/2017/2017_Earthquake_Information/March/2017_0302_1517_B2.html
CRITICAL (2023-08-07 16:33:49,035): 
404 Client Error: Not Found for url: https://earthquake.phivolcs.dost.gov.ph/EQLatest-Monthly/2017/2017_Earthquake_Information/March/2017_0302_1517_B2.html
CRITICAL (2023-08-07 16:33:49,288): 
404 Client Error: Not Found for url: https://earthquake.phivolcs.dost.gov.ph/EQLatest-Monthly/2017/2017_Earthquake_Information/March/2017_0302_1517_B2.html
CRITICAL (2023-08-07 16:33:49,603): 
404 Client Error: Not Found for url: https://earthquake.phivolcs.dost.gov.ph/EQLatest-Monthly/2017/2017_Earthquake_Information/March/2017_0302_1517_B2.html
CRITICAL (2023-08-07 16:33:49,876): 
404 Client Error: Not Found for url: https://earthquake.phivolcs.dost.gov.ph/EQLatest-Monthly/2017/2017_Earthquake_Information/March/2017_0302_1517_B2.html
CRITICAL (2023-08-07 16:33:50,184): 
404 Client Error: Not Found for url: https://earthquake.phivolcs.dost.gov.ph/EQLatest-Monthly/2017/2017_Earthquake_Information/March/2017_0302_1517_B2.html
CRITICAL (2023-08-07 16:33:50,499): 
404 Client Error: Not Found for url: https://earthquake.phivolcs.dost.gov.ph/EQLatest-Monthly/2017/2017_Earthquake_Information/March/2017_0302_1517_B2.html
CRITICAL (2023-08-07 16:33:50,608): 
404 Client Error: Not Found for url: https://earthquake.phivolcs.dost.gov.ph/EQLatest-Monthly/2017/2017_Earthquake_Information/March/2017_0302_1517_B2.html
CRITICAL (2023-08-07 16:33:50,844): 
404 Client Error: Not Found for url: https://earthquake.phivolcs.dost.gov.ph/EQLatest-Monthly/2017/2017_Earthquake_Information/March/2017_0302_1517_B2.html
CRITICAL (2023-08-07 16:33:51,179): 
404 Client Error: Not Found for url: https://earthquake.phivolcs.dost.gov.ph/EQLatest-Monthly/2017/2017_Earthquake_Information/March/2017_0302_1517_B2.html
CRITICAL (2023-08-07 16:33:51,347): 
404 Client Error: Not Found for url: https://earthquake.phivolcs.dost.gov.ph/EQLatest-Monthly/2017/2017_Earthquake_Information/March/2017_0302_1517_B2.html
CRITICAL (2023-08-07 16:33:51,580): 
404 Client Error: Not Found for url: https://earthquake.phivolcs.dost.gov.ph/EQLatest-Monthly/2017/2017_Earthquake_Information/March/2017_0302_1256_B1.html
CRITICAL (2023-08-07 16:33:51,709): 
404 Client Error: Not Found for url: https://earthquake.phivolcs.dost.gov.ph/EQLatest-Monthly/2017/2017_Earthquake_Information/February/2017_0228_1728_B1.html
CRITICAL (2023-08-07 16:33:52,024): 
404 Client Error: Not Found for url: https://earthquake.phivolcs.dost.gov.ph/EQLatest-Monthly/2017/2017_Earthquake_Information/February/2017_0228_1728_B1.html
CRITICAL (2023-08-07 16:33:52,161): 
404 Client Error: Not Found for url: https://earthquake.phivolcs.dost.gov.ph/EQLatest-Monthly/2017/2017_Earthquake_Information/March/2017_0301_2311_B2.html
CRITICAL (2023-08-07 16:33:52,335): 
404 Client Error: Not Found for url: https://earthquake.phivolcs.dost.gov.ph/EQLatest-Monthly/2017/2017_Earthquake_Information/March/2017_0301_2311_B2.html
CRITICAL (2023-08-07 16:33:52,483): 
404 Client Error: Not Found for url: https://earthquake.phivolcs.dost.gov.ph/EQLatest-Monthly/2017/2017_Earthquake_Information/February/2017_0228_1728_B1.html
CRITICAL (2023-08-07 16:33:52,665): 
404 Client Error: Not Found for url: https://earthquake.phivolcs.dost.gov.ph/EQLatest-Monthly/2017/2017_Earthquake_Information/March/2017_0301_1730_B2.html
CRITICAL (2023-08-07 16:33:52,806): 
404 Client Error: Not Found for url: https://earthquake.phivolcs.dost.gov.ph/EQLatest-Monthly/2017/2017_Earthquake_Information/March/2017_0301_1421_B2.html
CRITICAL (2023-08-07 16:33:53,057): 
404 Client Error: Not Found for url: https://earthquake.phivolcs.dost.gov.ph/EQLatest-Monthly/2017/2017_Earthquake_Information/March/2017_0301_1334_B2.html
CRITICAL (2023-08-07 16:33:53,246): 
404 Client Error: Not Found for url: https://earthquake.phivolcs.dost.gov.ph/EQLatest-Monthly/2017/2017_Earthquake_Information/March/2017_0301_1247_B2F.html
CRITICAL (2023-08-07 16:33:53,388): 
404 Client Error: Not Found for url: https://earthquake.phivolcs.dost.gov.ph/EQLatest-Monthly/2017/2017_Earthquake_Information/February/2017_0228_1728_B1.html
CRITICAL (2023-08-07 16:34:06,816): 
404 Client Error: Not Found for url: https://earthquake.phivolcs.dost.gov.ph/EQLatest-Monthly/2017/2017_Earthquake_Information/February/2017_0228_1728_B1.html
CRITICAL (2023-08-07 16:34:13,150): 
404 Client Error: Not Found for url: https://earthquake.phivolcs.dost.gov.ph/EQLatest-Monthly/2017/2017_Earthquake_Information/February/2017_0228_1728_B1.html
CRITICAL (2023-08-07 16:34:13,386): 
404 Client Error: Not Found for url: https://earthquake.phivolcs.dost.gov.ph/EQLatest-Monthly/2017/2017_Earthquake_Information/February/2017_0228_1728_B1.html
CRITICAL (2023-08-07 16:34:13,543): 
404 Client Error: Not Found for url: https://earthquake.phivolcs.dost.gov.ph/EQLatest-Monthly/2017/2017_Earthquake_Information/February/2017_0228_1728_B1.html
CRITICAL (2023-08-07 16:34:13,730): 
404 Client Error: Not Found for url: https://earthquake.phivolcs.dost.gov.ph/EQLatest-Monthly/2017/2017_Earthquake_Information/February/2017_0228_1728_B1.html
CRITICAL (2023-08-07 16:34:13,809): 
404 Client Error: Not Found for url: https://earthquake.phivolcs.dost.gov.ph/EQLatest-Monthly/2017/2017_Earthquake_Information/February/2017_0228_1728_B1.html
