CRITICAL (2023-08-07 16:45:14,517): 
404 Client Error: Not Found for url: https://earthquake.phivolcs.dost.gov.ph/EQLatest-Monthly/2017_Earthquake_Information/January/2017_0131_1555_B2.html
CRITICAL (2023-08-07 16:45:14,925): 
404 Client Error: Not Found for url: https://earthquake.phivolcs.dost.gov.ph/EQLatest-Monthly/2017_Earthquake_Information/January/2017_0131_1542_B2.html
CRITICAL (2023-08-07 16:45:15,191): 
404 Client Error: Not Found for url: https://earthquake.phivolcs.dost.gov.ph/EQLatest-Monthly/2017_Earthquake_Information/January/2017_0131_0917_B3F.html
CRITICAL (2023-08-07 16:45:15,521): 
404 Client Error: Not Found for url: https://earthquake.phivolcs.dost.gov.ph/EQLatest-Monthly/2017_Earthquake_Information/January/2017_0129_1457_B1.html
CRITICAL (2023-08-07 16:45:15,761): 
404 Client Error: Not Found for url: https://earthquake.phivolcs.dost.gov.ph/EQLatest-Monthly/2017_Earthquake_Information/January/2017_0129_1457_B1.html
CRITICAL (2023-08-07 16:45:15,915): 
404 Client Error: Not Found for url: https://earthquake.phivolcs.dost.gov.ph/EQLatest-Monthly/2017_Earthquake_Information/January/2017_0129_1457_B1.html
CRITICAL (2023-08-07 16:45:16,167): 
404 Client Error: Not Found for url: https://earthquake.phivolcs.dost.gov.ph/EQLatest-Monthly/2017_Earthquake_Information/January/2017_0129_1457_B1.html
CRITICAL (2023-08-07 16:45:16,418): 
404 Client Error: Not Found for url: https://earthquake.phivolcs.dost.gov.ph/EQLatest-Monthly/2017_Earthquake_Information/January/2017_0129_1457_B1.html
CRITICAL (2023-08-07 16:45:28,597): 
404 Client Error: Not Found for url: https://earthquake.phivolcs.dost.gov.ph/EQLatest-Monthly/2017_Earthquake_Information/January/2017_0129_1457_B1.html
CRITICAL (2023-08-07 16:45:40,931): 
404 Client Error: Not Found for url: https://earthquake.phivolcs.dost.gov.ph/EQLatest-Monthly/2017_Earthquake_Information/January/2017_0129_1457_B1.html
CRITICAL (2023-08-07 16:45:47,039): 
404 Client Error: Not Found for url: https://earthquake.phivolcs.dost.gov.ph/EQLatest-Monthly/2017_Earthquake_Information/January/2017_0129_1457_B1.html
CRITICAL (2023-08-07 16:45:47,348): 
404 Client Error: Not Found for url: https://earthquake.phivolcs.dost.gov.ph/EQLatest-Monthly/2017_Earthquake_Information/January/2017_0129_1457_B1.html
CRITICAL (2023-08-07 16:45:47,432): 
404 Client Error: Not Found for url: https://earthquake.phivolcs.dost.gov.ph/EQLatest-Monthly/2017_Earthquake_Information/January/2017_0129_1457_B1.html
CRITICAL (2023-08-07 16:45:47,749): 
404 Client Error: Not Found for url: https://earthquake.phivolcs.dost.gov.ph/EQLatest-Monthly/2017_Earthquake_Information/January/2017_0130_0243_B2F.html
CRITICAL (2023-08-07 16:45:48,061): 
404 Client Error: Not Found for url: https://earthquake.phivolcs.dost.gov.ph/EQLatest-Monthly/2017_Earthquake_Information/January/2017_0129_1457_B1.html
CRITICAL (2023-08-07 16:45:48,338): 
404 Client Error: Not Found for url: https://earthquake.phivolcs.dost.gov.ph/EQLatest-Monthly/2017_Earthquake_Information/January/2017_0129_1457_B1.html
CRITICAL (2023-08-07 16:45:48,489): 
404 Client Error: Not Found for url: https://earthquake.phivolcs.dost.gov.ph/EQLatest-Monthly/2017_Earthquake_Information/January/2017_0129_1457_B1.html
CRITICAL (2023-08-07 16:45:48,720): 
404 Client Error: Not Found for url: https://earthquake.phivolcs.dost.gov.ph/EQLatest-Monthly/2017_Earthquake_Information/January/2017_0129_1457_B1.html
CRITICAL (2023-08-07 16:45:49,002): 
404 Client Error: Not Found for url: https://earthquake.phivolcs.dost.gov.ph/EQLatest-Monthly/2017_Earthquake_Information/January/2017_0129_1457_B1.html
CRITICAL (2023-08-07 16:45:49,177): 
404 Client Error: Not Found for url: https://earthquake.phivolcs.dost.gov.ph/EQLatest-Monthly/2017_Earthquake_Information/January/2017_0129_1457_B2.html
CRITICAL (2023-08-07 16:45:49,271): 
404 Client Error: Not Found for url: https://earthquake.phivolcs.dost.gov.ph/EQLatest-Monthly/2017_Earthquake_Information/January/2017_0129_1455_B2.html
CRITICAL (2023-08-07 16:45:49,491): 
404 Client Error: Not Found for url: https://earthquake.phivolcs.dost.gov.ph/EQLatest-Monthly/2017_Earthquake_Information/January/2017_0129_1330_B2.html
CRITICAL (2023-08-07 16:45:49,830): 
404 Client Error: Not Found for url: https://earthquake.phivolcs.dost.gov.ph/EQLatest-Monthly/2017_Earthquake_Information/January/2017_0129_1041_B2.html
CRITICAL (2023-08-07 16:45:49,958): 
404 Client Error: Not Found for url: https://earthquake.phivolcs.dost.gov.ph/EQLatest-Monthly/2017_Earthquake_Information/January/2017_0129_0833_B2F.html
CRITICAL (2023-08-07 16:45:50,154): 
404 Client Error: Not Found for url: https://earthquake.phivolcs.dost.gov.ph/EQLatest-Monthly/2017_Earthquake_Information/January/2017_0129_0519_B2.html
CRITICAL (2023-08-07 16:45:50,280): 
404 Client Error: Not Found for url: https://earthquake.phivolcs.dost.gov.ph/EQLatest-Monthly/2017_Earthquake_Information/January/2017_0129_0506_B3F.html
CRITICAL (2023-08-07 16:45:50,485): 
404 Client Error: Not Found for url: https://earthquake.phivolcs.dost.gov.ph/EQLatest-Monthly/2017_Earthquake_Information/January/2017_0129_0450_B2.html
CRITICAL (2023-08-07 16:45:50,626): 
404 Client Error: Not Found for url: https://earthquake.phivolcs.dost.gov.ph/EQLatest-Monthly/2017_Earthquake_Information/January/2017_0129_0133_B1.html
CRITICAL (2023-08-07 16:45:50,894): 
404 Client Error: Not Found for url: https://earthquake.phivolcs.dost.gov.ph/EQLatest-Monthly/2017_Earthquake_Information/January/2017_0128_2351_B2.html
CRITICAL (2023-08-07 16:45:51,082): 
404 Client Error: Not Found for url: https://earthquake.phivolcs.dost.gov.ph/EQLatest-Monthly/2017_Earthquake_Information/January/2017_0128_2326_B2.html
CRITICAL (2023-08-07 16:45:51,381): 
404 Client Error: Not Found for url: https://earthquake.phivolcs.dost.gov.ph/EQLatest-Monthly/2017_Earthquake_Information/January/2017_0128_2317_B2.html
CRITICAL (2023-08-07 16:45:57,076): 
404 Client Error: Not Found for url: https://earthquake.phivolcs.dost.gov.ph/EQLatest-Monthly/2017_Earthquake_Information/January/2017_0128_2155_B2.html
CRITICAL (2023-08-07 16:45:57,249): 
404 Client Error: Not Found for url: https://earthquake.phivolcs.dost.gov.ph/EQLatest-Monthly/2017_Earthquake_Information/January/2017_0128_1303_B3F.html
CRITICAL (2023-08-07 16:45:57,563): 
404 Client Error: Not Found for url: https://earthquake.phivolcs.dost.gov.ph/EQLatest-Monthly/2017_Earthquake_Information/January/2017_0128_1137_B2.html
CRITICAL (2023-08-07 16:45:59,650): 
404 Client Error: Not Found for url: https://earthquake.phivolcs.dost.gov.ph/EQLatest-Monthly/2017_Earthquake_Information/January/2017_0128_0708_B2.html
CRITICAL (2023-08-07 16:46:00,546): 
404 Client Error: Not Found for url: https://earthquake.phivolcs.dost.gov.ph/EQLatest-Monthly/2017_Earthquake_Information/January/2017_0128_0343_B2.html
CRITICAL (2023-08-07 16:46:00,828): 
404 Client Error: Not Found for url: https://earthquake.phivolcs.dost.gov.ph/EQLatest-Monthly/2017_Earthquake_Information/January/2017_0128_0323_B2.html
CRITICAL (2023-08-07 16:46:01,142): 
404 Client Error: Not Found for url: https://earthquake.phivolcs.dost.gov.ph/EQLatest-Monthly/2017_Earthquake_Information/January/2017_0128_0243_B2.html
CRITICAL (2023-08-07 16:46:01,409): 
404 Client Error: Not Found for url: https://earthquake.phivolcs.dost.gov.ph/EQLatest-Monthly/2017_Earthquake_Information/January/2017_0127_2019_B2.html
CRITICAL (2023-08-07 16:46:18,351): 
404 Client Error: Not Found for url: https://earthquake.phivolcs.dost.gov.ph/EQLatest-Monthly/2017_Earthquake_Information/January/2017_0127_1955_B2.html
CRITICAL (2023-08-07 16:46:24,026): 
404 Client Error: Not Found for url: https://earthquake.phivolcs.dost.gov.ph/EQLatest-Monthly/2017_Earthquake_Information/January/2017_0127_1719_B2.html
CRITICAL (2023-08-07 16:46:24,231): 
404 Client Error: Not Found for url: https://earthquake.phivolcs.dost.gov.ph/EQLatest-Monthly/2017_Earthquake_Information/January/2017_0127_1534_B2.html
CRITICAL (2023-08-07 16:46:24,357): 
404 Client Error: Not Found for url: https://earthquake.phivolcs.dost.gov.ph/EQLatest-Monthly/2017_Earthquake_Information/January/2017_0127_1454_B2.html
CRITICAL (2023-08-07 16:46:24,545): 
404 Client Error: Not Found for url: https://earthquake.phivolcs.dost.gov.ph/EQLatest-Monthly/2017_Earthquake_Information/January/2017_0127_1207_B2.html
CRITICAL (2023-08-07 16:46:24,671): 
404 Client Error: Not Found for url: https://earthquake.phivolcs.dost.gov.ph/EQLatest-Monthly/2017_Earthquake_Information/January/2017_0127_1013_B2F.html
CRITICAL (2023-08-07 16:46:24,875): 
404 Client Error: Not Found for url: https://earthquake.phivolcs.dost.gov.ph/EQLatest-Monthly/2017_Earthquake_Information/January/2017_0127_1008_B2.html
CRITICAL (2023-08-07 16:46:25,016): 
404 Client Error: Not Found for url: https://earthquake.phivolcs.dost.gov.ph/EQLatest-Monthly/2017_Earthquake_Information/January/2017_0127_0529_B2F.html
CRITICAL (2023-08-07 16:46:25,330): 
404 Client Error: Not Found for url: https://earthquake.phivolcs.dost.gov.ph/EQLatest-Monthly/2017_Earthquake_Information/January/2017_0126_2254_B2.html
CRITICAL (2023-08-07 16:46:25,582): 
404 Client Error: Not Found for url: https://earthquake.phivolcs.dost.gov.ph/EQLatest-Monthly/2017_Earthquake_Information/January/2017_0126_2049_B2.html
CRITICAL (2023-08-07 16:46:25,787): 
404 Client Error: Not Found for url: https://earthquake.phivolcs.dost.gov.ph/EQLatest-Monthly/2017_Earthquake_Information/January/2017_0126_2033_B2.html
CRITICAL (2023-08-07 16:46:26,085): 
404 Client Error: Not Found for url: https://earthquake.phivolcs.dost.gov.ph/EQLatest-Monthly/2017_Earthquake_Information/January/2017_0126_2016_B2.html
CRITICAL (2023-08-07 16:46:26,164): 
404 Client Error: Not Found for url: https://earthquake.phivolcs.dost.gov.ph/EQLatest-Monthly/2017_Earthquake_Information/January/2017_0126_1430_B2.html
CRITICAL (2023-08-07 16:46:26,415): 
404 Client Error: Not Found for url: https://earthquake.phivolcs.dost.gov.ph/EQLatest-Monthly/2017_Earthquake_Information/January/2017_0126_1919_B2.html
CRITICAL (2023-08-07 16:46:26,589): 
404 Client Error: Not Found for url: https://earthquake.phivolcs.dost.gov.ph/EQLatest-Monthly/2017_Earthquake_Information/January/2017_0126_1911_B2.html
CRITICAL (2023-08-07 16:46:26,998): 
404 Client Error: Not Found for url: https://earthquake.phivolcs.dost.gov.ph/EQLatest-Monthly/2017_Earthquake_Information/January/2017_0126_1854_B3.html
CRITICAL (2023-08-07 16:46:27,171): 
404 Client Error: Not Found for url: https://earthquake.phivolcs.dost.gov.ph/EQLatest-Monthly/2017_Earthquake_Information/January/2017_0126_1807_B2.html
CRITICAL (2023-08-07 16:46:27,342): 
404 Client Error: Not Found for url: https://earthquake.phivolcs.dost.gov.ph/EQLatest-Monthly/2017_Earthquake_Information/January/2017_0126_1446_B2.html
CRITICAL (2023-08-07 16:46:27,484): 
404 Client Error: Not Found for url: https://earthquake.phivolcs.dost.gov.ph/EQLatest-Monthly/2017_Earthquake_Information/January/2017_0126_1100_B2.html
CRITICAL (2023-08-07 16:46:27,735): 
404 Client Error: Not Found for url: https://earthquake.phivolcs.dost.gov.ph/EQLatest-Monthly/2017_Earthquake_Information/January/2017_0126_0911_B2.html
CRITICAL (2023-08-07 16:46:28,050): 
404 Client Error: Not Found for url: https://earthquake.phivolcs.dost.gov.ph/EQLatest-Monthly/2017_Earthquake_Information/January/2017_0126_0829_B2.html
CRITICAL (2023-08-07 16:46:28,270): 
404 Client Error: Not Found for url: https://earthquake.phivolcs.dost.gov.ph/EQLatest-Monthly/2017_Earthquake_Information/January/2017_0125_2320_B2.html
CRITICAL (2023-08-07 16:46:40,470): 
404 Client Error: Not Found for url: https://earthquake.phivolcs.dost.gov.ph/EQLatest-Monthly/2017_Earthquake_Information/January/2017_0125_2304_B2.html
CRITICAL (2023-08-07 16:46:45,982): 
404 Client Error: Not Found for url: https://earthquake.phivolcs.dost.gov.ph/EQLatest-Monthly/2017_Earthquake_Information/January/2017_0125_1200_B2.html
CRITICAL (2023-08-07 16:46:46,314): 
404 Client Error: Not Found for url: https://earthquake.phivolcs.dost.gov.ph/EQLatest-Monthly/2017_Earthquake_Information/January/2017_0125_0958_B2.html
CRITICAL (2023-08-07 16:46:46,644): 
404 Client Error: Not Found for url: https://earthquake.phivolcs.dost.gov.ph/EQLatest-Monthly/2017_Earthquake_Information/January/2017_0124_1935_B2.html
CRITICAL (2023-08-07 16:46:46,833): 
404 Client Error: Not Found for url: https://earthquake.phivolcs.dost.gov.ph/EQLatest-Monthly/2017_Earthquake_Information/January/2017_0124_1852_B3.html
CRITICAL (2023-08-07 16:46:47,824): 
404 Client Error: Not Found for url: https://earthquake.phivolcs.dost.gov.ph/EQLatest-Monthly/2017_Earthquake_Information/January/2017_0124_1243_B3.html
CRITICAL (2023-08-07 16:46:48,206): 
404 Client Error: Not Found for url: https://earthquake.phivolcs.dost.gov.ph/EQLatest-Monthly/2017_Earthquake_Information/January/2017_0124_1147_B2.html
CRITICAL (2023-08-07 16:46:48,406): 
404 Client Error: Not Found for url: https://earthquake.phivolcs.dost.gov.ph/EQLatest-Monthly/2017_Earthquake_Information/January/2017_0124_0556_B2.html
CRITICAL (2023-08-07 16:46:48,541): 
404 Client Error: Not Found for url: https://earthquake.phivolcs.dost.gov.ph/EQLatest-Monthly/2017_Earthquake_Information/January/2017_0124_0545_B2.html
CRITICAL (2023-08-07 16:46:48,850): 
404 Client Error: Not Found for url: https://earthquake.phivolcs.dost.gov.ph/EQLatest-Monthly/2017_Earthquake_Information/January/2017_0124_0506_B2.html
CRITICAL (2023-08-07 16:46:49,044): 
404 Client Error: Not Found for url: https://earthquake.phivolcs.dost.gov.ph/EQLatest-Monthly/2017_Earthquake_Information/January/2017_0124_0501_B2.html
CRITICAL (2023-08-07 16:46:49,185): 
404 Client Error: Not Found for url: https://earthquake.phivolcs.dost.gov.ph/EQLatest-Monthly/2017_Earthquake_Information/January/2017_0123_1856_B2.html
CRITICAL (2023-08-07 16:46:49,375): 
404 Client Error: Not Found for url: https://earthquake.phivolcs.dost.gov.ph/EQLatest-Monthly/2017_Earthquake_Information/January/2017_0123_1817_B2.html
CRITICAL (2023-08-07 16:46:49,691): 
404 Client Error: Not Found for url: https://earthquake.phivolcs.dost.gov.ph/EQLatest-Monthly/2017_Earthquake_Information/January/2017_0123_1719_B2.html
CRITICAL (2023-08-07 16:46:49,937): 
404 Client Error: Not Found for url: https://earthquake.phivolcs.dost.gov.ph/EQLatest-Monthly/2017_Earthquake_Information/January/2017_0123_1509_B2.html
CRITICAL (2023-08-07 16:46:50,277): 
404 Client Error: Not Found for url: https://earthquake.phivolcs.dost.gov.ph/EQLatest-Monthly/2017_Earthquake_Information/January/2017_0123_1402_B2.html
CRITICAL (2023-08-07 16:47:02,591): 
404 Client Error: Not Found for url: https://earthquake.phivolcs.dost.gov.ph/EQLatest-Monthly/2017_Earthquake_Information/January/2017_0123_1104_B2.html
CRITICAL (2023-08-07 16:47:14,864): 
404 Client Error: Not Found for url: https://earthquake.phivolcs.dost.gov.ph/EQLatest-Monthly/2017_Earthquake_Information/January/2017_0123_0958_B2.html
CRITICAL (2023-08-07 16:47:27,126): 
404 Client Error: Not Found for url: https://earthquake.phivolcs.dost.gov.ph/EQLatest-Monthly/2017_Earthquake_Information/January/2017_0123_0917_B2.html
CRITICAL (2023-08-07 16:47:33,375): 
404 Client Error: Not Found for url: https://earthquake.phivolcs.dost.gov.ph/EQLatest-Monthly/2017_Earthquake_Information/January/2017_0123_0624_B2.html
CRITICAL (2023-08-07 16:47:33,642): 
404 Client Error: Not Found for url: https://earthquake.phivolcs.dost.gov.ph/EQLatest-Monthly/2017_Earthquake_Information/January/2017_0123_0347_B2.html
CRITICAL (2023-08-07 16:47:33,783): 
404 Client Error: Not Found for url: https://earthquake.phivolcs.dost.gov.ph/EQLatest-Monthly/2017_Earthquake_Information/January/2017_0123_0306_B2.html
CRITICAL (2023-08-07 16:47:33,972): 
404 Client Error: Not Found for url: https://earthquake.phivolcs.dost.gov.ph/EQLatest-Monthly/2017_Earthquake_Information/January/2017_0123_0250_B2.html
CRITICAL (2023-08-07 16:47:34,230): 
404 Client Error: Not Found for url: https://earthquake.phivolcs.dost.gov.ph/EQLatest-Monthly/2017_Earthquake_Information/January/2017_0123_0225_B2F.html
CRITICAL (2023-08-07 16:47:34,366): 
404 Client Error: Not Found for url: https://earthquake.phivolcs.dost.gov.ph/EQLatest-Monthly/2017_Earthquake_Information/January/2017_0123_0139_B2.html
CRITICAL (2023-08-07 16:47:34,555): 
404 Client Error: Not Found for url: https://earthquake.phivolcs.dost.gov.ph/EQLatest-Monthly/2017_Earthquake_Information/January/2017_0122_2033_B2.html
CRITICAL (2023-08-07 16:47:34,932): 
404 Client Error: Not Found for url: https://earthquake.phivolcs.dost.gov.ph/EQLatest-Monthly/2017_Earthquake_Information/January/2017_0122_1953_B2.html
CRITICAL (2023-08-07 16:47:35,199): 
404 Client Error: Not Found for url: https://earthquake.phivolcs.dost.gov.ph/EQLatest-Monthly/2017_Earthquake_Information/January/2017_0122_1840_B2.html
CRITICAL (2023-08-07 16:47:35,388): 
404 Client Error: Not Found for url: https://earthquake.phivolcs.dost.gov.ph/EQLatest-Monthly/2017_Earthquake_Information/January/2017_0122_1807_B2.html
CRITICAL (2023-08-07 16:47:35,765): 
404 Client Error: Not Found for url: https://earthquake.phivolcs.dost.gov.ph/EQLatest-Monthly/2017_Earthquake_Information/January/2017_0122_1800_B2.html
CRITICAL (2023-08-07 16:47:35,921): 
404 Client Error: Not Found for url: https://earthquake.phivolcs.dost.gov.ph/EQLatest-Monthly/2017_Earthquake_Information/January/2017_0122_1716_B2.html
CRITICAL (2023-08-07 16:47:36,079): 
404 Client Error: Not Found for url: https://earthquake.phivolcs.dost.gov.ph/EQLatest-Monthly/2017_Earthquake_Information/January/2017_0122_1642_B2.html
CRITICAL (2023-08-07 16:47:36,188): 
404 Client Error: Not Found for url: https://earthquake.phivolcs.dost.gov.ph/EQLatest-Monthly/2017_Earthquake_Information/January/2017_0122_1635_B2.html
CRITICAL (2023-08-07 16:47:36,377): 
404 Client Error: Not Found for url: https://earthquake.phivolcs.dost.gov.ph/EQLatest-Monthly/2017_Earthquake_Information/January/2017_0122_1318_B2F.html
CRITICAL (2023-08-07 16:47:36,581): 
404 Client Error: Not Found for url: https://earthquake.phivolcs.dost.gov.ph/EQLatest-Monthly/2017_Earthquake_Information/January/2017_0122_1311_B2.html
CRITICAL (2023-08-07 16:47:36,835): 
404 Client Error: Not Found for url: https://earthquake.phivolcs.dost.gov.ph/EQLatest-Monthly/2017_Earthquake_Information/January/2017_0122_1057_B2.html
CRITICAL (2023-08-07 16:47:37,021): 
404 Client Error: Not Found for url: https://earthquake.phivolcs.dost.gov.ph/EQLatest-Monthly/2017_Earthquake_Information/January/2017_0122_0832_B2_MIN.html
CRITICAL (2023-08-07 16:47:37,257): 
404 Client Error: Not Found for url: https://earthquake.phivolcs.dost.gov.ph/EQLatest-Monthly/2017_Earthquake_Information/January/2017_0122_0832_B2_VIZ.html
CRITICAL (2023-08-07 16:47:43,009): 
404 Client Error: Not Found for url: https://earthquake.phivolcs.dost.gov.ph/EQLatest-Monthly/2017_Earthquake_Information/January/2017_0122_0151_B2.html
CRITICAL (2023-08-07 16:47:43,262): 
404 Client Error: Not Found for url: https://earthquake.phivolcs.dost.gov.ph/EQLatest-Monthly/2017_Earthquake_Information/January/2017_0121_2345_B2.html
CRITICAL (2023-08-07 16:47:43,482): 
404 Client Error: Not Found for url: https://earthquake.phivolcs.dost.gov.ph/EQLatest-Monthly/2017_Earthquake_Information/January/2017_0121_1734_B2.html
CRITICAL (2023-08-07 16:47:43,655): 
404 Client Error: Not Found for url: https://earthquake.phivolcs.dost.gov.ph/EQLatest-Monthly/2017_Earthquake_Information/January/2017_0121_1534_B2F.html
CRITICAL (2023-08-07 16:47:43,855): 
404 Client Error: Not Found for url: https://earthquake.phivolcs.dost.gov.ph/EQLatest-Monthly/2017_Earthquake_Information/January/2017_0121_1253_B2.html
CRITICAL (2023-08-07 16:47:43,985): 
404 Client Error: Not Found for url: https://earthquake.phivolcs.dost.gov.ph/EQLatest-Monthly/2017_Earthquake_Information/January/2017_0121_1114_B2.html
CRITICAL (2023-08-07 16:47:44,236): 
404 Client Error: Not Found for url: https://earthquake.phivolcs.dost.gov.ph/EQLatest-Monthly/2017_Earthquake_Information/January/2017_0121_1056_B2.html
CRITICAL (2023-08-07 16:47:44,488): 
404 Client Error: Not Found for url: https://earthquake.phivolcs.dost.gov.ph/EQLatest-Monthly/2017_Earthquake_Information/January/2017_0121_0516_B3.html
CRITICAL (2023-08-07 16:47:44,757): 
404 Client Error: Not Found for url: https://earthquake.phivolcs.dost.gov.ph/EQLatest-Monthly/2017_Earthquake_Information/January/2017_0120_1713_B2.html
CRITICAL (2023-08-07 16:47:45,070): 
404 Client Error: Not Found for url: https://earthquake.phivolcs.dost.gov.ph/EQLatest-Monthly/2017_Earthquake_Information/January/2017_0120_1340_B2.html
CRITICAL (2023-08-07 16:47:45,211): 
404 Client Error: Not Found for url: https://earthquake.phivolcs.dost.gov.ph/EQLatest-Monthly/2017_Earthquake_Information/January/2017_0120_1145_B2.html
CRITICAL (2023-08-07 16:47:45,415): 
404 Client Error: Not Found for url: https://earthquake.phivolcs.dost.gov.ph/EQLatest-Monthly/2017_Earthquake_Information/January/2017_0120_1024_B2.html
CRITICAL (2023-08-07 16:47:45,651): 
404 Client Error: Not Found for url: https://earthquake.phivolcs.dost.gov.ph/EQLatest-Monthly/2017_Earthquake_Information/January/2017_0120_1003_B2.html
CRITICAL (2023-08-07 16:47:45,792): 
404 Client Error: Not Found for url: https://earthquake.phivolcs.dost.gov.ph/EQLatest-Monthly/2017_Earthquake_Information/January/2017_0120_0954_B2.html
CRITICAL (2023-08-07 16:47:46,060): 
404 Client Error: Not Found for url: https://earthquake.phivolcs.dost.gov.ph/EQLatest-Monthly/2017_Earthquake_Information/January/2017_0120_0919_B2.html
CRITICAL (2023-08-07 16:47:46,374): 
404 Client Error: Not Found for url: https://earthquake.phivolcs.dost.gov.ph/EQLatest-Monthly/2017_Earthquake_Information/January/2017_0120_0709_B2.html
CRITICAL (2023-08-07 16:47:46,657): 
404 Client Error: Not Found for url: https://earthquake.phivolcs.dost.gov.ph/EQLatest-Monthly/2017_Earthquake_Information/January/2017_0120_0701_B2.html
CRITICAL (2023-08-07 16:47:46,909): 
404 Client Error: Not Found for url: https://earthquake.phivolcs.dost.gov.ph/EQLatest-Monthly/2017_Earthquake_Information/January/2017_0120_0637_B2.html
CRITICAL (2023-08-07 16:47:47,114): 
404 Client Error: Not Found for url: https://earthquake.phivolcs.dost.gov.ph/EQLatest-Monthly/2017_Earthquake_Information/January/2017_0120_0458_B2.html
CRITICAL (2023-08-07 16:47:47,349): 
404 Client Error: Not Found for url: https://earthquake.phivolcs.dost.gov.ph/EQLatest-Monthly/2017_Earthquake_Information/January/2017_0120_0429_B2.html
CRITICAL (2023-08-07 16:47:59,573): 
404 Client Error: Not Found for url: https://earthquake.phivolcs.dost.gov.ph/EQLatest-Monthly/2017_Earthquake_Information/January/2017_0120_0354_B2.html
CRITICAL (2023-08-07 16:48:05,043): 
404 Client Error: Not Found for url: https://earthquake.phivolcs.dost.gov.ph/EQLatest-Monthly/2017_Earthquake_Information/January/2017_0120_0343_B3.html
CRITICAL (2023-08-07 16:48:05,232): 
404 Client Error: Not Found for url: https://earthquake.phivolcs.dost.gov.ph/EQLatest-Monthly/2017_Earthquake_Information/January/2017_0120_0214_B2.html
CRITICAL (2023-08-07 16:48:05,373): 
404 Client Error: Not Found for url: https://earthquake.phivolcs.dost.gov.ph/EQLatest-Monthly/2017_Earthquake_Information/January/2017_0119_1347_B1.html
CRITICAL (2023-08-07 16:48:05,562): 
404 Client Error: Not Found for url: https://earthquake.phivolcs.dost.gov.ph/EQLatest-Monthly/2017_Earthquake_Information/January/2017_0119_1347_B1.html
CRITICAL (2023-08-07 16:48:05,711): 
404 Client Error: Not Found for url: https://earthquake.phivolcs.dost.gov.ph/EQLatest-Monthly/2017_Earthquake_Information/January/2017_0119_1347_B1.html
CRITICAL (2023-08-07 16:48:05,861): 
404 Client Error: Not Found for url: https://earthquake.phivolcs.dost.gov.ph/EQLatest-Monthly/2017_Earthquake_Information/January/2017_0119_1347_B1.html
CRITICAL (2023-08-07 16:48:06,128): 
404 Client Error: Not Found for url: https://earthquake.phivolcs.dost.gov.ph/EQLatest-Monthly/2017_Earthquake_Information/January/2017_0119_1347_B1.html
CRITICAL (2023-08-07 16:48:06,285): 
404 Client Error: Not Found for url: https://earthquake.phivolcs.dost.gov.ph/EQLatest-Monthly/2017_Earthquake_Information/January/2017_0119_1347_B2.html
CRITICAL (2023-08-07 16:48:06,458): 
404 Client Error: Not Found for url: https://earthquake.phivolcs.dost.gov.ph/EQLatest-Monthly/2017_Earthquake_Information/January/2017_0119_0955_B2.html
CRITICAL (2023-08-07 16:48:06,713): 
404 Client Error: Not Found for url: https://earthquake.phivolcs.dost.gov.ph/EQLatest-Monthly/2017_Earthquake_Information/January/2017_0119_0947_B2.html
CRITICAL (2023-08-07 16:48:06,866): 
404 Client Error: Not Found for url: https://earthquake.phivolcs.dost.gov.ph/EQLatest-Monthly/2017_Earthquake_Information/January/2017_0119_0543_B2.html
CRITICAL (2023-08-07 16:48:07,054): 
404 Client Error: Not Found for url: https://earthquake.phivolcs.dost.gov.ph/EQLatest-Monthly/2017_Earthquake_Information/January/2017_0119_0342_B2.html
CRITICAL (2023-08-07 16:48:07,400): 
404 Client Error: Not Found for url: https://earthquake.phivolcs.dost.gov.ph/EQLatest-Monthly/2017_Earthquake_Information/January/2017_0118_1943_B2.html
CRITICAL (2023-08-07 16:48:07,515): 
404 Client Error: Not Found for url: https://earthquake.phivolcs.dost.gov.ph/EQLatest-Monthly/2017_Earthquake_Information/January/2017_0118_1704_B2.html
CRITICAL (2023-08-07 16:48:07,778): 
404 Client Error: Not Found for url: https://earthquake.phivolcs.dost.gov.ph/EQLatest-Monthly/2017_Earthquake_Information/January/2017_0118_1356_B2.html
CRITICAL (2023-08-07 16:48:08,016): 
404 Client Error: Not Found for url: https://earthquake.phivolcs.dost.gov.ph/EQLatest-Monthly/2017_Earthquake_Information/January/2017_0118_1321_B2.html
CRITICAL (2023-08-07 16:48:08,296): 
404 Client Error: Not Found for url: https://earthquake.phivolcs.dost.gov.ph/EQLatest-Monthly/2017_Earthquake_Information/January/2017_0118_0839_B2.html
CRITICAL (2023-08-07 16:48:08,736): 
404 Client Error: Not Found for url: https://earthquake.phivolcs.dost.gov.ph/EQLatest-Monthly/2017_Earthquake_Information/January/2017_0118_0542_B3F.html
CRITICAL (2023-08-07 16:48:09,003): 
404 Client Error: Not Found for url: https://earthquake.phivolcs.dost.gov.ph/EQLatest-Monthly/2017_Earthquake_Information/January/2017_0118_0332_B2.html
CRITICAL (2023-08-07 16:48:09,254): 
404 Client Error: Not Found for url: https://earthquake.phivolcs.dost.gov.ph/EQLatest-Monthly/2017_Earthquake_Information/January/2017_0118_0133_B2.html
CRITICAL (2023-08-07 16:48:21,540): 
404 Client Error: Not Found for url: https://earthquake.phivolcs.dost.gov.ph/EQLatest-Monthly/2017_Earthquake_Information/January/2017_0117_2202_B2.html
CRITICAL (2023-08-07 16:48:34,077): 
404 Client Error: Not Found for url: https://earthquake.phivolcs.dost.gov.ph/EQLatest-Monthly/2017_Earthquake_Information/January/2017_0117_2137_B2.html
CRITICAL (2023-08-07 16:48:46,256): 
404 Client Error: Not Found for url: https://earthquake.phivolcs.dost.gov.ph/EQLatest-Monthly/2017_Earthquake_Information/January/2017_0117_2122_B2.html
CRITICAL (2023-08-07 16:48:58,469): 
404 Client Error: Not Found for url: https://earthquake.phivolcs.dost.gov.ph/EQLatest-Monthly/2017_Earthquake_Information/January/2017_0117_1934_B2.html
CRITICAL (2023-08-07 16:49:10,700): 
404 Client Error: Not Found for url: https://earthquake.phivolcs.dost.gov.ph/EQLatest-Monthly/2017_Earthquake_Information/January/2017_0117_1905_B2.html
CRITICAL (2023-08-07 16:49:22,974): 
404 Client Error: Not Found for url: https://earthquake.phivolcs.dost.gov.ph/EQLatest-Monthly/2017_Earthquake_Information/January/2017_0117_1807_B2.html
CRITICAL (2023-08-07 16:49:35,213): 
404 Client Error: Not Found for url: https://earthquake.phivolcs.dost.gov.ph/EQLatest-Monthly/2017_Earthquake_Information/January/2017_0117_1800_B2.html
CRITICAL (2023-08-07 16:49:47,422): 
404 Client Error: Not Found for url: https://earthquake.phivolcs.dost.gov.ph/EQLatest-Monthly/2017_Earthquake_Information/January/2017_0117_1726_B2.html
CRITICAL (2023-08-07 16:49:59,560): 
404 Client Error: Not Found for url: https://earthquake.phivolcs.dost.gov.ph/EQLatest-Monthly/2017_Earthquake_Information/January/2017_0117_1720_B1.html
CRITICAL (2023-08-07 16:50:11,838): 
404 Client Error: Not Found for url: https://earthquake.phivolcs.dost.gov.ph/EQLatest-Monthly/2017_Earthquake_Information/January/2017_0117_1632_B2.html
CRITICAL (2023-08-07 16:50:24,070): 
404 Client Error: Not Found for url: https://earthquake.phivolcs.dost.gov.ph/EQLatest-Monthly/2017_Earthquake_Information/January/2017_0117_1549_B2.html
CRITICAL (2023-08-07 16:50:36,356): 
404 Client Error: Not Found for url: https://earthquake.phivolcs.dost.gov.ph/EQLatest-Monthly/2017_Earthquake_Information/January/2017_0117_1511_B1.html
CRITICAL (2023-08-07 16:50:48,510): 
404 Client Error: Not Found for url: https://earthquake.phivolcs.dost.gov.ph/EQLatest-Monthly/2017_Earthquake_Information/January/2017_0117_1352_B2.html
CRITICAL (2023-08-07 16:51:00,790): 
404 Client Error: Not Found for url: https://earthquake.phivolcs.dost.gov.ph/EQLatest-Monthly/2017_Earthquake_Information/January/2017_0117_1133_B2.html
CRITICAL (2023-08-07 16:51:12,952): 
404 Client Error: Not Found for url: https://earthquake.phivolcs.dost.gov.ph/EQLatest-Monthly/2017_Earthquake_Information/January/2017_0117_1009_B2.html
CRITICAL (2023-08-07 16:51:25,291): 
404 Client Error: Not Found for url: https://earthquake.phivolcs.dost.gov.ph/EQLatest-Monthly/2017_Earthquake_Information/January/2017_0117_0930_B2.html
CRITICAL (2023-08-07 16:51:37,436): 
404 Client Error: Not Found for url: https://earthquake.phivolcs.dost.gov.ph/EQLatest-Monthly/2017_Earthquake_Information/January/2017_0117_0903_B2.html
CRITICAL (2023-08-07 16:51:43,079): 
404 Client Error: Not Found for url: https://earthquake.phivolcs.dost.gov.ph/EQLatest-Monthly/2017_Earthquake_Information/January/2017_0117_0642_B2.html
CRITICAL (2023-08-07 16:51:43,315): 
404 Client Error: Not Found for url: https://earthquake.phivolcs.dost.gov.ph/EQLatest-Monthly/2017_Earthquake_Information/January/2017_0117_0613_B2.html
CRITICAL (2023-08-07 16:51:43,630): 
404 Client Error: Not Found for url: https://earthquake.phivolcs.dost.gov.ph/EQLatest-Monthly/2017_Earthquake_Information/January/2017_0117_0515_B2.html
CRITICAL (2023-08-07 16:51:43,897): 
404 Client Error: Not Found for url: https://earthquake.phivolcs.dost.gov.ph/EQLatest-Monthly/2017_Earthquake_Information/January/2017_0117_0113_B2.html
CRITICAL (2023-08-07 16:51:44,038): 
404 Client Error: Not Found for url: https://earthquake.phivolcs.dost.gov.ph/EQLatest-Monthly/2017_Earthquake_Information/January/2017_0117_0007_B2.html
CRITICAL (2023-08-07 16:51:44,227): 
404 Client Error: Not Found for url: https://earthquake.phivolcs.dost.gov.ph/EQLatest-Monthly/2017_Earthquake_Information/January/2017_0116_2105_B2.html
CRITICAL (2023-08-07 16:51:44,369): 
404 Client Error: Not Found for url: https://earthquake.phivolcs.dost.gov.ph/EQLatest-Monthly/2017_Earthquake_Information/January/2017_0116_1645_B2.html
CRITICAL (2023-08-07 16:51:44,526): 
404 Client Error: Not Found for url: https://earthquake.phivolcs.dost.gov.ph/EQLatest-Monthly/2017_Earthquake_Information/January/2017_0116_1531_B2.html
CRITICAL (2023-08-07 16:51:45,720): 
404 Client Error: Not Found for url: https://earthquake.phivolcs.dost.gov.ph/EQLatest-Monthly/2017_Earthquake_Information/January/2017_0116_1438_B2.html
CRITICAL (2023-08-07 16:51:46,019): 
404 Client Error: Not Found for url: https://earthquake.phivolcs.dost.gov.ph/EQLatest-Monthly/2017_Earthquake_Information/January/2017_0116_1217_B2.html
CRITICAL (2023-08-07 16:51:46,114): 
404 Client Error: Not Found for url: https://earthquake.phivolcs.dost.gov.ph/EQLatest-Monthly/2017_Earthquake_Information/January/2017_0116_1136_B3.html
CRITICAL (2023-08-07 16:51:46,365): 
404 Client Error: Not Found for url: https://earthquake.phivolcs.dost.gov.ph/EQLatest-Monthly/2017_Earthquake_Information/January/2017_0116_1132_B2.html
CRITICAL (2023-08-07 16:51:46,511): 
404 Client Error: Not Found for url: https://earthquake.phivolcs.dost.gov.ph/EQLatest-Monthly/2017_Earthquake_Information/January/2017_0116_1016_B2.html
CRITICAL (2023-08-07 16:51:46,776): 
404 Client Error: Not Found for url: https://earthquake.phivolcs.dost.gov.ph/EQLatest-Monthly/2017_Earthquake_Information/January/2017_0116_0407_B2.html
CRITICAL (2023-08-07 16:51:48,740): 
404 Client Error: Not Found for url: https://earthquake.phivolcs.dost.gov.ph/EQLatest-Monthly/2017_Earthquake_Information/January/2017_0115_2140_B2.html
CRITICAL (2023-08-07 16:52:00,933): 
404 Client Error: Not Found for url: https://earthquake.phivolcs.dost.gov.ph/EQLatest-Monthly/2017_Earthquake_Information/January/2017_0115_1919_B2.html
CRITICAL (2023-08-07 16:52:07,169): 
404 Client Error: Not Found for url: https://earthquake.phivolcs.dost.gov.ph/EQLatest-Monthly/2017_Earthquake_Information/January/2017_0115_1734_B2.html
CRITICAL (2023-08-07 16:52:07,490): 
404 Client Error: Not Found for url: https://earthquake.phivolcs.dost.gov.ph/EQLatest-Monthly/2017_Earthquake_Information/January/2017_0115_1625_B2.html
CRITICAL (2023-08-07 16:52:07,741): 
404 Client Error: Not Found for url: https://earthquake.phivolcs.dost.gov.ph/EQLatest-Monthly/2017_Earthquake_Information/January/2017_0115_1431_B2.html
CRITICAL (2023-08-07 16:52:07,993): 
404 Client Error: Not Found for url: https://earthquake.phivolcs.dost.gov.ph/EQLatest-Monthly/2017_Earthquake_Information/January/2017_0115_1253_B2.html
CRITICAL (2023-08-07 16:52:08,165): 
404 Client Error: Not Found for url: https://earthquake.phivolcs.dost.gov.ph/EQLatest-Monthly/2017_Earthquake_Information/January/2017_0115_0942_B2.html
CRITICAL (2023-08-07 16:52:08,417): 
404 Client Error: Not Found for url: https://earthquake.phivolcs.dost.gov.ph/EQLatest-Monthly/2017_Earthquake_Information/January/2017_0115_0903_B2.html
CRITICAL (2023-08-07 16:52:08,731): 
404 Client Error: Not Found for url: https://earthquake.phivolcs.dost.gov.ph/EQLatest-Monthly/2017_Earthquake_Information/January/2017_0115_0624_B2.html
CRITICAL (2023-08-07 16:52:08,983): 
404 Client Error: Not Found for url: https://earthquake.phivolcs.dost.gov.ph/EQLatest-Monthly/2017_Earthquake_Information/January/2017_0114_2358_B2.html
CRITICAL (2023-08-07 16:52:09,140): 
404 Client Error: Not Found for url: https://earthquake.phivolcs.dost.gov.ph/EQLatest-Monthly/2017_Earthquake_Information/January/2017_0114_2100_B2.html
CRITICAL (2023-08-07 16:52:09,375): 
404 Client Error: Not Found for url: https://earthquake.phivolcs.dost.gov.ph/EQLatest-Monthly/2017_Earthquake_Information/January/2017_0114_1947_B2.html
CRITICAL (2023-08-07 16:52:09,675): 
404 Client Error: Not Found for url: https://earthquake.phivolcs.dost.gov.ph/EQLatest-Monthly/2017_Earthquake_Information/January/2017_0114_1819_B2.html
CRITICAL (2023-08-07 16:52:09,895): 
404 Client Error: Not Found for url: https://earthquake.phivolcs.dost.gov.ph/EQLatest-Monthly/2017_Earthquake_Information/January/2017_0114_1712_B2.html
CRITICAL (2023-08-07 16:52:10,225): 
404 Client Error: Not Found for url: https://earthquake.phivolcs.dost.gov.ph/EQLatest-Monthly/2017_Earthquake_Information/January/2017_0114_1711_B2.html
CRITICAL (2023-08-07 16:52:10,366): 
404 Client Error: Not Found for url: https://earthquake.phivolcs.dost.gov.ph/EQLatest-Monthly/2017_Earthquake_Information/January/2017_0114_1657_B2.html
CRITICAL (2023-08-07 16:52:10,634): 
404 Client Error: Not Found for url: https://earthquake.phivolcs.dost.gov.ph/EQLatest-Monthly/2017_Earthquake_Information/January/2017_0114_0806_B2.html
CRITICAL (2023-08-07 16:52:10,822): 
404 Client Error: Not Found for url: https://earthquake.phivolcs.dost.gov.ph/EQLatest-Monthly/2017_Earthquake_Information/January/2017_0114_0635_B3F.html
CRITICAL (2023-08-07 16:52:10,916): 
404 Client Error: Not Found for url: https://earthquake.phivolcs.dost.gov.ph/EQLatest-Monthly/2017_Earthquake_Information/January/2017_0114_0550_B2.html
CRITICAL (2023-08-07 16:52:11,105): 
404 Client Error: Not Found for url: https://earthquake.phivolcs.dost.gov.ph/EQLatest-Monthly/2017_Earthquake_Information/January/2017_0114_0537_B3F.html
CRITICAL (2023-08-07 16:52:11,199): 
404 Client Error: Not Found for url: https://earthquake.phivolcs.dost.gov.ph/EQLatest-Monthly/2017_Earthquake_Information/January/2017_0114_0435_B2.html
CRITICAL (2023-08-07 16:52:11,450): 
404 Client Error: Not Found for url: https://earthquake.phivolcs.dost.gov.ph/EQLatest-Monthly/2017_Earthquake_Information/January/2017_0114_0431_B3.html
CRITICAL (2023-08-07 16:52:23,595): 
404 Client Error: Not Found for url: https://earthquake.phivolcs.dost.gov.ph/EQLatest-Monthly/2017_Earthquake_Information/January/2017_0113_2240_B1.html
CRITICAL (2023-08-07 16:52:35,885): 
404 Client Error: Not Found for url: https://earthquake.phivolcs.dost.gov.ph/EQLatest-Monthly/2017_Earthquake_Information/January/2017_0113_2202_B1.html
CRITICAL (2023-08-07 16:52:42,204): 
404 Client Error: Not Found for url: https://earthquake.phivolcs.dost.gov.ph/EQLatest-Monthly/2017_Earthquake_Information/January/2017_0113_2138_B2.html
CRITICAL (2023-08-07 16:52:42,471): 
404 Client Error: Not Found for url: https://earthquake.phivolcs.dost.gov.ph/EQLatest-Monthly/2017_Earthquake_Information/January/2017_0113_2020_B2.html
CRITICAL (2023-08-07 16:52:42,785): 
404 Client Error: Not Found for url: https://earthquake.phivolcs.dost.gov.ph/EQLatest-Monthly/2017_Earthquake_Information/January/2017_0113_1613_B2.html
CRITICAL (2023-08-07 16:52:43,115): 
404 Client Error: Not Found for url: https://earthquake.phivolcs.dost.gov.ph/EQLatest-Monthly/2017_Earthquake_Information/January/2017_0113_1540_B2.html
CRITICAL (2023-08-07 16:52:43,369): 
404 Client Error: Not Found for url: https://earthquake.phivolcs.dost.gov.ph/EQLatest-Monthly/2017_Earthquake_Information/January/2017_0113_1523_B2.html
CRITICAL (2023-08-07 16:52:43,696): 
404 Client Error: Not Found for url: https://earthquake.phivolcs.dost.gov.ph/EQLatest-Monthly/2017_Earthquake_Information/January/2017_0113_1047_B2.html
CRITICAL (2023-08-07 16:52:43,947): 
404 Client Error: Not Found for url: https://earthquake.phivolcs.dost.gov.ph/EQLatest-Monthly/2017_Earthquake_Information/January/2017_0113_1009_B2.html
CRITICAL (2023-08-07 16:52:44,104): 
404 Client Error: Not Found for url: https://earthquake.phivolcs.dost.gov.ph/EQLatest-Monthly/2017_Earthquake_Information/January/2017_0113_0849_B2.html
CRITICAL (2023-08-07 16:52:44,293): 
404 Client Error: Not Found for url: https://earthquake.phivolcs.dost.gov.ph/EQLatest-Monthly/2017_Earthquake_Information/January/2017_0113_0603_B3.html
CRITICAL (2023-08-07 16:52:44,372): 
404 Client Error: Not Found for url: https://earthquake.phivolcs.dost.gov.ph/EQLatest-Monthly/2017_Earthquake_Information/January/2017_0113_0551_B2.html
CRITICAL (2023-08-07 16:52:44,592): 
404 Client Error: Not Found for url: https://earthquake.phivolcs.dost.gov.ph/EQLatest-Monthly/2017_Earthquake_Information/January/2017_0113_0319_B2.html
CRITICAL (2023-08-07 16:52:44,686): 
404 Client Error: Not Found for url: https://earthquake.phivolcs.dost.gov.ph/EQLatest-Monthly/2017_Earthquake_Information/January/2017_0113_0214_B2.html
CRITICAL (2023-08-07 16:52:44,874): 
404 Client Error: Not Found for url: https://earthquake.phivolcs.dost.gov.ph/EQLatest-Monthly/2017_Earthquake_Information/January/2017_0113_0143_B2.html
CRITICAL (2023-08-07 16:52:45,015): 
404 Client Error: Not Found for url: https://earthquake.phivolcs.dost.gov.ph/EQLatest-Monthly/2017_Earthquake_Information/January/2017_0112_2144_B2.html
CRITICAL (2023-08-07 16:52:45,188): 
404 Client Error: Not Found for url: https://earthquake.phivolcs.dost.gov.ph/EQLatest-Monthly/2017_Earthquake_Information/January/2017_0112_2133_B3.html
CRITICAL (2023-08-07 16:52:45,576): 
404 Client Error: Not Found for url: https://earthquake.phivolcs.dost.gov.ph/EQLatest-Monthly/2017_Earthquake_Information/January/2017_0112_2112_B2.html
CRITICAL (2023-08-07 16:52:45,675): 
404 Client Error: Not Found for url: https://earthquake.phivolcs.dost.gov.ph/EQLatest-Monthly/2017_Earthquake_Information/January/2017_0112_2032_B2.html
CRITICAL (2023-08-07 16:52:45,926): 
404 Client Error: Not Found for url: https://earthquake.phivolcs.dost.gov.ph/EQLatest-Monthly/2017_Earthquake_Information/January/2017_0112_2014_B3.html
CRITICAL (2023-08-07 16:52:46,162): 
404 Client Error: Not Found for url: https://earthquake.phivolcs.dost.gov.ph/EQLatest-Monthly/2017_Earthquake_Information/January/2017_0112_1950_B2.html
CRITICAL (2023-08-07 16:52:46,478): 
404 Client Error: Not Found for url: https://earthquake.phivolcs.dost.gov.ph/EQLatest-Monthly/2017_Earthquake_Information/January/2017_0112_1945_B2.html
CRITICAL (2023-08-07 16:52:58,842): 
404 Client Error: Not Found for url: https://earthquake.phivolcs.dost.gov.ph/EQLatest-Monthly/2017_Earthquake_Information/January/2017_0112_1939_B3.html
CRITICAL (2023-08-07 16:53:05,085): 
404 Client Error: Not Found for url: https://earthquake.phivolcs.dost.gov.ph/EQLatest-Monthly/2017_Earthquake_Information/January/2017_0112_1935_B2.html
CRITICAL (2023-08-07 16:53:05,328): 
404 Client Error: Not Found for url: https://earthquake.phivolcs.dost.gov.ph/EQLatest-Monthly/2017_Earthquake_Information/January/2017_0112_1928_B2.html
CRITICAL (2023-08-07 16:53:05,415): 
404 Client Error: Not Found for url: https://earthquake.phivolcs.dost.gov.ph/EQLatest-Monthly/2017_Earthquake_Information/January/2017_0112_1816_B2.html
CRITICAL (2023-08-07 16:53:05,604): 
404 Client Error: Not Found for url: https://earthquake.phivolcs.dost.gov.ph/EQLatest-Monthly/2017_Earthquake_Information/January/2017_0112_1718_B2.html
CRITICAL (2023-08-07 16:53:05,698): 
404 Client Error: Not Found for url: https://earthquake.phivolcs.dost.gov.ph/EQLatest-Monthly/2017_Earthquake_Information/January/2017_0112_1555_B2.html
CRITICAL (2023-08-07 16:53:05,918): 
404 Client Error: Not Found for url: https://earthquake.phivolcs.dost.gov.ph/EQLatest-Monthly/2017_Earthquake_Information/January/2017_0112_1354_B2.html
CRITICAL (2023-08-07 16:53:06,012): 
404 Client Error: Not Found for url: https://earthquake.phivolcs.dost.gov.ph/EQLatest-Monthly/2017_Earthquake_Information/January/2017_0112_1133_B2.html
CRITICAL (2023-08-07 16:53:06,233): 
404 Client Error: Not Found for url: https://earthquake.phivolcs.dost.gov.ph/EQLatest-Monthly/2017_Earthquake_Information/January/2017_0112_0626_B2.html
CRITICAL (2023-08-07 16:53:06,327): 
404 Client Error: Not Found for url: https://earthquake.phivolcs.dost.gov.ph/EQLatest-Monthly/2017_Earthquake_Information/January/2017_0112_0341_B2.html
CRITICAL (2023-08-07 16:53:06,642): 
404 Client Error: Not Found for url: https://earthquake.phivolcs.dost.gov.ph/EQLatest-Monthly/2017_Earthquake_Information/January/2017_0112_0244_B2.html
CRITICAL (2023-08-07 16:53:06,972): 
404 Client Error: Not Found for url: https://earthquake.phivolcs.dost.gov.ph/EQLatest-Monthly/2017_Earthquake_Information/January/2017_0112_0127_B3.html
CRITICAL (2023-08-07 16:53:07,160): 
404 Client Error: Not Found for url: https://earthquake.phivolcs.dost.gov.ph/EQLatest-Monthly/2017_Earthquake_Information/January/2017_0111_2335_B2.html
CRITICAL (2023-08-07 16:53:07,554): 
404 Client Error: Not Found for url: https://earthquake.phivolcs.dost.gov.ph/EQLatest-Monthly/2017_Earthquake_Information/January/2017_0111_2255_B2.html
CRITICAL (2023-08-07 16:53:07,884): 
404 Client Error: Not Found for url: https://earthquake.phivolcs.dost.gov.ph/EQLatest-Monthly/2017_Earthquake_Information/January/2017_0111_2238_B2.html
CRITICAL (2023-08-07 16:53:08,214): 
404 Client Error: Not Found for url: https://earthquake.phivolcs.dost.gov.ph/EQLatest-Monthly/2017_Earthquake_Information/January/2017_0111_2134_B2.html
CRITICAL (2023-08-07 16:53:08,403): 
404 Client Error: Not Found for url: https://earthquake.phivolcs.dost.gov.ph/EQLatest-Monthly/2017_Earthquake_Information/January/2017_0111_2043_B2.html
CRITICAL (2023-08-07 16:53:08,702): 
404 Client Error: Not Found for url: https://earthquake.phivolcs.dost.gov.ph/EQLatest-Monthly/2017_Earthquake_Information/January/2017_0111_1546_B2.html
CRITICAL (2023-08-07 16:53:08,797): 
404 Client Error: Not Found for url: https://earthquake.phivolcs.dost.gov.ph/EQLatest-Monthly/2017_Earthquake_Information/January/2017_0111_1303_B2.html
CRITICAL (2023-08-07 16:53:09,112): 
404 Client Error: Not Found for url: https://earthquake.phivolcs.dost.gov.ph/EQLatest-Monthly/2017_Earthquake_Information/January/2017_0111_0954_B2.html
CRITICAL (2023-08-07 16:53:09,441): 
404 Client Error: Not Found for url: https://earthquake.phivolcs.dost.gov.ph/EQLatest-Monthly/2017_Earthquake_Information/January/2017_0111_0946_B2.html
CRITICAL (2023-08-07 16:53:15,057): 
404 Client Error: Not Found for url: https://earthquake.phivolcs.dost.gov.ph/EQLatest-Monthly/2017_Earthquake_Information/January/2017_0111_0752_B2.html
CRITICAL (2023-08-07 16:53:15,230): 
404 Client Error: Not Found for url: https://earthquake.phivolcs.dost.gov.ph/EQLatest-Monthly/2017_Earthquake_Information/January/2017_0111_0624_B3F.html
CRITICAL (2023-08-07 16:53:15,372): 
404 Client Error: Not Found for url: https://earthquake.phivolcs.dost.gov.ph/EQLatest-Monthly/2017_Earthquake_Information/January/2017_0111_0201_B2F.html
CRITICAL (2023-08-07 16:53:15,544): 
404 Client Error: Not Found for url: https://earthquake.phivolcs.dost.gov.ph/EQLatest-Monthly/2017_Earthquake_Information/January/2017_0109_1531_B1.html
CRITICAL (2023-08-07 16:53:15,686): 
404 Client Error: Not Found for url: https://earthquake.phivolcs.dost.gov.ph/EQLatest-Monthly/2017_Earthquake_Information/January/2017_0110_2346_B2.html
CRITICAL (2023-08-07 16:53:15,922): 
404 Client Error: Not Found for url: https://earthquake.phivolcs.dost.gov.ph/EQLatest-Monthly/2017_Earthquake_Information/January/2017_0110_2153_B2.html
CRITICAL (2023-08-07 16:53:16,190): 
404 Client Error: Not Found for url: https://earthquake.phivolcs.dost.gov.ph/EQLatest-Monthly/2017_Earthquake_Information/January/2017_0110_1907_B2.html
CRITICAL (2023-08-07 16:53:16,441): 
404 Client Error: Not Found for url: https://earthquake.phivolcs.dost.gov.ph/EQLatest-Monthly/2017_Earthquake_Information/January/2017_0110_1714_B2.html
CRITICAL (2023-08-07 16:53:16,535): 
404 Client Error: Not Found for url: https://earthquake.phivolcs.dost.gov.ph/EQLatest-Monthly/2017_Earthquake_Information/January/2017_0110_1149_B2.html
CRITICAL (2023-08-07 16:53:16,771): 
404 Client Error: Not Found for url: https://earthquake.phivolcs.dost.gov.ph/EQLatest-Monthly/2017_Earthquake_Information/January/2017_0110_1110_B2.html
CRITICAL (2023-08-07 16:53:16,928): 
404 Client Error: Not Found for url: https://earthquake.phivolcs.dost.gov.ph/EQLatest-Monthly/2017_Earthquake_Information/January/2017_0109_1531_B1.html
CRITICAL (2023-08-07 16:53:17,102): 
404 Client Error: Not Found for url: https://earthquake.phivolcs.dost.gov.ph/EQLatest-Monthly/2017_Earthquake_Information/January/2017_0110_0913_B4F.html
CRITICAL (2023-08-07 16:53:17,259): 
404 Client Error: Not Found for url: https://earthquake.phivolcs.dost.gov.ph/EQLatest-Monthly/2017_Earthquake_Information/January/2017_0110_0557_B2.html
CRITICAL (2023-08-07 16:53:17,432): 
404 Client Error: Not Found for url: https://earthquake.phivolcs.dost.gov.ph/EQLatest-Monthly/2017_Earthquake_Information/January/2017_0109_1531_B1.html
CRITICAL (2023-08-07 16:53:17,684): 
404 Client Error: Not Found for url: https://earthquake.phivolcs.dost.gov.ph/EQLatest-Monthly/2017_Earthquake_Information/January/2017_0109_1531_B1.html
CRITICAL (2023-08-07 16:53:18,014): 
404 Client Error: Not Found for url: https://earthquake.phivolcs.dost.gov.ph/EQLatest-Monthly/2017_Earthquake_Information/January/2017_0109_1531_B1.html
CRITICAL (2023-08-07 16:53:18,160): 
404 Client Error: Not Found for url: https://earthquake.phivolcs.dost.gov.ph/EQLatest-Monthly/2017_Earthquake_Information/January/2017_0109_1531_B2.html
CRITICAL (2023-08-07 16:53:18,392): 
404 Client Error: Not Found for url: https://earthquake.phivolcs.dost.gov.ph/EQLatest-Monthly/2017_Earthquake_Information/January/2017_0109_1529_B2.html
CRITICAL (2023-08-07 16:53:18,660): 
404 Client Error: Not Found for url: https://earthquake.phivolcs.dost.gov.ph/EQLatest-Monthly/2017_Earthquake_Information/January/2017_0109_1409_B2.html
CRITICAL (2023-08-07 16:53:18,816): 
404 Client Error: Not Found for url: https://earthquake.phivolcs.dost.gov.ph/EQLatest-Monthly/2017_Earthquake_Information/January/2017_0109_1226_B2.html
CRITICAL (2023-08-07 16:53:18,958): 
404 Client Error: Not Found for url: https://earthquake.phivolcs.dost.gov.ph/EQLatest-Monthly/2017_Earthquake_Information/January/2017_0109_1201_B2.html
CRITICAL (2023-08-07 16:53:19,241): 
404 Client Error: Not Found for url: https://earthquake.phivolcs.dost.gov.ph/EQLatest-Monthly/2017_Earthquake_Information/January/2017_0109_0920_B3F.html
CRITICAL (2023-08-07 16:53:19,572): 
404 Client Error: Not Found for url: https://earthquake.phivolcs.dost.gov.ph/EQLatest-Monthly/2017_Earthquake_Information/January/2017_0109_0800_B2.html
CRITICAL (2023-08-07 16:53:31,709): 
404 Client Error: Not Found for url: https://earthquake.phivolcs.dost.gov.ph/EQLatest-Monthly/2017_Earthquake_Information/January/2017_0109_0653_B2.html
CRITICAL (2023-08-07 16:53:37,014): 
404 Client Error: Not Found for url: https://earthquake.phivolcs.dost.gov.ph/EQLatest-Monthly/2017_Earthquake_Information/January/2017_0109_0634_B2.html
CRITICAL (2023-08-07 16:53:37,250): 
404 Client Error: Not Found for url: https://earthquake.phivolcs.dost.gov.ph/EQLatest-Monthly/2017_Earthquake_Information/January/2017_0109_0235_B2.html
CRITICAL (2023-08-07 16:53:37,412): 
404 Client Error: Not Found for url: https://earthquake.phivolcs.dost.gov.ph/EQLatest-Monthly/2017_Earthquake_Information/January/2017_0109_0007_B2.html
CRITICAL (2023-08-07 16:53:37,595): 
404 Client Error: Not Found for url: https://earthquake.phivolcs.dost.gov.ph/EQLatest-Monthly/2017_Earthquake_Information/January/2017_0108_2010_B2.html
CRITICAL (2023-08-07 16:53:37,831): 
404 Client Error: Not Found for url: https://earthquake.phivolcs.dost.gov.ph/EQLatest-Monthly/2017_Earthquake_Information/January/2017_0108_1836_B2.html
CRITICAL (2023-08-07 16:53:38,083): 
404 Client Error: Not Found for url: https://earthquake.phivolcs.dost.gov.ph/EQLatest-Monthly/2017_Earthquake_Information/January/2017_0108_1637_B2.html
CRITICAL (2023-08-07 16:53:38,224): 
404 Client Error: Not Found for url: https://earthquake.phivolcs.dost.gov.ph/EQLatest-Monthly/2017_Earthquake_Information/January/2017_0108_1337_B2.html
CRITICAL (2023-08-07 16:53:38,318): 
404 Client Error: Not Found for url: https://earthquake.phivolcs.dost.gov.ph/EQLatest-Monthly/2017_Earthquake_Information/January/2017_0108_0652_B2.html
CRITICAL (2023-08-07 16:53:38,491): 
404 Client Error: Not Found for url: https://earthquake.phivolcs.dost.gov.ph/EQLatest-Monthly/2017_Earthquake_Information/January/2017_0108_0135_B2.html
CRITICAL (2023-08-07 16:53:38,743): 
404 Client Error: Not Found for url: https://earthquake.phivolcs.dost.gov.ph/EQLatest-Monthly/2017_Earthquake_Information/January/2017_0107_1808_B2.html
CRITICAL (2023-08-07 16:53:38,884): 
404 Client Error: Not Found for url: https://earthquake.phivolcs.dost.gov.ph/EQLatest-Monthly/2017_Earthquake_Information/January/2017_0107_1756_B2.html
CRITICAL (2023-08-07 16:53:39,089): 
404 Client Error: Not Found for url: https://earthquake.phivolcs.dost.gov.ph/EQLatest-Monthly/2017_Earthquake_Information/January/2017_0107_1749_B2.html
CRITICAL (2023-08-07 16:53:39,387): 
404 Client Error: Not Found for url: https://earthquake.phivolcs.dost.gov.ph/EQLatest-Monthly/2017_Earthquake_Information/January/2017_0107_1735_B2.html
CRITICAL (2023-08-07 16:53:39,544): 
404 Client Error: Not Found for url: https://earthquake.phivolcs.dost.gov.ph/EQLatest-Monthly/2017_Earthquake_Information/January/2017_0107_1458_B2.html
CRITICAL (2023-08-07 16:53:39,732): 
404 Client Error: Not Found for url: https://earthquake.phivolcs.dost.gov.ph/EQLatest-Monthly/2017_Earthquake_Information/January/2017_0107_1329_B1.html
CRITICAL (2023-08-07 16:53:39,874): 
404 Client Error: Not Found for url: https://earthquake.phivolcs.dost.gov.ph/EQLatest-Monthly/2017_Earthquake_Information/January/2017_0107_1210_B2.html
CRITICAL (2023-08-07 16:53:40,119): 
404 Client Error: Not Found for url: https://earthquake.phivolcs.dost.gov.ph/EQLatest-Monthly/2017_Earthquake_Information/January/2017_0107_1033_B2.html
CRITICAL (2023-08-07 16:53:40,319): 
404 Client Error: Not Found for url: https://earthquake.phivolcs.dost.gov.ph/EQLatest-Monthly/2017_Earthquake_Information/January/2017_0107_1001_B2.html
CRITICAL (2023-08-07 16:53:40,660): 
404 Client Error: Not Found for url: https://earthquake.phivolcs.dost.gov.ph/EQLatest-Monthly/2017_Earthquake_Information/January/2017_0107_0719_B2.html
CRITICAL (2023-08-07 16:53:41,022): 
404 Client Error: Not Found for url: https://earthquake.phivolcs.dost.gov.ph/EQLatest-Monthly/2017_Earthquake_Information/January/2017_0107_0238_B3F.html
CRITICAL (2023-08-07 16:53:41,289): 
404 Client Error: Not Found for url: https://earthquake.phivolcs.dost.gov.ph/EQLatest-Monthly/2017_Earthquake_Information/January/2017_0106_2020_B2.html
CRITICAL (2023-08-07 16:53:46,963): 
404 Client Error: Not Found for url: https://earthquake.phivolcs.dost.gov.ph/EQLatest-Monthly/2017_Earthquake_Information/January/2017_0106_1919_B2.html
CRITICAL (2023-08-07 16:53:47,138): 
404 Client Error: Not Found for url: https://earthquake.phivolcs.dost.gov.ph/EQLatest-Monthly/2017_Earthquake_Information/January/2017_0106_1836_B2F.html
CRITICAL (2023-08-07 16:53:47,229): 
404 Client Error: Not Found for url: https://earthquake.phivolcs.dost.gov.ph/EQLatest-Monthly/2017_Earthquake_Information/January/2017_0106_1624_B2.html
CRITICAL (2023-08-07 16:53:47,465): 
404 Client Error: Not Found for url: https://earthquake.phivolcs.dost.gov.ph/EQLatest-Monthly/2017_Earthquake_Information/January/2017_0106_1603_B1F.html
CRITICAL (2023-08-07 16:53:47,591): 
404 Client Error: Not Found for url: https://earthquake.phivolcs.dost.gov.ph/EQLatest-Monthly/2017_Earthquake_Information/January/2017_0106_1603_B2.html
CRITICAL (2023-08-07 16:53:47,796): 
404 Client Error: Not Found for url: https://earthquake.phivolcs.dost.gov.ph/EQLatest-Monthly/2017_Earthquake_Information/January/2017_0106_1314_B2.html
CRITICAL (2023-08-07 16:53:47,940): 
404 Client Error: Not Found for url: https://earthquake.phivolcs.dost.gov.ph/EQLatest-Monthly/2017_Earthquake_Information/January/2017_0106_1234_B2.html
CRITICAL (2023-08-07 16:53:48,110): 
404 Client Error: Not Found for url: https://earthquake.phivolcs.dost.gov.ph/EQLatest-Monthly/2017_Earthquake_Information/January/2017_0106_1034_B2.html
CRITICAL (2023-08-07 16:53:48,268): 
404 Client Error: Not Found for url: https://earthquake.phivolcs.dost.gov.ph/EQLatest-Monthly/2017_Earthquake_Information/January/2017_0106_0556_B2.html
CRITICAL (2023-08-07 16:53:48,425): 
404 Client Error: Not Found for url: https://earthquake.phivolcs.dost.gov.ph/EQLatest-Monthly/2017_Earthquake_Information/January/2017_0106_0555_B2.html
CRITICAL (2023-08-07 16:53:48,692): 
404 Client Error: Not Found for url: https://earthquake.phivolcs.dost.gov.ph/EQLatest-Monthly/2017_Earthquake_Information/January/2017_0106_0521_B2.html
CRITICAL (2023-08-07 16:53:48,786): 
404 Client Error: Not Found for url: https://earthquake.phivolcs.dost.gov.ph/EQLatest-Monthly/2017_Earthquake_Information/January/2017_0106_0111_B2.html
CRITICAL (2023-08-07 16:53:49,084): 
404 Client Error: Not Found for url: https://earthquake.phivolcs.dost.gov.ph/EQLatest-Monthly/2017_Earthquake_Information/January/2017_0105_1921_B2.html
CRITICAL (2023-08-07 16:53:49,288): 
404 Client Error: Not Found for url: https://earthquake.phivolcs.dost.gov.ph/EQLatest-Monthly/2017_Earthquake_Information/January/2017_0105_1419_B2.html
CRITICAL (2023-08-07 16:53:49,603): 
404 Client Error: Not Found for url: https://earthquake.phivolcs.dost.gov.ph/EQLatest-Monthly/2017_Earthquake_Information/January/2017_0105_0635_B2.html
CRITICAL (2023-08-07 16:53:49,992): 
404 Client Error: Not Found for url: https://earthquake.phivolcs.dost.gov.ph/EQLatest-Monthly/2017_Earthquake_Information/January/2017_0105_0403_B2.html
CRITICAL (2023-08-07 16:53:50,322): 
404 Client Error: Not Found for url: https://earthquake.phivolcs.dost.gov.ph/EQLatest-Monthly/2017_Earthquake_Information/January/2017_0105_0151_B2.html
CRITICAL (2023-08-07 16:53:50,648): 
404 Client Error: Not Found for url: https://earthquake.phivolcs.dost.gov.ph/EQLatest-Monthly/2017_Earthquake_Information/January/2017_0104_1812_B2.html
CRITICAL (2023-08-07 16:53:50,853): 
404 Client Error: Not Found for url: https://earthquake.phivolcs.dost.gov.ph/EQLatest-Monthly/2017_Earthquake_Information/January/2017_0104_1758_B2F.html
CRITICAL (2023-08-07 16:53:50,978): 
404 Client Error: Not Found for url: https://earthquake.phivolcs.dost.gov.ph/EQLatest-Monthly/2017_Earthquake_Information/January/2017_0104_1203_B2.html
CRITICAL (2023-08-07 16:53:51,167): 
404 Client Error: Not Found for url: https://earthquake.phivolcs.dost.gov.ph/EQLatest-Monthly/2017_Earthquake_Information/January/2017_0104_1032_B2.html
CRITICAL (2023-08-07 16:53:51,309): 
404 Client Error: Not Found for url: https://earthquake.phivolcs.dost.gov.ph/EQLatest-Monthly/2017_Earthquake_Information/January/2017_0104_0503_B2.html
CRITICAL (2023-08-07 16:54:03,580): 
404 Client Error: Not Found for url: https://earthquake.phivolcs.dost.gov.ph/EQLatest-Monthly/2017_Earthquake_Information/January/2017_0104_0311_B2.html
CRITICAL (2023-08-07 16:54:15,751): 
404 Client Error: Not Found for url: https://earthquake.phivolcs.dost.gov.ph/EQLatest-Monthly/2017_Earthquake_Information/January/2017_0103_1547_B2.html
CRITICAL (2023-08-07 16:54:21,190): 
404 Client Error: Not Found for url: https://earthquake.phivolcs.dost.gov.ph/EQLatest-Monthly/2017_Earthquake_Information/January/2017_0103_1539_B2.html
CRITICAL (2023-08-07 16:54:21,458): 
404 Client Error: Not Found for url: https://earthquake.phivolcs.dost.gov.ph/EQLatest-Monthly/2017_Earthquake_Information/January/2017_0103_1428_B2.html
CRITICAL (2023-08-07 16:54:21,615): 
404 Client Error: Not Found for url: https://earthquake.phivolcs.dost.gov.ph/EQLatest-Monthly/2017_Earthquake_Information/January/2017_0103_1359_B2.html
CRITICAL (2023-08-07 16:54:21,914): 
404 Client Error: Not Found for url: https://earthquake.phivolcs.dost.gov.ph/EQLatest-Monthly/2017_Earthquake_Information/January/2017_0103_1247_B2.html
CRITICAL (2023-08-07 16:54:22,245): 
404 Client Error: Not Found for url: https://earthquake.phivolcs.dost.gov.ph/EQLatest-Monthly/2017_Earthquake_Information/January/2017_0103_1008_B2.html
CRITICAL (2023-08-07 16:54:22,418): 
404 Client Error: Not Found for url: https://earthquake.phivolcs.dost.gov.ph/EQLatest-Monthly/2017_Earthquake_Information/January/2017_0103_0339_B2F.html
CRITICAL (2023-08-07 16:54:22,560): 
404 Client Error: Not Found for url: https://earthquake.phivolcs.dost.gov.ph/EQLatest-Monthly/2017_Earthquake_Information/January/2017_0103_0321_B2.html
CRITICAL (2023-08-07 16:54:22,833): 
404 Client Error: Not Found for url: https://earthquake.phivolcs.dost.gov.ph/EQLatest-Monthly/2017_Earthquake_Information/January/2017_0103_0300_B2.html
CRITICAL (2023-08-07 16:54:23,079): 
404 Client Error: Not Found for url: https://earthquake.phivolcs.dost.gov.ph/EQLatest-Monthly/2017_Earthquake_Information/January/2017_0103_0113_B2.html
CRITICAL (2023-08-07 16:54:23,173): 
404 Client Error: Not Found for url: https://earthquake.phivolcs.dost.gov.ph/EQLatest-Monthly/2017_Earthquake_Information/January/2017_0103_0107_B2.html
CRITICAL (2023-08-07 16:54:23,409): 
404 Client Error: Not Found for url: https://earthquake.phivolcs.dost.gov.ph/EQLatest-Monthly/2017_Earthquake_Information/January/2017_0103_0002_B2.html
CRITICAL (2023-08-07 16:54:23,566): 
404 Client Error: Not Found for url: https://earthquake.phivolcs.dost.gov.ph/EQLatest-Monthly/2017_Earthquake_Information/January/2017_0102_1956_B2.html
CRITICAL (2023-08-07 16:54:23,691): 
404 Client Error: Not Found for url: https://earthquake.phivolcs.dost.gov.ph/EQLatest-Monthly/2017_Earthquake_Information/January/2017_0102_1943_B1.html
CRITICAL (2023-08-07 16:54:23,974): 
404 Client Error: Not Found for url: https://earthquake.phivolcs.dost.gov.ph/EQLatest-Monthly/2017_Earthquake_Information/January/2017_0102_1751_B2.html
CRITICAL (2023-08-07 16:54:24,304): 
404 Client Error: Not Found for url: https://earthquake.phivolcs.dost.gov.ph/EQLatest-Monthly/2017_Earthquake_Information/January/2017_0102_1736_B2.html
CRITICAL (2023-08-07 16:54:24,399): 
404 Client Error: Not Found for url: https://earthquake.phivolcs.dost.gov.ph/EQLatest-Monthly/2017_Earthquake_Information/January/2017_0102_1729_B2.html
CRITICAL (2023-08-07 16:54:24,651): 
404 Client Error: Not Found for url: https://earthquake.phivolcs.dost.gov.ph/EQLatest-Monthly/2017_Earthquake_Information/January/2017_0102_1647_B2.html
CRITICAL (2023-08-07 16:54:24,871): 
404 Client Error: Not Found for url: https://earthquake.phivolcs.dost.gov.ph/EQLatest-Monthly/2017_Earthquake_Information/January/2017_0102_1505_B3.html
CRITICAL (2023-08-07 16:54:25,218): 
404 Client Error: Not Found for url: https://earthquake.phivolcs.dost.gov.ph/EQLatest-Monthly/2017_Earthquake_Information/January/2017_0102_1121_B2.html
CRITICAL (2023-08-07 16:54:25,547): 
404 Client Error: Not Found for url: https://earthquake.phivolcs.dost.gov.ph/EQLatest-Monthly/2017_Earthquake_Information/January/2017_0102_0909_B2.html
CRITICAL (2023-08-07 16:54:37,792): 
404 Client Error: Not Found for url: https://earthquake.phivolcs.dost.gov.ph/EQLatest-Monthly/2017_Earthquake_Information/January/2017_0102_0834_B3.html
CRITICAL (2023-08-07 16:54:50,063): 
404 Client Error: Not Found for url: https://earthquake.phivolcs.dost.gov.ph/EQLatest-Monthly/2017_Earthquake_Information/January/2017_0102_0452_B2.html
CRITICAL (2023-08-07 16:55:02,342): 
404 Client Error: Not Found for url: https://earthquake.phivolcs.dost.gov.ph/EQLatest-Monthly/2017_Earthquake_Information/January/2017_0101_2224_B2.html
CRITICAL (2023-08-07 16:55:15,543): 
404 Client Error: Not Found for url: https://earthquake.phivolcs.dost.gov.ph/EQLatest-Monthly/2017_Earthquake_Information/January/2017_0101_1551_B2.html
CRITICAL (2023-08-07 16:55:27,805): 
404 Client Error: Not Found for url: https://earthquake.phivolcs.dost.gov.ph/EQLatest-Monthly/2017_Earthquake_Information/January/2017_0101_1329_B2.html
CRITICAL (2023-08-07 16:55:39,999): 
404 Client Error: Not Found for url: https://earthquake.phivolcs.dost.gov.ph/EQLatest-Monthly/2017_Earthquake_Information/January/2017_0101_1138_B2.html
CRITICAL (2023-08-07 16:55:52,149): 
404 Client Error: Not Found for url: https://earthquake.phivolcs.dost.gov.ph/EQLatest-Monthly/2017_Earthquake_Information/January/2017_0101_0937_B2.html
CRITICAL (2023-08-07 16:55:58,062): 
404 Client Error: Not Found for url: https://earthquake.phivolcs.dost.gov.ph/EQLatest-Monthly/2017_Earthquake_Information/January/2017_0101_0740_B2.html
CRITICAL (2023-08-07 16:55:58,314): 
404 Client Error: Not Found for url: https://earthquake.phivolcs.dost.gov.ph/EQLatest-Monthly/2017_Earthquake_Information/January/2017_0101_0620_B2.html
CRITICAL (2023-08-07 16:55:58,519): 
404 Client Error: Not Found for url: https://earthquake.phivolcs.dost.gov.ph/EQLatest-Monthly/2017_Earthquake_Information/January/2017_0101_0146_B2.html
CRITICAL (2023-08-07 16:55:58,660): 
404 Client Error: Not Found for url: https://earthquake.phivolcs.dost.gov.ph/EQLatest-Monthly/2016_Earthquake_Bulletins/December/2016_1231_2239_B2.html
CRITICAL (2023-08-07 16:55:58,891): 
404 Client Error: Not Found for url: https://earthquake.phivolcs.dost.gov.ph/EQLatest-Monthly/2016_Earthquake_Bulletins/December/2016_1231_2157_B2.html
CRITICAL (2023-08-07 16:55:59,006): 
404 Client Error: Not Found for url: https://earthquake.phivolcs.dost.gov.ph/EQLatest-Monthly/2016_Earthquake_Bulletins/December/2016_1231_2128_B2.html
CRITICAL (2023-08-07 16:55:59,163): 
404 Client Error: Not Found for url: https://earthquake.phivolcs.dost.gov.ph/EQLatest-Monthly/2016_Earthquake_Bulletins/December/2016_1231_2047_B2.html
CRITICAL (2023-08-07 16:55:59,292): 
404 Client Error: Not Found for url: https://earthquake.phivolcs.dost.gov.ph/EQLatest-Monthly/2016_Earthquake_Bulletins/December/2016_1231_1920_B2.html
CRITICAL (2023-08-07 16:55:59,493): 
404 Client Error: Not Found for url: https://earthquake.phivolcs.dost.gov.ph/EQLatest-Monthly/2016_Earthquake_Bulletins/December/2016_1231_1917_B2.html
CRITICAL (2023-08-07 16:55:59,634): 
404 Client Error: Not Found for url: https://earthquake.phivolcs.dost.gov.ph/EQLatest-Monthly/2016_Earthquake_Bulletins/December/2016_1231_1525_B1.html
