CRITICAL (2023-08-07 16:34:16,256): 
404 Client Error: Not Found for url: https://earthquake.phivolcs.dost.gov.ph/EQLatest-Monthly/2017/2017_Earthquake_Information/February/2017_0228_1526_B2.html
CRITICAL (2023-08-07 16:34:16,491): 
404 Client Error: Not Found for url: https://earthquake.phivolcs.dost.gov.ph/EQLatest-Monthly/2017/2017_Earthquake_Information/February/2017_0228_1515_B2.html
CRITICAL (2023-08-07 16:34:16,759): 
404 Client Error: Not Found for url: https://earthquake.phivolcs.dost.gov.ph/EQLatest-Monthly/2017/2017_Earthquake_Information/February/2017_0228_1500_B2.html
CRITICAL (2023-08-07 16:34:17,152): 
404 Client Error: Not Found for url: https://earthquake.phivolcs.dost.gov.ph/EQLatest-Monthly/2017/2017_Earthquake_Information/February/2017_0228_1336_B2.html
CRITICAL (2023-08-07 16:34:17,248): 
404 Client Error: Not Found for url: https://earthquake.phivolcs.dost.gov.ph/EQLatest-Monthly/2017/2017_Earthquake_Information/February/2017_0228_1156_B2.html
CRITICAL (2023-08-07 16:34:17,419): 
404 Client Error: Not Found for url: https://earthquake.phivolcs.dost.gov.ph/EQLatest-Monthly/2017/2017_Earthquake_Information/February/2017_0228_0502_B2.html
CRITICAL (2023-08-07 16:34:29,585): 
404 Client Error: Not Found for url: https://earthquake.phivolcs.dost.gov.ph/EQLatest-Monthly/2017/2017_Earthquake_Information/February/2017_0228_0326_B2.html
CRITICAL (2023-08-07 16:34:34,935): 
404 Client Error: Not Found for url: https://earthquake.phivolcs.dost.gov.ph/EQLatest-Monthly/2017/2017_Earthquake_Information/February/2017_0227_2143_B1.html
CRITICAL (2023-08-07 16:34:35,108): 
404 Client Error: Not Found for url: https://earthquake.phivolcs.dost.gov.ph/EQLatest-Monthly/2017/2017_Earthquake_Information/February/2017_0227_2118_B2.html
CRITICAL (2023-08-07 16:34:35,249): 
404 Client Error: Not Found for url: https://earthquake.phivolcs.dost.gov.ph/EQLatest-Monthly/2017/2017_Earthquake_Information/February/2017_0227_1944_B2.html
CRITICAL (2023-08-07 16:34:35,437): 
404 Client Error: Not Found for url: https://earthquake.phivolcs.dost.gov.ph/EQLatest-Monthly/2017/2017_Earthquake_Information/February/2017_0227_1928_B2F.html
CRITICAL (2023-08-07 16:34:35,752): 
404 Client Error: Not Found for url: https://earthquake.phivolcs.dost.gov.ph/EQLatest-Monthly/2017/2017_Earthquake_Information/February/2017_0227_1501_B3.html
CRITICAL (2023-08-07 16:34:36,004): 
404 Client Error: Not Found for url: https://earthquake.phivolcs.dost.gov.ph/EQLatest-Monthly/2017/2017_Earthquake_Information/February/2017_0227_1444_B3.html
CRITICAL (2023-08-07 16:34:36,145): 
404 Client Error: Not Found for url: https://earthquake.phivolcs.dost.gov.ph/EQLatest-Monthly/2017/2017_Earthquake_Information/February/2017_0227_1416_B2.html
CRITICAL (2023-08-07 16:34:36,350): 
404 Client Error: Not Found for url: https://earthquake.phivolcs.dost.gov.ph/EQLatest-Monthly/2017/2017_Earthquake_Information/February/2017_0227_1305_B2.html
CRITICAL (2023-08-07 16:34:36,475): 
404 Client Error: Not Found for url: https://earthquake.phivolcs.dost.gov.ph/EQLatest-Monthly/2017/2017_Earthquake_Information/February/2017_0227_1247_B2.html
CRITICAL (2023-08-07 16:34:36,664): 
404 Client Error: Not Found for url: https://earthquake.phivolcs.dost.gov.ph/EQLatest-Monthly/2017/2017_Earthquake_Information/February/2017_0227_1237_B2.html
CRITICAL (2023-08-07 16:34:36,979): 
404 Client Error: Not Found for url: https://earthquake.phivolcs.dost.gov.ph/EQLatest-Monthly/2017/2017_Earthquake_Information/February/2017_0227_0901_B3F.html
CRITICAL (2023-08-07 16:34:37,073): 
404 Client Error: Not Found for url: https://earthquake.phivolcs.dost.gov.ph/EQLatest-Monthly/2017/2017_Earthquake_Information/February/2017_0227_0022_B2.html
CRITICAL (2023-08-07 16:34:37,215): 
404 Client Error: Not Found for url: https://earthquake.phivolcs.dost.gov.ph/EQLatest-Monthly/2017/2017_Earthquake_Information/February/2017_0227_0003_B2.html
CRITICAL (2023-08-07 16:34:37,387): 
404 Client Error: Not Found for url: https://earthquake.phivolcs.dost.gov.ph/EQLatest-Monthly/2017/2017_Earthquake_Information/February/2017_0226_2207_B2.html
CRITICAL (2023-08-07 16:34:37,591): 
404 Client Error: Not Found for url: https://earthquake.phivolcs.dost.gov.ph/EQLatest-Monthly/2017/2017_Earthquake_Information/February/2017_0226_1502_B2.html
CRITICAL (2023-08-07 16:34:37,749): 
404 Client Error: Not Found for url: https://earthquake.phivolcs.dost.gov.ph/EQLatest-Monthly/2017/2017_Earthquake_Information/February/2017_0226_1237_B2.SURIGAO.html
CRITICAL (2023-08-07 16:34:37,968): 
404 Client Error: Not Found for url: https://earthquake.phivolcs.dost.gov.ph/EQLatest-Monthly/2017/2017_Earthquake_Information/February/2017_0226_1237_B3F.html
CRITICAL (2023-08-07 16:34:38,305): 
404 Client Error: Not Found for url: https://earthquake.phivolcs.dost.gov.ph/EQLatest-Monthly/2017/2017_Earthquake_Information/February/2017_0226_0945_B2.html
CRITICAL (2023-08-07 16:34:38,487): 
404 Client Error: Not Found for url: https://earthquake.phivolcs.dost.gov.ph/EQLatest-Monthly/2017/2017_Earthquake_Information/February/2017_0226_0927_B2_SURIGAO.html
CRITICAL (2023-08-07 16:34:38,629): 
404 Client Error: Not Found for url: https://earthquake.phivolcs.dost.gov.ph/EQLatest-Monthly/2017/2017_Earthquake_Information/February/2017_0226_0926_B2_DIPOLOG.html
CRITICAL (2023-08-07 16:34:38,880): 
404 Client Error: Not Found for url: https://earthquake.phivolcs.dost.gov.ph/EQLatest-Monthly/2017/2017_Earthquake_Information/February/2017_0226_0053_B3.html
CRITICAL (2023-08-07 16:34:39,007): 
404 Client Error: Not Found for url: https://earthquake.phivolcs.dost.gov.ph/EQLatest-Monthly/2017/2017_Earthquake_Information/February/2017_0226_0047_B3.html
CRITICAL (2023-08-07 16:34:39,211): 
404 Client Error: Not Found for url: https://earthquake.phivolcs.dost.gov.ph/EQLatest-Monthly/2017/2017_Earthquake_Information/February/2017_0226_0035_B2.html
CRITICAL (2023-08-07 16:34:39,400): 
404 Client Error: Not Found for url: https://earthquake.phivolcs.dost.gov.ph/EQLatest-Monthly/2017/2017_Earthquake_Information/February/2017_0225_2206_B2.html
CRITICAL (2023-08-07 16:34:45,074): 
404 Client Error: Not Found for url: https://earthquake.phivolcs.dost.gov.ph/EQLatest-Monthly/2017/2017_Earthquake_Information/February/2017_0225_2127_B2.html
CRITICAL (2023-08-07 16:34:45,263): 
404 Client Error: Not Found for url: https://earthquake.phivolcs.dost.gov.ph/EQLatest-Monthly/2017/2017_Earthquake_Information/February/2017_0225_1943_B2.html
CRITICAL (2023-08-07 16:34:45,451): 
404 Client Error: Not Found for url: https://earthquake.phivolcs.dost.gov.ph/EQLatest-Monthly/2017/2017_Earthquake_Information/February/2017_0225_1857_B2.html
CRITICAL (2023-08-07 16:34:45,640): 
404 Client Error: Not Found for url: https://earthquake.phivolcs.dost.gov.ph/EQLatest-Monthly/2017/2017_Earthquake_Information/February/2017_0225_1841_B2.html
CRITICAL (2023-08-07 16:34:45,781): 
404 Client Error: Not Found for url: https://earthquake.phivolcs.dost.gov.ph/EQLatest-Monthly/2017/2017_Earthquake_Information/February/2017_0225_1804_B2.html
CRITICAL (2023-08-07 16:34:45,972): 
404 Client Error: Not Found for url: https://earthquake.phivolcs.dost.gov.ph/EQLatest-Monthly/2017/2017_Earthquake_Information/February/2017_0225_1404_B2.html
CRITICAL (2023-08-07 16:34:46,223): 
404 Client Error: Not Found for url: https://earthquake.phivolcs.dost.gov.ph/EQLatest-Monthly/2017/2017_Earthquake_Information/February/2017_0225_1242_B2.html
CRITICAL (2023-08-07 16:34:46,363): 
404 Client Error: Not Found for url: https://earthquake.phivolcs.dost.gov.ph/EQLatest-Monthly/2017/2017_Earthquake_Information/February/2017_0225_1155_B2.html
CRITICAL (2023-08-07 16:34:46,536): 
404 Client Error: Not Found for url: https://earthquake.phivolcs.dost.gov.ph/EQLatest-Monthly/2017/2017_Earthquake_Information/February/2017_0225_1110_B2.html
CRITICAL (2023-08-07 16:34:46,677): 
404 Client Error: Not Found for url: https://earthquake.phivolcs.dost.gov.ph/EQLatest-Monthly/2017/2017_Earthquake_Information/February/2017_0225_1057_B2.html
CRITICAL (2023-08-07 16:34:46,881): 
404 Client Error: Not Found for url: https://earthquake.phivolcs.dost.gov.ph/EQLatest-Monthly/2017/2017_Earthquake_Information/February/2017_0225_1001_B1F.html
CRITICAL (2023-08-07 16:34:47,180): 
404 Client Error: Not Found for url: https://earthquake.phivolcs.dost.gov.ph/EQLatest-Monthly/2017/2017_Earthquake_Information/February/2017_0225_0943_B2.html
CRITICAL (2023-08-07 16:34:47,306): 
404 Client Error: Not Found for url: https://earthquake.phivolcs.dost.gov.ph/EQLatest-Monthly/2017/2017_Earthquake_Information/February/2017_0225_0449_B2.html
CRITICAL (2023-08-07 16:34:47,510): 
404 Client Error: Not Found for url: https://earthquake.phivolcs.dost.gov.ph/EQLatest-Monthly/2017/2017_Earthquake_Information/February/2017_0225_0407_B2.html
CRITICAL (2023-08-07 16:34:47,765): 
404 Client Error: Not Found for url: https://earthquake.phivolcs.dost.gov.ph/EQLatest-Monthly/2017/2017_Earthquake_Information/February/2017_0224_2248_B2F.html
CRITICAL (2023-08-07 16:34:47,874): 
404 Client Error: Not Found for url: https://earthquake.phivolcs.dost.gov.ph/EQLatest-Monthly/2017/2017_Earthquake_Information/February/2017_0224_2203_B2.html
CRITICAL (2023-08-07 16:34:48,094): 
404 Client Error: Not Found for url: https://earthquake.phivolcs.dost.gov.ph/EQLatest-Monthly/2017/2017_Earthquake_Information/February/2017_0224_2111_B2F.html
CRITICAL (2023-08-07 16:34:48,173): 
404 Client Error: Not Found for url: https://earthquake.phivolcs.dost.gov.ph/EQLatest-Monthly/2017/2017_Earthquake_Information/February/2017_0224_2021_B2F.html
CRITICAL (2023-08-07 16:34:48,429): 
404 Client Error: Not Found for url: https://earthquake.phivolcs.dost.gov.ph/EQLatest-Monthly/2017/2017_Earthquake_Information/February/2017_0224_1827_B2.html
CRITICAL (2023-08-07 16:34:48,630): 
404 Client Error: Not Found for url: https://earthquake.phivolcs.dost.gov.ph/EQLatest-Monthly/2017/2017_Earthquake_Information/February/2017_0224_1717_B2F.html
CRITICAL (2023-08-07 16:34:48,830): 
404 Client Error: Not Found for url: https://earthquake.phivolcs.dost.gov.ph/EQLatest-Monthly/2017/2017_Earthquake_Information/February/2017_0224_1554_B2.html
CRITICAL (2023-08-07 16:34:49,004): 
404 Client Error: Not Found for url: https://earthquake.phivolcs.dost.gov.ph/EQLatest-Monthly/2017/2017_Earthquake_Information/February/2017_0224_1356_B2.html
CRITICAL (2023-08-07 16:34:49,146): 
404 Client Error: Not Found for url: https://earthquake.phivolcs.dost.gov.ph/EQLatest-Monthly/2017/2017_Earthquake_Information/February/2017_0224_1317_B2.html
CRITICAL (2023-08-07 16:34:49,350): 
404 Client Error: Not Found for url: https://earthquake.phivolcs.dost.gov.ph/EQLatest-Monthly/2017/2017_Earthquake_Information/February/2017_0224_1311_B2.html
CRITICAL (2023-08-07 16:35:01,668): 
404 Client Error: Not Found for url: https://earthquake.phivolcs.dost.gov.ph/EQLatest-Monthly/2017/2017_Earthquake_Information/February/2017_0224_1236_B2F.html
CRITICAL (2023-08-07 16:35:07,013): 
404 Client Error: Not Found for url: https://earthquake.phivolcs.dost.gov.ph/EQLatest-Monthly/2017/2017_Earthquake_Information/February/2017_0224_0741_B2.html
CRITICAL (2023-08-07 16:35:07,422): 
404 Client Error: Not Found for url: https://earthquake.phivolcs.dost.gov.ph/EQLatest-Monthly/2017/2017_Earthquake_Information/February/2017_0224_0255_B2.html
CRITICAL (2023-08-07 16:35:07,672): 
404 Client Error: Not Found for url: https://earthquake.phivolcs.dost.gov.ph/EQLatest-Monthly/2017/2017_Earthquake_Information/February/2017_0224_0252_B2F.html
CRITICAL (2023-08-07 16:35:07,987): 
404 Client Error: Not Found for url: https://earthquake.phivolcs.dost.gov.ph/EQLatest-Monthly/2017/2017_Earthquake_Information/February/2017_0223_2151_B2F.html
CRITICAL (2023-08-07 16:35:08,255): 
404 Client Error: Not Found for url: https://earthquake.phivolcs.dost.gov.ph/EQLatest-Monthly/2017/2017_Earthquake_Information/February/2017_0223_2030_B2.html
CRITICAL (2023-08-07 16:35:08,397): 
404 Client Error: Not Found for url: https://earthquake.phivolcs.dost.gov.ph/EQLatest-Monthly/2017/2017_Earthquake_Information/February/2017_0223_2030_MIN_B2.html
CRITICAL (2023-08-07 16:35:08,821): 
404 Client Error: Not Found for url: https://earthquake.phivolcs.dost.gov.ph/EQLatest-Monthly/2017/2017_Earthquake_Information/February/2017_0223_1959_B2.html
CRITICAL (2023-08-07 16:35:09,089): 
404 Client Error: Not Found for url: https://earthquake.phivolcs.dost.gov.ph/EQLatest-Monthly/2017/2017_Earthquake_Information/February/2017_0223_1831_B2F.html
CRITICAL (2023-08-07 16:35:09,215): 
404 Client Error: Not Found for url: https://earthquake.phivolcs.dost.gov.ph/EQLatest-Monthly/2017/2017_Earthquake_Information/February/2017_0223_1625_B2.html
CRITICAL (2023-08-07 16:35:09,388): 
404 Client Error: Not Found for url: https://earthquake.phivolcs.dost.gov.ph/EQLatest-Monthly/2017/2017_Earthquake_Information/February/2017_0223_1519_B2.html
CRITICAL (2023-08-07 16:35:09,513): 
404 Client Error: Not Found for url: https://earthquake.phivolcs.dost.gov.ph/EQLatest-Monthly/2017/2017_Earthquake_Information/February/2017_0222_2336_B2F.html
CRITICAL (2023-08-07 16:35:09,639): 
404 Client Error: Not Found for url: https://earthquake.phivolcs.dost.gov.ph/EQLatest-Monthly/2017/2017_Earthquake_Information/February/2017_0223_1117_B3F.html
CRITICAL (2023-08-07 16:35:09,828): 
404 Client Error: Not Found for url: https://earthquake.phivolcs.dost.gov.ph/EQLatest-Monthly/2017/2017_Earthquake_Information/February/2017_0222_2336_B2F.html
CRITICAL (2023-08-07 16:35:09,953): 
404 Client Error: Not Found for url: https://earthquake.phivolcs.dost.gov.ph/EQLatest-Monthly/2017/2017_Earthquake_Information/February/2017_0222_2336_B2F.html
CRITICAL (2023-08-07 16:35:10,221): 
404 Client Error: Not Found for url: https://earthquake.phivolcs.dost.gov.ph/EQLatest-Monthly/2017/2017_Earthquake_Information/February/2017_0223_0540_B2.html
CRITICAL (2023-08-07 16:35:10,409): 
404 Client Error: Not Found for url: https://earthquake.phivolcs.dost.gov.ph/EQLatest-Monthly/2017/2017_Earthquake_Information/February/2017_0222_2336_B2F.html
CRITICAL (2023-08-07 16:35:10,724): 
404 Client Error: Not Found for url: https://earthquake.phivolcs.dost.gov.ph/EQLatest-Monthly/2017/2017_Earthquake_Information/February/2017_0222_2336_B2F.html
CRITICAL (2023-08-07 16:35:10,881): 
404 Client Error: Not Found for url: https://earthquake.phivolcs.dost.gov.ph/EQLatest-Monthly/2017/2017_Earthquake_Information/February/2017_0222_2336_B2F.html
CRITICAL (2023-08-07 16:35:11,134): 
404 Client Error: Not Found for url: https://earthquake.phivolcs.dost.gov.ph/EQLatest-Monthly/2017/2017_Earthquake_Information/February/2017_0222_2336_B3F.html
CRITICAL (2023-08-07 16:35:11,323): 
404 Client Error: Not Found for url: https://earthquake.phivolcs.dost.gov.ph/EQLatest-Monthly/2017/2017_Earthquake_Information/February/2017_0222_2051_B2.html
CRITICAL (2023-08-07 16:35:23,620): 
404 Client Error: Not Found for url: https://earthquake.phivolcs.dost.gov.ph/EQLatest-Monthly/2017/2017_Earthquake_Information/February/2017_0222_1502_LUZ_B2.html
CRITICAL (2023-08-07 16:35:35,803): 
404 Client Error: Not Found for url: https://earthquake.phivolcs.dost.gov.ph/EQLatest-Monthly/2017/2017_Earthquake_Information/February/2017_0222_1502_B2.html
CRITICAL (2023-08-07 16:35:41,022): 
404 Client Error: Not Found for url: https://earthquake.phivolcs.dost.gov.ph/EQLatest-Monthly/2017/2017_Earthquake_Information/February/2017_0222_1252_B2.html
CRITICAL (2023-08-07 16:35:41,335): 
404 Client Error: Not Found for url: https://earthquake.phivolcs.dost.gov.ph/EQLatest-Monthly/2017/2017_Earthquake_Information/February/2017_0222_0909_B2F.html
CRITICAL (2023-08-07 16:35:41,586): 
404 Client Error: Not Found for url: https://earthquake.phivolcs.dost.gov.ph/EQLatest-Monthly/2017/2017_Earthquake_Information/February/2017_0222_0531_B2.html
CRITICAL (2023-08-07 16:35:41,712): 
404 Client Error: Not Found for url: https://earthquake.phivolcs.dost.gov.ph/EQLatest-Monthly/2017/2017_Earthquake_Information/February/2017_0222_0114_B2.html
CRITICAL (2023-08-07 16:35:41,995): 
404 Client Error: Not Found for url: https://earthquake.phivolcs.dost.gov.ph/EQLatest-Monthly/2017/2017_Earthquake_Information/February/2017_0222_0114_B2.html
CRITICAL (2023-08-07 16:35:42,136): 
404 Client Error: Not Found for url: https://earthquake.phivolcs.dost.gov.ph/EQLatest-Monthly/2017/2017_Earthquake_Information/February/2017_0221_1951_B2.html
CRITICAL (2023-08-07 16:35:42,404): 
404 Client Error: Not Found for url: https://earthquake.phivolcs.dost.gov.ph/EQLatest-Monthly/2017/2017_Earthquake_Information/February/2017_0221_1802_B2.html
CRITICAL (2023-08-07 16:35:42,624): 
404 Client Error: Not Found for url: https://earthquake.phivolcs.dost.gov.ph/EQLatest-Monthly/2017/2017_Earthquake_Information/February/2017_0221_1353_B2.html
CRITICAL (2023-08-07 16:35:42,719): 
404 Client Error: Not Found for url: https://earthquake.phivolcs.dost.gov.ph/EQLatest-Monthly/2017/2017_Earthquake_Information/February/2017_0221_1150_B2.html
CRITICAL (2023-08-07 16:35:42,907): 
404 Client Error: Not Found for url: https://earthquake.phivolcs.dost.gov.ph/EQLatest-Monthly/2017/2017_Earthquake_Information/February/2017_0221_1007_B2.html
CRITICAL (2023-08-07 16:35:42,986): 
404 Client Error: Not Found for url: https://earthquake.phivolcs.dost.gov.ph/EQLatest-Monthly/2017/2017_Earthquake_Information/February/2017_0221_0922_B2.html
CRITICAL (2023-08-07 16:35:43,285): 
404 Client Error: Not Found for url: https://earthquake.phivolcs.dost.gov.ph/EQLatest-Monthly/2017/2017_Earthquake_Information/February/2017_0221_0126_B2F.html
CRITICAL (2023-08-07 16:35:43,631): 
404 Client Error: Not Found for url: https://earthquake.phivolcs.dost.gov.ph/EQLatest-Monthly/2017/2017_Earthquake_Information/February/2017_0221_0020_B2.html
CRITICAL (2023-08-07 16:35:43,820): 
404 Client Error: Not Found for url: https://earthquake.phivolcs.dost.gov.ph/EQLatest-Monthly/2017/2017_Earthquake_Information/February/2017_0220_2335_B3.html
CRITICAL (2023-08-07 16:35:44,182): 
404 Client Error: Not Found for url: https://earthquake.phivolcs.dost.gov.ph/EQLatest-Monthly/2017/2017_Earthquake_Information/February/2017_0220_1843_B2.html
CRITICAL (2023-08-07 16:35:44,433): 
404 Client Error: Not Found for url: https://earthquake.phivolcs.dost.gov.ph/EQLatest-Monthly/2017/2017_Earthquake_Information/February/2017_0220_1801_B2.html
CRITICAL (2023-08-07 16:35:44,622): 
404 Client Error: Not Found for url: https://earthquake.phivolcs.dost.gov.ph/EQLatest-Monthly/2017/2017_Earthquake_Information/February/2017_0220_1741_B2.html
CRITICAL (2023-08-07 16:35:44,873): 
404 Client Error: Not Found for url: https://earthquake.phivolcs.dost.gov.ph/EQLatest-Monthly/2017/2017_Earthquake_Information/February/2017_0220_1644_B2.html
CRITICAL (2023-08-07 16:35:45,125): 
404 Client Error: Not Found for url: https://earthquake.phivolcs.dost.gov.ph/EQLatest-Monthly/2017/2017_Earthquake_Information/February/2017_0220_1617_B2.html
CRITICAL (2023-08-07 16:35:45,423): 
404 Client Error: Not Found for url: https://earthquake.phivolcs.dost.gov.ph/EQLatest-Monthly/2017/2017_Earthquake_Information/February/2017_0220_1548_B2.html
CRITICAL (2023-08-07 16:35:57,593): 
404 Client Error: Not Found for url: https://earthquake.phivolcs.dost.gov.ph/EQLatest-Monthly/2017/2017_Earthquake_Information/February/2017_0220_1543_B3.html
CRITICAL (2023-08-07 16:36:09,873): 
404 Client Error: Not Found for url: https://earthquake.phivolcs.dost.gov.ph/EQLatest-Monthly/2017/2017_Earthquake_Information/February/2017_0220_1457_B2.html
CRITICAL (2023-08-07 16:36:16,105): 
404 Client Error: Not Found for url: https://earthquake.phivolcs.dost.gov.ph/EQLatest-Monthly/2017/2017_Earthquake_Information/February/2017_0220_1006_B2.html
CRITICAL (2023-08-07 16:36:16,199): 
404 Client Error: Not Found for url: https://earthquake.phivolcs.dost.gov.ph/EQLatest-Monthly/2017/2017_Earthquake_Information/February/2017_0220_0742_B2.html
CRITICAL (2023-08-07 16:36:16,388): 
404 Client Error: Not Found for url: https://earthquake.phivolcs.dost.gov.ph/EQLatest-Monthly/2017/2017_Earthquake_Information/February/2017_0220_0619_B2.html
CRITICAL (2023-08-07 16:36:16,529): 
404 Client Error: Not Found for url: https://earthquake.phivolcs.dost.gov.ph/EQLatest-Monthly/2017/2017_Earthquake_Information/February/2017_0220_0444_B2.html
CRITICAL (2023-08-07 16:36:16,718): 
404 Client Error: Not Found for url: https://earthquake.phivolcs.dost.gov.ph/EQLatest-Monthly/2017/2017_Earthquake_Information/February/2017_0219_1835_B2.html
CRITICAL (2023-08-07 16:36:16,843): 
404 Client Error: Not Found for url: https://earthquake.phivolcs.dost.gov.ph/EQLatest-Monthly/2017/2017_Earthquake_Information/February/2017_0219_1753_B2.html
CRITICAL (2023-08-07 16:36:17,095): 
404 Client Error: Not Found for url: https://earthquake.phivolcs.dost.gov.ph/EQLatest-Monthly/2017/2017_Earthquake_Information/February/2017_0219_1721_B2.html
CRITICAL (2023-08-07 16:36:17,425): 
404 Client Error: Not Found for url: https://earthquake.phivolcs.dost.gov.ph/EQLatest-Monthly/2017/2017_Earthquake_Information/February/2017_0219_1531_B3.html
CRITICAL (2023-08-07 16:36:17,692): 
404 Client Error: Not Found for url: https://earthquake.phivolcs.dost.gov.ph/EQLatest-Monthly/2017/2017_Earthquake_Information/February/2017_0219_1529_B2F.html
CRITICAL (2023-08-07 16:36:17,927): 
404 Client Error: Not Found for url: https://earthquake.phivolcs.dost.gov.ph/EQLatest-Monthly/2017/2017_Earthquake_Information/February/2017_0219_1249_B2.html
CRITICAL (2023-08-07 16:36:18,021): 
404 Client Error: Not Found for url: https://earthquake.phivolcs.dost.gov.ph/EQLatest-Monthly/2017/2017_Earthquake_Information/February/2017_0219_1202_B2.html
CRITICAL (2023-08-07 16:36:18,210): 
404 Client Error: Not Found for url: https://earthquake.phivolcs.dost.gov.ph/EQLatest-Monthly/2017/2017_Earthquake_Information/February/2017_0219_0258_B3.html
CRITICAL (2023-08-07 16:36:18,415): 
404 Client Error: Not Found for url: https://earthquake.phivolcs.dost.gov.ph/EQLatest-Monthly/2017/2017_Earthquake_Information/February/2017_0218_2336_B2F.html
CRITICAL (2023-08-07 16:36:18,650): 
404 Client Error: Not Found for url: https://earthquake.phivolcs.dost.gov.ph/EQLatest-Monthly/2017/2017_Earthquake_Information/February/2017_0218_2230_B2.html
CRITICAL (2023-08-07 16:36:18,854): 
404 Client Error: Not Found for url: https://earthquake.phivolcs.dost.gov.ph/EQLatest-Monthly/2017/2017_Earthquake_Information/February/2017_0218_1910_B2.html
CRITICAL (2023-08-07 16:36:18,996): 
404 Client Error: Not Found for url: https://earthquake.phivolcs.dost.gov.ph/EQLatest-Monthly/2017/2017_Earthquake_Information/February/2017_0218_1853_B2.html
CRITICAL (2023-08-07 16:36:19,185): 
404 Client Error: Not Found for url: https://earthquake.phivolcs.dost.gov.ph/EQLatest-Monthly/2017/2017_Earthquake_Information/February/2017_0218_1811_B2F.html
CRITICAL (2023-08-07 16:36:19,326): 
404 Client Error: Not Found for url: https://earthquake.phivolcs.dost.gov.ph/EQLatest-Monthly/2017/2017_Earthquake_Information/February/2017_0218_1654_B2.html
CRITICAL (2023-08-07 16:36:19,500): 
404 Client Error: Not Found for url: https://earthquake.phivolcs.dost.gov.ph/EQLatest-Monthly/2017/2017_Earthquake_Information/February/2017_0218_1613_B2.html
CRITICAL (2023-08-07 16:36:19,773): 
404 Client Error: Not Found for url: https://earthquake.phivolcs.dost.gov.ph/EQLatest-Monthly/2017/2017_Earthquake_Information/February/2017_0218_1546_B2.html
CRITICAL (2023-08-07 16:36:20,143): 
404 Client Error: Not Found for url: https://earthquake.phivolcs.dost.gov.ph/EQLatest-Monthly/2017/2017_Earthquake_Information/February/2017_0218_1454_B1.html
CRITICAL (2023-08-07 16:36:20,395): 
404 Client Error: Not Found for url: https://earthquake.phivolcs.dost.gov.ph/EQLatest-Monthly/2017/2017_Earthquake_Information/February/2017_0218_1147_B2.html
CRITICAL (2023-08-07 16:36:32,549): 
404 Client Error: Not Found for url: https://earthquake.phivolcs.dost.gov.ph/EQLatest-Monthly/2017/2017_Earthquake_Information/February/2017_0218_1118_B2F.html
CRITICAL (2023-08-07 16:36:45,897): 
404 Client Error: Not Found for url: https://earthquake.phivolcs.dost.gov.ph/EQLatest-Monthly/2017/2017_Earthquake_Information/February/2017_0218_1038_B2.html
CRITICAL (2023-08-07 16:36:58,056): 
404 Client Error: Not Found for url: https://earthquake.phivolcs.dost.gov.ph/EQLatest-Monthly/2017/2017_Earthquake_Information/February/2017_0218_0950_B2.html
CRITICAL (2023-08-07 16:37:10,328): 
404 Client Error: Not Found for url: https://earthquake.phivolcs.dost.gov.ph/EQLatest-Monthly/2017/2017_Earthquake_Information/February/2017_0218_0701_B2.html
CRITICAL (2023-08-07 16:37:22,489): 
404 Client Error: Not Found for url: https://earthquake.phivolcs.dost.gov.ph/EQLatest-Monthly/2017/2017_Earthquake_Information/February/2017_0217_1235_B2.html
CRITICAL (2023-08-07 16:37:34,837): 
404 Client Error: Not Found for url: https://earthquake.phivolcs.dost.gov.ph/EQLatest-Monthly/2017/2017_Earthquake_Information/February/2017_0217_2328_B2.html
CRITICAL (2023-08-07 16:37:47,011): 
404 Client Error: Not Found for url: https://earthquake.phivolcs.dost.gov.ph/EQLatest-Monthly/2017/2017_Earthquake_Information/February/2017_0217_2254_B2.html
CRITICAL (2023-08-07 16:37:59,284): 
404 Client Error: Not Found for url: https://earthquake.phivolcs.dost.gov.ph/EQLatest-Monthly/2017/2017_Earthquake_Information/February/2017_0217_1802_B2.html
CRITICAL (2023-08-07 16:38:11,454): 
404 Client Error: Not Found for url: https://earthquake.phivolcs.dost.gov.ph/EQLatest-Monthly/2017/2017_Earthquake_Information/February/2017_0217_1721_B2.html
CRITICAL (2023-08-07 16:38:23,797): 
404 Client Error: Not Found for url: https://earthquake.phivolcs.dost.gov.ph/EQLatest-Monthly/2017/2017_Earthquake_Information/February/2017_0217_1632_B2F.html
CRITICAL (2023-08-07 16:38:36,049): 
404 Client Error: Not Found for url: https://earthquake.phivolcs.dost.gov.ph/EQLatest-Monthly/2017/2017_Earthquake_Information/February/2017_0217_1457_B2.html
CRITICAL (2023-08-07 16:38:41,990): 
404 Client Error: Not Found for url: https://earthquake.phivolcs.dost.gov.ph/EQLatest-Monthly/2017/2017_Earthquake_Information/February/2017_0217_1134_B3F.html
CRITICAL (2023-08-07 16:38:42,116): 
404 Client Error: Not Found for url: https://earthquake.phivolcs.dost.gov.ph/EQLatest-Monthly/2017/2017_Earthquake_Information/February/2017_0217_1039_B2.html
CRITICAL (2023-08-07 16:38:42,383): 
404 Client Error: Not Found for url: https://earthquake.phivolcs.dost.gov.ph/EQLatest-Monthly/2017/2017_Earthquake_Information/February/2017_0217_1036_B2.html
CRITICAL (2023-08-07 16:38:42,635): 
404 Client Error: Not Found for url: https://earthquake.phivolcs.dost.gov.ph/EQLatest-Monthly/2017/2017_Earthquake_Information/February/2017_0217_1014_B2.html
CRITICAL (2023-08-07 16:38:42,777): 
404 Client Error: Not Found for url: https://earthquake.phivolcs.dost.gov.ph/EQLatest-Monthly/2017/2017_Earthquake_Information/February/2017_0217_0918_B3F.html
CRITICAL (2023-08-07 16:38:43,028): 
404 Client Error: Not Found for url: https://earthquake.phivolcs.dost.gov.ph/EQLatest-Monthly/2017/2017_Earthquake_Information/February/2017_0217_0016_B3.html
CRITICAL (2023-08-07 16:38:43,357): 
404 Client Error: Not Found for url: https://earthquake.phivolcs.dost.gov.ph/EQLatest-Monthly/2017/2017_Earthquake_Information/February/2017_0216_2259_B2F.html
CRITICAL (2023-08-07 16:38:43,609): 
404 Client Error: Not Found for url: https://earthquake.phivolcs.dost.gov.ph/EQLatest-Monthly/2017/2017_Earthquake_Information/February/2017_0216_1847_B2.html
CRITICAL (2023-08-07 16:38:43,876): 
404 Client Error: Not Found for url: https://earthquake.phivolcs.dost.gov.ph/EQLatest-Monthly/2017/2017_Earthquake_Information/February/2017_0216_1657_B2F.html
CRITICAL (2023-08-07 16:38:44,017): 
404 Client Error: Not Found for url: https://earthquake.phivolcs.dost.gov.ph/EQLatest-Monthly/2017/2017_Earthquake_Information/February/2017_0216_1356_B2.html
CRITICAL (2023-08-07 16:38:44,190): 
404 Client Error: Not Found for url: https://earthquake.phivolcs.dost.gov.ph/EQLatest-Monthly/2017/2017_Earthquake_Information/February/2017_0216_1046_B2F.html
CRITICAL (2023-08-07 16:38:44,447): 
404 Client Error: Not Found for url: https://earthquake.phivolcs.dost.gov.ph/EQLatest-Monthly/2017/2017_Earthquake_Information/February/2017_0216_1004_B2.html
CRITICAL (2023-08-07 16:38:44,599): 
404 Client Error: Not Found for url: https://earthquake.phivolcs.dost.gov.ph/EQLatest-Monthly/2017/2017_Earthquake_Information/February/2017_0216_0627_B3F.html
CRITICAL (2023-08-07 16:38:44,788): 
404 Client Error: Not Found for url: https://earthquake.phivolcs.dost.gov.ph/EQLatest-Monthly/2017/2017_Earthquake_Information/February/2017_0216_0529_B4F.html
CRITICAL (2023-08-07 16:38:44,914): 
404 Client Error: Not Found for url: https://earthquake.phivolcs.dost.gov.ph/EQLatest-Monthly/2017/2017_Earthquake_Information/February/2017_0216_0424_B2F.html
CRITICAL (2023-08-07 16:38:45,166): 
404 Client Error: Not Found for url: https://earthquake.phivolcs.dost.gov.ph/EQLatest-Monthly/2017/2017_Earthquake_Information/February/2017_0216_0410_B4F.html
CRITICAL (2023-08-07 16:38:45,433): 
404 Client Error: Not Found for url: https://earthquake.phivolcs.dost.gov.ph/EQLatest-Monthly/2017/2017_Earthquake_Information/February/2017_0215_2356_B1.html
CRITICAL (2023-08-07 16:38:45,749): 
404 Client Error: Not Found for url: https://earthquake.phivolcs.dost.gov.ph/EQLatest-Monthly/2017/2017_Earthquake_Information/February/2017_0215_1702_B2.html
CRITICAL (2023-08-07 16:38:46,078): 
404 Client Error: Not Found for url: https://earthquake.phivolcs.dost.gov.ph/EQLatest-Monthly/2017/2017_Earthquake_Information/February/2017_0215_1407_B2.html
CRITICAL (2023-08-07 16:38:46,407): 
404 Client Error: Not Found for url: https://earthquake.phivolcs.dost.gov.ph/EQLatest-Monthly/2017/2017_Earthquake_Information/February/2017_0215_0957_B2.html
CRITICAL (2023-08-07 16:38:58,580): 
404 Client Error: Not Found for url: https://earthquake.phivolcs.dost.gov.ph/EQLatest-Monthly/2017/2017_Earthquake_Information/February/2017_0215_0912_B2.html
CRITICAL (2023-08-07 16:39:10,809): 
404 Client Error: Not Found for url: https://earthquake.phivolcs.dost.gov.ph/EQLatest-Monthly/2017/2017_Earthquake_Information/February/2017_0215_0847_B3F.html
CRITICAL (2023-08-07 16:39:23,184): 
404 Client Error: Not Found for url: https://earthquake.phivolcs.dost.gov.ph/EQLatest-Monthly/2017/2017_Earthquake_Information/February/2017_0215_0446_B2.html
CRITICAL (2023-08-07 16:39:35,425): 
404 Client Error: Not Found for url: https://earthquake.phivolcs.dost.gov.ph/EQLatest-Monthly/2017/2017_Earthquake_Information/February/2017_0215_0323_B2F.html
CRITICAL (2023-08-07 16:39:47,704): 
404 Client Error: Not Found for url: https://earthquake.phivolcs.dost.gov.ph/EQLatest-Monthly/2017/2017_Earthquake_Information/February/2017_0215_0035_B3F.html
CRITICAL (2023-08-07 16:39:59,946): 
404 Client Error: Not Found for url: https://earthquake.phivolcs.dost.gov.ph/EQLatest-Monthly/2017/2017_Earthquake_Information/February/2017_0214_2339_B2.html
CRITICAL (2023-08-07 16:40:12,146): 
404 Client Error: Not Found for url: https://earthquake.phivolcs.dost.gov.ph/EQLatest-Monthly/2017/2017_Earthquake_Information/February/2017_0214_1840_B2.html
CRITICAL (2023-08-07 16:40:24,300): 
404 Client Error: Not Found for url: https://earthquake.phivolcs.dost.gov.ph/EQLatest-Monthly/2017/2017_Earthquake_Information/February/2017_0214_1832_B2.html
CRITICAL (2023-08-07 16:40:36,568): 
404 Client Error: Not Found for url: https://earthquake.phivolcs.dost.gov.ph/EQLatest-Monthly/2017/2017_Earthquake_Information/February/2017_0214_1524_B3.html
CRITICAL (2023-08-07 16:40:48,817): 
404 Client Error: Not Found for url: https://earthquake.phivolcs.dost.gov.ph/EQLatest-Monthly/2017/2017_Earthquake_Information/February/2017_0214_1422_B2.html
CRITICAL (2023-08-07 16:41:01,162): 
404 Client Error: Not Found for url: https://earthquake.phivolcs.dost.gov.ph/EQLatest-Monthly/2017/2017_Earthquake_Information/February/2017_0214_0835_B1.html
CRITICAL (2023-08-07 16:41:13,335): 
404 Client Error: Not Found for url: https://earthquake.phivolcs.dost.gov.ph/EQLatest-Monthly/2017/2017_Earthquake_Information/February/2017_0214_0537_B2F.html
CRITICAL (2023-08-07 16:41:25,582): 
404 Client Error: Not Found for url: https://earthquake.phivolcs.dost.gov.ph/EQLatest-Monthly/2017/2017_Earthquake_Information/February/2017_0214_0457_B2F.html
CRITICAL (2023-08-07 16:41:31,100): 
404 Client Error: Not Found for url: https://earthquake.phivolcs.dost.gov.ph/EQLatest-Monthly/2017/2017_Earthquake_Information/February/2017_0214_0355_B2F.html
CRITICAL (2023-08-07 16:41:31,445): 
404 Client Error: Not Found for url: https://earthquake.phivolcs.dost.gov.ph/EQLatest-Monthly/2017/2017_Earthquake_Information/February/2017_0214_0354_B2.html
CRITICAL (2023-08-07 16:41:31,838): 
404 Client Error: Not Found for url: https://earthquake.phivolcs.dost.gov.ph/EQLatest-Monthly/2017/2017_Earthquake_Information/February/2017_0214_0246_B2F.html
CRITICAL (2023-08-07 16:41:32,169): 
404 Client Error: Not Found for url: https://earthquake.phivolcs.dost.gov.ph/EQLatest-Monthly/2017/2017_Earthquake_Information/February/2017_0213_2241_B2F.html
CRITICAL (2023-08-07 16:41:32,377): 
404 Client Error: Not Found for url: https://earthquake.phivolcs.dost.gov.ph/EQLatest-Monthly/2017/2017_Earthquake_Information/February/2017_0213_2140_B2F.html
CRITICAL (2023-08-07 16:41:32,736): 
404 Client Error: Not Found for url: https://earthquake.phivolcs.dost.gov.ph/EQLatest-Monthly/2017/2017_Earthquake_Information/February/2017_0213_2050_B2F.html
CRITICAL (2023-08-07 16:41:33,065): 
404 Client Error: Not Found for url: https://earthquake.phivolcs.dost.gov.ph/EQLatest-Monthly/2017/2017_Earthquake_Information/February/2017_0213_2031_B2.html
CRITICAL (2023-08-07 16:41:33,380): 
404 Client Error: Not Found for url: https://earthquake.phivolcs.dost.gov.ph/EQLatest-Monthly/2017/2017_Earthquake_Information/February/2017_0213_2024_B2F.html
CRITICAL (2023-08-07 16:41:33,552): 
404 Client Error: Not Found for url: https://earthquake.phivolcs.dost.gov.ph/EQLatest-Monthly/2017/2017_Earthquake_Information/February/2017_0213_2011_B2F.html
CRITICAL (2023-08-07 16:41:33,681): 
404 Client Error: Not Found for url: https://earthquake.phivolcs.dost.gov.ph/EQLatest-Monthly/2017/2017_Earthquake_Information/February/2017_0213_2003_B2F.html
CRITICAL (2023-08-07 16:41:33,804): 
404 Client Error: Not Found for url: https://earthquake.phivolcs.dost.gov.ph/EQLatest-Monthly/2017/2017_Earthquake_Information/February/2017_0213_1931_B2.html
CRITICAL (2023-08-07 16:41:33,982): 
404 Client Error: Not Found for url: https://earthquake.phivolcs.dost.gov.ph/EQLatest-Monthly/2017/2017_Earthquake_Information/February/2017_0213_1914_B3F.html
CRITICAL (2023-08-07 16:41:34,307): 
404 Client Error: Not Found for url: https://earthquake.phivolcs.dost.gov.ph/EQLatest-Monthly/2017/2017_Earthquake_Information/February/2017_0213_1908_B2.html
CRITICAL (2023-08-07 16:41:34,573): 
404 Client Error: Not Found for url: https://earthquake.phivolcs.dost.gov.ph/EQLatest-Monthly/2017/2017_Earthquake_Information/February/2017_0213_1806_B2.html
CRITICAL (2023-08-07 16:41:34,784): 
404 Client Error: Not Found for url: https://earthquake.phivolcs.dost.gov.ph/EQLatest-Monthly/2017/2017_Earthquake_Information/February/2017_0213_1802_B2.html
CRITICAL (2023-08-07 16:41:34,950): 
404 Client Error: Not Found for url: https://earthquake.phivolcs.dost.gov.ph/EQLatest-Monthly/2017/2017_Earthquake_Information/February/2017_0213_1749_B2.html
CRITICAL (2023-08-07 16:41:35,533): 
404 Client Error: Not Found for url: https://earthquake.phivolcs.dost.gov.ph/EQLatest-Monthly/2017/2017_Earthquake_Information/February/2017_0213_1737_B2F.html
CRITICAL (2023-08-07 16:41:41,132): 
404 Client Error: Not Found for url: https://earthquake.phivolcs.dost.gov.ph/EQLatest-Monthly/2017/2017_Earthquake_Information/February/2017_0213_1503_B2.html
CRITICAL (2023-08-07 16:41:41,446): 
404 Client Error: Not Found for url: https://earthquake.phivolcs.dost.gov.ph/EQLatest-Monthly/2017/2017_Earthquake_Information/February/2017_0213_1502_B2.html
CRITICAL (2023-08-07 16:41:41,713): 
404 Client Error: Not Found for url: https://earthquake.phivolcs.dost.gov.ph/EQLatest-Monthly/2017/2017_Earthquake_Information/February/2017_0213_1444_B2.html
CRITICAL (2023-08-07 16:41:41,855): 
404 Client Error: Not Found for url: https://earthquake.phivolcs.dost.gov.ph/EQLatest-Monthly/2017/2017_Earthquake_Information/February/2017_0213_1251_B2.html
CRITICAL (2023-08-07 16:41:42,106): 
404 Client Error: Not Found for url: https://earthquake.phivolcs.dost.gov.ph/EQLatest-Monthly/2017/2017_Earthquake_Information/February/2017_0213_1150_B2.html
CRITICAL (2023-08-07 16:41:42,374): 
404 Client Error: Not Found for url: https://earthquake.phivolcs.dost.gov.ph/EQLatest-Monthly/2017/2017_Earthquake_Information/February/2017_0213_1114_B3F.html
CRITICAL (2023-08-07 16:41:42,672): 
404 Client Error: Not Found for url: https://earthquake.phivolcs.dost.gov.ph/EQLatest-Monthly/2017/2017_Earthquake_Information/February/2017_0213_1110_B3F.html
CRITICAL (2023-08-07 16:41:42,845): 
404 Client Error: Not Found for url: https://earthquake.phivolcs.dost.gov.ph/EQLatest-Monthly/2017/2017_Earthquake_Information/February/2017_0213_1108_B3F.html
CRITICAL (2023-08-07 16:41:43,106): 
404 Client Error: Not Found for url: https://earthquake.phivolcs.dost.gov.ph/EQLatest-Monthly/2017/2017_Earthquake_Information/February/2017_0213_0614_B2.html
CRITICAL (2023-08-07 16:41:43,678): 
404 Client Error: Not Found for url: https://earthquake.phivolcs.dost.gov.ph/EQLatest-Monthly/2017/2017_Earthquake_Information/February/2017_0213_0530_B2.html
CRITICAL (2023-08-07 16:41:43,929): 
404 Client Error: Not Found for url: https://earthquake.phivolcs.dost.gov.ph/EQLatest-Monthly/2017/2017_Earthquake_Information/February/2017_0213_0340_B2.html
CRITICAL (2023-08-07 16:41:44,164): 
404 Client Error: Not Found for url: https://earthquake.phivolcs.dost.gov.ph/EQLatest-Monthly/2017/2017_Earthquake_Information/February/2017_0213_0239_B2.html
CRITICAL (2023-08-07 16:41:44,321): 
404 Client Error: Not Found for url: https://earthquake.phivolcs.dost.gov.ph/EQLatest-Monthly/2017/2017_Earthquake_Information/February/2017_0213_0159_B2.html
CRITICAL (2023-08-07 16:41:44,588): 
404 Client Error: Not Found for url: https://earthquake.phivolcs.dost.gov.ph/EQLatest-Monthly/2017/2017_Earthquake_Information/February/2017_0212_2022_B2F.html
CRITICAL (2023-08-07 16:41:44,839): 
404 Client Error: Not Found for url: https://earthquake.phivolcs.dost.gov.ph/EQLatest-Monthly/2017/2017_Earthquake_Information/February/2017_0212_1951_B2F.html
CRITICAL (2023-08-07 16:41:45,076): 
404 Client Error: Not Found for url: https://earthquake.phivolcs.dost.gov.ph/EQLatest-Monthly/2017/2017_Earthquake_Information/February/2017_0212_1829_B2F.html
CRITICAL (2023-08-07 16:41:45,170): 
404 Client Error: Not Found for url: https://earthquake.phivolcs.dost.gov.ph/EQLatest-Monthly/2017/2017_Earthquake_Information/February/2017_0212_1652_B2.html
CRITICAL (2023-08-07 16:41:45,484): 
404 Client Error: Not Found for url: https://earthquake.phivolcs.dost.gov.ph/EQLatest-Monthly/2017/2017_Earthquake_Information/February/2017_0212_1527_B2.html
CRITICAL (2023-08-07 16:41:57,647): 
404 Client Error: Not Found for url: https://earthquake.phivolcs.dost.gov.ph/EQLatest-Monthly/2017/2017_Earthquake_Information/February/2017_0212_1501_B2.html
CRITICAL (2023-08-07 16:42:03,045): 
404 Client Error: Not Found for url: https://earthquake.phivolcs.dost.gov.ph/EQLatest-Monthly/2017/2017_Earthquake_Information/February/2017_0212_1442_B2F.html
CRITICAL (2023-08-07 16:42:03,343): 
404 Client Error: Not Found for url: https://earthquake.phivolcs.dost.gov.ph/EQLatest-Monthly/2017/2017_Earthquake_Information/February/2017_0212_1216_B2F.html
CRITICAL (2023-08-07 16:42:03,516): 
404 Client Error: Not Found for url: https://earthquake.phivolcs.dost.gov.ph/EQLatest-Monthly/2017/2017_Earthquake_Information/February/2017_0212_1213_B2.html
CRITICAL (2023-08-07 16:42:03,689): 
404 Client Error: Not Found for url: https://earthquake.phivolcs.dost.gov.ph/EQLatest-Monthly/2017/2017_Earthquake_Information/February/2017_0212_1126_B2F.html
CRITICAL (2023-08-07 16:42:03,830): 
404 Client Error: Not Found for url: https://earthquake.phivolcs.dost.gov.ph/EQLatest-Monthly/2017/2017_Earthquake_Information/February/2017_0212_1018_B3F.html
CRITICAL (2023-08-07 16:42:03,940): 
404 Client Error: Not Found for url: https://earthquake.phivolcs.dost.gov.ph/EQLatest-Monthly/2017/2017_Earthquake_Information/February/2017_0212_0814_B2.html
CRITICAL (2023-08-07 16:42:04,145): 
404 Client Error: Not Found for url: https://earthquake.phivolcs.dost.gov.ph/EQLatest-Monthly/2017/2017_Earthquake_Information/February/2017_0212_0301_B3.html
CRITICAL (2023-08-07 16:42:04,470): 
404 Client Error: Not Found for url: https://earthquake.phivolcs.dost.gov.ph/EQLatest-Monthly/2017/2017_Earthquake_Information/February/2017_0212_0235_B2F.html
CRITICAL (2023-08-07 16:42:04,643): 
404 Client Error: Not Found for url: https://earthquake.phivolcs.dost.gov.ph/EQLatest-Monthly/2017/2017_Earthquake_Information/February/2017_0212_0233_B1F.html
CRITICAL (2023-08-07 16:42:05,130): 
404 Client Error: Not Found for url: https://earthquake.phivolcs.dost.gov.ph/EQLatest-Monthly/2017/2017_Earthquake_Information/February/2017_0212_0055_B2F.html
CRITICAL (2023-08-07 16:42:05,303): 
404 Client Error: Not Found for url: https://earthquake.phivolcs.dost.gov.ph/EQLatest-Monthly/2017/2017_Earthquake_Information/February/2017_0211_2312_B2.html
CRITICAL (2023-08-07 16:42:05,649): 
404 Client Error: Not Found for url: https://earthquake.phivolcs.dost.gov.ph/EQLatest-Monthly/2017/2017_Earthquake_Information/February/2017_0211_2253_B2F.html
CRITICAL (2023-08-07 16:42:05,968): 
404 Client Error: Not Found for url: https://earthquake.phivolcs.dost.gov.ph/EQLatest-Monthly/2017/2017_Earthquake_Information/February/2017_0211_2221_B2F.html
CRITICAL (2023-08-07 16:42:06,279): 
404 Client Error: Not Found for url: https://earthquake.phivolcs.dost.gov.ph/EQLatest-Monthly/2017/2017_Earthquake_Information/February/2017_0211_2133_B2.html
CRITICAL (2023-08-07 16:42:06,561): 
404 Client Error: Not Found for url: https://earthquake.phivolcs.dost.gov.ph/EQLatest-Monthly/2017/2017_Earthquake_Information/February/2017_0211_2121_B2.html
CRITICAL (2023-08-07 16:42:06,876): 
404 Client Error: Not Found for url: https://earthquake.phivolcs.dost.gov.ph/EQLatest-Monthly/2017/2017_Earthquake_Information/February/2017_0211_2057_B2.html
CRITICAL (2023-08-07 16:42:07,206): 
404 Client Error: Not Found for url: https://earthquake.phivolcs.dost.gov.ph/EQLatest-Monthly/2017/2017_Earthquake_Information/February/2017_0211_2040_B2.html
CRITICAL (2023-08-07 16:42:07,472): 
404 Client Error: Not Found for url: https://earthquake.phivolcs.dost.gov.ph/EQLatest-Monthly/2017/2017_Earthquake_Information/February/2017_0211_2032_B2.html
CRITICAL (2023-08-07 16:42:19,869): 
404 Client Error: Not Found for url: https://earthquake.phivolcs.dost.gov.ph/EQLatest-Monthly/2017/2017_Earthquake_Information/February/2017_0211_2026_B1F.html
CRITICAL (2023-08-07 16:42:32,050): 
404 Client Error: Not Found for url: https://earthquake.phivolcs.dost.gov.ph/EQLatest-Monthly/2017/2017_Earthquake_Information/February/2017_0211_1819_B2.html
CRITICAL (2023-08-07 16:42:44,309): 
404 Client Error: Not Found for url: https://earthquake.phivolcs.dost.gov.ph/EQLatest-Monthly/2017/2017_Earthquake_Information/February/2017_0211_1650_B2.html
CRITICAL (2023-08-07 16:42:56,557): 
404 Client Error: Not Found for url: https://earthquake.phivolcs.dost.gov.ph/EQLatest-Monthly/2017/2017_Earthquake_Information/February/2017_0211_1648_B1F.html
CRITICAL (2023-08-07 16:43:02,061): 
404 Client Error: Not Found for url: https://earthquake.phivolcs.dost.gov.ph/EQLatest-Monthly/2017/2017_Earthquake_Information/February/2017_0211_1610_B2F.html
CRITICAL (2023-08-07 16:43:02,250): 
404 Client Error: Not Found for url: https://earthquake.phivolcs.dost.gov.ph/EQLatest-Monthly/2017/2017_Earthquake_Information/February/2017_0211_1538_B2F.html
CRITICAL (2023-08-07 16:43:02,391): 
404 Client Error: Not Found for url: https://earthquake.phivolcs.dost.gov.ph/EQLatest-Monthly/2017/2017_Earthquake_Information/February/2017_0211_1537_B2.html
CRITICAL (2023-08-07 16:43:02,580): 
404 Client Error: Not Found for url: https://earthquake.phivolcs.dost.gov.ph/EQLatest-Monthly/2017/2017_Earthquake_Information/February/2017_0211_1534_B2F.html
CRITICAL (2023-08-07 16:43:02,800): 
404 Client Error: Not Found for url: https://earthquake.phivolcs.dost.gov.ph/EQLatest-Monthly/2017/2017_Earthquake_Information/February/2017_0211_1507_B2.html
CRITICAL (2023-08-07 16:43:02,957): 
404 Client Error: Not Found for url: https://earthquake.phivolcs.dost.gov.ph/EQLatest-Monthly/2017/2017_Earthquake_Information/February/2017_0211_1437_B2.html
CRITICAL (2023-08-07 16:43:03,161): 
404 Client Error: Not Found for url: https://earthquake.phivolcs.dost.gov.ph/EQLatest-Monthly/2017/2017_Earthquake_Information/February/2017_0211_1347_B2.html
CRITICAL (2023-08-07 16:43:03,303): 
404 Client Error: Not Found for url: https://earthquake.phivolcs.dost.gov.ph/EQLatest-Monthly/2017/2017_Earthquake_Information/February/2017_0211_1341_B2.html
CRITICAL (2023-08-07 16:43:03,491): 
404 Client Error: Not Found for url: https://earthquake.phivolcs.dost.gov.ph/EQLatest-Monthly/2017/2017_Earthquake_Information/February/2017_0211_1333_B2.html
CRITICAL (2023-08-07 16:43:03,633): 
404 Client Error: Not Found for url: https://earthquake.phivolcs.dost.gov.ph/EQLatest-Monthly/2017/2017_Earthquake_Information/February/2017_0211_1259_B2F.html
CRITICAL (2023-08-07 16:43:03,774): 
404 Client Error: Not Found for url: https://earthquake.phivolcs.dost.gov.ph/EQLatest-Monthly/2017/2017_Earthquake_Information/February/2017_0211_0825_B1.html
CRITICAL (2023-08-07 16:43:03,963): 
404 Client Error: Not Found for url: https://earthquake.phivolcs.dost.gov.ph/EQLatest-Monthly/2017/2017_Earthquake_Information/February/2017_0211_0825_B1.html
CRITICAL (2023-08-07 16:43:04,151): 
404 Client Error: Not Found for url: https://earthquake.phivolcs.dost.gov.ph/EQLatest-Monthly/2017/2017_Earthquake_Information/February/2017_0211_0825_B1.html
CRITICAL (2023-08-07 16:43:04,466): 
404 Client Error: Not Found for url: https://earthquake.phivolcs.dost.gov.ph/EQLatest-Monthly/2017/2017_Earthquake_Information/February/2017_0211_0825_B1.html
CRITICAL (2023-08-07 16:43:04,781): 
404 Client Error: Not Found for url: https://earthquake.phivolcs.dost.gov.ph/EQLatest-Monthly/2017/2017_Earthquake_Information/February/2017_0211_0825_B1.html
CRITICAL (2023-08-07 16:43:04,970): 
404 Client Error: Not Found for url: https://earthquake.phivolcs.dost.gov.ph/EQLatest-Monthly/2017/2017_Earthquake_Information/February/2017_0211_0825_B1.html
CRITICAL (2023-08-07 16:43:05,096): 
404 Client Error: Not Found for url: https://earthquake.phivolcs.dost.gov.ph/EQLatest-Monthly/2017/2017_Earthquake_Information/February/2017_0211_0825_B1.html
CRITICAL (2023-08-07 16:43:05,269): 
404 Client Error: Not Found for url: https://earthquake.phivolcs.dost.gov.ph/EQLatest-Monthly/2017/2017_Earthquake_Information/February/2017_0211_0825_B1.html
CRITICAL (2023-08-07 16:43:05,442): 
404 Client Error: Not Found for url: https://earthquake.phivolcs.dost.gov.ph/EQLatest-Monthly/2017/2017_Earthquake_Information/February/2017_0211_0825_B1.html
CRITICAL (2023-08-07 16:43:05,693): 
404 Client Error: Not Found for url: https://earthquake.phivolcs.dost.gov.ph/EQLatest-Monthly/2017/2017_Earthquake_Information/February/2017_0211_0932_B3F.html
CRITICAL (2023-08-07 16:43:05,850): 
404 Client Error: Not Found for url: https://earthquake.phivolcs.dost.gov.ph/EQLatest-Monthly/2017/2017_Earthquake_Information/February/2017_0211_0915_B3F.html
CRITICAL (2023-08-07 16:43:06,007): 
404 Client Error: Not Found for url: https://earthquake.phivolcs.dost.gov.ph/EQLatest-Monthly/2017/2017_Earthquake_Information/February/2017_0211_0825_B1.html
CRITICAL (2023-08-07 16:43:06,117): 
404 Client Error: Not Found for url: https://earthquake.phivolcs.dost.gov.ph/EQLatest-Monthly/2017/2017_Earthquake_Information/February/2017_0211_0825_B1.html
CRITICAL (2023-08-07 16:43:06,290): 
404 Client Error: Not Found for url: https://earthquake.phivolcs.dost.gov.ph/EQLatest-Monthly/2017/2017_Earthquake_Information/February/2017_0211_0825_B1.html
CRITICAL (2023-08-07 16:43:18,503): 
404 Client Error: Not Found for url: https://earthquake.phivolcs.dost.gov.ph/EQLatest-Monthly/2017/2017_Earthquake_Information/February/2017_0211_0825_B2.html
CRITICAL (2023-08-07 16:43:30,861): 
404 Client Error: Not Found for url: https://earthquake.phivolcs.dost.gov.ph/EQLatest-Monthly/2017/2017_Earthquake_Information/February/2017_0211_0758_B2.html
CRITICAL (2023-08-07 16:43:37,075): 
404 Client Error: Not Found for url: https://earthquake.phivolcs.dost.gov.ph/EQLatest-Monthly/2017/2017_Earthquake_Information/February/2017_0211_0704_B2.html
CRITICAL (2023-08-07 16:43:37,357): 
404 Client Error: Not Found for url: https://earthquake.phivolcs.dost.gov.ph/EQLatest-Monthly/2017/2017_Earthquake_Information/February/2017_0211_0653_B2.html
CRITICAL (2023-08-07 16:43:37,656): 
404 Client Error: Not Found for url: https://earthquake.phivolcs.dost.gov.ph/EQLatest-Monthly/2017/2017_Earthquake_Information/February/2017_0211_0418_B2.html
CRITICAL (2023-08-07 16:43:38,017): 
404 Client Error: Not Found for url: https://earthquake.phivolcs.dost.gov.ph/EQLatest-Monthly/2017/2017_Earthquake_Information/February/2017_0211_0253_B2F.html
CRITICAL (2023-08-07 16:43:38,254): 
404 Client Error: Not Found for url: https://earthquake.phivolcs.dost.gov.ph/EQLatest-Monthly/2017/2017_Earthquake_Information/February/2017_0211_0142_B2.html
CRITICAL (2023-08-07 16:43:38,694): 
404 Client Error: Not Found for url: https://earthquake.phivolcs.dost.gov.ph/EQLatest-Monthly/2017/2017_Earthquake_Information/February/2017_0211_0121_B2.html
CRITICAL (2023-08-07 16:43:38,866): 
404 Client Error: Not Found for url: https://earthquake.phivolcs.dost.gov.ph/EQLatest-Monthly/2017/2017_Earthquake_Information/February/2017_0210_2345_B2F.html
CRITICAL (2023-08-07 16:43:39,120): 
404 Client Error: Not Found for url: https://earthquake.phivolcs.dost.gov.ph/EQLatest-Monthly/2017/2017_Earthquake_Information/February/2017_0210_2253_B2F.html
CRITICAL (2023-08-07 16:43:39,421): 
404 Client Error: Not Found for url: https://earthquake.phivolcs.dost.gov.ph/EQLatest-Monthly/2017/2017_Earthquake_Information/February/2017_0210_2141_B2.html
CRITICAL (2023-08-07 16:43:39,605): 
404 Client Error: Not Found for url: https://earthquake.phivolcs.dost.gov.ph/EQLatest-Monthly/2017/2017_Earthquake_Information/February/2017_0210_2106_B2.html
CRITICAL (2023-08-07 16:43:40,077): 
404 Client Error: Not Found for url: https://earthquake.phivolcs.dost.gov.ph/EQLatest-Monthly/2017/2017_Earthquake_Information/February/2017_0210_2033_B2F.html
CRITICAL (2023-08-07 16:43:40,324): 
404 Client Error: Not Found for url: https://earthquake.phivolcs.dost.gov.ph/EQLatest-Monthly/2017/2017_Earthquake_Information/February/2017_0210_2019_B2F.html
CRITICAL (2023-08-07 16:43:40,408): 
404 Client Error: Not Found for url: https://earthquake.phivolcs.dost.gov.ph/EQLatest-Monthly/2017/2017_Earthquake_Information/February/2017_0210_1944_B2F.html
CRITICAL (2023-08-07 16:43:40,675): 
404 Client Error: Not Found for url: https://earthquake.phivolcs.dost.gov.ph/EQLatest-Monthly/2017/2017_Earthquake_Information/February/2017_0210_1930_B2F.html
CRITICAL (2023-08-07 16:43:40,879): 
404 Client Error: Not Found for url: https://earthquake.phivolcs.dost.gov.ph/EQLatest-Monthly/2017/2017_Earthquake_Information/February/2017_0210_1924_B2F.html
CRITICAL (2023-08-07 16:43:41,052): 
404 Client Error: Not Found for url: https://earthquake.phivolcs.dost.gov.ph/EQLatest-Monthly/2017/2017_Earthquake_Information/February/2017_0210_1917_B2F.html
CRITICAL (2023-08-07 16:43:41,326): 
404 Client Error: Not Found for url: https://earthquake.phivolcs.dost.gov.ph/EQLatest-Monthly/2017/2017_Earthquake_Information/February/2017_0210_1912_B2F.html
CRITICAL (2023-08-07 16:43:47,244): 
404 Client Error: Not Found for url: https://earthquake.phivolcs.dost.gov.ph/EQLatest-Monthly/2017/2017_Earthquake_Information/February/2017_0210_1851_B2F.html
CRITICAL (2023-08-07 16:43:47,559): 
404 Client Error: Not Found for url: https://earthquake.phivolcs.dost.gov.ph/EQLatest-Monthly/2017/2017_Earthquake_Information/February/2017_0210_1842_B2.html
CRITICAL (2023-08-07 16:43:47,897): 
404 Client Error: Not Found for url: https://earthquake.phivolcs.dost.gov.ph/EQLatest-Monthly/2017/2017_Earthquake_Information/February/2017_0210_1839_B2.html
CRITICAL (2023-08-07 16:43:48,213): 
404 Client Error: Not Found for url: https://earthquake.phivolcs.dost.gov.ph/EQLatest-Monthly/2017/2017_Earthquake_Information/February/2017_0210_1807_B2F.html
CRITICAL (2023-08-07 16:43:48,475): 
404 Client Error: Not Found for url: https://earthquake.phivolcs.dost.gov.ph/EQLatest-Monthly/2017/2017_Earthquake_Information/February/2017_0210_1759_B2F.html
CRITICAL (2023-08-07 16:43:48,789): 
404 Client Error: Not Found for url: https://earthquake.phivolcs.dost.gov.ph/EQLatest-Monthly/2017/2017_Earthquake_Information/February/2017_0210_1740_B2F.html
CRITICAL (2023-08-07 16:43:49,135): 
404 Client Error: Not Found for url: https://earthquake.phivolcs.dost.gov.ph/EQLatest-Monthly/2017/2017_Earthquake_Information/February/2017_0210_1732_B2F.html
CRITICAL (2023-08-07 16:43:49,324): 
404 Client Error: Not Found for url: https://earthquake.phivolcs.dost.gov.ph/EQLatest-Monthly/2017/2017_Earthquake_Information/February/2017_0210_1722_B2F.html
CRITICAL (2023-08-07 16:43:49,402): 
404 Client Error: Not Found for url: https://earthquake.phivolcs.dost.gov.ph/EQLatest-Monthly/2017/2017_Earthquake_Information/February/2017_0210_1717_B2F.html
CRITICAL (2023-08-07 16:43:49,528): 
404 Client Error: Not Found for url: https://earthquake.phivolcs.dost.gov.ph/EQLatest-Monthly/2017/2017_Earthquake_Information/February/2017_0210_1705_B2.html
CRITICAL (2023-08-07 16:43:49,775): 
404 Client Error: Not Found for url: https://earthquake.phivolcs.dost.gov.ph/EQLatest-Monthly/2017/2017_Earthquake_Information/February/2017_0210_1641_B2.html
CRITICAL (2023-08-07 16:43:50,048): 
404 Client Error: Not Found for url: https://earthquake.phivolcs.dost.gov.ph/EQLatest-Monthly/2017/2017_Earthquake_Information/February/2017_0210_1635_B2.html
CRITICAL (2023-08-07 16:43:50,280): 
404 Client Error: Not Found for url: https://earthquake.phivolcs.dost.gov.ph/EQLatest-Monthly/2017/2017_Earthquake_Information/February/2017_0210_1619_B2.html
CRITICAL (2023-08-07 16:43:50,610): 
404 Client Error: Not Found for url: https://earthquake.phivolcs.dost.gov.ph/EQLatest-Monthly/2017/2017_Earthquake_Information/February/2017_0210_1616_B2.html
CRITICAL (2023-08-07 16:43:50,783): 
404 Client Error: Not Found for url: https://earthquake.phivolcs.dost.gov.ph/EQLatest-Monthly/2017/2017_Earthquake_Information/February/2017_0210_1610_B2.html
CRITICAL (2023-08-07 16:43:51,002): 
404 Client Error: Not Found for url: https://earthquake.phivolcs.dost.gov.ph/EQLatest-Monthly/2017/2017_Earthquake_Information/February/2017_0210_1558_B2.html
CRITICAL (2023-08-07 16:43:51,348): 
404 Client Error: Not Found for url: https://earthquake.phivolcs.dost.gov.ph/EQLatest-Monthly/2017/2017_Earthquake_Information/February/2017_0210_1552_B2F.html
CRITICAL (2023-08-07 16:43:57,179): 
404 Client Error: Not Found for url: https://earthquake.phivolcs.dost.gov.ph/EQLatest-Monthly/2017/2017_Earthquake_Information/February/2017_0210_1536_B2.html
CRITICAL (2023-08-07 16:43:57,398): 
404 Client Error: Not Found for url: https://earthquake.phivolcs.dost.gov.ph/EQLatest-Monthly/2017/2017_Earthquake_Information/February/2017_0210_1530_B2.html
CRITICAL (2023-08-07 16:43:57,618): 
404 Client Error: Not Found for url: https://earthquake.phivolcs.dost.gov.ph/EQLatest-Monthly/2017/2017_Earthquake_Information/February/2017_0210_1525_B2.html
CRITICAL (2023-08-07 16:43:57,854): 
404 Client Error: Not Found for url: https://earthquake.phivolcs.dost.gov.ph/EQLatest-Monthly/2017/2017_Earthquake_Information/February/2017_0210_1509_B2.html
CRITICAL (2023-08-07 16:43:58,106): 
404 Client Error: Not Found for url: https://earthquake.phivolcs.dost.gov.ph/EQLatest-Monthly/2017/2017_Earthquake_Information/February/2017_0210_1403_B4F.html
CRITICAL (2023-08-07 16:43:58,420): 
404 Client Error: Not Found for url: https://earthquake.phivolcs.dost.gov.ph/EQLatest-Monthly/2017/2017_Earthquake_Information/February/2017_0210_1210_B3F.html
CRITICAL (2023-08-07 16:43:58,735): 
404 Client Error: Not Found for url: https://earthquake.phivolcs.dost.gov.ph/EQLatest-Monthly/2017/2017_Earthquake_Information/February/2017_0210_1044_B2.html
CRITICAL (2023-08-07 16:43:58,939): 
404 Client Error: Not Found for url: https://earthquake.phivolcs.dost.gov.ph/EQLatest-Monthly/2017/2017_Earthquake_Information/February/2017_0210_0800_B1.html
CRITICAL (2023-08-07 16:43:59,347): 
404 Client Error: Not Found for url: https://earthquake.phivolcs.dost.gov.ph/EQLatest-Monthly/2017/2017_Earthquake_Information/February/2017_0210_0759_B1.html
CRITICAL (2023-08-07 16:43:59,661): 
404 Client Error: Not Found for url: https://earthquake.phivolcs.dost.gov.ph/EQLatest-Monthly/2017/2017_Earthquake_Information/February/2017_0210_0708_B2.html
CRITICAL (2023-08-07 16:43:59,850): 
404 Client Error: Not Found for url: https://earthquake.phivolcs.dost.gov.ph/EQLatest-Monthly/2017/2017_Earthquake_Information/February/2017_0210_0654_B2F.html
CRITICAL (2023-08-07 16:44:00,227): 
404 Client Error: Not Found for url: https://earthquake.phivolcs.dost.gov.ph/EQLatest-Monthly/2017/2017_Earthquake_Information/February/2017_0210_0532_B1.html
CRITICAL (2023-08-07 16:44:00,479): 
404 Client Error: Not Found for url: https://earthquake.phivolcs.dost.gov.ph/EQLatest-Monthly/2017/2017_Earthquake_Information/February/2017_0210_0531_B2.html
CRITICAL (2023-08-07 16:44:00,888): 
404 Client Error: Not Found for url: https://earthquake.phivolcs.dost.gov.ph/EQLatest-Monthly/2017/2017_Earthquake_Information/February/2017_0209_0854_B1.html
CRITICAL (2023-08-07 16:44:01,139): 
404 Client Error: Not Found for url: https://earthquake.phivolcs.dost.gov.ph/EQLatest-Monthly/2017/2017_Earthquake_Information/February/2017_0209_0854_B1.html
CRITICAL (2023-08-07 16:44:01,453): 
404 Client Error: Not Found for url: https://earthquake.phivolcs.dost.gov.ph/EQLatest-Monthly/2017/2017_Earthquake_Information/February/2017_0209_0854_B1.html
CRITICAL (2023-08-07 16:44:13,643): 
404 Client Error: Not Found for url: https://earthquake.phivolcs.dost.gov.ph/EQLatest-Monthly/2017/2017_Earthquake_Information/February/2017_0209_0854_B1.html
CRITICAL (2023-08-07 16:44:19,085): 
404 Client Error: Not Found for url: https://earthquake.phivolcs.dost.gov.ph/EQLatest-Monthly/2017/2017_Earthquake_Information/February/2017_0209_0854_B1.html
CRITICAL (2023-08-07 16:44:19,229): 
404 Client Error: Not Found for url: https://earthquake.phivolcs.dost.gov.ph/EQLatest-Monthly/2017/2017_Earthquake_Information/February/2017_0209_0854_B1.html
CRITICAL (2023-08-07 16:44:19,418): 
404 Client Error: Not Found for url: https://earthquake.phivolcs.dost.gov.ph/EQLatest-Monthly/2017/2017_Earthquake_Information/February/2017_0209_0854_B1.html
CRITICAL (2023-08-07 16:44:19,732): 
404 Client Error: Not Found for url: https://earthquake.phivolcs.dost.gov.ph/EQLatest-Monthly/2017/2017_Earthquake_Information/February/2017_0209_0854_B1.html
CRITICAL (2023-08-07 16:44:19,937): 
404 Client Error: Not Found for url: https://earthquake.phivolcs.dost.gov.ph/EQLatest-Monthly/2017/2017_Earthquake_Information/February/2017_0209_0854_B2.html
CRITICAL (2023-08-07 16:44:20,141): 
404 Client Error: Not Found for url: https://earthquake.phivolcs.dost.gov.ph/EQLatest-Monthly/2017/2017_Earthquake_Information/February/2017_0209_0648_B2.html
CRITICAL (2023-08-07 16:44:20,331): 
404 Client Error: Not Found for url: https://earthquake.phivolcs.dost.gov.ph/EQLatest-Monthly/2017/2017_Earthquake_Information/February/2017_0209_0439_B2.html
CRITICAL (2023-08-07 16:44:20,567): 
404 Client Error: Not Found for url: https://earthquake.phivolcs.dost.gov.ph/EQLatest-Monthly/2017/2017_Earthquake_Information/February/2017_0209_0437_B2.html
CRITICAL (2023-08-07 16:44:20,708): 
404 Client Error: Not Found for url: https://earthquake.phivolcs.dost.gov.ph/EQLatest-Monthly/2017/2017_Earthquake_Information/February/2017_0209_0419_B2.html
CRITICAL (2023-08-07 16:44:20,912): 
404 Client Error: Not Found for url: https://earthquake.phivolcs.dost.gov.ph/EQLatest-Monthly/2017/2017_Earthquake_Information/February/2017_0209_0309_B2.html
CRITICAL (2023-08-07 16:44:21,211): 
404 Client Error: Not Found for url: https://earthquake.phivolcs.dost.gov.ph/EQLatest-Monthly/2017/2017_Earthquake_Information/February/2017_0209_0015_B2.html
CRITICAL (2023-08-07 16:44:21,384): 
404 Client Error: Not Found for url: https://earthquake.phivolcs.dost.gov.ph/EQLatest-Monthly/2017/2017_Earthquake_Information/February/2017_0209_0003_B2.html
CRITICAL (2023-08-07 16:44:21,557): 
404 Client Error: Not Found for url: https://earthquake.phivolcs.dost.gov.ph/EQLatest-Monthly/2017/2017_Earthquake_Information/February/2017_0208_2323_B2.html
CRITICAL (2023-08-07 16:44:21,855): 
404 Client Error: Not Found for url: https://earthquake.phivolcs.dost.gov.ph/EQLatest-Monthly/2017/2017_Earthquake_Information/February/2017_0208_2203_B2.html
CRITICAL (2023-08-07 16:44:22,031): 
404 Client Error: Not Found for url: https://earthquake.phivolcs.dost.gov.ph/EQLatest-Monthly/2017/2017_Earthquake_Information/February/2017_0208_2054_B3.html
CRITICAL (2023-08-07 16:44:22,217): 
404 Client Error: Not Found for url: https://earthquake.phivolcs.dost.gov.ph/EQLatest-Monthly/2017/2017_Earthquake_Information/February/2017_0208_1959_B2.html
CRITICAL (2023-08-07 16:44:22,358): 
404 Client Error: Not Found for url: https://earthquake.phivolcs.dost.gov.ph/EQLatest-Monthly/2017/2017_Earthquake_Information/February/2017_0208_1922_B2.html
CRITICAL (2023-08-07 16:44:22,531): 
404 Client Error: Not Found for url: https://earthquake.phivolcs.dost.gov.ph/EQLatest-Monthly/2017/2017_Earthquake_Information/February/2017_0208_1830_B2.html
CRITICAL (2023-08-07 16:44:22,861): 
404 Client Error: Not Found for url: https://earthquake.phivolcs.dost.gov.ph/EQLatest-Monthly/2017/2017_Earthquake_Information/February/2017_0208_1802_B2F.html
CRITICAL (2023-08-07 16:44:23,176): 
404 Client Error: Not Found for url: https://earthquake.phivolcs.dost.gov.ph/EQLatest-Monthly/2017/2017_Earthquake_Information/February/2017_0208_1719_B2F.html
CRITICAL (2023-08-07 16:44:23,302): 
404 Client Error: Not Found for url: https://earthquake.phivolcs.dost.gov.ph/EQLatest-Monthly/2017/2017_Earthquake_Information/February/2017_0208_1705_B3F.html
CRITICAL (2023-08-07 16:44:29,102): 
404 Client Error: Not Found for url: https://earthquake.phivolcs.dost.gov.ph/EQLatest-Monthly/2017/2017_Earthquake_Information/February/2017_0208_1647_B3F.html
CRITICAL (2023-08-07 16:44:29,290): 
404 Client Error: Not Found for url: https://earthquake.phivolcs.dost.gov.ph/EQLatest-Monthly/2017/2017_Earthquake_Information/February/2017_0208_1552_B2.html
CRITICAL (2023-08-07 16:44:29,448): 
404 Client Error: Not Found for url: https://earthquake.phivolcs.dost.gov.ph/EQLatest-Monthly/2017/2017_Earthquake_Information/February/2017_0208_1405_B2.html
CRITICAL (2023-08-07 16:44:29,683): 
404 Client Error: Not Found for url: https://earthquake.phivolcs.dost.gov.ph/EQLatest-Monthly/2017/2017_Earthquake_Information/February/2017_0208_0938_B2.html
CRITICAL (2023-08-07 16:44:29,934): 
404 Client Error: Not Found for url: https://earthquake.phivolcs.dost.gov.ph/EQLatest-Monthly/2017/2017_Earthquake_Information/February/2017_0208_0604_B2.html
CRITICAL (2023-08-07 16:44:30,092): 
404 Client Error: Not Found for url: https://earthquake.phivolcs.dost.gov.ph/EQLatest-Monthly/2017/2017_Earthquake_Information/February/2017_0208_0135_B2.html
CRITICAL (2023-08-07 16:44:30,327): 
404 Client Error: Not Found for url: https://earthquake.phivolcs.dost.gov.ph/EQLatest-Monthly/2017/2017_Earthquake_Information/February/2017_0208_0059_B3F.html
CRITICAL (2023-08-07 16:44:30,594): 
404 Client Error: Not Found for url: https://earthquake.phivolcs.dost.gov.ph/EQLatest-Monthly/2017/2017_Earthquake_Information/February/2017_0207_1834_B2.html
CRITICAL (2023-08-07 16:44:30,830): 
404 Client Error: Not Found for url: https://earthquake.phivolcs.dost.gov.ph/EQLatest-Monthly/2017/2017_Earthquake_Information/February/2017_0207_0854_B2.html
CRITICAL (2023-08-07 16:44:30,925): 
404 Client Error: Not Found for url: https://earthquake.phivolcs.dost.gov.ph/EQLatest-Monthly/2017/2017_Earthquake_Information/February/2017_0207_0821_B3F.html
CRITICAL (2023-08-07 16:44:31,176): 
404 Client Error: Not Found for url: https://earthquake.phivolcs.dost.gov.ph/EQLatest-Monthly/2017/2017_Earthquake_Information/February/2017_0206_1726_B2.html
CRITICAL (2023-08-07 16:44:31,333): 
404 Client Error: Not Found for url: https://earthquake.phivolcs.dost.gov.ph/EQLatest-Monthly/2017/2017_Earthquake_Information/February/2017_0206_1229_B2.html
CRITICAL (2023-08-07 16:44:31,507): 
404 Client Error: Not Found for url: https://earthquake.phivolcs.dost.gov.ph/EQLatest-Monthly/2017/2017_Earthquake_Information/February/2017_0206_1148_B2.html
CRITICAL (2023-08-07 16:44:31,654): 
404 Client Error: Not Found for url: https://earthquake.phivolcs.dost.gov.ph/EQLatest-Monthly/2017/2017_Earthquake_Information/February/2017_0206_0425_B2.html
CRITICAL (2023-08-07 16:44:31,789): 
404 Client Error: Not Found for url: https://earthquake.phivolcs.dost.gov.ph/EQLatest-Monthly/2017/2017_Earthquake_Information/February/2017_0206_0205_B2.html
CRITICAL (2023-08-07 16:44:32,079): 
404 Client Error: Not Found for url: https://earthquake.phivolcs.dost.gov.ph/EQLatest-Monthly/2017/2017_Earthquake_Information/February/2017_0205_2211_B2.html
CRITICAL (2023-08-07 16:44:32,230): 
404 Client Error: Not Found for url: https://earthquake.phivolcs.dost.gov.ph/EQLatest-Monthly/2017/2017_Earthquake_Information/February/2017_0205_1507_B2.html
CRITICAL (2023-08-07 16:44:32,419): 
404 Client Error: Not Found for url: https://earthquake.phivolcs.dost.gov.ph/EQLatest-Monthly/2017/2017_Earthquake_Information/February/2017_0205_1050_B2.html
CRITICAL (2023-08-07 16:44:32,718): 
404 Client Error: Not Found for url: https://earthquake.phivolcs.dost.gov.ph/EQLatest-Monthly/2017/2017_Earthquake_Information/February/2017_0204_1923_B2F.html
CRITICAL (2023-08-07 16:44:32,860): 
404 Client Error: Not Found for url: https://earthquake.phivolcs.dost.gov.ph/EQLatest-Monthly/2017/2017_Earthquake_Information/February/2017_0204_1918_B3F.html
CRITICAL (2023-08-07 16:44:33,143): 
404 Client Error: Not Found for url: https://earthquake.phivolcs.dost.gov.ph/EQLatest-Monthly/2017/2017_Earthquake_Information/February/2017_0204_1838_B2.html
CRITICAL (2023-08-07 16:44:33,536): 
404 Client Error: Not Found for url: https://earthquake.phivolcs.dost.gov.ph/EQLatest-Monthly/2017/2017_Earthquake_Information/February/2017_0204_1837_B2F.html
CRITICAL (2023-08-07 16:44:38,976): 
404 Client Error: Not Found for url: https://earthquake.phivolcs.dost.gov.ph/EQLatest-Monthly/2017/2017_Earthquake_Information/February/2017_0204_1802_B2F.html
CRITICAL (2023-08-07 16:44:39,228): 
404 Client Error: Not Found for url: https://earthquake.phivolcs.dost.gov.ph/EQLatest-Monthly/2017/2017_Earthquake_Information/February/2017_0204_1638_B2.html
CRITICAL (2023-08-07 16:44:39,542): 
404 Client Error: Not Found for url: https://earthquake.phivolcs.dost.gov.ph/EQLatest-Monthly/2017/2017_Earthquake_Information/February/2017_0204_1629_B2.html
CRITICAL (2023-08-07 16:44:39,637): 
404 Client Error: Not Found for url: https://earthquake.phivolcs.dost.gov.ph/EQLatest-Monthly/2017/2017_Earthquake_Information/February/2017_0204_1601_B2.html
CRITICAL (2023-08-07 16:44:39,888): 
404 Client Error: Not Found for url: https://earthquake.phivolcs.dost.gov.ph/EQLatest-Monthly/2017/2017_Earthquake_Information/February/2017_0204_1309_B2.html
CRITICAL (2023-08-07 16:44:40,093): 
404 Client Error: Not Found for url: https://earthquake.phivolcs.dost.gov.ph/EQLatest-Monthly/2017/2017_Earthquake_Information/February/2017_0204_1240_B2.html
CRITICAL (2023-08-07 16:44:40,391): 
404 Client Error: Not Found for url: https://earthquake.phivolcs.dost.gov.ph/EQLatest-Monthly/2017/2017_Earthquake_Information/February/2017_0204_1131_B2.html
CRITICAL (2023-08-07 16:44:40,532): 
404 Client Error: Not Found for url: https://earthquake.phivolcs.dost.gov.ph/EQLatest-Monthly/2017/2017_Earthquake_Information/February/2017_0204_0732_B2.html
CRITICAL (2023-08-07 16:44:40,784): 
404 Client Error: Not Found for url: https://earthquake.phivolcs.dost.gov.ph/EQLatest-Monthly/2017/2017_Earthquake_Information/February/2017_0204_0722_B2.html
CRITICAL (2023-08-07 16:44:41,051): 
404 Client Error: Not Found for url: https://earthquake.phivolcs.dost.gov.ph/EQLatest-Monthly/2017/2017_Earthquake_Information/February/2017_0203_1709_B2.html
CRITICAL (2023-08-07 16:44:41,178): 
404 Client Error: Not Found for url: https://earthquake.phivolcs.dost.gov.ph/EQLatest-Monthly/2017/2017_Earthquake_Information/February/2017_0203_1532_B1.html
CRITICAL (2023-08-07 16:44:41,429): 
404 Client Error: Not Found for url: https://earthquake.phivolcs.dost.gov.ph/EQLatest-Monthly/2017/2017_Earthquake_Information/February/2017_0203_1147_B2.html
CRITICAL (2023-08-07 16:44:41,778): 
404 Client Error: Not Found for url: https://earthquake.phivolcs.dost.gov.ph/EQLatest-Monthly/2017/2017_Earthquake_Information/February/2017_0203_0207_B2.html
CRITICAL (2023-08-07 16:44:42,026): 
404 Client Error: Not Found for url: https://earthquake.phivolcs.dost.gov.ph/EQLatest-Monthly/2017/2017_Earthquake_Information/February/2017_0203_0036_B2.html
CRITICAL (2023-08-07 16:44:42,356): 
404 Client Error: Not Found for url: https://earthquake.phivolcs.dost.gov.ph/EQLatest-Monthly/2017/2017_Earthquake_Information/February/2017_0203_0030_B2.html
CRITICAL (2023-08-07 16:44:42,560): 
404 Client Error: Not Found for url: https://earthquake.phivolcs.dost.gov.ph/EQLatest-Monthly/2017/2017_Earthquake_Information/February/2017_0203_0014_B2.html
CRITICAL (2023-08-07 16:44:42,670): 
404 Client Error: Not Found for url: https://earthquake.phivolcs.dost.gov.ph/EQLatest-Monthly/2017/2017_Earthquake_Information/February/2017_0202_2029_B1.html
CRITICAL (2023-08-07 16:44:42,922): 
404 Client Error: Not Found for url: https://earthquake.phivolcs.dost.gov.ph/EQLatest-Monthly/2017/2017_Earthquake_Information/February/2017_0202_1929_B2.html
CRITICAL (2023-08-07 16:44:43,158): 
404 Client Error: Not Found for url: https://earthquake.phivolcs.dost.gov.ph/EQLatest-Monthly/2017/2017_Earthquake_Information/February/2017_0202_1857_B2.html
CRITICAL (2023-08-07 16:44:43,331): 
404 Client Error: Not Found for url: https://earthquake.phivolcs.dost.gov.ph/EQLatest-Monthly/2017/2017_Earthquake_Information/February/2017_0202_1746_B3.html
CRITICAL (2023-08-07 16:44:55,599): 
404 Client Error: Not Found for url: https://earthquake.phivolcs.dost.gov.ph/EQLatest-Monthly/2017/2017_Earthquake_Information/February/2017_0202_1231_B2.html
CRITICAL (2023-08-07 16:45:01,038): 
404 Client Error: Not Found for url: https://earthquake.phivolcs.dost.gov.ph/EQLatest-Monthly/2017/2017_Earthquake_Information/February/2017_0202_0946_B2.html
CRITICAL (2023-08-07 16:45:01,211): 
404 Client Error: Not Found for url: https://earthquake.phivolcs.dost.gov.ph/EQLatest-Monthly/2017/2017_Earthquake_Information/February/2017_0202_0753_B2.html
CRITICAL (2023-08-07 16:45:01,290): 
404 Client Error: Not Found for url: https://earthquake.phivolcs.dost.gov.ph/EQLatest-Monthly/2017/2017_Earthquake_Information/February/2017_0202_0627_B2.html
CRITICAL (2023-08-07 16:45:01,528): 
404 Client Error: Not Found for url: https://earthquake.phivolcs.dost.gov.ph/EQLatest-Monthly/2017/2017_Earthquake_Information/February/2017_0202_0521_B2.html
CRITICAL (2023-08-07 16:45:01,667): 
404 Client Error: Not Found for url: https://earthquake.phivolcs.dost.gov.ph/EQLatest-Monthly/2017/2017_Earthquake_Information/February/2017_0202_0121_B2.html
CRITICAL (2023-08-07 16:45:01,935): 
404 Client Error: Not Found for url: https://earthquake.phivolcs.dost.gov.ph/EQLatest-Monthly/2017/2017_Earthquake_Information/February/2017_0201_2151_B2.html
CRITICAL (2023-08-07 16:45:02,128): 
404 Client Error: Not Found for url: https://earthquake.phivolcs.dost.gov.ph/EQLatest-Monthly/2017/2017_Earthquake_Information/February/2017_0201_2045_B2.html
CRITICAL (2023-08-07 16:45:02,500): 
404 Client Error: Not Found for url: https://earthquake.phivolcs.dost.gov.ph/EQLatest-Monthly/2017/2017_Earthquake_Information/February/2017_0201_1708_B2.html
CRITICAL (2023-08-07 16:45:02,704): 
404 Client Error: Not Found for url: https://earthquake.phivolcs.dost.gov.ph/EQLatest-Monthly/2017/2017_Earthquake_Information/February/2017_0201_1702_B2.html
WARNING (2023-08-07 16:45:02,767): Retrying (Retry(total=4, connect=None, read=None, redirect=None, status=None)) after connection broken by 'ProtocolError('Connection aborted.', ConnectionResetError(10054, 'An existing connection was forcibly closed by the remote host', None, 10054, None))': /EQLatest-Monthly/2017/2017_Earthquake_Information/February/2017_0201_1643_B2.html
CRITICAL (2023-08-07 16:45:03,476): 
404 Client Error: Not Found for url: https://earthquake.phivolcs.dost.gov.ph/EQLatest-Monthly/2017/2017_Earthquake_Information/February/2017_0201_1643_B2.html
CRITICAL (2023-08-07 16:45:03,759): 
404 Client Error: Not Found for url: https://earthquake.phivolcs.dost.gov.ph/EQLatest-Monthly/2017/2017_Earthquake_Information/February/2017_0201_1337_B2.html
CRITICAL (2023-08-07 16:45:03,933): 
404 Client Error: Not Found for url: https://earthquake.phivolcs.dost.gov.ph/EQLatest-Monthly/2017/2017_Earthquake_Information/February/2017_0201_1239_B2.html
CRITICAL (2023-08-07 16:45:04,326): 
404 Client Error: Not Found for url: https://earthquake.phivolcs.dost.gov.ph/EQLatest-Monthly/2017/2017_Earthquake_Information/February/2017_0201_1143_B2.html
CRITICAL (2023-08-07 16:45:04,577): 
404 Client Error: Not Found for url: https://earthquake.phivolcs.dost.gov.ph/EQLatest-Monthly/2017/2017_Earthquake_Information/January/2017_0131_2039_B2.html
CRITICAL (2023-08-07 16:45:04,970): 
404 Client Error: Not Found for url: https://earthquake.phivolcs.dost.gov.ph/EQLatest-Monthly/2017/2017_Earthquake_Information/January/2017_0131_2011_B2.html
CRITICAL (2023-08-07 16:45:05,944): 
404 Client Error: Not Found for url: https://earthquake.phivolcs.dost.gov.ph/EQLatest-Monthly/2017/2017_Earthquake_Information/January/2017_0131_1939_B2.html
CRITICAL (2023-08-07 16:45:12,065): 
404 Client Error: Not Found for url: https://earthquake.phivolcs.dost.gov.ph/EQLatest-Monthly/2017/2017_Earthquake_Information/January/2017_0131_1804_B2.html
CRITICAL (2023-08-07 16:45:12,207): 
404 Client Error: Not Found for url: https://earthquake.phivolcs.dost.gov.ph/EQLatest-Monthly/2017/2017_Earthquake_Information/January/2017_0131_1647_B2.html
