WARNING (2023-08-07 13:00:47,939): 
Cannot output event info from http://www.phivolcs.dost.gov.ph/html/update_SOEPD/../../2018_Earthquake_Information/May/2018_0528_1014_B1.html
CRITICAL (2023-08-07 13:01:17,931): 
404 Client Error: Not Found for url: https://earthquake.phivolcs.dost.gov.ph/2018_Earthquake_Information/May/2018_0528_0106_B2.html
CRITICAL (2023-08-07 13:01:18,017): 
404 Client Error: Not Found for url: https://earthquake.phivolcs.dost.gov.ph/2018_Earthquake_Information/May/2018_0527_2212_B2.html
CRITICAL (2023-08-07 13:01:18,222): 
404 Client Error: Not Found for url: https://earthquake.phivolcs.dost.gov.ph/2018_Earthquake_Information/May/2018_0527_2004_B2.html
CRITICAL (2023-08-07 13:01:18,520): 
404 Client Error: Not Found for url: https://earthquake.phivolcs.dost.gov.ph/2018_Earthquake_Information/May/2018_0527_1936_B2.html
CRITICAL (2023-08-07 13:01:18,662): 
404 Client Error: Not Found for url: https://earthquake.phivolcs.dost.gov.ph/2018_Earthquake_Information/May/2018_0527_1600_B2.html
CRITICAL (2023-08-07 13:05:33,466): 
404 Client Error: Not Found for url: https://earthquake.phivolcs.dost.gov.ph/2018_Earthquake_Information/May/2018_0516_0505_B2F.html
CRITICAL (2023-08-07 13:07:10,628): 
404 Client Error: Not Found for url: https://earthquake.phivolcs.dost.gov.ph/2018_Earthquake_Information/May/2018_0513_1042_B2html
CRITICAL (2023-08-07 13:10:27,976): 
404 Client Error: Not Found for url: https://earthquake.phivolcs.dost.gov.ph/2018_Earthquake_Information/May/2018_0505_1144_B2.html
CRITICAL (2023-08-07 13:10:28,307): 
404 Client Error: Not Found for url: https://earthquake.phivolcs.dost.gov.ph/2018_Earthquake_Information/May/2018_0505_1026_B2.html
CRITICAL (2023-08-07 13:10:28,591): 
404 Client Error: Not Found for url: https://earthquake.phivolcs.dost.gov.ph/2018_Earthquake_Information/May/2018_0505_0958_B2.html
CRITICAL (2023-08-07 13:10:29,203): 
404 Client Error: Not Found for url: https://earthquake.phivolcs.dost.gov.ph/2018_Earthquake_Information/May/2018_0505_0930_B2.html
CRITICAL (2023-08-07 13:11:11,395): 
404 Client Error: Not Found for url: https://earthquake.phivolcs.dost.gov.ph/2018_Earthquake_Information/April/2018_0501_1151_B2.html
CRITICAL (2023-08-07 13:11:11,734): 
404 Client Error: Not Found for url: https://earthquake.phivolcs.dost.gov.ph/2018_Earthquake_Information/April/2018_0501_0959_B2.html
