CRITICAL (2023-08-03 17:32:54,253): 
404 Client Error: Not Found for url: https://earthquake.phivolcs.dost.gov.ph/2018_Earthquake_Information/August/2018_0831_1403_B2.html
WARNING (2023-08-03 17:32:54,254): 
Cannot output event info from https://earthquake.phivolcs.dost.gov.ph/2018_Earthquake_Information/August/2018_0831_1403_B2.html
CRITICAL (2023-08-03 17:32:57,211): 
404 Client Error: Not Found for url: https://earthquake.phivolcs.dost.gov.ph/2018_Earthquake_Information/August/2018_0831_0816_B2.html
WARNING (2023-08-03 17:32:57,211): 
Cannot output event info from https://earthquake.phivolcs.dost.gov.ph/2018_Earthquake_Information/August/2018_0831_0816_B2.html
CRITICAL (2023-08-03 17:32:57,310): 
404 Client Error: Not Found for url: https://earthquake.phivolcs.dost.gov.ph/2018_Earthquake_Information/August/2018_0831_0758_B2.html
WARNING (2023-08-03 17:32:57,311): 
Cannot output event info from https://earthquake.phivolcs.dost.gov.ph/2018_Earthquake_Information/August/2018_0831_0758_B2.html
CRITICAL (2023-08-03 17:32:57,393): 
404 Client Error: Not Found for url: https://earthquake.phivolcs.dost.gov.ph/2018_Earthquake_Information/August/2018_0831_0547_B2.html
WARNING (2023-08-03 17:32:57,394): 
Cannot output event info from https://earthquake.phivolcs.dost.gov.ph/2018_Earthquake_Information/August/2018_0831_0547_B2.html
CRITICAL (2023-08-03 17:33:08,519): 
404 Client Error: Not Found for url: https://earthquake.phivolcs.dost.gov.ph/2018_Earthquake_Information/August/2018_0831_0500_B2.html
WARNING (2023-08-03 17:33:08,520): 
Cannot output event info from https://earthquake.phivolcs.dost.gov.ph/2018_Earthquake_Information/August/2018_0831_0500_B2.html
CRITICAL (2023-08-03 17:33:14,024): 
404 Client Error: Not Found for url: https://earthquake.phivolcs.dost.gov.ph/2018_Earthquake_Information/August/2018_0831_0441_B2F.html
WARNING (2023-08-03 17:33:14,024): 
Cannot output event info from https://earthquake.phivolcs.dost.gov.ph/2018_Earthquake_Information/August/2018_0831_0441_B2F.html
CRITICAL (2023-08-03 17:33:14,129): 
404 Client Error: Not Found for url: https://earthquake.phivolcs.dost.gov.ph/2018_Earthquake_Information/August/2018_0831_0428_B2.html
WARNING (2023-08-03 17:33:14,129): 
Cannot output event info from https://earthquake.phivolcs.dost.gov.ph/2018_Earthquake_Information/August/2018_0831_0428_B2.html
CRITICAL (2023-08-03 17:33:14,224): 
404 Client Error: Not Found for url: https://earthquake.phivolcs.dost.gov.ph/2018_Earthquake_Information/August/2018_0831_0427_B2.html
WARNING (2023-08-03 17:33:14,225): 
Cannot output event info from https://earthquake.phivolcs.dost.gov.ph/2018_Earthquake_Information/August/2018_0831_0427_B2.html
CRITICAL (2023-08-03 17:33:14,317): 
404 Client Error: Not Found for url: https://earthquake.phivolcs.dost.gov.ph/2018_Earthquake_Information/August/2018_0831_0424_B2B.html
WARNING (2023-08-03 17:33:14,318): 
Cannot output event info from https://earthquake.phivolcs.dost.gov.ph/2018_Earthquake_Information/August/2018_0831_0424_B2B.html
CRITICAL (2023-08-03 17:33:14,404): 
404 Client Error: Not Found for url: https://earthquake.phivolcs.dost.gov.ph/2018_Earthquake_Information/August/2018_0831_0424_B2.html
WARNING (2023-08-03 17:33:14,405): 
Cannot output event info from https://earthquake.phivolcs.dost.gov.ph/2018_Earthquake_Information/August/2018_0831_0424_B2.html
CRITICAL (2023-08-03 17:33:14,503): 
404 Client Error: Not Found for url: https://earthquake.phivolcs.dost.gov.ph/2018_Earthquake_Information/August/2018_0831_0243_B2.html
WARNING (2023-08-03 17:33:14,504): 
Cannot output event info from https://earthquake.phivolcs.dost.gov.ph/2018_Earthquake_Information/August/2018_0831_0243_B2.html
CRITICAL (2023-08-03 17:33:14,595): 
404 Client Error: Not Found for url: https://earthquake.phivolcs.dost.gov.ph/2018_Earthquake_Information/August/2018_0831_0223_B2.html
WARNING (2023-08-03 17:33:14,596): 
Cannot output event info from https://earthquake.phivolcs.dost.gov.ph/2018_Earthquake_Information/August/2018_0831_0223_B2.html
CRITICAL (2023-08-03 17:33:16,089): 
404 Client Error: Not Found for url: https://earthquake.phivolcs.dost.gov.ph/2018_Earthquake_Information/August/2018_0830_1025_B2.html
WARNING (2023-08-03 17:33:16,090): 
Cannot output event info from https://earthquake.phivolcs.dost.gov.ph/2018_Earthquake_Information/August/2018_0830_1025_B2.html
CRITICAL (2023-08-03 17:33:16,306): 
404 Client Error: Not Found for url: https://earthquake.phivolcs.dost.gov.ph/2018_Earthquake_Information/August/2018_0830_0744_B2.html
WARNING (2023-08-03 17:33:16,307): 
Cannot output event info from https://earthquake.phivolcs.dost.gov.ph/2018_Earthquake_Information/August/2018_0830_0744_B2.html
CRITICAL (2023-08-03 17:33:17,919): 
404 Client Error: Not Found for url: https://earthquake.phivolcs.dost.gov.ph/2018_Earthquake_Information/August/2018_0829_1839_B1.html
WARNING (2023-08-03 17:33:17,919): 
Cannot output event info from https://earthquake.phivolcs.dost.gov.ph/2018_Earthquake_Information/August/2018_0829_1839_B1.html
CRITICAL (2023-08-03 17:33:24,863): 
404 Client Error: Not Found for url: https://earthquake.phivolcs.dost.gov.ph/2018_Earthquake_Information/August/2018_0829_1115_B2.html
WARNING (2023-08-03 17:33:24,863): 
Cannot output event info from https://earthquake.phivolcs.dost.gov.ph/2018_Earthquake_Information/August/2018_0829_1115_B2.html
CRITICAL (2023-08-03 17:33:25,679): 
404 Client Error: Not Found for url: https://earthquake.phivolcs.dost.gov.ph/2018_Earthquake_Information/August/2018_0828_2352_B2.html
WARNING (2023-08-03 17:33:25,680): 
Cannot output event info from https://earthquake.phivolcs.dost.gov.ph/2018_Earthquake_Information/August/2018_0828_2352_B2.html
CRITICAL (2023-08-03 17:33:25,796): 
404 Client Error: Not Found for url: https://earthquake.phivolcs.dost.gov.ph/2018_Earthquake_Information/August/2018_0828_2138_B2.html
WARNING (2023-08-03 17:33:25,797): 
Cannot output event info from https://earthquake.phivolcs.dost.gov.ph/2018_Earthquake_Information/August/2018_0828_2138_B2.html
CRITICAL (2023-08-03 17:33:25,898): 
404 Client Error: Not Found for url: https://earthquake.phivolcs.dost.gov.ph/2018_Earthquake_Information/August/2018_0828_2105_B2.html
WARNING (2023-08-03 17:33:25,898): 
Cannot output event info from https://earthquake.phivolcs.dost.gov.ph/2018_Earthquake_Information/August/2018_0828_2105_B2.html
CRITICAL (2023-08-03 17:33:25,990): 
404 Client Error: Not Found for url: https://earthquake.phivolcs.dost.gov.ph/2018_Earthquake_Information/August/2018_0828_2020_B2.html
WARNING (2023-08-03 17:33:25,991): 
Cannot output event info from https://earthquake.phivolcs.dost.gov.ph/2018_Earthquake_Information/August/2018_0828_2020_B2.html
CRITICAL (2023-08-03 17:33:26,059): 
404 Client Error: Not Found for url: https://earthquake.phivolcs.dost.gov.ph/2018_Earthquake_Information/August/2018_0828_2011_B2.html
WARNING (2023-08-03 17:33:26,060): 
Cannot output event info from https://earthquake.phivolcs.dost.gov.ph/2018_Earthquake_Information/August/2018_0828_2011_B2.html
CRITICAL (2023-08-03 17:33:26,834): 
404 Client Error: Not Found for url: https://earthquake.phivolcs.dost.gov.ph/2018_Earthquake_Information/August/2018_0828_1624_B2.html
WARNING (2023-08-03 17:33:26,834): 
Cannot output event info from https://earthquake.phivolcs.dost.gov.ph/2018_Earthquake_Information/August/2018_0828_1624_B2.html
CRITICAL (2023-08-03 17:33:26,907): 
404 Client Error: Not Found for url: https://earthquake.phivolcs.dost.gov.ph/2018_Earthquake_Information/August/2018_0828_1535_B2.html
WARNING (2023-08-03 17:33:26,908): 
Cannot output event info from https://earthquake.phivolcs.dost.gov.ph/2018_Earthquake_Information/August/2018_0828_1535_B2.html
CRITICAL (2023-08-03 17:33:26,983): 
404 Client Error: Not Found for url: https://earthquake.phivolcs.dost.gov.ph/2018_Earthquake_Information/August/2018_0828_1511_B2.html
WARNING (2023-08-03 17:33:26,983): 
Cannot output event info from https://earthquake.phivolcs.dost.gov.ph/2018_Earthquake_Information/August/2018_0828_1511_B2.html
CRITICAL (2023-08-03 17:33:27,067): 
404 Client Error: Not Found for url: https://earthquake.phivolcs.dost.gov.ph/2018_Earthquake_Information/August/2018_0828_1430_B2.html
WARNING (2023-08-03 17:33:27,067): 
Cannot output event info from https://earthquake.phivolcs.dost.gov.ph/2018_Earthquake_Information/August/2018_0828_1430_B2.html
CRITICAL (2023-08-03 17:33:27,155): 
404 Client Error: Not Found for url: https://earthquake.phivolcs.dost.gov.ph/2018_Earthquake_Information/August/2018_0828_1412_B2.html
WARNING (2023-08-03 17:33:27,155): 
Cannot output event info from https://earthquake.phivolcs.dost.gov.ph/2018_Earthquake_Information/August/2018_0828_1412_B2.html
CRITICAL (2023-08-03 17:33:27,252): 
404 Client Error: Not Found for url: https://earthquake.phivolcs.dost.gov.ph/2018_Earthquake_Information/August/2018_0828_1347_B2.html
WARNING (2023-08-03 17:33:27,254): 
Cannot output event info from https://earthquake.phivolcs.dost.gov.ph/2018_Earthquake_Information/August/2018_0828_1347_B2.html
CRITICAL (2023-08-03 17:33:27,346): 
404 Client Error: Not Found for url: https://earthquake.phivolcs.dost.gov.ph/2018_Earthquake_Information/August/2018_0828_1331_B2.html
WARNING (2023-08-03 17:33:27,347): 
Cannot output event info from https://earthquake.phivolcs.dost.gov.ph/2018_Earthquake_Information/August/2018_0828_1331_B2.html
CRITICAL (2023-08-03 17:33:54,622): 
404 Client Error: Not Found for url: https://earthquake.phivolcs.dost.gov.ph/2018_Earthquake_Information/August/2018_0827_1440_B1.html
WARNING (2023-08-03 17:33:54,623): 
Cannot output event info from https://earthquake.phivolcs.dost.gov.ph/2018_Earthquake_Information/August/2018_0827_1440_B1.html
CRITICAL (2023-08-03 17:35:18,974): 
404 Client Error: Not Found for url: https://earthquake.phivolcs.dost.gov.ph/2018_Earthquake_Information/August/2018_0824_1227_B2.html
WARNING (2023-08-03 17:35:18,975): 
Cannot output event info from https://earthquake.phivolcs.dost.gov.ph/2018_Earthquake_Information/August/2018_0824_1227_B2.html
CRITICAL (2023-08-03 17:38:04,369): 
404 Client Error: Not Found for url: https://earthquake.phivolcs.dost.gov.ph/2018_Earthquake_Information/August/2018_0822_1958_B2.html
WARNING (2023-08-03 17:38:04,370): 
Cannot output event info from https://earthquake.phivolcs.dost.gov.ph/2018_Earthquake_Information/August/2018_0822_1958_B2.html
CRITICAL (2023-08-03 17:42:34,285): 
404 Client Error: Not Found for url: https://earthquake.phivolcs.dost.gov.ph/2018_Earthquake_Information/August/2018_0814_1906_B2.html
WARNING (2023-08-03 17:42:34,286): 
Cannot output event info from https://earthquake.phivolcs.dost.gov.ph/2018_Earthquake_Information/August/2018_0814_1906_B2.html
CRITICAL (2023-08-03 17:42:34,368): 
404 Client Error: Not Found for url: https://earthquake.phivolcs.dost.gov.ph/2018_Earthquake_Information/August/2018_0814_1837_B2.html
WARNING (2023-08-03 17:42:34,369): 
Cannot output event info from https://earthquake.phivolcs.dost.gov.ph/2018_Earthquake_Information/August/2018_0814_1837_B2.html
CRITICAL (2023-08-03 17:42:34,465): 
404 Client Error: Not Found for url: https://earthquake.phivolcs.dost.gov.ph/2018_Earthquake_Information/August/2018_0814_1834_B2.html
WARNING (2023-08-03 17:42:34,466): 
Cannot output event info from https://earthquake.phivolcs.dost.gov.ph/2018_Earthquake_Information/August/2018_0814_1834_B2.html
CRITICAL (2023-08-03 17:42:34,570): 
404 Client Error: Not Found for url: https://earthquake.phivolcs.dost.gov.ph/2018_Earthquake_Information/August/2018_0814_1825_B2.html
WARNING (2023-08-03 17:42:34,571): 
Cannot output event info from https://earthquake.phivolcs.dost.gov.ph/2018_Earthquake_Information/August/2018_0814_1825_B2.html
CRITICAL (2023-08-03 17:42:35,280): 
404 Client Error: Not Found for url: https://earthquake.phivolcs.dost.gov.ph/2018_Earthquake_Information/August/2018_0814_1356_B2.html
WARNING (2023-08-03 17:42:35,281): 
Cannot output event info from https://earthquake.phivolcs.dost.gov.ph/2018_Earthquake_Information/August/2018_0814_1356_B2.html
CRITICAL (2023-08-03 17:42:35,953): 
404 Client Error: Not Found for url: https://earthquake.phivolcs.dost.gov.ph/2018_Earthquake_Information/August/2018_0813_1942_B2.html
WARNING (2023-08-03 17:42:35,953): 
Cannot output event info from https://earthquake.phivolcs.dost.gov.ph/2018_Earthquake_Information/August/2018_0813_1942_B2.html
CRITICAL (2023-08-03 17:42:36,030): 
404 Client Error: Not Found for url: https://earthquake.phivolcs.dost.gov.ph/2018_Earthquake_Information/August/2018_0813_1737_B2.html
WARNING (2023-08-03 17:42:36,031): 
Cannot output event info from https://earthquake.phivolcs.dost.gov.ph/2018_Earthquake_Information/August/2018_0813_1737_B2.html
CRITICAL (2023-08-03 17:42:36,330): 
404 Client Error: Not Found for url: https://earthquake.phivolcs.dost.gov.ph/2018_Earthquake_Information/August/2018_0813_1551_B2.html
WARNING (2023-08-03 17:42:36,331): 
Cannot output event info from https://earthquake.phivolcs.dost.gov.ph/2018_Earthquake_Information/August/2018_0813_1551_B2.html
CRITICAL (2023-08-03 17:42:36,422): 
404 Client Error: Not Found for url: https://earthquake.phivolcs.dost.gov.ph/2018_Earthquake_Information/August/2018_0813_1516_B2.html
WARNING (2023-08-03 17:42:36,422): 
Cannot output event info from https://earthquake.phivolcs.dost.gov.ph/2018_Earthquake_Information/August/2018_0813_1516_B2.html
CRITICAL (2023-08-03 17:42:37,030): 
404 Client Error: Not Found for url: https://earthquake.phivolcs.dost.gov.ph/2018_Earthquake_Information/August/2018_0813_0137_B2F.html
WARNING (2023-08-03 17:42:37,031): 
Cannot output event info from https://earthquake.phivolcs.dost.gov.ph/2018_Earthquake_Information/August/2018_0813_0137_B2F.html
CRITICAL (2023-08-03 17:42:43,791): 
404 Client Error: Not Found for url: https://earthquake.phivolcs.dost.gov.ph/2018_Earthquake_Information/August/2018_0812_1657_B2.html
WARNING (2023-08-03 17:42:43,792): 
Cannot output event info from https://earthquake.phivolcs.dost.gov.ph/2018_Earthquake_Information/August/2018_0812_1657_B2.html
CRITICAL (2023-08-03 17:42:44,221): 
404 Client Error: Not Found for url: https://earthquake.phivolcs.dost.gov.ph/2018_Earthquake_Information/August/2018_0812_1325_B2.html
WARNING (2023-08-03 17:42:44,222): 
Cannot output event info from https://earthquake.phivolcs.dost.gov.ph/2018_Earthquake_Information/August/2018_0812_1325_B2.html
CRITICAL (2023-08-03 17:42:56,465): 
404 Client Error: Not Found for url: https://earthquake.phivolcs.dost.gov.ph/2018_Earthquake_Information/August/2018_0810_0857_B2.html
WARNING (2023-08-03 17:42:56,465): 
Cannot output event info from https://earthquake.phivolcs.dost.gov.ph/2018_Earthquake_Information/August/2018_0810_0857_B2.html
CRITICAL (2023-08-03 17:42:56,586): 
404 Client Error: Not Found for url: https://earthquake.phivolcs.dost.gov.ph/2018_Earthquake_Information/August/2018_0810_0857_B2.html
WARNING (2023-08-03 17:42:56,587): 
Cannot output event info from https://earthquake.phivolcs.dost.gov.ph/2018_Earthquake_Information/August/2018_0810_0857_B2.html
CRITICAL (2023-08-03 17:43:49,937): 
404 Client Error: Not Found for url: https://earthquake.phivolcs.dost.gov.ph/2018_Earthquake_Information/August/2018_0808_1219_B2.html
WARNING (2023-08-03 17:43:49,937): 
Cannot output event info from https://earthquake.phivolcs.dost.gov.ph/2018_Earthquake_Information/August/2018_0808_1219_B2.html
CRITICAL (2023-08-03 17:45:29,033): 
404 Client Error: Not Found for url: https://earthquake.phivolcs.dost.gov.ph/2018_Earthquake_Information/August/2018_0804_0454_B2.html
WARNING (2023-08-03 17:45:29,034): 
Cannot output event info from https://earthquake.phivolcs.dost.gov.ph/2018_Earthquake_Information/August/2018_0804_0454_B2.html
CRITICAL (2023-08-03 17:45:29,225): 
404 Client Error: Not Found for url: https://earthquake.phivolcs.dost.gov.ph/2018_Earthquake_Information/August/2018_0804_0407_B2.html
WARNING (2023-08-03 17:45:29,226): 
Cannot output event info from https://earthquake.phivolcs.dost.gov.ph/2018_Earthquake_Information/August/2018_0804_0407_B2.html
CRITICAL (2023-08-03 17:45:29,409): 
404 Client Error: Not Found for url: https://earthquake.phivolcs.dost.gov.ph/2018_Earthquake_Information/August/2018_0804_0357_B2.html
WARNING (2023-08-03 17:45:29,410): 
Cannot output event info from https://earthquake.phivolcs.dost.gov.ph/2018_Earthquake_Information/August/2018_0804_0357_B2.html
CRITICAL (2023-08-03 17:45:35,102): 
404 Client Error: Not Found for url: https://earthquake.phivolcs.dost.gov.ph/2018_Earthquake_Information/August/2018_0804_0331_B2.html
WARNING (2023-08-03 17:45:35,103): 
Cannot output event info from https://earthquake.phivolcs.dost.gov.ph/2018_Earthquake_Information/August/2018_0804_0331_B2.html
CRITICAL (2023-08-03 17:45:46,163): 
404 Client Error: Not Found for url: https://earthquake.phivolcs.dost.gov.ph/2018_Earthquake_Information/August/2018_0802_0147_B2.html
WARNING (2023-08-03 17:45:46,164): 
Cannot output event info from https://earthquake.phivolcs.dost.gov.ph/2018_Earthquake_Information/August/2018_0802_0147_B2.html
CRITICAL (2023-08-03 17:45:48,329): 
404 Client Error: Not Found for url: https://earthquake.phivolcs.dost.gov.ph/2018_Earthquake_Information/July2018_0731_2005_B2.html
WARNING (2023-08-03 17:45:48,330): 
Cannot output event info from https://earthquake.phivolcs.dost.gov.ph/2018_Earthquake_Information/July2018_0731_2005_B2.html
CRITICAL (2023-08-03 17:45:49,124): 
404 Client Error: Not Found for url: https://earthquake.phivolcs.dost.gov.ph/2018_Earthquake_Information/July/018_0731_1644_B3F.html
WARNING (2023-08-03 17:45:49,125): 
Cannot output event info from https://earthquake.phivolcs.dost.gov.ph/2018_Earthquake_Information/July/018_0731_1644_B3F.html
