CRITICAL (2023-08-07 05:58:09,847): 
404 Client Error: Not Found for url: https://earthquake.phivolcs.dost.gov.ph/2018_Earthquake_Information/September/2018_0930_1557_B2.html
CRITICAL (2023-08-07 05:58:10,004): 
404 Client Error: Not Found for url: https://earthquake.phivolcs.dost.gov.ph/2018_Earthquake_Information/September/2018_0930_1546_B2.html
CRITICAL (2023-08-07 05:58:10,240): 
404 Client Error: Not Found for url: https://earthquake.phivolcs.dost.gov.ph/2018_Earthquake_Information/September/2018_0930_1358_B2.html
CRITICAL (2023-08-07 05:58:10,508): 
404 Client Error: Not Found for url: https://earthquake.phivolcs.dost.gov.ph/2018_Earthquake_Information/September/2018_0930_1305_B2.html
CRITICAL (2023-08-07 05:58:10,744): 
404 Client Error: Not Found for url: https://earthquake.phivolcs.dost.gov.ph/2018_Earthquake_Information/September/2018_0930_1255_B2.html
CRITICAL (2023-08-07 05:58:10,853): 
404 Client Error: Not Found for url: https://earthquake.phivolcs.dost.gov.ph/2018_Earthquake_Information/September/2018_0930_1242_B2.html
CRITICAL (2023-08-07 05:58:12,308): 
404 Client Error: Not Found for url: https://earthquake.phivolcs.dost.gov.ph/2018_Earthquake_Information/September/2018_0930_0152_B2.html
CRITICAL (2023-08-07 05:58:12,465): 
404 Client Error: Not Found for url: https://earthquake.phivolcs.dost.gov.ph/2018_Earthquake_Information/September/2018_0929_2312_B2.html
CRITICAL (2023-08-07 05:58:12,654): 
404 Client Error: Not Found for url: https://earthquake.phivolcs.dost.gov.ph/2018_Earthquake_Information/September/2018_0929_2252_B2.html
CRITICAL (2023-08-07 05:58:12,827): 
404 Client Error: Not Found for url: https://earthquake.phivolcs.dost.gov.ph/2018_Earthquake_Information/September/2018_0929_2208_B2.html
CRITICAL (2023-08-07 05:58:12,984): 
404 Client Error: Not Found for url: https://earthquake.phivolcs.dost.gov.ph/2018_Earthquake_Information/September/2018_0929_2202_B2.html
CRITICAL (2023-08-07 05:58:20,759): 
404 Client Error: Not Found for url: https://earthquake.phivolcs.dost.gov.ph/2018_Earthquake_Information/September/2018_0929_1139_B2.html
CRITICAL (2023-08-07 05:58:21,112): 
404 Client Error: Not Found for url: https://earthquake.phivolcs.dost.gov.ph/2018_Earthquake_Information/September/2018_0929_1132_B2.html
CRITICAL (2023-08-07 05:58:21,353): 
404 Client Error: Not Found for url: https://earthquake.phivolcs.dost.gov.ph/2018_Earthquake_Information/September/2018_0929_0810_B3F.html
CRITICAL (2023-08-07 05:58:21,617): 
404 Client Error: Not Found for url: https://earthquake.phivolcs.dost.gov.ph/2018_Earthquake_Information/September/2018_0929_0541_B2.html
CRITICAL (2023-08-07 05:58:21,759): 
404 Client Error: Not Found for url: https://earthquake.phivolcs.dost.gov.ph/2018_Earthquake_Information/September/2018_0929_0456_B2.html
CRITICAL (2023-08-07 05:58:22,028): 
404 Client Error: Not Found for url: https://earthquake.phivolcs.dost.gov.ph/2018_Earthquake_Information/September/2018_0929_0408_B2.html
CRITICAL (2023-08-07 05:58:23,836): 
404 Client Error: Not Found for url: https://earthquake.phivolcs.dost.gov.ph/2018_Earthquake_Information/September/2018_0928_0849_B2.html
CRITICAL (2023-08-07 05:58:24,242): 
404 Client Error: Not Found for url: https://earthquake.phivolcs.dost.gov.ph/2018_Earthquake_Information/September/2018_0928_0715_B2.html
CRITICAL (2023-08-07 05:58:24,430): 
404 Client Error: Not Found for url: https://earthquake.phivolcs.dost.gov.ph/2018_Earthquake_Information/September/2018_0928_0616_B3.html
CRITICAL (2023-08-07 05:58:33,526): 
404 Client Error: Not Found for url: https://earthquake.phivolcs.dost.gov.ph/2018_Earthquake_Information/September/2018_0927_1036_B2.html
CRITICAL (2023-08-07 05:58:33,722): 
404 Client Error: Not Found for url: https://earthquake.phivolcs.dost.gov.ph/2018_Earthquake_Information/September/2018_0927_0943_B1.html
CRITICAL (2023-08-07 05:59:11,038): 
404 Client Error: Not Found for url: https://earthquake.phivolcs.dost.gov.ph/2018_Earthquake_Information/September/2018_0927_0807_B2.html
CRITICAL (2023-08-07 05:59:17,281): 
404 Client Error: Not Found for url: https://earthquake.phivolcs.dost.gov.ph/2018_Earthquake_Information/September/2018_0927_0618_B2.html
CRITICAL (2023-08-07 05:59:17,453): 
404 Client Error: Not Found for url: https://earthquake.phivolcs.dost.gov.ph/2018_Earthquake_Information/September/2018_0927_0542_B2.html
CRITICAL (2023-08-07 05:59:17,610): 
404 Client Error: Not Found for url: https://earthquake.phivolcs.dost.gov.ph/2018_Earthquake_Information/September/2018_0927_0525_B2.html
CRITICAL (2023-08-07 05:59:17,847): 
404 Client Error: Not Found for url: https://earthquake.phivolcs.dost.gov.ph/2018_Earthquake_Information/September/2018_0927_0522_B3.html
CRITICAL (2023-08-07 05:59:18,051): 
404 Client Error: Not Found for url: https://earthquake.phivolcs.dost.gov.ph/2018_Earthquake_Information/September/2018_0927_0519_B2.html
CRITICAL (2023-08-07 05:59:18,522): 
404 Client Error: Not Found for url: https://earthquake.phivolcs.dost.gov.ph/2018_Earthquake_Information/September/2018_0927_0458_B2.html
CRITICAL (2023-08-07 05:59:19,436): 
404 Client Error: Not Found for url: https://earthquake.phivolcs.dost.gov.ph/2018_Earthquake_Information/September/2018_0926_2104_B2.html
CRITICAL (2023-08-07 05:59:19,608): 
404 Client Error: Not Found for url: https://earthquake.phivolcs.dost.gov.ph/2018_Earthquake_Information/September/2018_0926_2034_B2.html
CRITICAL (2023-08-07 05:59:19,828): 
404 Client Error: Not Found for url: https://earthquake.phivolcs.dost.gov.ph/2018_Earthquake_Information/September/2018_0926_1920_B2.html
CRITICAL (2023-08-07 05:59:20,001): 
404 Client Error: Not Found for url: https://earthquake.phivolcs.dost.gov.ph/2018_Earthquake_Information/September/2018_0926_1847_B2.html
CRITICAL (2023-08-07 05:59:20,190): 
404 Client Error: Not Found for url: https://earthquake.phivolcs.dost.gov.ph/2018_Earthquake_Information/September/2018_0926_1754_B2.html
CRITICAL (2023-08-07 05:59:20,505): 
404 Client Error: Not Found for url: https://earthquake.phivolcs.dost.gov.ph/2018_Earthquake_Information/September/2018_0926_1747_B2.html
CRITICAL (2023-08-07 05:59:20,835): 
404 Client Error: Not Found for url: https://earthquake.phivolcs.dost.gov.ph/2018_Earthquake_Information/September/2018_0926_1739_B2.html
CRITICAL (2023-08-07 05:59:21,440): 
404 Client Error: Not Found for url: https://earthquake.phivolcs.dost.gov.ph/2018_Earthquake_Information/September/2018_0926_1634_B1.html
CRITICAL (2023-08-07 05:59:41,904): 
404 Client Error: Not Found for url: https://earthquake.phivolcs.dost.gov.ph/2018_Earthquake_Information/September/2018_0926_1554_B1.html
CRITICAL (2023-08-07 05:59:44,910): 
404 Client Error: Not Found for url: https://earthquake.phivolcs.dost.gov.ph/2018_Earthquake_Information/September/2018_0925_1550_B2.html
CRITICAL (2023-08-07 05:59:45,050): 
404 Client Error: Not Found for url: https://earthquake.phivolcs.dost.gov.ph/2018_Earthquake_Information/September/2018_0925_1520_B2.html
CRITICAL (2023-08-07 05:59:45,176): 
404 Client Error: Not Found for url: https://earthquake.phivolcs.dost.gov.ph/2018_Earthquake_Information/September/2018_0925_1515_B2.html
CRITICAL (2023-08-07 05:59:45,349): 
404 Client Error: Not Found for url: https://earthquake.phivolcs.dost.gov.ph/2018_Earthquake_Information/September/2018_0925_1437_B2.html
CRITICAL (2023-08-07 06:00:05,162): 
404 Client Error: Not Found for url: https://earthquake.phivolcs.dost.gov.ph/2018_Earthquake_Information/September/2018_0925_0632_B2.html
CRITICAL (2023-08-07 06:00:05,493): 
404 Client Error: Not Found for url: https://earthquake.phivolcs.dost.gov.ph/2018_Earthquake_Information/September/2018_0925_0455_B2.html
CRITICAL (2023-08-07 06:00:40,797): 
404 Client Error: Not Found for url: https://earthquake.phivolcs.dost.gov.ph/2018_Earthquake_Information/September/2018_0924_2321_B2.html
CRITICAL (2023-08-07 06:00:40,922): 
404 Client Error: Not Found for url: https://earthquake.phivolcs.dost.gov.ph/2018_Earthquake_Information/September/2018_0924_2302_B3F.html
CRITICAL (2023-08-07 06:00:41,126): 
404 Client Error: Not Found for url: https://earthquake.phivolcs.dost.gov.ph/2018_Earthquake_Information/September/2018_0924_2235_B2.html
CRITICAL (2023-08-07 06:00:41,377): 
404 Client Error: Not Found for url: https://earthquake.phivolcs.dost.gov.ph/2018_Earthquake_Information/September/2018_0924_1544_B2.html
CRITICAL (2023-08-07 06:00:41,503): 
404 Client Error: Not Found for url: https://earthquake.phivolcs.dost.gov.ph/2018_Earthquake_Information/September/2018_0924_1450_B2.html
CRITICAL (2023-08-07 06:00:41,707): 
404 Client Error: Not Found for url: https://earthquake.phivolcs.dost.gov.ph/2018_Earthquake_Information/September/2018_0924_1406_B2.html
CRITICAL (2023-08-07 06:00:49,901): 
404 Client Error: Not Found for url: https://earthquake.phivolcs.dost.gov.ph/2018_Earthquake_Information/September/2018_0923_0912_B2.html
CRITICAL (2023-08-07 06:01:10,061): 
404 Client Error: Not Found for url: https://earthquake.phivolcs.dost.gov.ph/2018_Earthquake_Information/September/2018_0921_0837_B2.html
CRITICAL (2023-08-07 06:01:10,240): 
404 Client Error: Not Found for url: https://earthquake.phivolcs.dost.gov.ph/2018_Earthquake_Information/September/2018_0921_0405_B2.html
CRITICAL (2023-08-07 06:01:10,485): 
404 Client Error: Not Found for url: https://earthquake.phivolcs.dost.gov.ph/2018_Earthquake_Information/September/2018_0921_0351_B2.html
CRITICAL (2023-08-07 06:01:34,163): 
404 Client Error: Not Found for url: https://earthquake.phivolcs.dost.gov.ph/2018_Earthquake_Information/September/2018_0920_0101_B2.html
CRITICAL (2023-08-07 06:01:59,573): 
404 Client Error: Not Found for url: https://earthquake.phivolcs.dost.gov.ph/2018_Earthquake_Information/September/2018_0919_2243_B2.html
CRITICAL (2023-08-07 06:02:11,840): 
404 Client Error: Not Found for url: https://earthquake.phivolcs.dost.gov.ph/2018_Earthquake_Information/September/2018_0919_2152_B2.html
CRITICAL (2023-08-07 06:02:17,985): 
404 Client Error: Not Found for url: https://earthquake.phivolcs.dost.gov.ph/2018_Earthquake_Information/September/2018_0919_2112_B2.html
CRITICAL (2023-08-07 06:02:20,895): 
404 Client Error: Not Found for url: https://earthquake.phivolcs.dost.gov.ph/2018_Earthquake_Information/September/2018_0919_1740_B2.html
CRITICAL (2023-08-07 06:02:21,162): 
404 Client Error: Not Found for url: https://earthquake.phivolcs.dost.gov.ph/2018_Earthquake_Information/September/2018_0919_1711_B2.html
CRITICAL (2023-08-07 06:02:21,303): 
404 Client Error: Not Found for url: https://earthquake.phivolcs.dost.gov.ph/2018_Earthquake_Information/September/2018_0919_1655_B2.html
CRITICAL (2023-08-07 06:02:21,617): 
404 Client Error: Not Found for url: https://earthquake.phivolcs.dost.gov.ph/2018_Earthquake_Information/September/2018_0919_1557_B2.html
CRITICAL (2023-08-07 06:02:21,821): 
404 Client Error: Not Found for url: https://earthquake.phivolcs.dost.gov.ph/2018_Earthquake_Information/September/2018_0919_1532_B2.html
CRITICAL (2023-08-07 06:02:27,735): 
404 Client Error: Not Found for url: https://earthquake.phivolcs.dost.gov.ph/2018_Earthquake_Information/September/2018_0919_1458_B2.html
CRITICAL (2023-08-07 06:02:42,091): 
404 Client Error: Not Found for url: https://earthquake.phivolcs.dost.gov.ph/2018_Earthquake_Information/September/2018_0917_1043_B2.html
CRITICAL (2023-08-07 06:02:48,191): 
404 Client Error: Not Found for url: https://earthquake.phivolcs.dost.gov.ph/2018_Earthquake_Information/September/2018_0917_0537_B2.html
WARNING (2023-08-07 06:03:22,661): Retrying (Retry(total=4, connect=None, read=None, redirect=None, status=None)) after connection broken by 'NewConnectionError('<urllib3.connection.HTTPSConnection object at 0x0000019900298D90>: Failed to establish a new connection: [Errno 11001] getaddrinfo failed')': /2018_Earthquake_Information/September/2018_0916_1338_B4F.html
WARNING (2023-08-07 06:03:36,720): Retrying (Retry(total=3, connect=None, read=None, redirect=None, status=None)) after connection broken by 'NewConnectionError('<urllib3.connection.HTTPSConnection object at 0x0000019900A13CD0>: Failed to establish a new connection: [Errno 11001] getaddrinfo failed')': /2018_Earthquake_Information/September/2018_0916_1338_B4F.html
CRITICAL (2023-08-07 06:03:46,028): 
404 Client Error: Not Found for url: https://earthquake.phivolcs.dost.gov.ph/2018_Earthquake_Information/September/2018_0915_0757_B2.html
CRITICAL (2023-08-07 06:04:23,964): 
404 Client Error: Not Found for url: https://earthquake.phivolcs.dost.gov.ph/2018_Earthquake_Information/September/2018_0914_1146_B3F.html
CRITICAL (2023-08-07 06:04:57,190): 
404 Client Error: Not Found for url: https://earthquake.phivolcs.dost.gov.ph/2018_Earthquake_Information/September/2018_0913_0858_B2.html
CRITICAL (2023-08-07 06:04:57,315): 
404 Client Error: Not Found for url: https://earthquake.phivolcs.dost.gov.ph/2018_Earthquake_Information/September/2018_0913_0240_B2.html
WARNING (2023-08-07 06:04:57,441): 
Cannot output event info from https://earthquake.phivolcs.dost.gov.ph/2018_Earthquake_Information/September/2018_0913_0131_B1.html
WARNING (2023-08-07 06:05:31,150): 
Cannot output event info from https://earthquake.phivolcs.dost.gov.ph/2018_Earthquake_Information/September/2018_0912_0301_B2.html
WARNING (2023-08-07 06:05:31,417): 
Cannot output event info from https://earthquake.phivolcs.dost.gov.ph/2018_Earthquake_Information/September/2018_0912_0231_B2.html
CRITICAL (2023-08-07 06:05:31,560): 
404 Client Error: Not Found for url: https://earthquake.phivolcs.dost.gov.ph/2018_Earthquake_Information/September/2018_0911_2329_B2.html
CRITICAL (2023-08-07 06:05:31,750): 
404 Client Error: Not Found for url: https://earthquake.phivolcs.dost.gov.ph/2018_Earthquake_Information/September/2018_0911_2307_B2.html
CRITICAL (2023-08-07 06:05:31,920): 
404 Client Error: Not Found for url: https://earthquake.phivolcs.dost.gov.ph/2018_Earthquake_Information/September/2018_0911_2121_B2.html
CRITICAL (2023-08-07 06:05:32,062): 
404 Client Error: Not Found for url: https://earthquake.phivolcs.dost.gov.ph/2018_Earthquake_Information/September/2018_0911_2029_B2.html
WARNING (2023-08-07 06:05:32,313): 
Cannot output event info from https://earthquake.phivolcs.dost.gov.ph/2018_Earthquake_Information/September/2018_0911_1642_B2.html
WARNING (2023-08-07 06:05:39,220): 
Cannot output event info from https://earthquake.phivolcs.dost.gov.ph/2018_Earthquake_Information/September/2018_0911_1605_B2.html
WARNING (2023-08-07 06:05:39,473): 
Cannot output event info from https://earthquake.phivolcs.dost.gov.ph/2018_Earthquake_Information/September/2018_0911_1240_B2.html
WARNING (2023-08-07 06:05:39,660): 
Cannot output event info from https://earthquake.phivolcs.dost.gov.ph/2018_Earthquake_Information/September/2018_0911_1214_B2.html
WARNING (2023-08-07 06:05:39,802): 
Cannot output event info from https://earthquake.phivolcs.dost.gov.ph/2018_Earthquake_Information/September/2018_0911_1056_B2.html
WARNING (2023-08-07 06:05:40,053): 
Cannot output event info from https://earthquake.phivolcs.dost.gov.ph/2018_Earthquake_Information/September/2018_0911_0710_B2F.html
WARNING (2023-08-07 06:05:40,210): 
Cannot output event info from https://earthquake.phivolcs.dost.gov.ph/2018_Earthquake_Information/September/2018_0911_0533_B2.html
WARNING (2023-08-07 06:05:40,399): 
Cannot output event info from https://earthquake.phivolcs.dost.gov.ph/2018_Earthquake_Information/September/2018_0911_0344_B1.html
WARNING (2023-08-07 06:05:40,525): 
Cannot output event info from https://earthquake.phivolcs.dost.gov.ph/2018_Earthquake_Information/September/2018_0911_0307_B1.html
WARNING (2023-08-07 06:05:40,713): 
Cannot output event info from https://earthquake.phivolcs.dost.gov.ph/2018_Earthquake_Information/September/2018_0911_0212_B2.html
WARNING (2023-08-07 06:05:40,839): 
Cannot output event info from https://earthquake.phivolcs.dost.gov.ph/2018_Earthquake_Information/September/2018_0911_0216_B2.html
WARNING (2023-08-07 06:05:41,043): 
Cannot output event info from https://earthquake.phivolcs.dost.gov.ph/2018_Earthquake_Information/September/2018_0911_0212_B2.html
WARNING (2023-08-07 06:05:41,185): 
Cannot output event info from https://earthquake.phivolcs.dost.gov.ph/2018_Earthquake_Information/September/2018_0911_0106_B2.html
WARNING (2023-08-07 06:05:41,341): 
Cannot output event info from https://earthquake.phivolcs.dost.gov.ph/2018_Earthquake_Information/September/2018_0911_0021_B2.html
WARNING (2023-08-07 06:05:41,435): 
Cannot output event info from https://earthquake.phivolcs.dost.gov.ph/2018_Earthquake_Information/September/2018_0911_0011_B2.html
WARNING (2023-08-07 06:05:41,624): 
Cannot output event info from https://earthquake.phivolcs.dost.gov.ph/2018_Earthquake_Information/September/2018_0910_2342_B2.html
WARNING (2023-08-07 06:05:41,780): 
Cannot output event info from https://earthquake.phivolcs.dost.gov.ph/2018_Earthquake_Information/September/2018_0910_2228_B2.html
WARNING (2023-08-07 06:05:41,953): 
Cannot output event info from https://earthquake.phivolcs.dost.gov.ph/2018_Earthquake_Information/September/2018_0910_2319_B1.html
WARNING (2023-08-07 06:05:42,299): 
Cannot output event info from https://earthquake.phivolcs.dost.gov.ph/2018_Earthquake_Information/September/2018_0910_2228_B2.html
WARNING (2023-08-07 06:05:54,445): 
Cannot output event info from https://earthquake.phivolcs.dost.gov.ph/2018_Earthquake_Information/September/2018_0910_2200_B2.html
WARNING (2023-08-07 06:05:59,917): 
Cannot output event info from https://earthquake.phivolcs.dost.gov.ph/2018_Earthquake_Information/September/2018_0910_2153_B2.html
WARNING (2023-08-07 06:06:00,043): 
Cannot output event info from https://earthquake.phivolcs.dost.gov.ph/2018_Earthquake_Information/September/2018_0910_2132_B2.html
WARNING (2023-08-07 06:06:00,216): 
Cannot output event info from https://earthquake.phivolcs.dost.gov.ph/2018_Earthquake_Information/September/2018_0910_2110_B2.html
WARNING (2023-08-07 06:06:00,342): 
Cannot output event info from https://earthquake.phivolcs.dost.gov.ph/2018_Earthquake_Information/September/2018_0910_2110_B2.html
WARNING (2023-08-07 06:06:00,609): 
Cannot output event info from https://earthquake.phivolcs.dost.gov.ph/2018_Earthquake_Information/September/2018_0910_2039_B2.html
WARNING (2023-08-07 06:06:00,861): 
Cannot output event info from https://earthquake.phivolcs.dost.gov.ph/2018_Earthquake_Information/September/2018_0910_2031_B2.html
WARNING (2023-08-07 06:06:01,112): 
Cannot output event info from https://earthquake.phivolcs.dost.gov.ph/2018_Earthquake_Information/September/2018_0910_2030_B2.html
WARNING (2023-08-07 06:06:01,207): 
Cannot output event info from https://earthquake.phivolcs.dost.gov.ph/2018_Earthquake_Information/September/2018_0910_2020_B2.html
WARNING (2023-08-07 06:06:01,443): 
Cannot output event info from https://earthquake.phivolcs.dost.gov.ph/2018_Earthquake_Information/September/2018_0910_2018_B2.html
WARNING (2023-08-07 06:06:01,852): 
Cannot output event info from https://earthquake.phivolcs.dost.gov.ph/2018_Earthquake_Information/September/2018_0910_1958_B2.html
WARNING (2023-08-07 06:06:02,103): 
Cannot output event info from https://earthquake.phivolcs.dost.gov.ph/2018_Earthquake_Information/September/2018_0910_1956_B2.html
WARNING (2023-08-07 06:06:02,244): 
Cannot output event info from https://earthquake.phivolcs.dost.gov.ph/2018_Earthquake_Information/September/2018_0910_1936_B2.html
CRITICAL (2023-08-07 06:06:02,433): 
404 Client Error: Not Found for url: https://earthquake.phivolcs.dost.gov.ph/2018_Earthquake_Information/September/2018_0910_1934_B2.html
CRITICAL (2023-08-07 06:06:02,606): 
404 Client Error: Not Found for url: https://earthquake.phivolcs.dost.gov.ph/2018_Earthquake_Information/September/2018_0910_1837_B2.html
CRITICAL (2023-08-07 06:06:02,734): 
404 Client Error: Not Found for url: https://earthquake.phivolcs.dost.gov.ph/2018_Earthquake_Information/September/2018_0910_1601_B2.html
CRITICAL (2023-08-07 06:06:02,999): 
404 Client Error: Not Found for url: https://earthquake.phivolcs.dost.gov.ph/2018_Earthquake_Information/September/2018_0910_1510_B2.html
CRITICAL (2023-08-07 06:06:03,157): 
404 Client Error: Not Found for url: https://earthquake.phivolcs.dost.gov.ph/2018_Earthquake_Information/September/2018_0910_1421_B3.html
CRITICAL (2023-08-07 06:06:03,345): 
404 Client Error: Not Found for url: https://earthquake.phivolcs.dost.gov.ph/2018_Earthquake_Information/September/2018_0910_1405_B2.html
CRITICAL (2023-08-07 06:06:03,471): 
404 Client Error: Not Found for url: https://earthquake.phivolcs.dost.gov.ph/2018_Earthquake_Information/September/2018_0910_1340_B2.html
CRITICAL (2023-08-07 06:06:03,660): 
404 Client Error: Not Found for url: https://earthquake.phivolcs.dost.gov.ph/2018_Earthquake_Information/September/2018_0910_1326_B2.html
CRITICAL (2023-08-07 06:06:03,801): 
404 Client Error: Not Found for url: https://earthquake.phivolcs.dost.gov.ph/2018_Earthquake_Information/September/2018_0910_1308_B2.html
CRITICAL (2023-08-07 06:06:03,991): 
404 Client Error: Not Found for url: https://earthquake.phivolcs.dost.gov.ph/2018_Earthquake_Information/September/2018_0910_1228_B2.html
CRITICAL (2023-08-07 06:06:04,211): 
404 Client Error: Not Found for url: https://earthquake.phivolcs.dost.gov.ph/2018_Earthquake_Information/September/2018_0910_1157_B3F.html
CRITICAL (2023-08-07 06:06:04,384): 
404 Client Error: Not Found for url: https://earthquake.phivolcs.dost.gov.ph/2018_Earthquake_Information/September/2018_0910_1106_B2.html
CRITICAL (2023-08-07 06:06:09,839): 
404 Client Error: Not Found for url: https://earthquake.phivolcs.dost.gov.ph/2018_Earthquake_Information/September/2018_0910_1042_B2.html
CRITICAL (2023-08-07 06:06:09,981): 
404 Client Error: Not Found for url: https://earthquake.phivolcs.dost.gov.ph/2018_Earthquake_Information/September/2018_0910_1037_B2.html
CRITICAL (2023-08-07 06:06:10,154): 
404 Client Error: Not Found for url: https://earthquake.phivolcs.dost.gov.ph/2018_Earthquake_Information/September/2018_0910_1007_B2.html
CRITICAL (2023-08-07 06:06:10,311): 
404 Client Error: Not Found for url: https://earthquake.phivolcs.dost.gov.ph/2018_Earthquake_Information/September/2018_0910_0938_B2.html
CRITICAL (2023-08-07 06:06:10,484): 
404 Client Error: Not Found for url: https://earthquake.phivolcs.dost.gov.ph/2018_Earthquake_Information/September/2018_0910_0937_B2.html
CRITICAL (2023-08-07 06:06:10,736): 
404 Client Error: Not Found for url: https://earthquake.phivolcs.dost.gov.ph/2018_Earthquake_Information/September/2018_0910_0930_B2.html
CRITICAL (2023-08-07 06:06:10,830): 
404 Client Error: Not Found for url: https://earthquake.phivolcs.dost.gov.ph/2018_Earthquake_Information/September/2018_0910_0927_B2.html
CRITICAL (2023-08-07 06:06:10,957): 
404 Client Error: Not Found for url: https://earthquake.phivolcs.dost.gov.ph/2018_Earthquake_Information/September/2018_0910_0826_B2.html
WARNING (2023-08-07 06:06:13,003): 
Cannot output event info from https://earthquake.phivolcs.dost.gov.ph/2018_Earthquake_Information/September/2018_0910_0735_B2.html
WARNING (2023-08-07 06:06:13,222): 
Cannot output event info from https://earthquake.phivolcs.dost.gov.ph/2018_Earthquake_Information/September/2018_0910_0712_B2.html
WARNING (2023-08-07 06:06:13,364): 
Cannot output event info from https://earthquake.phivolcs.dost.gov.ph/2018_Earthquake_Information/September/2018_0910_0705_B2.html
WARNING (2023-08-07 06:06:13,600): 
Cannot output event info from https://earthquake.phivolcs.dost.gov.ph/2018_Earthquake_Information/September/2018_0910_0703_B2.html
WARNING (2023-08-07 06:06:13,862): 
Cannot output event info from https://earthquake.phivolcs.dost.gov.ph/2018_Earthquake_Information/September/2018_0910_0659_B2.html
WARNING (2023-08-07 06:06:14,087): 
Cannot output event info from https://earthquake.phivolcs.dost.gov.ph/2018_Earthquake_Information/September/2018_0910_0327_B2.html
WARNING (2023-08-07 06:06:14,263): 
Cannot output event info from https://earthquake.phivolcs.dost.gov.ph/2018_Earthquake_Information/September/2018_0910_0243_B2F.html
WARNING (2023-08-07 06:06:19,844): 
Cannot output event info from https://earthquake.phivolcs.dost.gov.ph/2018_Earthquake_Information/September/2018_0910_0228_B2.html
WARNING (2023-08-07 06:06:20,048): 
Cannot output event info from https://earthquake.phivolcs.dost.gov.ph/2018_Earthquake_Information/September/2018_0910_0227_B2.html
WARNING (2023-08-07 06:06:20,180): 
Cannot output event info from https://earthquake.phivolcs.dost.gov.ph/2018_Earthquake_Information/September/2018_0910_0207_B2.html
WARNING (2023-08-07 06:06:20,362): 
Cannot output event info from https://earthquake.phivolcs.dost.gov.ph/2018_Earthquake_Information/September/2018_0910_0107_B2.html
WARNING (2023-08-07 06:06:20,582): 
Cannot output event info from https://earthquake.phivolcs.dost.gov.ph/2018_Earthquake_Information/September/2018_0909_2042_B2.html
WARNING (2023-08-07 06:06:20,740): 
Cannot output event info from https://earthquake.phivolcs.dost.gov.ph/2018_Earthquake_Information/September/2018_0909_1934_B2.html
WARNING (2023-08-07 06:06:20,897): 
Cannot output event info from https://earthquake.phivolcs.dost.gov.ph/2018_Earthquake_Information/September/2018_0909_1757_B2.html
WARNING (2023-08-07 06:06:21,082): 
Cannot output event info from https://earthquake.phivolcs.dost.gov.ph/2018_Earthquake_Information/September/2018_0909_1632_B2.html
WARNING (2023-08-07 06:06:21,337): 
Cannot output event info from https://earthquake.phivolcs.dost.gov.ph/2018_Earthquake_Information/September/2018_0909_1620_B2.html
WARNING (2023-08-07 06:06:21,605): 
Cannot output event info from https://earthquake.phivolcs.dost.gov.ph/2018_Earthquake_Information/September/2018_0909_1518_B2.html
WARNING (2023-08-07 06:06:21,746): 
Cannot output event info from https://earthquake.phivolcs.dost.gov.ph/2018_Earthquake_Information/September/2018_0909_1431_B2.html
WARNING (2023-08-07 06:06:21,919): 
Cannot output event info from https://earthquake.phivolcs.dost.gov.ph/2018_Earthquake_Information/September/2018_0909_1333_B2.html
WARNING (2023-08-07 06:06:22,076): 
Cannot output event info from https://earthquake.phivolcs.dost.gov.ph/2018_Earthquake_Information/September/2018_0909_1238_B2.html
WARNING (2023-08-07 06:06:22,264): 
Cannot output event info from https://earthquake.phivolcs.dost.gov.ph/2018_Earthquake_Information/September/2018_0909_1201_B2.html
CRITICAL (2023-08-07 06:06:22,468): 
404 Client Error: Not Found for url: https://earthquake.phivolcs.dost.gov.ph/2018_Earthquake_Information/September/2018_0909_1132_B2.html
CRITICAL (2023-08-07 06:06:22,641): 
404 Client Error: Not Found for url: https://earthquake.phivolcs.dost.gov.ph/2018_Earthquake_Information/September/2018_0909_1105_B2.html
CRITICAL (2023-08-07 06:06:22,846): 
404 Client Error: Not Found for url: https://earthquake.phivolcs.dost.gov.ph/2018_Earthquake_Information/September/2018_0909_1026_B2.html
CRITICAL (2023-08-07 06:06:22,987): 
404 Client Error: Not Found for url: https://earthquake.phivolcs.dost.gov.ph/2018_Earthquake_Information/September/2018_0909_0931_B2.html
CRITICAL (2023-08-07 06:06:23,176): 
404 Client Error: Not Found for url: https://earthquake.phivolcs.dost.gov.ph/2018_Earthquake_Information/September/2018_0909_0843_B2.html
CRITICAL (2023-08-07 06:06:23,302): 
404 Client Error: Not Found for url: https://earthquake.phivolcs.dost.gov.ph/2018_Earthquake_Information/September/2018_0909_0835_B2.html
CRITICAL (2023-08-07 06:06:23,491): 
404 Client Error: Not Found for url: https://earthquake.phivolcs.dost.gov.ph/2018_Earthquake_Information/September/2018_0909_0806_B2.html
CRITICAL (2023-08-07 06:06:23,632): 
404 Client Error: Not Found for url: https://earthquake.phivolcs.dost.gov.ph/2018_Earthquake_Information/September/2018_0909_0744_B2.html
WARNING (2023-08-07 06:06:23,806): 
Cannot output event info from https://earthquake.phivolcs.dost.gov.ph/2018_Earthquake_Information/September/2018_0909_0136_B2.html
WARNING (2023-08-07 06:06:24,056): 
Cannot output event info from https://earthquake.phivolcs.dost.gov.ph/2018_Earthquake_Information/September/2018_0909_0022_B1.html
WARNING (2023-08-07 06:06:24,136): 
Cannot output event info from https://earthquake.phivolcs.dost.gov.ph/2018_Earthquake_Information/September/2018_0908_2358_B2.html
WARNING (2023-08-07 06:06:24,389): 
Cannot output event info from https://earthquake.phivolcs.dost.gov.ph/2018_Earthquake_Information/September/2018_0908_2017_B2.html
WARNING (2023-08-07 06:06:29,750): 
Cannot output event info from https://earthquake.phivolcs.dost.gov.ph/2018_Earthquake_Information/September/2018_0908_1958_B2.html
WARNING (2023-08-07 06:06:29,969): 
Cannot output event info from https://earthquake.phivolcs.dost.gov.ph/2018_Earthquake_Information/September/2018_0908_1806_B2.html
WARNING (2023-08-07 06:06:30,127): 
Cannot output event info from https://earthquake.phivolcs.dost.gov.ph/2018_Earthquake_Information/September/2018_0908_1715_B2F.html
WARNING (2023-08-07 06:06:30,331): 
Cannot output event info from https://earthquake.phivolcs.dost.gov.ph/2018_Earthquake_Information/September/2018_0908_1644_B2.html
WARNING (2023-08-07 06:06:30,456): 
Cannot output event info from https://earthquake.phivolcs.dost.gov.ph/2018_Earthquake_Information/September/2018_0908_1424_B2.html
WARNING (2023-08-07 06:06:30,613): 
Cannot output event info from https://earthquake.phivolcs.dost.gov.ph/2018_Earthquake_Information/September/2018_0908_1422_B2.html
WARNING (2023-08-07 06:06:30,724): 
Cannot output event info from https://earthquake.phivolcs.dost.gov.ph/2018_Earthquake_Information/September/2018_0908_1416_B2.html
WARNING (2023-08-07 06:06:30,897): 
Cannot output event info from https://earthquake.phivolcs.dost.gov.ph/2018_Earthquake_Information/September/2018_0908_1404_B2.html
WARNING (2023-08-07 06:06:31,022): 
Cannot output event info from https://earthquake.phivolcs.dost.gov.ph/2018_Earthquake_Information/September/2018_0908_1352_B2F.html
WARNING (2023-08-07 06:06:31,226): 
Cannot output event info from https://earthquake.phivolcs.dost.gov.ph/2018_Earthquake_Information/September/2018_0908_1335_B2.html
WARNING (2023-08-07 06:06:31,352): 
Cannot output event info from https://earthquake.phivolcs.dost.gov.ph/2018_Earthquake_Information/September/2018_0908_1316_B2F.html
WARNING (2023-08-07 06:06:31,556): 
Cannot output event info from https://earthquake.phivolcs.dost.gov.ph/2018_Earthquake_Information/September/2018_0908_1300_B2.html
WARNING (2023-08-07 06:06:31,697): 
Cannot output event info from https://earthquake.phivolcs.dost.gov.ph/2018_Earthquake_Information/September/2018_0908_1250_B2.html
WARNING (2023-08-07 06:06:31,870): 
Cannot output event info from https://earthquake.phivolcs.dost.gov.ph/2018_Earthquake_Information/September/2018_0908_1053_B2F.html
CRITICAL (2023-08-07 06:06:32,122): 
404 Client Error: Not Found for url: https://earthquake.phivolcs.dost.gov.ph/2018_Earthquake_Information/September/2018_0908_0948_B2.html
WARNING (2023-08-07 06:06:32,263): 
Cannot output event info from https://earthquake.phivolcs.dost.gov.ph/2018_Earthquake_Information/September/2018_0908_0935_B2.html
WARNING (2023-08-07 06:06:32,436): 
Cannot output event info from https://earthquake.phivolcs.dost.gov.ph/2018_Earthquake_Information/September/2018_0908_0918_B2F.html
WARNING (2023-08-07 06:06:32,597): 
Cannot output event info from https://earthquake.phivolcs.dost.gov.ph/2018_Earthquake_Information/September/2018_0908_0716_B6F.html
WARNING (2023-08-07 06:06:32,786): 
Cannot output event info from https://earthquake.phivolcs.dost.gov.ph/2018_Earthquake_Information/September/2018_0908_0532_B2.html
WARNING (2023-08-07 06:06:32,927): 
Cannot output event info from https://earthquake.phivolcs.dost.gov.ph/2018_Earthquake_Information/September/2018_0908_0245_B2.html
WARNING (2023-08-07 06:06:33,116): 
Cannot output event info from https://earthquake.phivolcs.dost.gov.ph/2018_Earthquake_Information/September/2018_0908_0131_B2.html
WARNING (2023-08-07 06:06:33,257): 
Cannot output event info from https://earthquake.phivolcs.dost.gov.ph/2018_Earthquake_Information/September/2018_0908_0119_B2.html
WARNING (2023-08-07 06:06:33,383): 
Cannot output event info from https://earthquake.phivolcs.dost.gov.ph/2018_Earthquake_Information/September/2018_0908_0105_B2.html
WARNING (2023-08-07 06:06:33,524): 
Cannot output event info from https://earthquake.phivolcs.dost.gov.ph/2018_Earthquake_Information/September/2018_0908_0055_B2.html
WARNING (2023-08-07 06:06:33,697): 
Cannot output event info from https://earthquake.phivolcs.dost.gov.ph/2018_Earthquake_Information/September/2018_0908_0036_B2.html
WARNING (2023-08-07 06:06:33,839): 
Cannot output event info from https://earthquake.phivolcs.dost.gov.ph/2018_Earthquake_Information/September/2018_0907_2301_B2.html
WARNING (2023-08-07 06:06:34,027): 
Cannot output event info from https://earthquake.phivolcs.dost.gov.ph/2018_Earthquake_Information/September/2018_0907_2233_B2.html
WARNING (2023-08-07 06:06:34,231): 
Cannot output event info from https://earthquake.phivolcs.dost.gov.ph/2018_Earthquake_Information/September/2018_0907_2216_B2.html
WARNING (2023-08-07 06:06:34,389): 
Cannot output event info from https://earthquake.phivolcs.dost.gov.ph/2018_Earthquake_Information/September/2018_0907_2115_B2.html
WARNING (2023-08-07 06:06:39,844): 
Cannot output event info from https://earthquake.phivolcs.dost.gov.ph/2018_Earthquake_Information/September/2018_0907_2107_B2.html
WARNING (2023-08-07 06:06:40,001): 
Cannot output event info from https://earthquake.phivolcs.dost.gov.ph/2018_Earthquake_Information/September/2018_0907_1646_B2.html
WARNING (2023-08-07 06:06:40,189): 
Cannot output event info from https://earthquake.phivolcs.dost.gov.ph/2018_Earthquake_Information/September/2018_0907_1941_B2.html
WARNING (2023-08-07 06:06:40,331): 
Cannot output event info from https://earthquake.phivolcs.dost.gov.ph/2018_Earthquake_Information/September/2018_0907_1846_B2.html
WARNING (2023-08-07 06:06:40,504): 
Cannot output event info from https://earthquake.phivolcs.dost.gov.ph/2018_Earthquake_Information/September/2018_0907_1703_B2.html
WARNING (2023-08-07 06:06:40,740): 
Cannot output event info from https://earthquake.phivolcs.dost.gov.ph/2018_Earthquake_Information/September/2018_0907_1653_B2.html
WARNING (2023-08-07 06:06:40,897): 
Cannot output event info from https://earthquake.phivolcs.dost.gov.ph/2018_Earthquake_Information/September/2018_0907_1651_B2.html
WARNING (2023-08-07 06:06:41,165): 
Cannot output event info from https://earthquake.phivolcs.dost.gov.ph/2018_Earthquake_Information/September/2018_0907_1608_B2.html
WARNING (2023-08-07 06:06:41,306): 
Cannot output event info from https://earthquake.phivolcs.dost.gov.ph/2018_Earthquake_Information/September/2018_0907_1520_B2.html
WARNING (2023-08-07 06:06:41,448): 
Cannot output event info from https://earthquake.phivolcs.dost.gov.ph/2018_Earthquake_Information/September/2018_0907_1513_B2.html
WARNING (2023-08-07 06:06:41,558): 
Cannot output event info from https://earthquake.phivolcs.dost.gov.ph/2018_Earthquake_Information/September/2018_0907_1509_B2.html
WARNING (2023-08-07 06:06:41,747): 
Cannot output event info from https://earthquake.phivolcs.dost.gov.ph/2018_Earthquake_Information/September/2018_0907_1348_B2F.html
WARNING (2023-08-07 06:06:41,888): 
Cannot output event info from https://earthquake.phivolcs.dost.gov.ph/2018_Earthquake_Information/September/2018_0907_1133_B2.html
WARNING (2023-08-07 06:06:42,077): 
Cannot output event info from https://earthquake.phivolcs.dost.gov.ph/2018_Earthquake_Information/September/2018_0907_1105_B2.html
WARNING (2023-08-07 06:06:42,203): 
Cannot output event info from https://earthquake.phivolcs.dost.gov.ph/2018_Earthquake_Information/September/2018_0907_1031_B2.html
WARNING (2023-08-07 06:06:42,454): 
Cannot output event info from https://earthquake.phivolcs.dost.gov.ph/2018_Earthquake_Information/September/2018_0907_1003_B2.html
WARNING (2023-08-07 06:06:42,677): 
Cannot output event info from https://earthquake.phivolcs.dost.gov.ph/2018_Earthquake_Information/September/2018_0907_0954_B2.html
WARNING (2023-08-07 06:06:42,976): 
Cannot output event info from https://earthquake.phivolcs.dost.gov.ph/2018_Earthquake_Information/September/2018_0907_0654_B2.html
WARNING (2023-08-07 06:06:43,133): 
Cannot output event info from https://earthquake.phivolcs.dost.gov.ph/2018_Earthquake_Information/September/2018_0907_0057_B2.html
WARNING (2023-08-07 06:06:46,105): 
Cannot output event info from https://earthquake.phivolcs.dost.gov.ph/2018_Earthquake_Information/September/2018_0907_0037_B2.html
WARNING (2023-08-07 06:06:58,262): 
Cannot output event info from https://earthquake.phivolcs.dost.gov.ph/2018_Earthquake_Information/September/2018_0906_2332_B2.html
WARNING (2023-08-07 06:07:10,511): 
Cannot output event info from https://earthquake.phivolcs.dost.gov.ph/2018_Earthquake_Information/September/2018_0906_2246_B2.html
WARNING (2023-08-07 06:07:15,874): 
Cannot output event info from https://earthquake.phivolcs.dost.gov.ph/2018_Earthquake_Information/September/2018_0906_2235_B2.html
WARNING (2023-08-07 06:07:16,125): 
Cannot output event info from https://earthquake.phivolcs.dost.gov.ph/2018_Earthquake_Information/September/2018_0906_2002_B1.html
WARNING (2023-08-07 06:07:19,245): 
Cannot output event info from https://earthquake.phivolcs.dost.gov.ph/2018_Earthquake_Information/September/2018_0906_1823_B2.html
WARNING (2023-08-07 06:07:19,383): 
Cannot output event info from https://earthquake.phivolcs.dost.gov.ph/2018_Earthquake_Information/September/2018_0906_1350_B2.html
WARNING (2023-08-07 06:07:19,588): 
Cannot output event info from https://earthquake.phivolcs.dost.gov.ph/2018_Earthquake_Information/September/2018_0906_1259_B2.html
WARNING (2023-08-07 06:07:19,729): 
Cannot output event info from https://earthquake.phivolcs.dost.gov.ph/2018_Earthquake_Information/September/2018_0906_1251_B2.html
WARNING (2023-08-07 06:07:19,918): 
Cannot output event info from https://earthquake.phivolcs.dost.gov.ph/2018_Earthquake_Information/September/2018_0906_1233_B2.html
WARNING (2023-08-07 06:07:20,060): 
Cannot output event info from https://earthquake.phivolcs.dost.gov.ph/2018_Earthquake_Information/September/2018_0906_0958_B2.html
WARNING (2023-08-07 06:07:20,201): 
Cannot output event info from https://earthquake.phivolcs.dost.gov.ph/2018_Earthquake_Information/September/2018_0906_0901_B2.html
WARNING (2023-08-07 06:07:20,373): 
Cannot output event info from https://earthquake.phivolcs.dost.gov.ph/2018_Earthquake_Information/September/2018_0906_0632_B2.html
WARNING (2023-08-07 06:07:25,820): 
Cannot output event info from https://earthquake.phivolcs.dost.gov.ph/2018_Earthquake_Information/September/2018_0906_0118_B2.html
WARNING (2023-08-07 06:07:26,080): 
Cannot output event info from https://earthquake.phivolcs.dost.gov.ph/2018_Earthquake_Information/September/2018_0905_2034_B2.html
WARNING (2023-08-07 06:07:26,268): 
Cannot output event info from https://earthquake.phivolcs.dost.gov.ph/2018_Earthquake_Information/September/2018_0905_1930_B2.html
WARNING (2023-08-07 06:07:26,415): 
Cannot output event info from https://earthquake.phivolcs.dost.gov.ph/2018_Earthquake_Information/September/2018_0905_1926_B2.html
WARNING (2023-08-07 06:07:26,650): 
Cannot output event info from https://earthquake.phivolcs.dost.gov.ph/2018_Earthquake_Information/September/2018_0905_1836_B2.html
WARNING (2023-08-07 06:07:26,744): 
Cannot output event info from https://earthquake.phivolcs.dost.gov.ph/2018_Earthquake_Information/September/2018_0905_1835_B2.html
WARNING (2023-08-07 06:07:26,969): 
Cannot output event info from https://earthquake.phivolcs.dost.gov.ph/2018_Earthquake_Information/September/2018_0905_1705_B2.html
WARNING (2023-08-07 06:07:27,138): 
Cannot output event info from https://earthquake.phivolcs.dost.gov.ph/2018_Earthquake_Information/September/2018_0905_1645_B2.html
WARNING (2023-08-07 06:07:27,326): 
Cannot output event info from https://earthquake.phivolcs.dost.gov.ph/2018_Earthquake_Information/September/2018_0905_1612_B2.html
WARNING (2023-08-07 06:07:27,579): 
Cannot output event info from https://earthquake.phivolcs.dost.gov.ph/2018_Earthquake_Information/September/2018_0905_1555_B2.html
WARNING (2023-08-07 06:07:27,705): 
Cannot output event info from https://earthquake.phivolcs.dost.gov.ph/2018_Earthquake_Information/September/2018_0905_1549_B2.html
WARNING (2023-08-07 06:07:27,956): 
Cannot output event info from https://earthquake.phivolcs.dost.gov.ph/2018_Earthquake_Information/September/2018_0905_1333_B2.html
CRITICAL (2023-08-07 06:07:28,224): 
404 Client Error: Not Found for url: https://earthquake.phivolcs.dost.gov.ph/2018_Earthquake_Information/September/2018_0905_1101_B2.html
CRITICAL (2023-08-07 06:07:28,365): 
404 Client Error: Not Found for url: https://earthquake.phivolcs.dost.gov.ph/2018_Earthquake_Information/September/2018_0905_0838_B2.html
CRITICAL (2023-08-07 06:07:28,538): 
404 Client Error: Not Found for url: https://earthquake.phivolcs.dost.gov.ph/2018_Earthquake_Information/September/2018_0905_0826_B2.html
CRITICAL (2023-08-07 06:07:28,696): 
404 Client Error: Not Found for url: https://earthquake.phivolcs.dost.gov.ph/2018_Earthquake_Information/September/2018_0905_0723_B2.html
WARNING (2023-08-07 06:07:28,885): 
Cannot output event info from https://earthquake.phivolcs.dost.gov.ph/2018_Earthquake_Information/September/2018_0905_0714_B2.html
WARNING (2023-08-07 06:07:29,058): 
Cannot output event info from https://earthquake.phivolcs.dost.gov.ph/2018_Earthquake_Information/September/2018_0905_0515_B2.html
WARNING (2023-08-07 06:07:29,152): 
Cannot output event info from https://earthquake.phivolcs.dost.gov.ph/2018_Earthquake_Information/September/2018_0905_0304_B2.html
WARNING (2023-08-07 06:07:29,262): 
Cannot output event info from https://earthquake.phivolcs.dost.gov.ph/2018_Earthquake_Information/September/2018_0905_0225_B2F.html
CRITICAL (2023-08-07 06:07:29,467): 
404 Client Error: Not Found for url: https://earthquake.phivolcs.dost.gov.ph/2018_Earthquake_Information/September/2018_0904_2218_B2.html
CRITICAL (2023-08-07 06:07:29,608): 
404 Client Error: Not Found for url: https://earthquake.phivolcs.dost.gov.ph/2018_Earthquake_Information/September/2018_0904_2016_B2.html
CRITICAL (2023-08-07 06:07:29,797): 
404 Client Error: Not Found for url: https://earthquake.phivolcs.dost.gov.ph/2018_Earthquake_Information/September/2018_0904_1910_B2.html
CRITICAL (2023-08-07 06:07:30,032): 
404 Client Error: Not Found for url: https://earthquake.phivolcs.dost.gov.ph/2018_Earthquake_Information/September/2018_0904_1850_B2.html
CRITICAL (2023-08-07 06:07:30,127): 
404 Client Error: Not Found for url: https://earthquake.phivolcs.dost.gov.ph/2018_Earthquake_Information/September/2018_0904_1843_B2.html
CRITICAL (2023-08-07 06:07:30,362): 
404 Client Error: Not Found for url: https://earthquake.phivolcs.dost.gov.ph/2018_Earthquake_Information/September/2018_0904_1806_B2.html
CRITICAL (2023-08-07 06:07:35,790): 
404 Client Error: Not Found for url: https://earthquake.phivolcs.dost.gov.ph/2018_Earthquake_Information/September/2018_0904_1730_B2.html
CRITICAL (2023-08-07 06:07:35,963): 
404 Client Error: Not Found for url: https://earthquake.phivolcs.dost.gov.ph/2018_Earthquake_Information/September/2018_0904_1528_B2.html
CRITICAL (2023-08-07 06:07:36,104): 
404 Client Error: Not Found for url: https://earthquake.phivolcs.dost.gov.ph/2018_Earthquake_Information/September/2018_0904_1331_B2.html
CRITICAL (2023-08-07 06:07:36,295): 
404 Client Error: Not Found for url: https://earthquake.phivolcs.dost.gov.ph/2018_Earthquake_Information/September/2018_0904_1229_B2.html
WARNING (2023-08-07 06:07:36,433): 
Cannot output event info from https://earthquake.phivolcs.dost.gov.ph/2018_Earthquake_Information/September/2018_0904_1159_B2.html
CRITICAL (2023-08-07 06:07:36,606): 
404 Client Error: Not Found for url: https://earthquake.phivolcs.dost.gov.ph/2018_Earthquake_Information/September/2018_0905_0838_B1.html
WARNING (2023-08-07 06:07:36,764): 
Cannot output event info from https://earthquake.phivolcs.dost.gov.ph/2018_Earthquake_Information/September/2018_0904_1118_B2.html
WARNING (2023-08-07 06:07:36,937): 
Cannot output event info from https://earthquake.phivolcs.dost.gov.ph/2018_Earthquake_Information/September/2018_0904_0939_B2.html
WARNING (2023-08-07 06:07:37,174): 
Cannot output event info from https://earthquake.phivolcs.dost.gov.ph/2018_Earthquake_Information/September/2018_0904_0556_B2.html
WARNING (2023-08-07 06:07:37,346): 
Cannot output event info from https://earthquake.phivolcs.dost.gov.ph/2018_Earthquake_Information/September/2018_0904_0338_B3F.html
WARNING (2023-08-07 06:07:37,535): 
Cannot output event info from https://earthquake.phivolcs.dost.gov.ph/2018_Earthquake_Information/September/2018_0903_2357_B2.html
WARNING (2023-08-07 06:07:37,771): 
Cannot output event info from https://earthquake.phivolcs.dost.gov.ph/2018_Earthquake_Information/September/2018_0903_2224_B2F.html
WARNING (2023-08-07 06:07:37,866): 
Cannot output event info from https://earthquake.phivolcs.dost.gov.ph/2018_Earthquake_Information/September/2018_0903_2004_B2.html
WARNING (2023-08-07 06:07:38,085): 
Cannot output event info from https://earthquake.phivolcs.dost.gov.ph/2018_Earthquake_Information/September/2018_0903_1901_B2.html
WARNING (2023-08-07 06:07:38,227): 
Cannot output event info from https://earthquake.phivolcs.dost.gov.ph/2018_Earthquake_Information/September/2018_0903_1803_B2.html
WARNING (2023-08-07 06:07:38,432): 
Cannot output event info from https://earthquake.phivolcs.dost.gov.ph/2018_Earthquake_Information/September/2018_0903_1543_B3F.html
WARNING (2023-08-07 06:07:38,573): 
Cannot output event info from https://earthquake.phivolcs.dost.gov.ph/2018_Earthquake_Information/September/2018_0903_1527_B2.html
WARNING (2023-08-07 06:07:38,762): 
Cannot output event info from https://earthquake.phivolcs.dost.gov.ph/2018_Earthquake_Information/September/2018_0903_1246_B2.html
WARNING (2023-08-07 06:07:38,982): 
Cannot output event info from https://earthquake.phivolcs.dost.gov.ph/2018_Earthquake_Information/September/2018_0903_1130_B2.html
WARNING (2023-08-07 06:07:39,140): 
Cannot output event info from https://earthquake.phivolcs.dost.gov.ph/2018_Earthquake_Information/September/2018_0903_1048_B2.html
WARNING (2023-08-07 06:07:39,407): 
Cannot output event info from https://earthquake.phivolcs.dost.gov.ph/2018_Earthquake_Information/September/2018_0903_0032_B2.html
WARNING (2023-08-07 06:07:39,659): 
Cannot output event info from https://earthquake.phivolcs.dost.gov.ph/2018_Earthquake_Information/September/2018_0902_2259_B2.html
WARNING (2023-08-07 06:07:39,785): 
Cannot output event info from https://earthquake.phivolcs.dost.gov.ph/2018_Earthquake_Information/September/2018_0902_2225_B2.html
WARNING (2023-08-07 06:07:39,989): 
Cannot output event info from https://earthquake.phivolcs.dost.gov.ph/2018_Earthquake_Information/September/2018_0902_2013_B1.html
WARNING (2023-08-07 06:07:40,147): 
Cannot output event info from https://earthquake.phivolcs.dost.gov.ph/2018_Earthquake_Information/September/2018_0902_2001_B2.html
WARNING (2023-08-07 06:07:40,320): 
Cannot output event info from https://earthquake.phivolcs.dost.gov.ph/2018_Earthquake_Information/September/2018_0902_1936_B2.html
WARNING (2023-08-07 06:07:45,901): 
Cannot output event info from https://earthquake.phivolcs.dost.gov.ph/2018_Earthquake_Information/September/2018_0902_1929_B2.html
WARNING (2023-08-07 06:07:46,168): 
Cannot output event info from https://earthquake.phivolcs.dost.gov.ph/2018_Earthquake_Information/September/2018_0902_1743_B2.html
WARNING (2023-08-07 06:07:46,294): 
Cannot output event info from https://earthquake.phivolcs.dost.gov.ph/2018_Earthquake_Information/September/2018_0902_1708_B2.html
WARNING (2023-08-07 06:07:46,499): 
Cannot output event info from https://earthquake.phivolcs.dost.gov.ph/2018_Earthquake_Information/September/2018_0902_1600_B2.html
WARNING (2023-08-07 06:07:46,640): 
Cannot output event info from https://earthquake.phivolcs.dost.gov.ph/2018_Earthquake_Information/September/2018_0902_1355_B2.html
WARNING (2023-08-07 06:07:46,955): 
Cannot output event info from https://earthquake.phivolcs.dost.gov.ph/2018_Earthquake_Information/September/2018_0902_1233_B2.html
WARNING (2023-08-07 06:07:47,159): 
Cannot output event info from https://earthquake.phivolcs.dost.gov.ph/2018_Earthquake_Information/September/2018_0902_0804_B2.html
WARNING (2023-08-07 06:07:47,379): 
Cannot output event info from https://earthquake.phivolcs.dost.gov.ph/2018_Earthquake_Information/September/2018_0902_0400_B2.html
WARNING (2023-08-07 06:07:47,488): 
Cannot output event info from https://earthquake.phivolcs.dost.gov.ph/2018_Earthquake_Information/September/2018_0902_0327_B2.html
WARNING (2023-08-07 06:07:47,617): 
Cannot output event info from https://earthquake.phivolcs.dost.gov.ph/2018_Earthquake_Information/September/2018_0902_0227_B2.html
WARNING (2023-08-07 06:07:47,744): 
Cannot output event info from https://earthquake.phivolcs.dost.gov.ph/2018_Earthquake_Information/September/2018_0901_1915_B1.html
WARNING (2023-08-07 06:07:47,885): 
Cannot output event info from https://earthquake.phivolcs.dost.gov.ph/2018_Earthquake_Information/September/2018_0901_1908_B2.html
WARNING (2023-08-07 06:07:48,057): 
Cannot output event info from https://earthquake.phivolcs.dost.gov.ph/2018_Earthquake_Information/September/2018_0901_1708_B2.html
CRITICAL (2023-08-07 06:07:48,198): 
404 Client Error: Not Found for url: https://earthquake.phivolcs.dost.gov.ph/2018_Earthquake_Information/September/2018_0901_1540_B2.html
CRITICAL (2023-08-07 06:07:48,387): 
404 Client Error: Not Found for url: https://earthquake.phivolcs.dost.gov.ph/2018_Earthquake_Information/September/2018_0901_1418_B2.html
CRITICAL (2023-08-07 06:07:48,528): 
404 Client Error: Not Found for url: https://earthquake.phivolcs.dost.gov.ph/2018_Earthquake_Information/September/2018_0901_1406_B2.html
WARNING (2023-08-07 06:07:48,701): 
Cannot output event info from https://earthquake.phivolcs.dost.gov.ph/2018_Earthquake_Information/September/2018_0901_1317_B2.html
WARNING (2023-08-07 06:07:48,953): 
Cannot output event info from https://earthquake.phivolcs.dost.gov.ph/2018_Earthquake_Information/September/2018_0901_1249_B2.html
WARNING (2023-08-07 06:07:49,094): 
Cannot output event info from https://earthquake.phivolcs.dost.gov.ph/2018_Earthquake_Information/September/2018_0901_1208_B2.html
CRITICAL (2023-08-07 06:07:49,612): 
404 Client Error: Not Found for url: https://earthquake.phivolcs.dost.gov.ph/2018_Earthquake_Information/September/2018_0901_0641_B2.html
CRITICAL (2023-08-07 06:08:01,060): 
404 Client Error: Not Found for url: https://earthquake.phivolcs.dost.gov.ph/2018_Earthquake_Information/August/2018_0831_1800_B2.html
