WARNING (2023-08-02 17:17:40,956): 
Cannot output event info from https://earthquake.phivolcs.dost.gov.ph/2018_Earthquake_Information/December/2018_1231_1447_B2.html
WARNING (2023-08-02 17:17:47,098): 
Cannot output event info from https://earthquake.phivolcs.dost.gov.ph/2018_Earthquake_Information/December/2018_1231_1416_B2.html
WARNING (2023-08-02 17:17:52,614): 
Cannot output event info from https://earthquake.phivolcs.dost.gov.ph/2018_Earthquake_Information/December/2018_1231_1414_B2F.html
WARNING (2023-08-02 17:18:02,787): 
Cannot output event info from https://earthquake.phivolcs.dost.gov.ph/2018_Earthquake_Information/December/2018_1231_1143_B2.html
WARNING (2023-08-02 17:18:13,100): 
Cannot output event info from https://earthquake.phivolcs.dost.gov.ph/2018_Earthquake_Information/December/2018_1231_1046_B2.html
WARNING (2023-08-02 17:18:14,413): 
Cannot output event info from https://earthquake.phivolcs.dost.gov.ph/2018_Earthquake_Information/December/2018_1231_1041_B2.html
WARNING (2023-08-02 17:18:15,866): 
Cannot output event info from https://earthquake.phivolcs.dost.gov.ph/2018_Earthquake_Information/December/2018_1231_0704_B2.html
WARNING (2023-08-02 17:18:16,335): 
Cannot output event info from https://earthquake.phivolcs.dost.gov.ph/2018_Earthquake_Information/December/2018_1231_0651_B2.html
WARNING (2023-08-02 17:18:17,116): 
Cannot output event info from https://earthquake.phivolcs.dost.gov.ph/2018_Earthquake_Information/December/2018_1231_0549_B2.html
WARNING (2023-08-02 17:18:17,805): 
Cannot output event info from https://earthquake.phivolcs.dost.gov.ph/2018_Earthquake_Information/December/2018_1231_0527_B2.html
WARNING (2023-08-02 17:18:18,664): 
Cannot output event info from https://earthquake.phivolcs.dost.gov.ph/2018_Earthquake_Information/December/2018_1231_0516_B2.html
WARNING (2023-08-02 17:18:50,979): 
Max retries exceeded with url: https://earthquake.phivolcs.dost.gov.ph/2018_Earthquake_Information/December/2018_1231_0509_B2F.html
WARNING (2023-08-02 17:18:51,541): 
Cannot output event info from https://earthquake.phivolcs.dost.gov.ph/2018_Earthquake_Information/December/2018_1231_0427_B2.html
WARNING (2023-08-02 17:18:52,197): 
Cannot output event info from https://earthquake.phivolcs.dost.gov.ph/2018_Earthquake_Information/December/2018_1231_0353_B2.html
WARNING (2023-08-02 17:18:52,760): 
Cannot output event info from https://earthquake.phivolcs.dost.gov.ph/2018_Earthquake_Information/December/2018_1231_0334_B2.html
WARNING (2023-08-02 17:18:53,229): 
Cannot output event info from https://earthquake.phivolcs.dost.gov.ph/2018_Earthquake_Information/December/2018_1231_0327_B2.html
WARNING (2023-08-02 17:18:54,072): 
Cannot output event info from https://earthquake.phivolcs.dost.gov.ph/2018_Earthquake_Information/December/2018_1231_0126_B2.html
WARNING (2023-08-02 17:18:54,604): 
Cannot output event info from https://earthquake.phivolcs.dost.gov.ph/2018_Earthquake_Information/December/2018_1230_2300_B2.html
WARNING (2023-08-02 17:18:55,026): 
Cannot output event info from https://earthquake.phivolcs.dost.gov.ph/2018_Earthquake_Information/December/2018_1230_2219_B2.html
WARNING (2023-08-02 17:18:55,463): 
Cannot output event info from https://earthquake.phivolcs.dost.gov.ph/2018_Earthquake_Information/December/2018_1230_2214_B2.html
WARNING (2023-08-02 17:18:55,994): 
Cannot output event info from https://earthquake.phivolcs.dost.gov.ph/2018_Earthquake_Information/December/2018_1230_2146_B2.html
WARNING (2023-08-02 17:18:56,635): 
Cannot output event info from https://earthquake.phivolcs.dost.gov.ph/2018_Earthquake_Information/December/2018_1230_2059_B2.html
WARNING (2023-08-02 17:18:57,104): 
Cannot output event info from https://earthquake.phivolcs.dost.gov.ph/2018_Earthquake_Information/December/2018_1230_1916_B2.html
WARNING (2023-08-02 17:18:57,604): 
Cannot output event info from https://earthquake.phivolcs.dost.gov.ph/2018_Earthquake_Information/December/2018_1230_1907_B2F.html
WARNING (2023-08-02 17:18:58,072): 
Cannot output event info from https://earthquake.phivolcs.dost.gov.ph/2018_Earthquake_Information/December/2018_1230_1903_B2.html
WARNING (2023-08-02 17:18:58,604): 
Cannot output event info from https://earthquake.phivolcs.dost.gov.ph/2018_Earthquake_Information/December/2018_1230_1901_B2.html
WARNING (2023-08-02 17:18:59,182): 
Cannot output event info from https://earthquake.phivolcs.dost.gov.ph/2018_Earthquake_Information/December/2018_1230_1824_B2F.html
WARNING (2023-08-02 17:18:59,666): 
Cannot output event info from https://earthquake.phivolcs.dost.gov.ph/2018_Earthquake_Information/December/2018_1230_1813_B2F.html
WARNING (2023-08-02 17:19:00,197): 
Cannot output event info from https://earthquake.phivolcs.dost.gov.ph/2018_Earthquake_Information/December/2018_1230_1625_B2.html
WARNING (2023-08-02 17:19:02,072): 
Cannot output event info from https://earthquake.phivolcs.dost.gov.ph/2018_Earthquake_Information/December/2018_1230_1608_B2.html
WARNING (2023-08-02 17:19:02,604): 
Cannot output event info from https://earthquake.phivolcs.dost.gov.ph/2018_Earthquake_Information/December/2018_1230_1551_B2.html
WARNING (2023-08-02 17:19:03,432): 
Cannot output event info from https://earthquake.phivolcs.dost.gov.ph/2018_Earthquake_Information/December/2018_1230_1519_B2F.html
WARNING (2023-08-02 17:19:03,979): 
Cannot output event info from https://earthquake.phivolcs.dost.gov.ph/2018_Earthquake_Information/December/2018_1230_1508_B2.html
WARNING (2023-08-02 17:19:04,510): 
Cannot output event info from https://earthquake.phivolcs.dost.gov.ph/2018_Earthquake_Information/December/2018_1230_1501_B2.html
WARNING (2023-08-02 17:19:05,041): 
Cannot output event info from https://earthquake.phivolcs.dost.gov.ph/2018_Earthquake_Information/December/2018_1230_1422_B2.html
WARNING (2023-08-02 17:19:05,635): 
Cannot output event info from https://earthquake.phivolcs.dost.gov.ph/2018_Earthquake_Information/December/2018_1230_1346_B2.html
WARNING (2023-08-02 17:19:06,151): 
Cannot output event info from https://earthquake.phivolcs.dost.gov.ph/2018_Earthquake_Information/December/2018_1230_1338_B2.html
WARNING (2023-08-02 17:19:06,635): 
Cannot output event info from https://earthquake.phivolcs.dost.gov.ph/2018_Earthquake_Information/December/2018_1230_1310_B2.html
WARNING (2023-08-02 17:19:07,182): 
Cannot output event info from https://earthquake.phivolcs.dost.gov.ph/2018_Earthquake_Information/December/2018_1230_1229_B2F.html
WARNING (2023-08-02 17:19:07,604): 
Cannot output event info from https://earthquake.phivolcs.dost.gov.ph/2018_Earthquake_Information/December/2018_1230_1141_B2.html
WARNING (2023-08-02 17:19:08,151): 
Cannot output event info from https://earthquake.phivolcs.dost.gov.ph/2018_Earthquake_Information/December/2018_1230_1128_B2F.html
WARNING (2023-08-02 17:19:08,791): 
Cannot output event info from https://earthquake.phivolcs.dost.gov.ph/2018_Earthquake_Information/December/2018_1230_1016_B2.html
WARNING (2023-08-02 17:19:09,338): 
Cannot output event info from https://earthquake.phivolcs.dost.gov.ph/2018_Earthquake_Information/December/2018_1230_0942_B2.html
WARNING (2023-08-02 17:19:09,776): 
Cannot output event info from https://earthquake.phivolcs.dost.gov.ph/2018_Earthquake_Information/December/2018_1230_0907_B2.html
WARNING (2023-08-02 17:19:10,291): 
Cannot output event info from https://earthquake.phivolcs.dost.gov.ph/2018_Earthquake_Information/December/2018_1230_0839_B2F.html
WARNING (2023-08-02 17:19:10,729): 
Cannot output event info from https://earthquake.phivolcs.dost.gov.ph/2018_Earthquake_Information/December/2018_1230_0717_B2.html
WARNING (2023-08-02 17:19:11,166): 
Cannot output event info from https://earthquake.phivolcs.dost.gov.ph/2018_Earthquake_Information/December/2018_1230_0644_B2.html
WARNING (2023-08-02 17:19:12,635): 
Cannot output event info from https://earthquake.phivolcs.dost.gov.ph/2018_Earthquake_Information/December/2018_1230_0401_B2.html
WARNING (2023-08-02 17:19:13,807): 
Cannot output event info from https://earthquake.phivolcs.dost.gov.ph/2018_Earthquake_Information/December/2018_1230_0048_B2.html
WARNING (2023-08-02 17:19:14,245): 
Cannot output event info from https://earthquake.phivolcs.dost.gov.ph/2018_Earthquake_Information/December/2018_1230_0040_B2.html
WARNING (2023-08-02 17:19:14,778): 
Cannot output event info from https://earthquake.phivolcs.dost.gov.ph/2018_Earthquake_Information/December/2018_1230_0024_B2.html
WARNING (2023-08-02 17:19:15,184): 
Cannot output event info from https://earthquake.phivolcs.dost.gov.ph/2018_Earthquake_Information/December/2018_1229_2354_B2.html
WARNING (2023-08-02 17:19:15,623): 
Cannot output event info from https://earthquake.phivolcs.dost.gov.ph/2018_Earthquake_Information/December/2018_1229_2301_B2F.html
WARNING (2023-08-02 17:19:17,107): 
Cannot output event info from https://earthquake.phivolcs.dost.gov.ph/2018_Earthquake_Information/December/2018_1229_2237_B2.html
WARNING (2023-08-02 17:19:17,578): 
Cannot output event info from https://earthquake.phivolcs.dost.gov.ph/2018_Earthquake_Information/December/2018_1229_2225_B2.html
WARNING (2023-08-02 17:19:18,093): 
Cannot output event info from https://earthquake.phivolcs.dost.gov.ph/2018_Earthquake_Information/December/2018_1229_2204_B2.html
WARNING (2023-08-02 17:19:18,533): 
Cannot output event info from https://earthquake.phivolcs.dost.gov.ph/2018_Earthquake_Information/December/2018_1229_2122_B2.html
WARNING (2023-08-02 17:19:19,096): 
Cannot output event info from https://earthquake.phivolcs.dost.gov.ph/2018_Earthquake_Information/December/2018_1229_2117_B2.html
WARNING (2023-08-02 17:19:19,597): 
Cannot output event info from https://earthquake.phivolcs.dost.gov.ph/2018_Earthquake_Information/December/2018_1229_1920_B2.html
WARNING (2023-08-02 17:19:20,396): 
Cannot output event info from https://earthquake.phivolcs.dost.gov.ph/2018_Earthquake_Information/December/2018_1229_1918_B2.html
WARNING (2023-08-02 17:19:21,850): 
Cannot output event info from https://earthquake.phivolcs.dost.gov.ph/2018_Earthquake_Information/December/2018_1229_1902_B2.html
WARNING (2023-08-02 17:19:22,647): 
Cannot output event info from https://earthquake.phivolcs.dost.gov.ph/2018_Earthquake_Information/December/2018_1229_1840_B2.html
WARNING (2023-08-02 17:19:23,193): 
Cannot output event info from https://earthquake.phivolcs.dost.gov.ph/2018_Earthquake_Information/December/2018_1229_1744_B2F.html
WARNING (2023-08-02 17:19:23,678): 
Cannot output event info from https://earthquake.phivolcs.dost.gov.ph/2018_Earthquake_Information/December/2018_1229_1635_B2.html
WARNING (2023-08-02 17:19:24,365): 
Cannot output event info from https://earthquake.phivolcs.dost.gov.ph/2018_Earthquake_Information/December/2018_1229_1620_B2.html
WARNING (2023-08-02 17:19:24,834): 
Cannot output event info from https://earthquake.phivolcs.dost.gov.ph/2018_Earthquake_Information/December/2018_1229_1604_B2.html
WARNING (2023-08-02 17:19:25,662): 
Cannot output event info from https://earthquake.phivolcs.dost.gov.ph/2018_Earthquake_Information/December/2018_1229_1521_B2.html
WARNING (2023-08-02 17:19:26,397): 
Cannot output event info from https://earthquake.phivolcs.dost.gov.ph/2018_Earthquake_Information/December/2018_1229_1451_B2.html
WARNING (2023-08-02 17:19:27,506): 
Cannot output event info from https://earthquake.phivolcs.dost.gov.ph/2018_Earthquake_Information/December/2018_1229_1441_B2.html
WARNING (2023-08-02 17:19:27,959): 
Cannot output event info from https://earthquake.phivolcs.dost.gov.ph/2018_Earthquake_Information/December/2018_1229_1414_B2.html
WARNING (2023-08-02 17:19:29,506): 
Cannot output event info from https://earthquake.phivolcs.dost.gov.ph/2018_Earthquake_Information/December/2018_1229_1355_B2.html
WARNING (2023-08-02 17:19:30,037): 
Cannot output event info from https://earthquake.phivolcs.dost.gov.ph/2018_Earthquake_Information/December/2018_1229_1353_B2.html
WARNING (2023-08-02 17:19:30,568): 
Cannot output event info from https://earthquake.phivolcs.dost.gov.ph/2018_Earthquake_Information/December/2018_1229_1336_B2.html
WARNING (2023-08-02 17:19:31,006): 
Cannot output event info from https://earthquake.phivolcs.dost.gov.ph/2018_Earthquake_Information/December/2018_1229_1322_B2.html
WARNING (2023-08-02 17:19:31,600): 
Cannot output event info from https://earthquake.phivolcs.dost.gov.ph/2018_Earthquake_Information/December/2018_1229_1311_B2.html
WARNING (2023-08-02 17:19:32,178): 
Cannot output event info from https://earthquake.phivolcs.dost.gov.ph/2018_Earthquake_Information/December/2018_1229_1257_B2.html
WARNING (2023-08-02 17:19:32,757): 
Cannot output event info from https://earthquake.phivolcs.dost.gov.ph/2018_Earthquake_Information/December/2018_1229_1252_B2.html
WARNING (2023-08-02 17:19:33,257): 
Cannot output event info from https://earthquake.phivolcs.dost.gov.ph/2018_Earthquake_Information/December/2018_1229_1247_B2.html
WARNING (2023-08-02 17:19:33,757): 
Cannot output event info from https://earthquake.phivolcs.dost.gov.ph/2018_Earthquake_Information/December/2018_1229_1231_B2.html
WARNING (2023-08-02 17:19:34,242): 
Cannot output event info from https://earthquake.phivolcs.dost.gov.ph/2018_Earthquake_Information/December/2018_1229_1216_B2.html
WARNING (2023-08-02 17:19:35,054): 
Cannot output event info from https://earthquake.phivolcs.dost.gov.ph/2018_Earthquake_Information/December/2018_1229_1212_B2.html
WARNING (2023-08-02 17:19:35,649): 
Cannot output event info from https://earthquake.phivolcs.dost.gov.ph/2018_Earthquake_Information/December/2018_1229_1145_B2F.html
WARNING (2023-08-02 17:19:36,993): 
Cannot output event info from https://earthquake.phivolcs.dost.gov.ph/2018_Earthquake_Information/December/2018_1229_1142_B2.html
WARNING (2023-08-02 17:19:37,883): 
Cannot output event info from https://earthquake.phivolcs.dost.gov.ph/2018_Earthquake_Information/December/2018_1229_1134_B2.html
WARNING (2023-08-02 17:19:38,571): 
Cannot output event info from https://earthquake.phivolcs.dost.gov.ph/2018_Earthquake_Information/December/2018_1229_1125_B2.html
WARNING (2023-08-02 17:19:39,305): 
Cannot output event info from https://earthquake.phivolcs.dost.gov.ph/2018_Earthquake_Information/December/2018_1229_1119_B2.html
WARNING (2023-08-02 17:19:39,977): 
Cannot output event info from https://earthquake.phivolcs.dost.gov.ph/2018_Earthquake_Information/December/2018_1229_1115_B2F.html
WARNING (2023-08-02 17:19:40,555): 
Cannot output event info from https://earthquake.phivolcs.dost.gov.ph/2018_Earthquake_Information/December/2018_1229_1111_B2.html
WARNING (2023-08-02 17:19:41,040): 
Cannot output event info from https://earthquake.phivolcs.dost.gov.ph/2018_Earthquake_Information/December/2018_1229_1109_B2F.html
WARNING (2023-08-02 17:19:41,899): 
Cannot output event info from https://earthquake.phivolcs.dost.gov.ph/2018_Earthquake_Information/December/2018_1229_1101_B2F.html
WARNING (2023-08-02 17:19:42,493): 
Cannot output event info from https://earthquake.phivolcs.dost.gov.ph/2018_Earthquake_Information/December/2018_1229_1028_B2F.html
WARNING (2023-08-02 17:19:43,102): 
Cannot output event info from https://earthquake.phivolcs.dost.gov.ph/2018_Earthquake_Information/December/2018_1229_1010_B2F.html
WARNING (2023-08-02 17:19:43,665): 
Cannot output event info from https://earthquake.phivolcs.dost.gov.ph/2018_Earthquake_Information/December/2018_1229_1009_B2.html
WARNING (2023-08-02 17:19:44,133): 
Cannot output event info from https://earthquake.phivolcs.dost.gov.ph/2018_Earthquake_Information/December/2018_1229_0956_B2F.html
WARNING (2023-08-02 17:19:45,118): 
Cannot output event info from https://earthquake.phivolcs.dost.gov.ph/2018_Earthquake_Information/December/2018_1229_0946_B2F.html
WARNING (2023-08-02 17:19:46,446): 
Cannot output event info from https://earthquake.phivolcs.dost.gov.ph/2018_Earthquake_Information/December/2018_1229_0945_B2F.html
WARNING (2023-08-02 17:19:46,915): 
Cannot output event info from https://earthquake.phivolcs.dost.gov.ph/2018_Earthquake_Information/December/2018_1229_0940_B2.html
WARNING (2023-08-02 17:19:47,618): 
Cannot output event info from https://earthquake.phivolcs.dost.gov.ph/2018_Earthquake_Information/December/2018_1229_0912_B3F.html
WARNING (2023-08-02 17:19:48,180): 
Cannot output event info from https://earthquake.phivolcs.dost.gov.ph/2018_Earthquake_Information/December/2018_1229_0815_B2.html
WARNING (2023-08-02 17:19:48,696): 
Cannot output event info from https://earthquake.phivolcs.dost.gov.ph/2018_Earthquake_Information/December/2018_1229_0807_B2F.html
WARNING (2023-08-02 17:19:49,227): 
Cannot output event info from https://earthquake.phivolcs.dost.gov.ph/2018_Earthquake_Information/December/2018_1229_0755_B3.html
WARNING (2023-08-02 17:19:49,774): 
Cannot output event info from https://earthquake.phivolcs.dost.gov.ph/2018_Earthquake_Information/December/2018_1229_0727_B2F.html
WARNING (2023-08-02 17:19:50,383): 
Cannot output event info from https://earthquake.phivolcs.dost.gov.ph/2018_Earthquake_Information/December/2018_1229_0722_B2F.html
WARNING (2023-08-02 17:19:51,180): 
Cannot output event info from https://earthquake.phivolcs.dost.gov.ph/2018_Earthquake_Information/December/2018_1229_0718_B2F.html
WARNING (2023-08-02 17:19:51,743): 
Cannot output event info from https://earthquake.phivolcs.dost.gov.ph/2018_Earthquake_Information/December/2018_1229_0707_B2F.html
WARNING (2023-08-02 17:19:53,727): 
Cannot output event info from https://earthquake.phivolcs.dost.gov.ph/2018_Earthquake_Information/December/2018_1229_0700_B2F.html
WARNING (2023-08-02 17:19:55,399): 
Cannot output event info from https://earthquake.phivolcs.dost.gov.ph/2018_Earthquake_Information/December/2018_1229_0645_B2F.html
WARNING (2023-08-02 17:19:55,836): 
Cannot output event info from https://earthquake.phivolcs.dost.gov.ph/2018_Earthquake_Information/December/2018_1229_0637_B2F.html
WARNING (2023-08-02 17:19:57,086): 
Cannot output event info from https://earthquake.phivolcs.dost.gov.ph/2018_Earthquake_Information/December/2018_1229_0636_B2.html
WARNING (2023-08-02 17:19:57,790): 
Cannot output event info from https://earthquake.phivolcs.dost.gov.ph/2018_Earthquake_Information/December/2018_1229_0626_B2F.html
WARNING (2023-08-02 17:19:59,789): 
Cannot output event info from https://earthquake.phivolcs.dost.gov.ph/2018_Earthquake_Information/December/2018_1229_0557_B2F.html
WARNING (2023-08-02 17:20:00,977): 
Cannot output event info from https://earthquake.phivolcs.dost.gov.ph/2018_Earthquake_Information/December/2018_1229_0555_B2F.html
WARNING (2023-08-02 17:20:01,415): 
Cannot output event info from https://earthquake.phivolcs.dost.gov.ph/2018_Earthquake_Information/December/2018_1229_0549_B2F.html
WARNING (2023-08-02 17:20:01,930): 
Cannot output event info from https://earthquake.phivolcs.dost.gov.ph/2018_Earthquake_Information/December/2018_1229_0533_B2F.html
WARNING (2023-08-02 17:20:02,555): 
Cannot output event info from https://earthquake.phivolcs.dost.gov.ph/2018_Earthquake_Information/December/2018_1229_0428_B2F.html
WARNING (2023-08-02 17:20:03,211): 
Cannot output event info from https://earthquake.phivolcs.dost.gov.ph/2018_Earthquake_Information/December/2018_1229_0339_B4F.html
WARNING (2023-08-02 17:20:03,993): 
Cannot output event info from https://earthquake.phivolcs.dost.gov.ph/2018_Earthquake_Information/December/2018_1229_0241_B2.html
WARNING (2023-08-02 17:20:04,555): 
Cannot output event info from https://earthquake.phivolcs.dost.gov.ph/2018_Earthquake_Information/December/2018_1228_2131_B2.html
WARNING (2023-08-02 17:20:05,008): 
Cannot output event info from https://earthquake.phivolcs.dost.gov.ph/2018_Earthquake_Information/December/2018_1228_2105_B2.html
WARNING (2023-08-02 17:20:05,633): 
Cannot output event info from https://earthquake.phivolcs.dost.gov.ph/2018_Earthquake_Information/December/2018_1228_2019_B2.html
WARNING (2023-08-02 17:20:06,055): 
Cannot output event info from https://earthquake.phivolcs.dost.gov.ph/2018_Earthquake_Information/December/2018_1228_1944_B2.html
WARNING (2023-08-02 17:20:07,915): 
Cannot output event info from https://earthquake.phivolcs.dost.gov.ph/2018_Earthquake_Information/December/2018_1228_1934_B2.html
WARNING (2023-08-02 17:20:08,540): 
Cannot output event info from https://earthquake.phivolcs.dost.gov.ph/2018_Earthquake_Information/December/2018_1228_1629_B2.html
WARNING (2023-08-02 17:20:09,055): 
Cannot output event info from https://earthquake.phivolcs.dost.gov.ph/2018_Earthquake_Information/December/2018_1228_1610_B2.html
WARNING (2023-08-02 17:20:09,618): 
Cannot output event info from https://earthquake.phivolcs.dost.gov.ph/2018_Earthquake_Information/December/2018_1228_1336_B2.html
WARNING (2023-08-02 17:20:10,055): 
Cannot output event info from https://earthquake.phivolcs.dost.gov.ph/2018_Earthquake_Information/December/2018_1228_1147_B1.html
WARNING (2023-08-02 17:20:10,571): 
Cannot output event info from https://earthquake.phivolcs.dost.gov.ph/2018_Earthquake_Information/December/2018_1228_0643_B2.html
WARNING (2023-08-02 17:20:12,086): 
Cannot output event info from https://earthquake.phivolcs.dost.gov.ph/2018_Earthquake_Information/December/2018_1228_0636_B2.html
WARNING (2023-08-02 17:20:12,633): 
Cannot output event info from https://earthquake.phivolcs.dost.gov.ph/2018_Earthquake_Information/December/2018_1228_0512_B1.html
WARNING (2023-08-02 17:20:14,119): 
Cannot output event info from https://earthquake.phivolcs.dost.gov.ph/2018_Earthquake_Information/December/2018_1228_0426_B1.html
WARNING (2023-08-02 17:20:15,229): 
Cannot output event info from https://earthquake.phivolcs.dost.gov.ph/2018_Earthquake_Information/December/2018_1228_0412_B1.html
WARNING (2023-08-02 17:20:15,761): 
Cannot output event info from https://earthquake.phivolcs.dost.gov.ph/2018_Earthquake_Information/December/2018_1228_0057_B2.html
WARNING (2023-08-02 17:20:16,449): 
Cannot output event info from https://earthquake.phivolcs.dost.gov.ph/2018_Earthquake_Information/December/2018_1228_0026_B2.html
WARNING (2023-08-02 17:20:16,980): 
Cannot output event info from https://earthquake.phivolcs.dost.gov.ph/2018_Earthquake_Information/December/2018_1227_2146_B2.html
WARNING (2023-08-02 17:20:17,481): 
Cannot output event info from https://earthquake.phivolcs.dost.gov.ph/2018_Earthquake_Information/December/2018_1227_2059_B2.html
WARNING (2023-08-02 17:20:17,965): 
Cannot output event info from https://earthquake.phivolcs.dost.gov.ph/2018_Earthquake_Information/December/2018_1227_2047_B2.html
WARNING (2023-08-02 17:20:18,560): 
Cannot output event info from https://earthquake.phivolcs.dost.gov.ph/2018_Earthquake_Information/December/2018_1227_1827_B2.html
WARNING (2023-08-02 17:20:18,997): 
Cannot output event info from https://earthquake.phivolcs.dost.gov.ph/2018_Earthquake_Information/December/2018_1227_1517_B2F.html
WARNING (2023-08-02 17:20:19,857): 
Cannot output event info from https://earthquake.phivolcs.dost.gov.ph/2018_Earthquake_Information/December/2018_1227_1024_B2.html
WARNING (2023-08-02 17:20:21,577): 
Cannot output event info from https://earthquake.phivolcs.dost.gov.ph/2018_Earthquake_Information/December/2018_1227_0902_B2.html
WARNING (2023-08-02 17:20:22,217): 
Cannot output event info from https://earthquake.phivolcs.dost.gov.ph/2018_Earthquake_Information/December/2018_1227_0309_B2.html
WARNING (2023-08-02 17:20:23,045): 
Cannot output event info from https://earthquake.phivolcs.dost.gov.ph/2018_Earthquake_Information/December/2018_1227_0231_B2.html
WARNING (2023-08-02 17:20:23,640): 
Cannot output event info from https://earthquake.phivolcs.dost.gov.ph/2018_Earthquake_Information/December/2018_1227_0147_B2.html
WARNING (2023-08-02 17:20:24,312): 
Cannot output event info from https://earthquake.phivolcs.dost.gov.ph/2018_Earthquake_Information/December/2018_1227_0024_B2.html
WARNING (2023-08-02 17:20:24,859): 
Cannot output event info from https://earthquake.phivolcs.dost.gov.ph/2018_Earthquake_Information/December/2018_1226_2325_B2.html
WARNING (2023-08-02 17:20:25,281): 
Cannot output event info from https://earthquake.phivolcs.dost.gov.ph/2018_Earthquake_Information/December/2018_1226_2215_B2.html
WARNING (2023-08-02 17:20:25,749): 
Cannot output event info from https://earthquake.phivolcs.dost.gov.ph/2018_Earthquake_Information/December/2018_1226_2146_B2.html
WARNING (2023-08-02 17:20:26,296): 
Cannot output event info from https://earthquake.phivolcs.dost.gov.ph/2018_Earthquake_Information/December/2018_1226_2134_B2.html
WARNING (2023-08-02 17:20:26,765): 
Cannot output event info from https://earthquake.phivolcs.dost.gov.ph/2018_Earthquake_Information/December/2018_1226_1748_B2.html
WARNING (2023-08-02 17:20:27,515): 
Cannot output event info from https://earthquake.phivolcs.dost.gov.ph/2018_Earthquake_Information/December/2018_1226_1729_B2.html
WARNING (2023-08-02 17:20:28,218): 
Cannot output event info from https://earthquake.phivolcs.dost.gov.ph/2018_Earthquake_Information/December/2018_1226_1717_B2.html
WARNING (2023-08-02 17:20:28,718): 
Cannot output event info from https://earthquake.phivolcs.dost.gov.ph/2018_Earthquake_Information/December/2018_1226_1710_B2.html
WARNING (2023-08-02 17:20:29,237): 
Cannot output event info from https://earthquake.phivolcs.dost.gov.ph/2018_Earthquake_Information/December/2018_1226_1641_B2.html
WARNING (2023-08-02 17:20:30,049): 
Cannot output event info from https://earthquake.phivolcs.dost.gov.ph/2018_Earthquake_Information/December/2018_1226_1517_B2.html
WARNING (2023-08-02 17:20:30,534): 
Cannot output event info from https://earthquake.phivolcs.dost.gov.ph/2018_Earthquake_Information/December/2018_1226_1433_B2.html
WARNING (2023-08-02 17:20:31,409): 
Cannot output event info from https://earthquake.phivolcs.dost.gov.ph/2018_Earthquake_Information/December/2018_1226_1425_B2.html
WARNING (2023-08-02 17:20:32,065): 
Cannot output event info from https://earthquake.phivolcs.dost.gov.ph/2018_Earthquake_Information/December/2018_1226_1334_B2.html
WARNING (2023-08-02 17:20:32,643): 
Cannot output event info from https://earthquake.phivolcs.dost.gov.ph/2018_Earthquake_Information/December/2018_1226_1317_B2.html
WARNING (2023-08-02 17:20:33,065): 
Cannot output event info from https://earthquake.phivolcs.dost.gov.ph/2018_Earthquake_Information/December/2018_1226_1257_B2.html
WARNING (2023-08-02 17:20:33,596): 
Cannot output event info from https://earthquake.phivolcs.dost.gov.ph/2018_Earthquake_Information/December/2018_1226_1057_B2.html
WARNING (2023-08-02 17:20:34,081): 
Cannot output event info from https://earthquake.phivolcs.dost.gov.ph/2018_Earthquake_Information/December/2018_1226_1018_B2.html
WARNING (2023-08-02 17:20:34,628): 
Cannot output event info from https://earthquake.phivolcs.dost.gov.ph/2018_Earthquake_Information/December/2018_1226_1003_B2.html
WARNING (2023-08-02 17:20:35,221): 
Cannot output event info from https://earthquake.phivolcs.dost.gov.ph/2018_Earthquake_Information/December/2018_1226_0435_B2.html
WARNING (2023-08-02 17:20:36,003): 
Cannot output event info from https://earthquake.phivolcs.dost.gov.ph/2018_Earthquake_Information/December/2018_1226_0324_B2.html
WARNING (2023-08-02 17:20:36,706): 
Cannot output event info from https://earthquake.phivolcs.dost.gov.ph/2018_Earthquake_Information/December/2018_1225_2331_B2.html
WARNING (2023-08-02 17:20:37,081): 
Cannot output event info from https://earthquake.phivolcs.dost.gov.ph/2018_Earthquake_Information/December/2018_1225_2051_B2.html
WARNING (2023-08-02 17:20:37,520): 
Cannot output event info from https://earthquake.phivolcs.dost.gov.ph/2018_Earthquake_Information/December/2018_1225_2002_B2.html
WARNING (2023-08-02 17:20:38,051): 
Cannot output event info from https://earthquake.phivolcs.dost.gov.ph/2018_Earthquake_Information/December/2018_1225_1720_B2.html
WARNING (2023-08-02 17:20:38,817): 
Cannot output event info from https://earthquake.phivolcs.dost.gov.ph/2018_Earthquake_Information/December/2018_1225_1718_B2.html
WARNING (2023-08-02 17:20:39,332): 
Cannot output event info from https://earthquake.phivolcs.dost.gov.ph/2018_Earthquake_Information/December/2018_1225_1607_B2.html
WARNING (2023-08-02 17:20:39,785): 
Cannot output event info from https://earthquake.phivolcs.dost.gov.ph/2018_Earthquake_Information/December/2018_1225_1526_B2.html
WARNING (2023-08-02 17:20:40,363): 
Cannot output event info from https://earthquake.phivolcs.dost.gov.ph/2018_Earthquake_Information/December/2018_1225_1333_B2.html
WARNING (2023-08-02 17:20:40,926): 
Cannot output event info from https://earthquake.phivolcs.dost.gov.ph/2018_Earthquake_Information/December/2018_1225_1324_B2.html
WARNING (2023-08-02 17:20:41,379): 
Cannot output event info from https://earthquake.phivolcs.dost.gov.ph/2018_Earthquake_Information/December/2018_1225_1225_B2.html
WARNING (2023-08-02 17:20:41,879): 
Cannot output event info from https://earthquake.phivolcs.dost.gov.ph/2018_Earthquake_Information/December/2018_1225_1156_B2.html
WARNING (2023-08-02 17:20:42,395): 
Cannot output event info from https://earthquake.phivolcs.dost.gov.ph/2018_Earthquake_Information/December/2018_1225_1142_B2.html
WARNING (2023-08-02 17:20:42,973): 
Cannot output event info from https://earthquake.phivolcs.dost.gov.ph/2018_Earthquake_Information/December/2018_1225_1125_B2.html
WARNING (2023-08-02 17:20:43,645): 
Cannot output event info from https://earthquake.phivolcs.dost.gov.ph/2018_Earthquake_Information/December/2018_1225_1025_B2.html
WARNING (2023-08-02 17:20:44,160): 
Cannot output event info from https://earthquake.phivolcs.dost.gov.ph/2018_Earthquake_Information/December/2018_1225_0954_B2.html
WARNING (2023-08-02 17:20:44,613): 
Cannot output event info from https://earthquake.phivolcs.dost.gov.ph/2018_Earthquake_Information/December/2018_1225_0732_B2.html
WARNING (2023-08-02 17:20:45,426): 
Cannot output event info from https://earthquake.phivolcs.dost.gov.ph/2018_Earthquake_Information/December/2018_1225_0455_B2.html
WARNING (2023-08-02 17:20:45,973): 
Cannot output event info from https://earthquake.phivolcs.dost.gov.ph/2018_Earthquake_Information/December/2018_1225_0312_B2.html
WARNING (2023-08-02 17:20:46,504): 
Cannot output event info from https://earthquake.phivolcs.dost.gov.ph/2018_Earthquake_Information/December/2018_1225_0306_B2.html
WARNING (2023-08-02 17:20:47,020): 
Cannot output event info from https://earthquake.phivolcs.dost.gov.ph/2018_Earthquake_Information/December/2018_1225_0302_B2.html
WARNING (2023-08-02 17:20:47,770): 
Cannot output event info from https://earthquake.phivolcs.dost.gov.ph/2018_Earthquake_Information/December/2018_1225_0250_B2F.html
WARNING (2023-08-02 17:20:48,301): 
Cannot output event info from https://earthquake.phivolcs.dost.gov.ph/2018_Earthquake_Information/December/2018_1225_0203_B2.html
WARNING (2023-08-02 17:20:48,848): 
Cannot output event info from https://earthquake.phivolcs.dost.gov.ph/2018_Earthquake_Information/December/2018_1225_0202_B2.html
WARNING (2023-08-02 17:20:49,363): 
Cannot output event info from https://earthquake.phivolcs.dost.gov.ph/2018_Earthquake_Information/December/2018_1225_0145_B2.html
WARNING (2023-08-02 17:20:49,895): 
Cannot output event info from https://earthquake.phivolcs.dost.gov.ph/2018_Earthquake_Information/December/2018_1224_2213_B2F.html
WARNING (2023-08-02 17:20:50,613): 
Cannot output event info from https://earthquake.phivolcs.dost.gov.ph/2018_Earthquake_Information/December/2018_1224_2156_B2.html
WARNING (2023-08-02 17:20:51,160): 
Cannot output event info from https://earthquake.phivolcs.dost.gov.ph/2018_Earthquake_Information/December/2018_1224_2132_B3F.html
WARNING (2023-08-02 17:20:51,910): 
Cannot output event info from https://earthquake.phivolcs.dost.gov.ph/2018_Earthquake_Information/December/2018_1224_2034_B2.html
WARNING (2023-08-02 17:20:52,504): 
Cannot output event info from https://earthquake.phivolcs.dost.gov.ph/2018_Earthquake_Information/December/2018_1224_1857_B2.html
WARNING (2023-08-02 17:20:52,973): 
Cannot output event info from https://earthquake.phivolcs.dost.gov.ph/2018_Earthquake_Information/December/2018_1224_1744_B2.html
WARNING (2023-08-02 17:20:53,488): 
Cannot output event info from https://earthquake.phivolcs.dost.gov.ph/2018_Earthquake_Information/December/2018_1224_1722_B2.html
WARNING (2023-08-02 17:20:54,067): 
Cannot output event info from https://earthquake.phivolcs.dost.gov.ph/2018_Earthquake_Information/December/2018_1224_1634_B2.html
WARNING (2023-08-02 17:20:54,707): 
Cannot output event info from https://earthquake.phivolcs.dost.gov.ph/2018_Earthquake_Information/December/2018_1224_1633_B2.html
WARNING (2023-08-02 17:20:55,332): 
Cannot output event info from https://earthquake.phivolcs.dost.gov.ph/2018_Earthquake_Information/December/2018_1224_1602_B2.html
WARNING (2023-08-02 17:20:56,224): 
Cannot output event info from https://earthquake.phivolcs.dost.gov.ph/2018_Earthquake_Information/December/2018_1224_1556_B2.html
WARNING (2023-08-02 17:20:57,490): 
Cannot output event info from https://earthquake.phivolcs.dost.gov.ph/2018_Earthquake_Information/December/2018_1224_1504_B2.html
WARNING (2023-08-02 17:20:58,271): 
Cannot output event info from https://earthquake.phivolcs.dost.gov.ph/2018_Earthquake_Information/December/2018_1224_1443_B3F.html
WARNING (2023-08-02 17:20:58,771): 
Cannot output event info from https://earthquake.phivolcs.dost.gov.ph/2018_Earthquake_Information/December/2018_1224_1409_B2.html
WARNING (2023-08-02 17:20:59,255): 
Cannot output event info from https://earthquake.phivolcs.dost.gov.ph/2018_Earthquake_Information/December/2018_1224_1408_B2.html
WARNING (2023-08-02 17:20:59,739): 
Cannot output event info from https://earthquake.phivolcs.dost.gov.ph/2018_Earthquake_Information/December/2018_1224_1347_B2.html
WARNING (2023-08-02 17:21:00,522): 
Cannot output event info from https://earthquake.phivolcs.dost.gov.ph/2018_Earthquake_Information/December/2018_1224_0812_B2.html
WARNING (2023-08-02 17:21:02,131): 
Cannot output event info from https://earthquake.phivolcs.dost.gov.ph/2018_Earthquake_Information/December/2018_1224_0751_B2.html
WARNING (2023-08-02 17:21:02,836): 
Cannot output event info from https://earthquake.phivolcs.dost.gov.ph/2018_Earthquake_Information/December/2018_1224_0631_B2.html
WARNING (2023-08-02 17:21:03,352): 
Cannot output event info from https://earthquake.phivolcs.dost.gov.ph/2018_Earthquake_Information/December/2018_1224_0559_B2.html
WARNING (2023-08-02 17:21:03,805): 
Cannot output event info from https://earthquake.phivolcs.dost.gov.ph/2018_Earthquake_Information/December/2018_1224_0519_B2.html
WARNING (2023-08-02 17:21:04,352): 
Cannot output event info from https://earthquake.phivolcs.dost.gov.ph/2018_Earthquake_Information/December/2018_1224_0503_B2.html
WARNING (2023-08-02 17:21:04,789): 
Cannot output event info from https://earthquake.phivolcs.dost.gov.ph/2018_Earthquake_Information/December/2018_1224_0323_B2.html
WARNING (2023-08-02 17:21:05,289): 
Cannot output event info from https://earthquake.phivolcs.dost.gov.ph/2018_Earthquake_Information/December/2018_1224_0145_B2.html
WARNING (2023-08-02 17:21:05,727): 
Cannot output event info from https://earthquake.phivolcs.dost.gov.ph/2018_Earthquake_Information/December/2018_1224_0125_B2.html
WARNING (2023-08-02 17:21:06,446): 
Cannot output event info from https://earthquake.phivolcs.dost.gov.ph/2018_Earthquake_Information/December/2018_1224_0040_B2.html
WARNING (2023-08-02 17:21:06,993): 
Cannot output event info from https://earthquake.phivolcs.dost.gov.ph/2018_Earthquake_Information/December/2018_1223_2128_B2.html
WARNING (2023-08-02 17:21:07,649): 
Cannot output event info from https://earthquake.phivolcs.dost.gov.ph/2018_Earthquake_Information/December/2018_1223_2104_B2.html
WARNING (2023-08-02 17:21:08,461): 
Cannot output event info from https://earthquake.phivolcs.dost.gov.ph/2018_Earthquake_Information/December/2018_1223_2043_B2.html
WARNING (2023-08-02 17:21:08,914): 
Cannot output event info from https://earthquake.phivolcs.dost.gov.ph/2018_Earthquake_Information/December/2018_1223_1850_B2.html
WARNING (2023-08-02 17:21:10,024): 
Cannot output event info from https://earthquake.phivolcs.dost.gov.ph/2018_Earthquake_Information/December/2018_1223_1846_B2.html
WARNING (2023-08-02 17:21:10,555): 
Cannot output event info from https://earthquake.phivolcs.dost.gov.ph/2018_Earthquake_Information/December/2018_1223_1817_B2.html
WARNING (2023-08-02 17:21:11,086): 
Cannot output event info from https://earthquake.phivolcs.dost.gov.ph/2018_Earthquake_Information/December/2018_1223_1719_B2.html
WARNING (2023-08-02 17:21:13,305): 
Cannot output event info from https://earthquake.phivolcs.dost.gov.ph/2018_Earthquake_Information/December/2018_1223_1614_B2.html
WARNING (2023-08-02 17:21:13,884): 
Cannot output event info from https://earthquake.phivolcs.dost.gov.ph/2018_Earthquake_Information/December/2018_1223_1613_B2.html
WARNING (2023-08-02 17:21:15,525): 
Cannot output event info from https://earthquake.phivolcs.dost.gov.ph/2018_Earthquake_Information/December/2018_1223_1553_B2.html
WARNING (2023-08-02 17:21:16,040): 
Cannot output event info from https://earthquake.phivolcs.dost.gov.ph/2018_Earthquake_Information/December/2018_1223_1413_B2.html
WARNING (2023-08-02 17:21:16,556): 
Cannot output event info from https://earthquake.phivolcs.dost.gov.ph/2018_Earthquake_Information/December/2018_1223_1325_B2.html
WARNING (2023-08-02 17:21:17,056): 
Cannot output event info from https://earthquake.phivolcs.dost.gov.ph/2018_Earthquake_Information/December/2018_1223_1850_B2.html
WARNING (2023-08-02 17:21:17,761): 
Cannot output event info from https://earthquake.phivolcs.dost.gov.ph/2018_Earthquake_Information/December/2018_1223_0918_B2.html
WARNING (2023-08-02 17:21:18,214): 
Cannot output event info from https://earthquake.phivolcs.dost.gov.ph/2018_Earthquake_Information/December/2018_1223_0612_B2.html
WARNING (2023-08-02 17:21:18,730): 
Cannot output event info from https://earthquake.phivolcs.dost.gov.ph/2018_Earthquake_Information/December/2018_1223_0517_B2.html
WARNING (2023-08-02 17:21:19,198): 
Cannot output event info from https://earthquake.phivolcs.dost.gov.ph/2018_Earthquake_Information/December/2018_1223_0354_B2.html
WARNING (2023-08-02 17:21:19,745): 
Cannot output event info from https://earthquake.phivolcs.dost.gov.ph/2018_Earthquake_Information/December/2018_1223_0237_B2.html
WARNING (2023-08-02 17:21:20,526): 
Cannot output event info from https://earthquake.phivolcs.dost.gov.ph/2018_Earthquake_Information/December/2018_1223_0203_B2.html
WARNING (2023-08-02 17:21:20,886): 
Cannot output event info from https://earthquake.phivolcs.dost.gov.ph/2018_Earthquake_Information/December/2018_1223_0133_B2.html
WARNING (2023-08-02 17:21:21,245): 
Cannot output event info from https://earthquake.phivolcs.dost.gov.ph/2018_Earthquake_Information/December/2018_1222_1733_B2.html
WARNING (2023-08-02 17:21:21,667): 
Cannot output event info from https://earthquake.phivolcs.dost.gov.ph/2018_Earthquake_Information/December/2018_1222_1615_B2.html
WARNING (2023-08-02 17:21:22,011): 
Cannot output event info from https://earthquake.phivolcs.dost.gov.ph/2018_Earthquake_Information/December/2018_1222_1602_B2.html
WARNING (2023-08-02 17:21:22,480): 
Cannot output event info from https://earthquake.phivolcs.dost.gov.ph/2018_Earthquake_Information/December/2018_1222_1533_B2.html
WARNING (2023-08-02 17:21:22,901): 
Cannot output event info from https://earthquake.phivolcs.dost.gov.ph/2018_Earthquake_Information/December/2018_1222_1339_B2.html
WARNING (2023-08-02 17:21:23,543): 
Cannot output event info from https://earthquake.phivolcs.dost.gov.ph/2018_Earthquake_Information/December/2018_1222_1249_B2.html
WARNING (2023-08-02 17:21:23,981): 
Cannot output event info from https://earthquake.phivolcs.dost.gov.ph/2018_Earthquake_Information/December/2018_1222_1211_B2.html
WARNING (2023-08-02 17:21:24,481): 
Cannot output event info from https://earthquake.phivolcs.dost.gov.ph/2018_Earthquake_Information/December/2018_1222_1205_B2.html
WARNING (2023-08-02 17:21:24,871): 
Cannot output event info from https://earthquake.phivolcs.dost.gov.ph/2018_Earthquake_Information/December/2018_1222_1138_B2.html
WARNING (2023-08-02 17:21:25,340): 
Cannot output event info from https://earthquake.phivolcs.dost.gov.ph/2018_Earthquake_Information/December/2018_1222_1119_B2.html
WARNING (2023-08-02 17:21:25,762): 
Cannot output event info from https://earthquake.phivolcs.dost.gov.ph/2018_Earthquake_Information/December/2018_1222_0607_B2.html
WARNING (2023-08-02 17:21:26,199): 
Cannot output event info from https://earthquake.phivolcs.dost.gov.ph/2018_Earthquake_Information/December/2018_1222_0517_B2.html
WARNING (2023-08-02 17:21:26,668): 
Cannot output event info from https://earthquake.phivolcs.dost.gov.ph/2018_Earthquake_Information/December/2018_1221_2012_B2.html
WARNING (2023-08-02 17:21:27,107): 
Cannot output event info from https://earthquake.phivolcs.dost.gov.ph/2018_Earthquake_Information/December/2018_1221_1819_B2.html
WARNING (2023-08-02 17:21:27,669): 
Cannot output event info from https://earthquake.phivolcs.dost.gov.ph/2018_Earthquake_Information/December/2018_1221_1506_B2.html
WARNING (2023-08-02 17:21:28,716): 
Cannot output event info from https://earthquake.phivolcs.dost.gov.ph/2018_Earthquake_Information/December/2018_1221_1428_B2.html
WARNING (2023-08-02 17:21:29,247): 
Cannot output event info from https://earthquake.phivolcs.dost.gov.ph/2018_Earthquake_Information/December/2018_1221_1405_B2.html
WARNING (2023-08-02 17:21:29,701): 
Cannot output event info from https://earthquake.phivolcs.dost.gov.ph/2018_Earthquake_Information/December/2018_1221_1253_B2.html
WARNING (2023-08-02 17:21:30,232): 
Cannot output event info from https://earthquake.phivolcs.dost.gov.ph/2018_Earthquake_Information/December/2018_1221_1246_B2.html
WARNING (2023-08-02 17:21:30,919): 
Cannot output event info from https://earthquake.phivolcs.dost.gov.ph/2018_Earthquake_Information/December/2018_1221_1057_B2.html
WARNING (2023-08-02 17:21:31,358): 
Cannot output event info from https://earthquake.phivolcs.dost.gov.ph/2018_Earthquake_Information/December/2018_1221_0759_B2.html
WARNING (2023-08-02 17:21:31,811): 
Cannot output event info from https://earthquake.phivolcs.dost.gov.ph/2018_Earthquake_Information/December/2018_1221_0518_B3.html
WARNING (2023-08-02 17:21:32,249): 
Cannot output event info from https://earthquake.phivolcs.dost.gov.ph/2018_Earthquake_Information/December/2018_1221_0349_B2.html
WARNING (2023-08-02 17:21:32,686): 
Cannot output event info from https://earthquake.phivolcs.dost.gov.ph/2018_Earthquake_Information/December/2018_1221_0124_B2.html
WARNING (2023-08-02 17:21:33,170): 
Cannot output event info from https://earthquake.phivolcs.dost.gov.ph/2018_Earthquake_Information/December/2018_1221_0004_B3F.html
WARNING (2023-08-02 17:21:33,655): 
Cannot output event info from https://earthquake.phivolcs.dost.gov.ph/2018_Earthquake_Information/December/2018_1220_2035_B2.html
WARNING (2023-08-02 17:22:05,282): 
Max retries exceeded with url: https://earthquake.phivolcs.dost.gov.ph/2018_Earthquake_Information/December/2018_1220_2015_B2.html
WARNING (2023-08-02 17:22:05,766): 
Cannot output event info from https://earthquake.phivolcs.dost.gov.ph/2018_Earthquake_Information/December/2018_1220_2011_B2.html
WARNING (2023-08-02 17:22:06,516): 
Cannot output event info from https://earthquake.phivolcs.dost.gov.ph/2018_Earthquake_Information/December/2018_1220_1922_B2.html
WARNING (2023-08-02 17:22:07,407): 
Cannot output event info from https://earthquake.phivolcs.dost.gov.ph/2018_Earthquake_Information/December/2018_1220_1828_B2.html
WARNING (2023-08-02 17:22:40,224): 
Max retries exceeded with url: https://earthquake.phivolcs.dost.gov.ph/2018_Earthquake_Information/December/2018_1220_1822_B2.html
WARNING (2023-08-02 17:22:40,739): 
Cannot output event info from https://earthquake.phivolcs.dost.gov.ph/2018_Earthquake_Information/December/2018_1220_1514_B2.html
WARNING (2023-08-02 17:22:41,817): 
Cannot output event info from https://earthquake.phivolcs.dost.gov.ph/2018_Earthquake_Information/December/2018_1220_1502_B3.html
WARNING (2023-08-02 17:22:42,270): 
Cannot output event info from https://earthquake.phivolcs.dost.gov.ph/2018_Earthquake_Information/December/2018_1220_1250_B2.html
WARNING (2023-08-02 17:22:42,942): 
Cannot output event info from https://earthquake.phivolcs.dost.gov.ph/2018_Earthquake_Information/December/2018_1220_1236_B2.html
WARNING (2023-08-02 17:22:43,536): 
Cannot output event info from https://earthquake.phivolcs.dost.gov.ph/2018_Earthquake_Information/December/2018_1220_1230_B2.html
WARNING (2023-08-02 17:22:55,287): 
Cannot output event info from https://earthquake.phivolcs.dost.gov.ph/2018_Earthquake_Information/December/2018_1219_2245_B2.html
WARNING (2023-08-02 17:22:56,474): 
Cannot output event info from https://earthquake.phivolcs.dost.gov.ph/2018_Earthquake_Information/December/2018_1219_2237_B2.html
WARNING (2023-08-02 17:22:56,959): 
Cannot output event info from https://earthquake.phivolcs.dost.gov.ph/2018_Earthquake_Information/December/2018_1219_2144_B2.html
WARNING (2023-08-02 17:22:57,552): 
Cannot output event info from https://earthquake.phivolcs.dost.gov.ph/2018_Earthquake_Information/December/2018_1219_2111_B2.html
WARNING (2023-08-02 17:22:58,054): 
Cannot output event info from https://earthquake.phivolcs.dost.gov.ph/2018_Earthquake_Information/December/2018_1219_1850_B2.html
WARNING (2023-08-02 17:22:58,600): 
Cannot output event info from https://earthquake.phivolcs.dost.gov.ph/2018_Earthquake_Information/December/2018_1219_1755_B2.html
WARNING (2023-08-02 17:22:59,194): 
Cannot output event info from https://earthquake.phivolcs.dost.gov.ph/2018_Earthquake_Information/December/2018_1219_1720_B2.html
WARNING (2023-08-02 17:22:59,725): 
Cannot output event info from https://earthquake.phivolcs.dost.gov.ph/2018_Earthquake_Information/December/2018_1219_1203_B2.html
WARNING (2023-08-02 17:23:00,850): 
Cannot output event info from https://earthquake.phivolcs.dost.gov.ph/2018_Earthquake_Information/December/2018_1219_1006_B2.html
WARNING (2023-08-02 17:23:02,085): 
Cannot output event info from https://earthquake.phivolcs.dost.gov.ph/2018_Earthquake_Information/December/2018_1219_0850_B2.html
WARNING (2023-08-02 17:23:02,616): 
Cannot output event info from https://earthquake.phivolcs.dost.gov.ph/2018_Earthquake_Information/December/2018_1219_0732_B2.html
WARNING (2023-08-02 17:23:03,179): 
Cannot output event info from https://earthquake.phivolcs.dost.gov.ph/2018_Earthquake_Information/December/2018_1219_0525_B2.html
WARNING (2023-08-02 17:23:03,710): 
Cannot output event info from https://earthquake.phivolcs.dost.gov.ph/2018_Earthquake_Information/December/2018_1219_0316_B2.html
WARNING (2023-08-02 17:23:04,477): 
Cannot output event info from https://earthquake.phivolcs.dost.gov.ph/2018_Earthquake_Information/December/2018_1219_0309_B2.html
WARNING (2023-08-02 17:23:05,821): 
Cannot output event info from https://earthquake.phivolcs.dost.gov.ph/2018_Earthquake_Information/December/2018_1218_1657_B2.html
WARNING (2023-08-02 17:23:06,352): 
Cannot output event info from https://earthquake.phivolcs.dost.gov.ph/2018_Earthquake_Information/December/2018_1218_1630_B2.html
WARNING (2023-08-02 17:23:06,868): 
Cannot output event info from https://earthquake.phivolcs.dost.gov.ph/2018_Earthquake_Information/December/2018_1218_1609_B2.html
WARNING (2023-08-02 17:23:07,509): 
Cannot output event info from https://earthquake.phivolcs.dost.gov.ph/2018_Earthquake_Information/December/2018_1218_1405_B3.html
WARNING (2023-08-02 17:23:08,056): 
Cannot output event info from https://earthquake.phivolcs.dost.gov.ph/2018_Earthquake_Information/December/2018_1218_1148_B2.html
WARNING (2023-08-02 17:23:08,603): 
Cannot output event info from https://earthquake.phivolcs.dost.gov.ph/2018_Earthquake_Information/December/2018_1218_0905_B2.html
WARNING (2023-08-02 17:23:09,384): 
Cannot output event info from https://earthquake.phivolcs.dost.gov.ph/2018_Earthquake_Information/December/2018_1218_0703_B2.html
WARNING (2023-08-02 17:23:09,900): 
Cannot output event info from https://earthquake.phivolcs.dost.gov.ph/2018_Earthquake_Information/December/2018_1218_0405_B3.html
WARNING (2023-08-02 17:23:10,494): 
Cannot output event info from https://earthquake.phivolcs.dost.gov.ph/2018_Earthquake_Information/December/2018_1217_2244_B2.html
WARNING (2023-08-02 17:23:11,025): 
Cannot output event info from https://earthquake.phivolcs.dost.gov.ph/2018_Earthquake_Information/December/2018_1217_2218_B2.html
WARNING (2023-08-02 17:23:11,696): 
Cannot output event info from https://earthquake.phivolcs.dost.gov.ph/2018_Earthquake_Information/December/2018_1217_2118_B2.html
WARNING (2023-08-02 17:23:12,212): 
Cannot output event info from https://earthquake.phivolcs.dost.gov.ph/2018_Earthquake_Information/December/2018_1217_2112_B2.html
WARNING (2023-08-02 17:23:12,837): 
Cannot output event info from https://earthquake.phivolcs.dost.gov.ph/2018_Earthquake_Information/December/2018_1217_2049_B2.html
WARNING (2023-08-02 17:23:13,337): 
Cannot output event info from https://earthquake.phivolcs.dost.gov.ph/2018_Earthquake_Information/December/2018_1217_2039_B2.html
WARNING (2023-08-02 17:23:13,884): 
Cannot output event info from https://earthquake.phivolcs.dost.gov.ph/2018_Earthquake_Information/December/2018_1217_1820_B2.html
WARNING (2023-08-02 17:23:14,447): 
Cannot output event info from https://earthquake.phivolcs.dost.gov.ph/2018_Earthquake_Information/December/2018_1217_1724_B2.html
WARNING (2023-08-02 17:23:14,994): 
Cannot output event info from https://earthquake.phivolcs.dost.gov.ph/2018_Earthquake_Information/December/2018_1217_1703_B2.html
WARNING (2023-08-02 17:23:15,510): 
Cannot output event info from https://earthquake.phivolcs.dost.gov.ph/2018_Earthquake_Information/December/2018_1217_1656_B2.html
WARNING (2023-08-02 17:23:17,323): 
Cannot output event info from https://earthquake.phivolcs.dost.gov.ph/2018_Earthquake_Information/December/2018_1217_0929_B2.html
WARNING (2023-08-02 17:23:20,124): 
Cannot output event info from https://earthquake.phivolcs.dost.gov.ph/2018_Earthquake_Information/December/2018_1217_0630_B2.html
WARNING (2023-08-02 17:23:20,639): 
Cannot output event info from https://earthquake.phivolcs.dost.gov.ph/2018_Earthquake_Information/December/2018_1217_0416_B3F.html
WARNING (2023-08-02 17:23:21,233): 
Cannot output event info from https://earthquake.phivolcs.dost.gov.ph/2018_Earthquake_Information/December/2018_1217_0338_B2.html
WARNING (2023-08-02 17:23:21,717): 
Cannot output event info from https://earthquake.phivolcs.dost.gov.ph/2018_Earthquake_Information/December/2018_1217_0013_B2.html
WARNING (2023-08-02 17:23:22,249): 
Cannot output event info from https://earthquake.phivolcs.dost.gov.ph/2018_Earthquake_Information/December/2018_1216_2359_B2.html
WARNING (2023-08-02 17:23:22,764): 
Cannot output event info from https://earthquake.phivolcs.dost.gov.ph/2018_Earthquake_Information/December/2018_1216_2026_B2.html
WARNING (2023-08-02 17:23:23,217): 
Cannot output event info from https://earthquake.phivolcs.dost.gov.ph/2018_Earthquake_Information/December/2018_1216_1905_B2.html
WARNING (2023-08-02 17:23:23,733): 
Cannot output event info from https://earthquake.phivolcs.dost.gov.ph/2018_Earthquake_Information/December/2018_1216_1312_B2.html
WARNING (2023-08-02 17:23:24,295): 
Cannot output event info from https://earthquake.phivolcs.dost.gov.ph/2018_Earthquake_Information/December/2018_1216_1104_B2.html
WARNING (2023-08-02 17:23:24,874): 
Cannot output event info from https://earthquake.phivolcs.dost.gov.ph/2018_Earthquake_Information/December/2018_1216_0948_B2.html
WARNING (2023-08-02 17:23:25,452): 
Cannot output event info from https://earthquake.phivolcs.dost.gov.ph/2018_Earthquake_Information/December/2018_1216_0422_B2.html
WARNING (2023-08-02 17:23:25,905): 
Cannot output event info from https://earthquake.phivolcs.dost.gov.ph/2018_Earthquake_Information/December/2018_1216_0223_B2.html
WARNING (2023-08-02 17:23:26,389): 
Cannot output event info from https://earthquake.phivolcs.dost.gov.ph/2018_Earthquake_Information/December/2018_1216_0056_B2.html
WARNING (2023-08-02 17:23:26,874): 
Cannot output event info from https://earthquake.phivolcs.dost.gov.ph/2018_Earthquake_Information/December/2018_1216_0041_B2F.html
WARNING (2023-08-02 17:23:27,358): 
Cannot output event info from https://earthquake.phivolcs.dost.gov.ph/2018_Earthquake_Information/December/2018_1215_2306_B2.html
WARNING (2023-08-02 17:23:28,092): 
Cannot output event info from https://earthquake.phivolcs.dost.gov.ph/2018_Earthquake_Information/December/2018_1215_2239_B2.html
WARNING (2023-08-02 17:23:28,702): 
Cannot output event info from https://earthquake.phivolcs.dost.gov.ph/2018_Earthquake_Information/December/2018_1215_2110_B2F.html
WARNING (2023-08-02 17:23:29,280): 
Cannot output event info from https://earthquake.phivolcs.dost.gov.ph/2018_Earthquake_Information/December/2018_1215_1943_B2.html
WARNING (2023-08-02 17:23:29,702): 
Cannot output event info from https://earthquake.phivolcs.dost.gov.ph/2018_Earthquake_Information/December/2018_1215_1856_B2.html
WARNING (2023-08-02 17:23:30,249): 
Cannot output event info from https://earthquake.phivolcs.dost.gov.ph/2018_Earthquake_Information/December/2018_1215_1827_B2.html
WARNING (2023-08-02 17:23:30,733): 
Cannot output event info from https://earthquake.phivolcs.dost.gov.ph/2018_Earthquake_Information/December/2018_1215_0938_B2.html
WARNING (2023-08-02 17:23:31,201): 
Cannot output event info from https://earthquake.phivolcs.dost.gov.ph/2018_Earthquake_Information/December/2018_1215_0551_B1.html
WARNING (2023-08-02 17:23:31,670): 
Cannot output event info from https://earthquake.phivolcs.dost.gov.ph/2018_Earthquake_Information/December/2018_1215_0531_B1.html
WARNING (2023-08-02 17:23:32,170): 
Cannot output event info from https://earthquake.phivolcs.dost.gov.ph/2018_Earthquake_Information/December/2018_1215_0417_B2.html
WARNING (2023-08-02 17:23:32,639): 
Cannot output event info from https://earthquake.phivolcs.dost.gov.ph/2018_Earthquake_Information/December/2018_1214_1916_B2.html
WARNING (2023-08-02 17:23:33,170): 
Cannot output event info from https://earthquake.phivolcs.dost.gov.ph/2018_Earthquake_Information/December/2018_1214_1746_B2.html
WARNING (2023-08-02 17:23:33,748): 
Cannot output event info from https://earthquake.phivolcs.dost.gov.ph/2018_Earthquake_Information/December/2018_1214_1745_B2.html
WARNING (2023-08-02 17:23:34,295): 
Cannot output event info from https://earthquake.phivolcs.dost.gov.ph/2018_Earthquake_Information/December/2018_1214_1456_B2.html
WARNING (2023-08-02 17:23:34,749): 
Cannot output event info from https://earthquake.phivolcs.dost.gov.ph/2018_Earthquake_Information/December/2018_1214_1439_B2.html
WARNING (2023-08-02 17:23:35,248): 
Cannot output event info from https://earthquake.phivolcs.dost.gov.ph/2018_Earthquake_Information/December/2018_1214_1126_B2.html
WARNING (2023-08-02 17:23:35,686): 
Cannot output event info from https://earthquake.phivolcs.dost.gov.ph/2018_Earthquake_Information/December/2018_1214_0903_B2.html
WARNING (2023-08-02 17:23:36,202): 
Cannot output event info from https://earthquake.phivolcs.dost.gov.ph/2018_Earthquake_Information/December/2018_1214_0254_B3F.html
WARNING (2023-08-02 17:23:37,701): 
Cannot output event info from https://earthquake.phivolcs.dost.gov.ph/2018_Earthquake_Information/December/2018_1213_1658_B1.html
WARNING (2023-08-02 17:23:38,295): 
Cannot output event info from https://earthquake.phivolcs.dost.gov.ph/2018_Earthquake_Information/December/2018_1213_1655_B2.html
WARNING (2023-08-02 17:23:38,920): 
Cannot output event info from https://earthquake.phivolcs.dost.gov.ph/2018_Earthquake_Information/December/2018_1213_1651_B2.html
WARNING (2023-08-02 17:23:39,545): 
Cannot output event info from https://earthquake.phivolcs.dost.gov.ph/2018_Earthquake_Information/December/2018_1213_1342_B2.html
WARNING (2023-08-02 17:23:40,014): 
Cannot output event info from https://earthquake.phivolcs.dost.gov.ph/2018_Earthquake_Information/December/2018_1213_1154_B2.html
WARNING (2023-08-02 17:23:40,608): 
Cannot output event info from https://earthquake.phivolcs.dost.gov.ph/2018_Earthquake_Information/December/2018_1213_0832_B2.html
WARNING (2023-08-02 17:23:42,436): 
Cannot output event info from https://earthquake.phivolcs.dost.gov.ph/2018_Earthquake_Information/December/2018_1213_0331_B2.html
WARNING (2023-08-02 17:23:42,936): 
Cannot output event info from https://earthquake.phivolcs.dost.gov.ph/2018_Earthquake_Information/December/2018_1213_0126_B2.html
WARNING (2023-08-02 17:23:43,577): 
Cannot output event info from https://earthquake.phivolcs.dost.gov.ph/2018_Earthquake_Information/December/2018_1212_2331_B3F.html
WARNING (2023-08-02 17:23:44,061): 
Cannot output event info from https://earthquake.phivolcs.dost.gov.ph/2018_Earthquake_Information/December/2018_1212_1628_B2.html
WARNING (2023-08-02 17:23:44,623): 
Cannot output event info from https://earthquake.phivolcs.dost.gov.ph/2018_Earthquake_Information/December/2018_1212_1523_B2.html
WARNING (2023-08-02 17:23:45,186): 
Cannot output event info from https://earthquake.phivolcs.dost.gov.ph/2018_Earthquake_Information/December/2018_1212_1251_B2.html
WARNING (2023-08-02 17:23:45,967): 
Cannot output event info from https://earthquake.phivolcs.dost.gov.ph/2018_Earthquake_Information/December/2018_1212_1046_B2.html
WARNING (2023-08-02 17:23:46,608): 
Cannot output event info from https://earthquake.phivolcs.dost.gov.ph/2018_Earthquake_Information/December/2018_1212_0844_B2.html
WARNING (2023-08-02 17:23:47,186): 
Cannot output event info from https://earthquake.phivolcs.dost.gov.ph/2018_Earthquake_Information/December/2018_1212_0657_B2.html
WARNING (2023-08-02 17:23:47,999): 
Cannot output event info from https://earthquake.phivolcs.dost.gov.ph/2018_Earthquake_Information/December/2018_1212_0525_B2.html
WARNING (2023-08-02 17:23:48,842): 
Cannot output event info from https://earthquake.phivolcs.dost.gov.ph/2018_Earthquake_Information/December/2018_1212_0516_B2.html
WARNING (2023-08-02 17:23:49,389): 
Cannot output event info from https://earthquake.phivolcs.dost.gov.ph/2018_Earthquake_Information/December/2018_1212_0337_B3.html
WARNING (2023-08-02 17:23:50,092): 
Cannot output event info from https://earthquake.phivolcs.dost.gov.ph/2018_Earthquake_Information/December/2018_1212_0038_B2.html
WARNING (2023-08-02 17:23:50,561): 
Cannot output event info from https://earthquake.phivolcs.dost.gov.ph/2018_Earthquake_Information/December/2018_1211_2359_B2.html
WARNING (2023-08-02 17:23:51,123): 
Cannot output event info from https://earthquake.phivolcs.dost.gov.ph/2018_Earthquake_Information/December/2018_1211_2354_B2.html
WARNING (2023-08-02 17:23:51,889): 
Cannot output event info from https://earthquake.phivolcs.dost.gov.ph/2018_Earthquake_Information/December/2018_1211_2042_B2.html
WARNING (2023-08-02 17:23:52,639): 
Cannot output event info from https://earthquake.phivolcs.dost.gov.ph/2018_Earthquake_Information/December/2018_1211_2020_B2.html
WARNING (2023-08-02 17:23:53,155): 
Cannot output event info from https://earthquake.phivolcs.dost.gov.ph/2018_Earthquake_Information/December/2018_1211_1938_B2.html
WARNING (2023-08-02 17:23:53,749): 
Cannot output event info from https://earthquake.phivolcs.dost.gov.ph/2018_Earthquake_Information/December/2018_1211_1824_B2.html
WARNING (2023-08-02 17:23:54,280): 
Cannot output event info from https://earthquake.phivolcs.dost.gov.ph/2018_Earthquake_Information/December/2018_1211_1817_B2.html
WARNING (2023-08-02 17:23:54,811): 
Cannot output event info from https://earthquake.phivolcs.dost.gov.ph/2018_Earthquake_Information/December/2018_1211_1505_B2.html
WARNING (2023-08-02 17:23:55,342): 
Cannot output event info from https://earthquake.phivolcs.dost.gov.ph/2018_Earthquake_Information/December/2018_1211_1408_B2.html
WARNING (2023-08-02 17:23:56,155): 
Cannot output event info from https://earthquake.phivolcs.dost.gov.ph/2018_Earthquake_Information/December/2018_1211_1023_B2.html
WARNING (2023-08-02 17:23:56,624): 
Cannot output event info from https://earthquake.phivolcs.dost.gov.ph/2018_Earthquake_Information/December/2018_1211_0906_B2.html
WARNING (2023-08-02 17:23:57,155): 
Cannot output event info from https://earthquake.phivolcs.dost.gov.ph/2018_Earthquake_Information/December/2018_1211_0903_B2.html
WARNING (2023-08-02 17:23:57,639): 
Cannot output event info from https://earthquake.phivolcs.dost.gov.ph/2018_Earthquake_Information/December/2018_1211_0707_B2.html
WARNING (2023-08-02 17:23:58,092): 
Cannot output event info from https://earthquake.phivolcs.dost.gov.ph/2018_Earthquake_Information/December/2018_1211_0417_B2.html
WARNING (2023-08-02 17:23:58,530): 
Cannot output event info from https://earthquake.phivolcs.dost.gov.ph/2018_Earthquake_Information/December/2018_1210_2245_B2.html
WARNING (2023-08-02 17:23:59,045): 
Cannot output event info from https://earthquake.phivolcs.dost.gov.ph/2018_Earthquake_Information/December/2018_1210_2223_B1.html
WARNING (2023-08-02 17:23:59,686): 
Cannot output event info from https://earthquake.phivolcs.dost.gov.ph/2018_Earthquake_Information/December/2018_1210_1933_B3.html
WARNING (2023-08-02 17:24:00,123): 
Cannot output event info from https://earthquake.phivolcs.dost.gov.ph/2018_Earthquake_Information/December/2018_1210_1843_B2.html
WARNING (2023-08-02 17:24:01,764): 
Cannot output event info from https://earthquake.phivolcs.dost.gov.ph/2018_Earthquake_Information/December/2018_1210_1814_B3.html
WARNING (2023-08-02 17:24:02,217): 
Cannot output event info from https://earthquake.phivolcs.dost.gov.ph/2018_Earthquake_Information/December/2018_1210_1738_B2.html
WARNING (2023-08-02 17:24:02,797): 
Cannot output event info from https://earthquake.phivolcs.dost.gov.ph/2018_Earthquake_Information/December/2018_1210_1643_B2.html
WARNING (2023-08-02 17:24:04,234): 
Cannot output event info from https://earthquake.phivolcs.dost.gov.ph/2018_Earthquake_Information/December/2018_1210_1425_B2.html
WARNING (2023-08-02 17:24:04,828): 
Cannot output event info from https://earthquake.phivolcs.dost.gov.ph/2018_Earthquake_Information/December/2018_1210_1302_B2.html
WARNING (2023-08-02 17:24:05,672): 
Cannot output event info from https://earthquake.phivolcs.dost.gov.ph/2018_Earthquake_Information/December/2018_1210_1218_B2.html
WARNING (2023-08-02 17:24:06,281): 
Cannot output event info from https://earthquake.phivolcs.dost.gov.ph/2018_Earthquake_Information/December/2018_1210_0522_B2.html
WARNING (2023-08-02 17:24:06,750): 
Cannot output event info from https://earthquake.phivolcs.dost.gov.ph/2018_Earthquake_Information/December/2018_1210_0513_B2.html
WARNING (2023-08-02 17:24:07,344): 
Cannot output event info from https://earthquake.phivolcs.dost.gov.ph/2018_Earthquake_Information/December/2018_1210_0415_B2.html
WARNING (2023-08-02 17:24:07,891): 
Cannot output event info from https://earthquake.phivolcs.dost.gov.ph/2018_Earthquake_Information/December/2018_1210_0300_B2.html
WARNING (2023-08-02 17:24:08,344): 
Cannot output event info from https://earthquake.phivolcs.dost.gov.ph/2018_Earthquake_Information/December/2018_1210_0034_B2.html
WARNING (2023-08-02 17:24:09,110): 
Cannot output event info from https://earthquake.phivolcs.dost.gov.ph/2018_Earthquake_Information/December/2018_1209_2331_B2.html
WARNING (2023-08-02 17:24:09,610): 
Cannot output event info from https://earthquake.phivolcs.dost.gov.ph/2018_Earthquake_Information/December/2018_1209_2210_B2.html
WARNING (2023-08-02 17:24:10,141): 
Cannot output event info from https://earthquake.phivolcs.dost.gov.ph/2018_Earthquake_Information/December/2018_1209_2035_B2.html
WARNING (2023-08-02 17:24:10,844): 
Cannot output event info from https://earthquake.phivolcs.dost.gov.ph/2018_Earthquake_Information/December/2018_1209_1917_B2.html
WARNING (2023-08-02 17:24:11,486): 
Cannot output event info from https://earthquake.phivolcs.dost.gov.ph/2018_Earthquake_Information/December/2018_1209_1843_B2.html
WARNING (2023-08-02 17:24:11,970): 
Cannot output event info from https://earthquake.phivolcs.dost.gov.ph/2018_Earthquake_Information/December/2018_1209_1756_B2.html
WARNING (2023-08-02 17:24:12,564): 
Cannot output event info from https://earthquake.phivolcs.dost.gov.ph/2018_Earthquake_Information/December/2018_1209_1423_B2.html
WARNING (2023-08-02 17:24:13,126): 
Cannot output event info from https://earthquake.phivolcs.dost.gov.ph/2018_Earthquake_Information/December/2018_1209_1418_B2.html
WARNING (2023-08-02 17:24:13,753): 
Cannot output event info from https://earthquake.phivolcs.dost.gov.ph/2018_Earthquake_Information/December/2018_1209_1302_B2.html
WARNING (2023-08-02 17:24:14,393): 
Cannot output event info from https://earthquake.phivolcs.dost.gov.ph/2018_Earthquake_Information/December/2018_1209_1024_B2.html
WARNING (2023-08-02 17:24:14,878): 
Cannot output event info from https://earthquake.phivolcs.dost.gov.ph/2018_Earthquake_Information/December/2018_1209_0845_B2.html
WARNING (2023-08-02 17:24:15,409): 
Cannot output event info from https://earthquake.phivolcs.dost.gov.ph/2018_Earthquake_Information/December/2018_1209_0538_B3F.html
WARNING (2023-08-02 17:24:15,909): 
Cannot output event info from https://earthquake.phivolcs.dost.gov.ph/2018_Earthquake_Information/December/2018_1209_0522_B2.html
WARNING (2023-08-02 17:24:16,409): 
Cannot output event info from https://earthquake.phivolcs.dost.gov.ph/2018_Earthquake_Information/December/2018_1209_0510_B5F.html
WARNING (2023-08-02 17:24:16,971): 
Cannot output event info from https://earthquake.phivolcs.dost.gov.ph/2018_Earthquake_Information/December/2018_1209_0406_B2.html
WARNING (2023-08-02 17:24:17,598): 
Cannot output event info from https://earthquake.phivolcs.dost.gov.ph/2018_Earthquake_Information/December/2018_1209_0317_B2.html
WARNING (2023-08-02 17:24:18,255): 
Cannot output event info from https://earthquake.phivolcs.dost.gov.ph/2018_Earthquake_Information/December/2018_1209_0311_B2.html
WARNING (2023-08-02 17:24:18,770): 
Cannot output event info from https://earthquake.phivolcs.dost.gov.ph/2018_Earthquake_Information/December/2018_1209_0216_B2.html
WARNING (2023-08-02 17:24:20,317): 
Cannot output event info from https://earthquake.phivolcs.dost.gov.ph/2018_Earthquake_Information/December/2018_1208_2208_B2.html
WARNING (2023-08-02 17:24:21,568): 
Cannot output event info from https://earthquake.phivolcs.dost.gov.ph/2018_Earthquake_Information/December/2018_1208_1904_B2.html
WARNING (2023-08-02 17:24:22,052): 
Cannot output event info from https://earthquake.phivolcs.dost.gov.ph/2018_Earthquake_Information/December/2018_1208_1843_B2.html
WARNING (2023-08-02 17:24:22,552): 
Cannot output event info from https://earthquake.phivolcs.dost.gov.ph/2018_Earthquake_Information/December/2018_1208_1805_B2.html
WARNING (2023-08-02 17:24:24,068): 
Cannot output event info from https://earthquake.phivolcs.dost.gov.ph/2018_Earthquake_Information/December/2018_1208_1730_B2.html
WARNING (2023-08-02 17:24:24,677): 
Cannot output event info from https://earthquake.phivolcs.dost.gov.ph/2018_Earthquake_Information/December/2018_1208_1357_B2.html
WARNING (2023-08-02 17:24:25,287): 
Cannot output event info from https://earthquake.phivolcs.dost.gov.ph/2018_Earthquake_Information/December/2018_1208_1041_B2.html
WARNING (2023-08-02 17:24:25,818): 
Cannot output event info from https://earthquake.phivolcs.dost.gov.ph/2018_Earthquake_Information/December/2018_1208_0939_B2.html
WARNING (2023-08-02 17:24:26,271): 
Cannot output event info from https://earthquake.phivolcs.dost.gov.ph/2018_Earthquake_Information/December/2018_1208_0916_B2.html
WARNING (2023-08-02 17:24:26,693): 
Cannot output event info from https://earthquake.phivolcs.dost.gov.ph/2018_Earthquake_Information/December/2018_1208_0220_B2.html
WARNING (2023-08-02 17:24:27,287): 
Cannot output event info from https://earthquake.phivolcs.dost.gov.ph/2018_Earthquake_Information/December/2018_1208_0151_B2.html
WARNING (2023-08-02 17:24:27,834): 
Cannot output event info from https://earthquake.phivolcs.dost.gov.ph/2018_Earthquake_Information/December/2018_1207_2358_B2.html
WARNING (2023-08-02 17:24:28,318): 
Cannot output event info from https://earthquake.phivolcs.dost.gov.ph/2018_Earthquake_Information/December/2018_1207_2347_B2.html
WARNING (2023-08-02 17:24:28,802): 
Cannot output event info from https://earthquake.phivolcs.dost.gov.ph/2018_Earthquake_Information/December/2018_1207_2345_B2.html
WARNING (2023-08-02 17:24:29,256): 
Cannot output event info from https://earthquake.phivolcs.dost.gov.ph/2018_Earthquake_Information/December/2018_1207_2130_B2.html
WARNING (2023-08-02 17:24:29,787): 
Cannot output event info from https://earthquake.phivolcs.dost.gov.ph/2018_Earthquake_Information/December/2018_1207_1930_B2.html
WARNING (2023-08-02 17:24:30,334): 
Cannot output event info from https://earthquake.phivolcs.dost.gov.ph/2018_Earthquake_Information/December/2018_1207_1858_B2.html
WARNING (2023-08-02 17:24:30,881): 
Cannot output event info from https://earthquake.phivolcs.dost.gov.ph/2018_Earthquake_Information/December/2018_1207_1806_B2.html
WARNING (2023-08-02 17:24:31,833): 
Cannot output event info from https://earthquake.phivolcs.dost.gov.ph/2018_Earthquake_Information/December/2018_1207_1717_B2.html
WARNING (2023-08-02 17:24:32,900): 
Cannot output event info from https://earthquake.phivolcs.dost.gov.ph/2018_Earthquake_Information/December/2018_1207_1705_B2.html
WARNING (2023-08-02 17:24:33,400): 
Cannot output event info from https://earthquake.phivolcs.dost.gov.ph/2018_Earthquake_Information/December/2018_1207_1627_B2.html
WARNING (2023-08-02 17:24:33,962): 
Cannot output event info from https://earthquake.phivolcs.dost.gov.ph/2018_Earthquake_Information/December/2018_1207_1453_B2.html
WARNING (2023-08-02 17:24:34,587): 
Cannot output event info from https://earthquake.phivolcs.dost.gov.ph/2018_Earthquake_Information/December/2018_1207_1329_B2.html
WARNING (2023-08-02 17:24:35,040): 
Cannot output event info from https://earthquake.phivolcs.dost.gov.ph/2018_Earthquake_Information/December/2018_1207_1313_B2.html
WARNING (2023-08-02 17:24:35,541): 
Cannot output event info from https://earthquake.phivolcs.dost.gov.ph/2018_Earthquake_Information/December/2018_1207_1300_B2.html
WARNING (2023-08-02 17:24:36,322): 
Cannot output event info from https://earthquake.phivolcs.dost.gov.ph/2018_Earthquake_Information/December/2018_1207_1107_B2.html
WARNING (2023-08-02 17:24:37,103): 
Cannot output event info from https://earthquake.phivolcs.dost.gov.ph/2018_Earthquake_Information/December/2018_1207_0837_B2.html
WARNING (2023-08-02 17:24:37,572): 
Cannot output event info from https://earthquake.phivolcs.dost.gov.ph/2018_Earthquake_Information/December/2018_1207_0658_B2.html
WARNING (2023-08-02 17:24:38,056): 
Cannot output event info from https://earthquake.phivolcs.dost.gov.ph/2018_Earthquake_Information/December/2018_1207_0251_B2.html
WARNING (2023-08-02 17:24:39,056): 
Cannot output event info from https://earthquake.phivolcs.dost.gov.ph/2018_Earthquake_Information/December/2018_1207_0007_B2.html
WARNING (2023-08-02 17:24:39,572): 
Cannot output event info from https://earthquake.phivolcs.dost.gov.ph/2018_Earthquake_Information/December/2018_1206_2039_B2.html
WARNING (2023-08-02 17:24:40,041): 
Cannot output event info from https://earthquake.phivolcs.dost.gov.ph/2018_Earthquake_Information/December/2018_1206_1901_B1.html
WARNING (2023-08-02 17:24:40,634): 
Cannot output event info from https://earthquake.phivolcs.dost.gov.ph/2018_Earthquake_Information/December/2018_1206_1854_B2.html
WARNING (2023-08-02 17:24:41,119): 
Cannot output event info from https://earthquake.phivolcs.dost.gov.ph/2018_Earthquake_Information/December/2018_1206_1606_B2.html
WARNING (2023-08-02 17:24:41,728): 
Cannot output event info from https://earthquake.phivolcs.dost.gov.ph/2018_Earthquake_Information/December/2018_1206_1555_B2.html
WARNING (2023-08-02 17:24:42,259): 
Cannot output event info from https://earthquake.phivolcs.dost.gov.ph/2018_Earthquake_Information/December/2018_1206_1413_B3F.html
WARNING (2023-08-02 17:24:42,775): 
Cannot output event info from https://earthquake.phivolcs.dost.gov.ph/2018_Earthquake_Information/December/2018_1206_1238_B2.html
WARNING (2023-08-02 17:24:43,181): 
Cannot output event info from https://earthquake.phivolcs.dost.gov.ph/2018_Earthquake_Information/December/2018_1206_1233_B2.html
WARNING (2023-08-02 17:24:43,837): 
Cannot output event info from https://earthquake.phivolcs.dost.gov.ph/2018_Earthquake_Information/December/2018_1206_1144_B2.html
WARNING (2023-08-02 17:24:44,368): 
Cannot output event info from https://earthquake.phivolcs.dost.gov.ph/2018_Earthquake_Information/December/2018_1206_1048_B2.html
WARNING (2023-08-02 17:24:44,915): 
Cannot output event info from https://earthquake.phivolcs.dost.gov.ph/2018_Earthquake_Information/December/2018_1206_1006_B2.html
WARNING (2023-08-02 17:24:45,572): 
Cannot output event info from https://earthquake.phivolcs.dost.gov.ph/2018_Earthquake_Information/December/2018_1206_0926_B2F.html
WARNING (2023-08-02 17:24:46,134): 
Cannot output event info from https://earthquake.phivolcs.dost.gov.ph/2018_Earthquake_Information/December/2018_1206_0800_B2.html
WARNING (2023-08-02 17:24:46,759): 
Cannot output event info from https://earthquake.phivolcs.dost.gov.ph/2018_Earthquake_Information/December/2018_1206_0753_B2.html
WARNING (2023-08-02 17:24:47,636): 
Cannot output event info from https://earthquake.phivolcs.dost.gov.ph/2018_Earthquake_Information/December/2018_1206_0727_B2.html
WARNING (2023-08-02 17:24:48,198): 
Cannot output event info from https://earthquake.phivolcs.dost.gov.ph/2018_Earthquake_Information/December/2018_1206_0719_B2.html
WARNING (2023-08-02 17:24:48,698): 
Cannot output event info from https://earthquake.phivolcs.dost.gov.ph/2018_Earthquake_Information/December/2018_1207_0251_B1.html
WARNING (2023-08-02 17:24:49,261): 
Cannot output event info from https://earthquake.phivolcs.dost.gov.ph/2018_Earthquake_Information/December/2018_1206_0550_B2.html
WARNING (2023-08-02 17:24:50,073): 
Cannot output event info from https://earthquake.phivolcs.dost.gov.ph/2018_Earthquake_Information/December/2018_1206_0339_B2.html
WARNING (2023-08-02 17:24:50,636): 
Cannot output event info from https://earthquake.phivolcs.dost.gov.ph/2018_Earthquake_Information/December/2018_1206_0323_B2.html
WARNING (2023-08-02 17:24:51,230): 
Cannot output event info from https://earthquake.phivolcs.dost.gov.ph/2018_Earthquake_Information/December/2018_1205_1943_B2.html
WARNING (2023-08-02 17:24:51,682): 
Cannot output event info from https://earthquake.phivolcs.dost.gov.ph/2018_Earthquake_Information/December/2018_1205_1839_B2.html
WARNING (2023-08-02 17:24:53,573): 
Cannot output event info from https://earthquake.phivolcs.dost.gov.ph/2018_Earthquake_Information/December/2018_1205_1809_B2.html
WARNING (2023-08-02 17:24:54,089): 
Cannot output event info from https://earthquake.phivolcs.dost.gov.ph/2018_Earthquake_Information/December/2018_1205_1806_B2.html
WARNING (2023-08-02 17:24:54,698): 
Cannot output event info from https://earthquake.phivolcs.dost.gov.ph/2018_Earthquake_Information/December/2018_1205_1612_B2.html
WARNING (2023-08-02 17:24:55,511): 
Cannot output event info from https://earthquake.phivolcs.dost.gov.ph/2018_Earthquake_Information/December/2018_1205_1557_B2.html
WARNING (2023-08-02 17:24:56,011): 
Cannot output event info from https://earthquake.phivolcs.dost.gov.ph/2018_Earthquake_Information/December/2018_1205_1540_B2.html
WARNING (2023-08-02 17:24:56,542): 
Cannot output event info from https://earthquake.phivolcs.dost.gov.ph/2018_Earthquake_Information/December/2018_1205_1528_B2.html
WARNING (2023-08-02 17:24:58,073): 
Cannot output event info from https://earthquake.phivolcs.dost.gov.ph/2018_Earthquake_Information/December/2018_1205_1419_B2.html
WARNING (2023-08-02 17:24:58,605): 
Cannot output event info from https://earthquake.phivolcs.dost.gov.ph/2018_Earthquake_Information/December/2018_1205_1309_B3.html
WARNING (2023-08-02 17:24:59,198): 
Cannot output event info from https://earthquake.phivolcs.dost.gov.ph/2018_Earthquake_Information/December/2018_1205_1235_B2.html
WARNING (2023-08-02 17:24:59,667): 
Cannot output event info from https://earthquake.phivolcs.dost.gov.ph/2018_Earthquake_Information/December/2018_1205_1127_B2.html
WARNING (2023-08-02 17:25:00,778): 
Cannot output event info from https://earthquake.phivolcs.dost.gov.ph/2018_Earthquake_Information/December/2018_1205_1035_B2.html
WARNING (2023-08-02 17:25:03,137): 
Cannot output event info from https://earthquake.phivolcs.dost.gov.ph/2018_Earthquake_Information/December/2018_1205_1018_B2.html
WARNING (2023-08-02 17:25:04,621): 
Cannot output event info from https://earthquake.phivolcs.dost.gov.ph/2018_Earthquake_Information/December/2018_1205_0933_B2.html
WARNING (2023-08-02 17:25:05,637): 
Cannot output event info from https://earthquake.phivolcs.dost.gov.ph/2018_Earthquake_Information/December/2018_1205_0908_B2F.html
WARNING (2023-08-02 17:25:06,574): 
Cannot output event info from https://earthquake.phivolcs.dost.gov.ph/2018_Earthquake_Information/December/2018_1205_0813_B2.html
WARNING (2023-08-02 17:25:07,106): 
Cannot output event info from https://earthquake.phivolcs.dost.gov.ph/2018_Earthquake_Information/December/2018_1205_0743_B2.html
WARNING (2023-08-02 17:25:09,590): 
Cannot output event info from https://earthquake.phivolcs.dost.gov.ph/2018_Earthquake_Information/December/2018_1205_0700_B2.html
WARNING (2023-08-02 17:25:10,216): 
Cannot output event info from https://earthquake.phivolcs.dost.gov.ph/2018_Earthquake_Information/December/2018_1205_0142_B2.html
WARNING (2023-08-02 17:25:10,857): 
Cannot output event info from https://earthquake.phivolcs.dost.gov.ph/2018_Earthquake_Information/December/2018_1205_0100_B2.html
WARNING (2023-08-02 17:25:11,372): 
Cannot output event info from https://earthquake.phivolcs.dost.gov.ph/2018_Earthquake_Information/December/2018_1205_0032_B2.html
WARNING (2023-08-02 17:25:11,903): 
Cannot output event info from https://earthquake.phivolcs.dost.gov.ph/2018_Earthquake_Information/December/2018_1205_0003_B2.html
WARNING (2023-08-02 17:25:12,622): 
Cannot output event info from https://earthquake.phivolcs.dost.gov.ph/2018_Earthquake_Information/December/2018_1204_2358_B2F.html
WARNING (2023-08-02 17:25:13,107): 
Cannot output event info from https://earthquake.phivolcs.dost.gov.ph/2018_Earthquake_Information/December/2018_1204_2342_B2.html
WARNING (2023-08-02 17:25:13,622): 
Cannot output event info from https://earthquake.phivolcs.dost.gov.ph/2018_Earthquake_Information/December/2018_1204_2120_B2.html
WARNING (2023-08-02 17:25:14,200): 
Cannot output event info from https://earthquake.phivolcs.dost.gov.ph/2018_Earthquake_Information/December/2018_1204_2113_B2.html
WARNING (2023-08-02 17:25:14,684): 
Cannot output event info from https://earthquake.phivolcs.dost.gov.ph/2018_Earthquake_Information/December/2018_1204_2011_B2.html
WARNING (2023-08-02 17:25:15,138): 
Cannot output event info from https://earthquake.phivolcs.dost.gov.ph/2018_Earthquake_Information/December/2018_1204_1833_B2.html
WARNING (2023-08-02 17:25:15,832): 
Cannot output event info from https://earthquake.phivolcs.dost.gov.ph/2018_Earthquake_Information/December/2018_1204_1725_B1.html
WARNING (2023-08-02 17:25:16,634): 
Cannot output event info from https://earthquake.phivolcs.dost.gov.ph/2018_Earthquake_Information/December/2018_1204_1653_B2.html
WARNING (2023-08-02 17:25:17,150): 
Cannot output event info from https://earthquake.phivolcs.dost.gov.ph/2018_Earthquake_Information/December/2018_1204_1650_B2.html
WARNING (2023-08-02 17:25:18,105): 
Cannot output event info from https://earthquake.phivolcs.dost.gov.ph/2018_Earthquake_Information/December/2018_1204_1602_B2.html
WARNING (2023-08-02 17:25:18,636): 
Cannot output event info from https://earthquake.phivolcs.dost.gov.ph/2018_Earthquake_Information/December/2018_1204_1556_B2.html
WARNING (2023-08-02 17:25:19,418): 
Cannot output event info from https://earthquake.phivolcs.dost.gov.ph/2018_Earthquake_Information/December/2018_1204_1404_B3F.html
WARNING (2023-08-02 17:25:19,964): 
Cannot output event info from https://earthquake.phivolcs.dost.gov.ph/2018_Earthquake_Information/December/2018_1204_1354_B2.html
WARNING (2023-08-02 17:25:21,199): 
Cannot output event info from https://earthquake.phivolcs.dost.gov.ph/2018_Earthquake_Information/December/2018_1204_1319_B2.html
WARNING (2023-08-02 17:25:22,980): 
Cannot output event info from https://earthquake.phivolcs.dost.gov.ph/2018_Earthquake_Information/December/2018_1204_1243_B2.html
WARNING (2023-08-02 17:25:23,855): 
Cannot output event info from https://earthquake.phivolcs.dost.gov.ph/2018_Earthquake_Information/December/2018_1204_1146_B2.html
WARNING (2023-08-02 17:25:24,574): 
Cannot output event info from https://earthquake.phivolcs.dost.gov.ph/2018_Earthquake_Information/December/2018_1204_1144_B2.html
WARNING (2023-08-02 17:25:25,105): 
Cannot output event info from https://earthquake.phivolcs.dost.gov.ph/2018_Earthquake_Information/December/2018_1204_1137_B2.html
WARNING (2023-08-02 17:25:25,605): 
Cannot output event info from https://earthquake.phivolcs.dost.gov.ph/2018_Earthquake_Information/December/2018_1204_1129_B2.html
WARNING (2023-08-02 17:25:26,215): 
Cannot output event info from https://earthquake.phivolcs.dost.gov.ph/2018_Earthquake_Information/December/2018_1204_1113_B2.html
WARNING (2023-08-02 17:25:27,808): 
Cannot output event info from https://earthquake.phivolcs.dost.gov.ph/2018_Earthquake_Information/December/2018_1204_1113_B2.html
WARNING (2023-08-02 17:25:28,777): 
Cannot output event info from https://earthquake.phivolcs.dost.gov.ph/2018_Earthquake_Information/December/2018_1204_1029_B1.html
WARNING (2023-08-02 17:25:29,261): 
Cannot output event info from https://earthquake.phivolcs.dost.gov.ph/2018_Earthquake_Information/December/2018_1204_0512_B2.html
WARNING (2023-08-02 17:25:29,746): 
Cannot output event info from https://earthquake.phivolcs.dost.gov.ph/2018_Earthquake_Information/December/2018_1204_0037_B2.html
WARNING (2023-08-02 17:25:30,246): 
Cannot output event info from https://earthquake.phivolcs.dost.gov.ph/2018_Earthquake_Information/December/2018_1203_2235_B2.html
WARNING (2023-08-02 17:25:31,089): 
Cannot output event info from https://earthquake.phivolcs.dost.gov.ph/2018_Earthquake_Information/December/2018_1203_2149_B2.html
WARNING (2023-08-02 17:25:31,636): 
Cannot output event info from https://earthquake.phivolcs.dost.gov.ph/2018_Earthquake_Information/December/2018_1203_2139_B2.html
WARNING (2023-08-02 17:25:32,498): 
Cannot output event info from https://earthquake.phivolcs.dost.gov.ph/2018_Earthquake_Information/December/2018_1203_2134_B2.html
WARNING (2023-08-02 17:25:32,936): 
Cannot output event info from https://earthquake.phivolcs.dost.gov.ph/2018_Earthquake_Information/December/2018_1203_2035_B2.html
WARNING (2023-08-02 17:25:33,497): 
Cannot output event info from https://earthquake.phivolcs.dost.gov.ph/2018_Earthquake_Information/December/2018_1203_2023_B2.html
WARNING (2023-08-02 17:25:34,107): 
Cannot output event info from https://earthquake.phivolcs.dost.gov.ph/2018_Earthquake_Information/December/2018_1203_1834_B2.html
WARNING (2023-08-02 17:25:34,888): 
Cannot output event info from https://earthquake.phivolcs.dost.gov.ph/2018_Earthquake_Information/December/2018_1203_1627_B2.html
WARNING (2023-08-02 17:25:35,372): 
Cannot output event info from https://earthquake.phivolcs.dost.gov.ph/2018_Earthquake_Information/December/2018_1203_1609_B2.html
WARNING (2023-08-02 17:25:36,763): 
Cannot output event info from https://earthquake.phivolcs.dost.gov.ph/2018_Earthquake_Information/December/2018_1203_1525_B2.html
WARNING (2023-08-02 17:25:38,466): 
Cannot output event info from https://earthquake.phivolcs.dost.gov.ph/2018_Earthquake_Information/December/2018_1203_1014_B2.html
WARNING (2023-08-02 17:25:39,451): 
Cannot output event info from https://earthquake.phivolcs.dost.gov.ph/2018_Earthquake_Information/December/2018_1203_0925_B2.html
WARNING (2023-08-02 17:25:40,608): 
Cannot output event info from https://earthquake.phivolcs.dost.gov.ph/2018_Earthquake_Information/December/2018_1203_0921_B1.html
WARNING (2023-08-02 17:25:41,436): 
Cannot output event info from https://earthquake.phivolcs.dost.gov.ph/2018_Earthquake_Information/December/2018_1203_0648_B2.html
WARNING (2023-08-02 17:25:41,921): 
Cannot output event info from https://earthquake.phivolcs.dost.gov.ph/2018_Earthquake_Information/December/2018_1203_0647_B2.html
WARNING (2023-08-02 17:25:42,546): 
Cannot output event info from https://earthquake.phivolcs.dost.gov.ph/2018_Earthquake_Information/December/2018_1203_0511_B3F.html
WARNING (2023-08-02 17:25:43,171): 
Cannot output event info from https://earthquake.phivolcs.dost.gov.ph/2018_Earthquake_Information/December/2018_1203_0510_B2.html
WARNING (2023-08-02 17:25:43,952): 
Cannot output event info from https://earthquake.phivolcs.dost.gov.ph/2018_Earthquake_Information/December/2018_1203_0404_B2.html
WARNING (2023-08-02 17:25:44,640): 
Cannot output event info from https://earthquake.phivolcs.dost.gov.ph/2018_Earthquake_Information/December/2018_1202_1818_B2.html
WARNING (2023-08-02 17:25:45,202): 
Cannot output event info from https://earthquake.phivolcs.dost.gov.ph/2018_Earthquake_Information/December/2018_1202_1557_B2.html
WARNING (2023-08-02 17:25:45,843): 
Cannot output event info from https://earthquake.phivolcs.dost.gov.ph/2018_Earthquake_Information/December/2018_1202_1353_B2.html
WARNING (2023-08-02 17:25:46,358): 
Cannot output event info from https://earthquake.phivolcs.dost.gov.ph/2018_Earthquake_Information/December/2018_1202_1347_B2.html
WARNING (2023-08-02 17:25:46,890): 
Cannot output event info from https://earthquake.phivolcs.dost.gov.ph/2018_Earthquake_Information/December/2018_1202_1228_B2.html
WARNING (2023-08-02 17:25:48,811): 
Cannot output event info from https://earthquake.phivolcs.dost.gov.ph/2018_Earthquake_Information/December/2018_1202_1222_B2F.html
WARNING (2023-08-02 17:25:49,390): 
Cannot output event info from https://earthquake.phivolcs.dost.gov.ph/2018_Earthquake_Information/December/2018_1202_1220_B2F.html
WARNING (2023-08-02 17:25:49,858): 
Cannot output event info from https://earthquake.phivolcs.dost.gov.ph/2018_Earthquake_Information/December/2018_1202_1036_B2.html
WARNING (2023-08-02 17:25:50,343): 
Cannot output event info from https://earthquake.phivolcs.dost.gov.ph/2018_Earthquake_Information/December/2018_1202_0850_B2.html
WARNING (2023-08-02 17:25:50,874): 
Cannot output event info from https://earthquake.phivolcs.dost.gov.ph/2018_Earthquake_Information/December/2018_1202_0744_B2.html
WARNING (2023-08-02 17:25:51,671): 
Cannot output event info from https://earthquake.phivolcs.dost.gov.ph/2018_Earthquake_Information/December/2018_1202_0731_B2.html
WARNING (2023-08-02 17:25:52,140): 
Cannot output event info from https://earthquake.phivolcs.dost.gov.ph/2018_Earthquake_Information/December/2018_1202_0647_B2.html
WARNING (2023-08-02 17:25:53,015): 
Cannot output event info from https://earthquake.phivolcs.dost.gov.ph/2018_Earthquake_Information/December/2018_1202_0632_B2.html
WARNING (2023-08-02 17:25:53,905): 
Cannot output event info from https://earthquake.phivolcs.dost.gov.ph/2018_Earthquake_Information/December/2018_1202_0033_B2.html
WARNING (2023-08-02 17:25:55,249): 
Cannot output event info from https://earthquake.phivolcs.dost.gov.ph/2018_Earthquake_Information/December/2018_1201_2212_B2.html
WARNING (2023-08-02 17:25:55,827): 
Cannot output event info from https://earthquake.phivolcs.dost.gov.ph/2018_Earthquake_Information/December/2018_1201_2131_B2.html
WARNING (2023-08-02 17:25:58,390): 
Cannot output event info from https://earthquake.phivolcs.dost.gov.ph/2018_Earthquake_Information/December/2018_1201_2035_B2.html
WARNING (2023-08-02 17:25:59,155): 
Cannot output event info from https://earthquake.phivolcs.dost.gov.ph/2018_Earthquake_Information/December/2018_1201_2011_B2.html
WARNING (2023-08-02 17:25:59,702): 
Cannot output event info from https://earthquake.phivolcs.dost.gov.ph/2018_Earthquake_Information/December/2018_1201_1951_B2.html
WARNING (2023-08-02 17:26:01,562): 
Cannot output event info from https://earthquake.phivolcs.dost.gov.ph/2018_Earthquake_Information/December/2018_1201_1721_B2.html
WARNING (2023-08-02 17:26:09,374): 
Cannot output event info from https://earthquake.phivolcs.dost.gov.ph/2018_Earthquake_Information/December/2018_1201_1611_B2.html
WARNING (2023-08-02 17:26:16,109): 
Cannot output event info from https://earthquake.phivolcs.dost.gov.ph/2018_Earthquake_Information/December/2018_1201_1559_B2.html
WARNING (2023-08-02 17:26:16,874): 
Cannot output event info from https://earthquake.phivolcs.dost.gov.ph/2018_Earthquake_Information/December/2018_1201_1511_B2.html
WARNING (2023-08-02 17:26:17,420): 
Cannot output event info from https://earthquake.phivolcs.dost.gov.ph/2018_Earthquake_Information/December/2018_1201_1506_B3F.html
WARNING (2023-08-02 17:26:18,217): 
Cannot output event info from https://earthquake.phivolcs.dost.gov.ph/2018_Earthquake_Information/December/2018_1201_1202_B2.html
WARNING (2023-08-02 17:26:19,139): 
Cannot output event info from https://earthquake.phivolcs.dost.gov.ph/2018_Earthquake_Information/December/2018_1201_1108_B2.html
WARNING (2023-08-02 17:26:19,999): 
Cannot output event info from https://earthquake.phivolcs.dost.gov.ph/2018_Earthquake_Information/December/2018_1201_1028_B2.html
WARNING (2023-08-02 17:26:20,577): 
Cannot output event info from https://earthquake.phivolcs.dost.gov.ph/2018_Earthquake_Information/December/2018_1201_0924_B2.html
WARNING (2023-08-02 17:26:21,030): 
Cannot output event info from https://earthquake.phivolcs.dost.gov.ph/2018_Earthquake_Information/December/2018_1201_0759_B2.html
WARNING (2023-08-02 17:26:21,608): 
Cannot output event info from https://earthquake.phivolcs.dost.gov.ph/2018_Earthquake_Information/December/2018_1201_0647_B2.html
WARNING (2023-08-02 17:26:23,124): 
Cannot output event info from https://earthquake.phivolcs.dost.gov.ph/2018_Earthquake_Information/December/2018_1201_0618_B2.html
WARNING (2023-08-02 17:26:25,920): 
Cannot output event info from https://earthquake.phivolcs.dost.gov.ph/2018_Earthquake_Information/December/2018_1201_0354_B2.html
WARNING (2023-08-02 17:26:26,561): 
Cannot output event info from https://earthquake.phivolcs.dost.gov.ph/2018_Earthquake_Information/December/2018_1201_0123_B2.html
WARNING (2023-08-02 17:26:27,108): 
Cannot output event info from https://earthquake.phivolcs.dost.gov.ph/2018_Earthquake_Information/December/2018_1201_0057_B2.html
WARNING (2023-08-02 17:26:27,655): 
Cannot output event info from https://earthquake.phivolcs.dost.gov.ph/2018_Earthquake_Information/December/2018_1201_0049_B2.html
WARNING (2023-08-02 17:26:28,233): 
Cannot output event info from https://earthquake.phivolcs.dost.gov.ph/2018_Earthquake_Information/November/2018_1130_2101_B2.html
WARNING (2023-08-02 17:26:30,842): 
Cannot output event info from https://earthquake.phivolcs.dost.gov.ph/2018_Earthquake_Information/November/2018_1130_1807_B2.html
WARNING (2023-08-02 17:26:31,436): 
Cannot output event info from https://earthquake.phivolcs.dost.gov.ph/2018_Earthquake_Information/November/2018_1130_1739_B2.html
