CRITICAL (2023-08-07 08:36:57,691): 
404 Client Error: Not Found for url: https://earthquake.phivolcs.dost.gov.ph/2018_Earthquake_Information/April/2018_0430_0142_B2.html
CRITICAL (2023-08-07 08:37:09,219): 
404 Client Error: Not Found for url: https://earthquake.phivolcs.dost.gov.ph/2018_Earthquake_Information/April/2018_0429_2327_B2.html
CRITICAL (2023-08-07 08:37:32,332): 
404 Client Error: Not Found for url: https://earthquake.phivolcs.dost.gov.ph/2018_Earthquake_Information/April/2018_0429_2055_B2.html
CRITICAL (2023-08-07 08:37:53,554): 
404 Client Error: Not Found for url: https://earthquake.phivolcs.dost.gov.ph/2018_Earthquake_Information/April/2018_0429_0849_B2.html
CRITICAL (2023-08-07 08:38:05,127): 
404 Client Error: Not Found for url: https://earthquake.phivolcs.dost.gov.ph/2018_Earthquake_Information/April/2018_0429_0402_B2.html
CRITICAL (2023-08-07 08:40:28,696): 
404 Client Error: Not Found for url: https://earthquake.phivolcs.dost.gov.ph/2018_Earthquake_Information/April/2018_0426_1117_B3F.html
CRITICAL (2023-08-07 08:40:29,027): 
404 Client Error: Not Found for url: https://earthquake.phivolcs.dost.gov.ph/2018_Earthquake_Information/April/2018_0426_0942_B2.html
CRITICAL (2023-08-07 08:40:29,357): 
404 Client Error: Not Found for url: https://earthquake.phivolcs.dost.gov.ph/2018_Earthquake_Information/April/2018_0426_0810_B2.html
CRITICAL (2023-08-07 08:40:29,624): 
404 Client Error: Not Found for url: https://earthquake.phivolcs.dost.gov.ph/2018_Earthquake_Information/April/2018_0426_0533_B2.html
CRITICAL (2023-08-07 08:41:24,132): 
404 Client Error: Not Found for url: https://earthquake.phivolcs.dost.gov.ph/2018_Earthquake_Information/April/2018_0424_1958_B2.html
CRITICAL (2023-08-07 08:41:24,242): 
404 Client Error: Not Found for url: https://earthquake.phivolcs.dost.gov.ph/2018_Earthquake_Information/April/2018_0424_1833_B2.html
CRITICAL (2023-08-07 08:41:24,734): 
404 Client Error: Not Found for url: https://earthquake.phivolcs.dost.gov.ph/2018_Earthquake_Information/April/2018_0424_1657_B2.html
CRITICAL (2023-08-07 08:41:24,986): 
404 Client Error: Not Found for url: https://earthquake.phivolcs.dost.gov.ph/2018_Earthquake_Information/April/2018_0424_1520_B2.html
CRITICAL (2023-08-07 08:41:25,127): 
404 Client Error: Not Found for url: https://earthquake.phivolcs.dost.gov.ph/2018_Earthquake_Information/April/2018_0424_1435_B3F.html
CRITICAL (2023-08-07 08:41:25,330): 
404 Client Error: Not Found for url: https://earthquake.phivolcs.dost.gov.ph/2018_Earthquake_Information/April/2018_0424_1356_B2.html
CRITICAL (2023-08-07 08:41:25,457): 
404 Client Error: Not Found for url: https://earthquake.phivolcs.dost.gov.ph/2018_Earthquake_Information/April/2018_0424_1349_B2.html
CRITICAL (2023-08-07 08:41:25,786): 
404 Client Error: Not Found for url: https://earthquake.phivolcs.dost.gov.ph/2018_Earthquake_Information/April/2018_0424_1246_B3.html
CRITICAL (2023-08-07 08:41:25,990): 
404 Client Error: Not Found for url: https://earthquake.phivolcs.dost.gov.ph/2018_Earthquake_Information/April/2018_0424_1240_B2.html
CRITICAL (2023-08-07 08:41:26,295): 
404 Client Error: Not Found for url: https://earthquake.phivolcs.dost.gov.ph/2018_Earthquake_Information/April/2018_0424_1200_B2.html
CRITICAL (2023-08-07 08:42:16,826): 
404 Client Error: Not Found for url: https://earthquake.phivolcs.dost.gov.ph/2018_Earthquake_Information/April/2018_0422_1437_B2.html
CRITICAL (2023-08-07 08:42:38,772): 
404 Client Error: Not Found for url: https://earthquake.phivolcs.dost.gov.ph/2018_Earthquake_Information/April/2018_0420_2005_B2.html
CRITICAL (2023-08-07 08:43:47,876): 
404 Client Error: Not Found for url: https://earthquake.phivolcs.dost.gov.ph/2018_Earthquake_Information/April/2018_0418_0622_B2.html
WARNING (2023-08-07 08:44:19,540): 
Cannot output event info from https://earthquake.phivolcs.dost.gov.ph/2018_Earthquake_Information/April/2018_0417_1903_B2.jpg
CRITICAL (2023-08-07 08:44:32,766): 
404 Client Error: Not Found for url: https://earthquake.phivolcs.dost.gov.ph/2018_Earthquake_Information/April/2018_0417_1412_B3.html
CRITICAL (2023-08-07 08:44:39,417): 
404 Client Error: Not Found for url: https://earthquake.phivolcs.dost.gov.ph/2018_Earthquake_Information/April/2018_0417_1140_B2.html
CRITICAL (2023-08-07 08:44:39,621): 
404 Client Error: Not Found for url: https://earthquake.phivolcs.dost.gov.ph/2018_Earthquake_Information/April/2018_0417_1119_B2.html
WARNING (2023-08-07 08:45:01,960): Retrying (Retry(total=4, connect=None, read=None, redirect=None, status=None)) after connection broken by 'ProtocolError('Connection aborted.', RemoteDisconnected('Remote end closed connection without response'))': /2018_Earthquake_Information/April/2018_0415_0232_B1.html
WARNING (2023-08-07 08:45:04,004): Retrying (Retry(total=3, connect=None, read=None, redirect=None, status=None)) after connection broken by 'ProtocolError('Connection aborted.', ConnectionResetError(10054, 'An existing connection was forcibly closed by the remote host', None, 10054, None))': /2018_Earthquake_Information/April/2018_0415_0232_B1.html
CRITICAL (2023-08-07 08:49:31,112): 
404 Client Error: Not Found for url: https://earthquake.phivolcs.dost.gov.ph/2018_Earthquake_Information/March/2018_0401_0101_B2.html
CRITICAL (2023-08-07 08:49:31,271): 
404 Client Error: Not Found for url: https://earthquake.phivolcs.dost.gov.ph/2018_Earthquake_Information/March/2018_0401_0032_B2.html
CRITICAL (2023-08-07 08:49:31,522): 
404 Client Error: Not Found for url: https://earthquake.phivolcs.dost.gov.ph/2018_Earthquake_Information/March/2018_0401_0001_B2.html
