CRITICAL (2023-08-07 08:10:52,751): 
404 Client Error: Not Found for url: https://earthquake.phivolcs.dost.gov.ph/2018_Earthquake_Information/June/2018_0626_0257_B2.html
CRITICAL (2023-08-07 08:10:52,904): 
404 Client Error: Not Found for url: https://earthquake.phivolcs.dost.gov.ph/2018_Earthquake_Information/June/2018_0626_0252_B2.html
CRITICAL (2023-08-07 08:11:13,724): 
404 Client Error: Not Found for url: https://earthquake.phivolcs.dost.gov.ph/2018_Earthquake_Information/June/2018_0624_1757_B2.html
CRITICAL (2023-08-07 08:11:13,917): 
404 Client Error: Not Found for url: https://earthquake.phivolcs.dost.gov.ph/2018_Earthquake_Information/June/2018_0624_1647_B2.html
CRITICAL (2023-08-07 08:11:13,997): 
404 Client Error: Not Found for url: https://earthquake.phivolcs.dost.gov.ph/2018_Earthquake_Information/June/2018_0624_1530_B3F.html
CRITICAL (2023-08-07 08:11:14,881): 
404 Client Error: Not Found for url: https://earthquake.phivolcs.dost.gov.ph/2018_Earthquake_Information/June/2018_0624_1345_B2.html
CRITICAL (2023-08-07 08:11:15,540): 
404 Client Error: Not Found for url: https://earthquake.phivolcs.dost.gov.ph/2018_Earthquake_Information/June/2018_0624_1259_B2.html
CRITICAL (2023-08-07 08:11:16,191): 
404 Client Error: Not Found for url: https://earthquake.phivolcs.dost.gov.ph/2018_Earthquake_Information/June/2018_0624_1123_B2.html
CRITICAL (2023-08-07 08:11:17,101): 
404 Client Error: Not Found for url: https://earthquake.phivolcs.dost.gov.ph/2018_Earthquake_Information/June/2018_0624_1045_B2.html
CRITICAL (2023-08-07 08:11:24,940): 
404 Client Error: Not Found for url: https://earthquake.phivolcs.dost.gov.ph/2018_Earthquake_Information/June/2018_0624_0023_B2.html
CRITICAL (2023-08-07 08:11:25,094): 
404 Client Error: Not Found for url: https://earthquake.phivolcs.dost.gov.ph/2018_Earthquake_Information/June/2018_0623_2227_B2.html
CRITICAL (2023-08-07 08:11:25,310): 
404 Client Error: Not Found for url: https://earthquake.phivolcs.dost.gov.ph/2018_Earthquake_Information/June/2018_0623_2217_B2.html
CRITICAL (2023-08-07 08:11:25,489): 
404 Client Error: Not Found for url: https://earthquake.phivolcs.dost.gov.ph/2018_Earthquake_Information/June/2018_0623_2108_B2.html
CRITICAL (2023-08-07 08:11:25,989): 
404 Client Error: Not Found for url: https://earthquake.phivolcs.dost.gov.ph/2018_Earthquake_Information/June/2018_0623_1941_B2.html
CRITICAL (2023-08-07 08:11:26,088): 
404 Client Error: Not Found for url: https://earthquake.phivolcs.dost.gov.ph/2018_Earthquake_Information/June/2018_0623_1839_B2.html
CRITICAL (2023-08-07 08:11:26,219): 
404 Client Error: Not Found for url: https://earthquake.phivolcs.dost.gov.ph/2018_Earthquake_Information/June/2018_0623_1836_B2.html
CRITICAL (2023-08-07 08:11:26,404): 
404 Client Error: Not Found for url: https://earthquake.phivolcs.dost.gov.ph/2018_Earthquake_Information/June/2018_0623_1741_B2.html
CRITICAL (2023-08-07 08:12:05,955): 
404 Client Error: Not Found for url: https://earthquake.phivolcs.dost.gov.ph/2018_Earthquake_Information/June/2018_0621_2214_B2_Maguindanao.html
CRITICAL (2023-08-07 08:12:19,353): 
404 Client Error: Not Found for url: https://earthquake.phivolcs.dost.gov.ph/2018_Earthquake_Information/June/2018_0621_0153_B2.html
CRITICAL (2023-08-07 08:12:30,732): 
404 Client Error: Not Found for url: https://earthquake.phivolcs.dost.gov.ph/2018_Earthquake_Information/June/2018_0621_0150_B2.html
CRITICAL (2023-08-07 08:12:36,316): 
404 Client Error: Not Found for url: https://earthquake.phivolcs.dost.gov.ph/2018_Earthquake_Information/June/2018_0620_2040_B2.html
CRITICAL (2023-08-07 08:12:36,630): 
404 Client Error: Not Found for url: https://earthquake.phivolcs.dost.gov.ph/2018_Earthquake_Information/June/2018_0620_1927_B2.html
CRITICAL (2023-08-07 08:12:36,945): 
404 Client Error: Not Found for url: https://earthquake.phivolcs.dost.gov.ph/2018_Earthquake_Information/June/2018_0620_1848_B2.html
CRITICAL (2023-08-07 08:12:37,576): 
404 Client Error: Not Found for url: https://earthquake.phivolcs.dost.gov.ph/2018_Earthquake_Information/June/2018_0620_1635_B2.html
CRITICAL (2023-08-07 08:12:37,954): 
404 Client Error: Not Found for url: https://earthquake.phivolcs.dost.gov.ph/2018_Earthquake_Information/June/2018_0620_1533_B2.html
CRITICAL (2023-08-07 08:12:38,519): 
404 Client Error: Not Found for url: https://earthquake.phivolcs.dost.gov.ph/2018_Earthquake_Information/June/2018_0620_1427_B2.html
CRITICAL (2023-08-07 08:12:38,770): 
404 Client Error: Not Found for url: https://earthquake.phivolcs.dost.gov.ph/2018_Earthquake_Information/June/2018_0620_1349_B2.html
CRITICAL (2023-08-07 08:14:34,679): 
404 Client Error: Not Found for url: https://earthquake.phivolcs.dost.gov.ph/2018_Earthquake_Information/June/2018_0618_1146_B2.html
CRITICAL (2023-08-07 08:14:34,768): 
404 Client Error: Not Found for url: https://earthquake.phivolcs.dost.gov.ph/2018_Earthquake_Information/June/2018_0618_0843_B2.html
CRITICAL (2023-08-07 08:14:35,012): 
404 Client Error: Not Found for url: https://earthquake.phivolcs.dost.gov.ph/2018_Earthquake_Information/June/2018_0618_0544_B2.html
CRITICAL (2023-08-07 08:14:35,255): 
404 Client Error: Not Found for url: https://earthquake.phivolcs.dost.gov.ph/2018_Earthquake_Information/June/2018_0618_0539_B2.html
CRITICAL (2023-08-07 08:14:35,484): 
404 Client Error: Not Found for url: https://earthquake.phivolcs.dost.gov.ph/2018_Earthquake_Information/June/2018_0618_0522_B3F.html
WARNING (2023-08-07 08:15:05,026): Retrying (Retry(total=4, connect=None, read=None, redirect=None, status=None)) after connection broken by 'ProtocolError('Connection aborted.', ConnectionResetError(10054, 'An existing connection was forcibly closed by the remote host', None, 10054, None))': /2018_Earthquake_Information/June/2018_0617_0342_B2.html
CRITICAL (2023-08-07 08:16:22,778): 
404 Client Error: Not Found for url: https://earthquake.phivolcs.dost.gov.ph/2018_Earthquake_Information/June/2018_0611_1722_B2.html
CRITICAL (2023-08-07 08:17:19,282): 
404 Client Error: Not Found for url: https://earthquake.phivolcs.dost.gov.ph/2018_Earthquake_Information/June/2018_0607_1131_B2.html
