WARNING (2023-08-01 04:14:26,210): 
Cannot output event info from https://earthquake.phivolcs.dost.gov.ph/2019_Earthquake_Information/December/2019_1231_0108_B2.jpg
WARNING (2023-08-01 04:17:14,223): 
Max retries exceeded with url: https://earthquake.phivolcs.dost.gov.ph/EQLatest-Monthly/2019/2019_Earthquake_Information/December/2019_1221_1905_B1.html
WARNING (2023-08-01 04:18:09,801): 
Max retries exceeded with url: https://earthquake.phivolcs.dost.gov.ph/EQLatest-Monthly/2019/2019_Earthquake_Information/December/2019_1220_1939_B2.html
WARNING (2023-08-01 04:18:58,006): 
Max retries exceeded with url: https://earthquake.phivolcs.dost.gov.ph/EQLatest-Monthly/2019/2019_Earthquake_Information/December/2019_1220_1923_B2.html
WARNING (2023-08-01 04:19:59,344): 
Max retries exceeded with url: https://earthquake.phivolcs.dost.gov.ph/EQLatest-Monthly/2019/2019_Earthquake_Information/December/2019_1220_1441_B1_SurigaoDelSur.html
WARNING (2023-08-01 04:20:47,221): 
Max retries exceeded with url: https://earthquake.phivolcs.dost.gov.ph/EQLatest-Monthly/2019/2019_Earthquake_Information/December/2019_1220_1441_B1_OccidentalMindoro.html
WARNING (2023-08-01 04:27:26,249): 
Max retries exceeded with url: https://earthquake.phivolcs.dost.gov.ph/EQLatest-Monthly/2019/2019_Earthquake_Information/November/2019_1130_2049_B2.html
WARNING (2023-08-01 04:28:08,420): 
Max retries exceeded with url: https://earthquake.phivolcs.dost.gov.ph/EQLatest-Monthly/2019/2019_Earthquake_Information/November/2019_1130_2040_B2.html
WARNING (2023-08-01 04:28:56,236): 
Max retries exceeded with url: https://earthquake.phivolcs.dost.gov.ph/EQLatest-Monthly/2019/2019_Earthquake_Information/November/2019_1130_2031_B2.html
WARNING (2023-08-01 04:29:32,250): 
Max retries exceeded with url: https://earthquake.phivolcs.dost.gov.ph/EQLatest-Monthly/2019/2019_Earthquake_Information/November/2019_1130_2004_B2.html
WARNING (2023-08-01 04:30:09,051): 
Max retries exceeded with url: https://earthquake.phivolcs.dost.gov.ph/EQLatest-Monthly/2019/2019_Earthquake_Information/November/2019_1130_1941_B2.html
WARNING (2023-08-01 04:30:44,254): 
Max retries exceeded with url: https://earthquake.phivolcs.dost.gov.ph/EQLatest-Monthly/2019/2019_Earthquake_Information/November/2019_1130_1934_B2.html
WARNING (2023-08-01 04:31:20,252): 
Max retries exceeded with url: https://earthquake.phivolcs.dost.gov.ph/EQLatest-Monthly/2019/2019_Earthquake_Information/November/2019_1130_1927_B2.html
WARNING (2023-08-01 04:31:56,256): 
Max retries exceeded with url: https://earthquake.phivolcs.dost.gov.ph/EQLatest-Monthly/2019/2019_Earthquake_Information/November/2019_1130_1919_B2.html
WARNING (2023-08-01 04:32:32,247): 
Max retries exceeded with url: https://earthquake.phivolcs.dost.gov.ph/EQLatest-Monthly/2019/2019_Earthquake_Information/November/2019_1130_1916_B2.html
WARNING (2023-08-01 04:33:08,255): 
Max retries exceeded with url: https://earthquake.phivolcs.dost.gov.ph/EQLatest-Monthly/2019/2019_Earthquake_Information/November/2019_1130_1902_B2.html
WARNING (2023-08-01 04:33:44,251): 
Max retries exceeded with url: https://earthquake.phivolcs.dost.gov.ph/EQLatest-Monthly/2019/2019_Earthquake_Information/November/2019_1130_1849_B2.html
WARNING (2023-08-01 04:34:26,454): 
Max retries exceeded with url: https://earthquake.phivolcs.dost.gov.ph/EQLatest-Monthly/2019/2019_Earthquake_Information/November/2019_1130_1819_B2.html
WARNING (2023-08-01 04:35:14,262): 
Max retries exceeded with url: https://earthquake.phivolcs.dost.gov.ph/EQLatest-Monthly/2019/2019_Earthquake_Information/November/2019_1130_1705_B2.html
