WARNING (2023-08-07 21:29:11,327): 
Cannot output event info from https://earthquake.phivolcs.dost.gov.ph/2019_Earthquake_Information/July/2019_0731_1206_B1F.pdf
WARNING (2023-08-07 21:32:17,490): 
Cannot output event info from https://earthquake.phivolcs.dost.gov.ph/2019_Earthquake_Information/July/2019_0730_1323_B1F.pdf
WARNING (2023-08-07 21:32:35,609): 
Cannot output event info from https://earthquake.phivolcs.dost.gov.ph/2019_Earthquake_Information/July/2019_0730_1322_B1F.pdf
WARNING (2023-08-07 21:33:10,394): 
Cannot output event info from https://earthquake.phivolcs.dost.gov.ph/2019_Earthquake_Information/July/2019_0730_0927_B1F.pdf
WARNING (2023-08-07 21:33:21,171): 
Cannot output event info from https://earthquake.phivolcs.dost.gov.ph/2019_Earthquake_Information/July/2019_0730_0343_B1F.pdf
CRITICAL (2023-08-07 21:35:36,463): 
404 Client Error: Not Found for url: https://earthquake.phivolcs.dost.gov.ph/2019_Earthquake_Information/July/2019_0729_1253_B1F.pdf
WARNING (2023-08-07 21:35:55,173): 
Cannot output event info from https://earthquake.phivolcs.dost.gov.ph/2019_Earthquake_Information/July/2019_0729_1016_B1F.pdf
WARNING (2023-08-07 21:36:09,930): 
Cannot output event info from https://earthquake.phivolcs.dost.gov.ph/2019_Earthquake_Information/July/2019_0729_0845_B1F.pdf
CRITICAL (2023-08-07 21:36:16,033): 
404 Client Error: Not Found for url: https://earthquake.phivolcs.dost.gov.ph/2019_Earthquake_Information/July/2019_0729_0702_B1F.pdf
WARNING (2023-08-07 21:36:26,014): 
Cannot output event info from https://earthquake.phivolcs.dost.gov.ph/2019_Earthquake_Information/July/2019_0729_0452_B1F.pdf
WARNING (2023-08-07 21:38:56,810): Retrying (Retry(total=4, connect=None, read=None, redirect=None, status=None)) after connection broken by 'ReadTimeoutError("HTTPSConnectionPool(host='earthquake.phivolcs.dost.gov.ph', port=443): Read timed out. (read timeout=9)")': /2019_Earthquake_Information/July/2019_0728_0746_B2.html
CRITICAL (2023-08-07 21:41:57,688): 
404 Client Error: Not Found for url: https://earthquake.phivolcs.dost.gov.ph/2019_Earthquake_Information/July/2019_0727_0454_B2.html
CRITICAL (2023-08-07 21:41:58,247): 
404 Client Error: Not Found for url: https://earthquake.phivolcs.dost.gov.ph/2019_Earthquake_Information/July/2019_0727_0328_B2.html
WARNING (2023-08-07 21:44:41,993): Retrying (Retry(total=4, connect=None, read=None, redirect=None, status=None)) after connection broken by 'ReadTimeoutError("HTTPSConnectionPool(host='earthquake.phivolcs.dost.gov.ph', port=443): Read timed out. (read timeout=9)")': /2019_Earthquake_Information/July/2019_0726_0507_B2.html
WARNING (2023-08-07 21:45:03,916): Retrying (Retry(total=4, connect=None, read=None, redirect=None, status=None)) after connection broken by 'ProtocolError('Connection aborted.', RemoteDisconnected('Remote end closed connection without response'))': /2019_Earthquake_Information/July/2019_0725_1856_B2F.html
CRITICAL (2023-08-07 21:53:03,546): 
404 Client Error: Not Found for url: https://earthquake.phivolcs.dost.gov.ph/2019_Earthquake_Information/July/2019_0721_1427_B2.html
CRITICAL (2023-08-07 21:53:10,735): 
404 Client Error: Not Found for url: https://earthquake.phivolcs.dost.gov.ph/2019_Earthquake_Information/July/2019_0721_1419_B2.html
WARNING (2023-08-07 21:53:22,924): Retrying (Retry(total=4, connect=None, read=None, redirect=None, status=None)) after connection broken by 'ReadTimeoutError("HTTPSConnectionPool(host='earthquake.phivolcs.dost.gov.ph', port=443): Read timed out. (read timeout=9)")': /2019_Earthquake_Information/July/2019_0721_1332_B2.html
WARNING (2023-08-07 22:00:06,293): Retrying (Retry(total=4, connect=None, read=None, redirect=None, status=None)) after connection broken by 'ProtocolError('Connection aborted.', FileNotFoundError(2, 'No such file or directory'))': /2019_Earthquake_Information/July/2019_0719_0352_B2.html
WARNING (2023-08-07 22:06:08,199): Retrying (Retry(total=4, connect=None, read=None, redirect=None, status=None)) after connection broken by 'ReadTimeoutError("HTTPSConnectionPool(host='earthquake.phivolcs.dost.gov.ph', port=443): Read timed out. (read timeout=9)")': /2019_Earthquake_Information/July/2019_0714_1752_B2F.html
CRITICAL (2023-08-07 22:18:50,727): 
404 Client Error: Not Found for url: https://earthquake.phivolcs.dost.gov.ph/2019_Earthquake_Information/July/2019_0709_1711_B2f.html
CRITICAL (2023-08-07 22:19:43,492): 
404 Client Error: Not Found for url: https://earthquake.phivolcs.dost.gov.ph/2019_Earthquake_Information/July/2019_0709_1526_B2f.html
CRITICAL (2023-08-07 22:20:16,115): 
404 Client Error: Not Found for url: https://earthquake.phivolcs.dost.gov.ph/2019_Earthquake_Information/July/2019_0709_1451_B2.html
WARNING (2023-08-07 22:25:19,517): Retrying (Retry(total=4, connect=None, read=None, redirect=None, status=None)) after connection broken by 'NewConnectionError('<urllib3.connection.HTTPSConnection object at 0x000001AD657792A0>: Failed to establish a new connection: [Errno 11001] getaddrinfo failed')': /2019_Earthquake_Information/July/2019_0707_1002_B2.html
WARNING (2023-08-07 22:26:48,005): Retrying (Retry(total=4, connect=None, read=None, redirect=None, status=None)) after connection broken by 'ReadTimeoutError("HTTPSConnectionPool(host='earthquake.phivolcs.dost.gov.ph', port=443): Read timed out. (read timeout=9)")': /2019_Earthquake_Information/July/2019_0706_1735_B2.html
WARNING (2023-08-07 22:36:42,711): Retrying (Retry(total=4, connect=None, read=None, redirect=None, status=None)) after connection broken by 'ReadTimeoutError("HTTPSConnectionPool(host='earthquake.phivolcs.dost.gov.ph', port=443): Read timed out. (read timeout=9)")': /2019_Earthquake_Information/July/2019_0701_0849_B2.html
