WARNING (2023-08-07 22:46:01,474): Retrying (Retry(total=4, connect=None, read=None, redirect=None, status=None)) after connection broken by 'ReadTimeoutError("HTTPSConnectionPool(host='earthquake.phivolcs.dost.gov.ph', port=443): Read timed out. (read timeout=9)")': /2019_Earthquake_Information/August/2019_0829_1045_B2.html
WARNING (2023-08-07 22:46:17,577): Retrying (Retry(total=4, connect=None, read=None, redirect=None, status=None)) after connection broken by 'ReadTimeoutError("HTTPSConnectionPool(host='earthquake.phivolcs.dost.gov.ph', port=443): Read timed out. (read timeout=9)")': /2019_Earthquake_Information/August/2019_0829_1029_B2F.html
WARNING (2023-08-07 23:00:03,720): Retrying (Retry(total=4, connect=None, read=None, redirect=None, status=None)) after connection broken by 'ProtocolError('Connection aborted.', ConnectionResetError(10054, 'An existing connection was forcibly closed by the remote host', None, 10054, None))': /2019_Earthquake_Information/August/2019_0805_2021_B2.html
WARNING (2023-08-07 23:00:14,728): Retrying (Retry(total=3, connect=None, read=None, redirect=None, status=None)) after connection broken by 'ConnectTimeoutError(<urllib3.connection.HTTPSConnection object at 0x0000019D83F2CBE0>, 'Connection to earthquake.phivolcs.dost.gov.ph timed out. (connect timeout=9)')': /2019_Earthquake_Information/August/2019_0805_2021_B2.html
WARNING (2023-08-07 23:01:04,541): 
Cannot output event info from https://earthquake.phivolcs.dost.gov.ph/2019_Earthquake_Information/August/2019_0804_0612_B1F.pdf
WARNING (2023-08-07 23:01:05,953): 
Cannot output event info from https://earthquake.phivolcs.dost.gov.ph/2019_Earthquake_Information/August/2019_0803_2345_B1F.pdf
WARNING (2023-08-07 23:01:58,368): 
Cannot output event info from https://earthquake.phivolcs.dost.gov.ph/2019_Earthquake_Information/August/2019_0803_1043_B1F.pdf
WARNING (2023-08-07 23:01:59,077): 
Cannot output event info from https://earthquake.phivolcs.dost.gov.ph/2019_Earthquake_Information/August/2019_0803_1029_B1F.pdf
CRITICAL (2023-08-07 23:02:10,005): 
404 Client Error: Not Found for url: https://earthquake.phivolcs.dost.gov.ph/2019_Earthquake_Information/August/2019_0802_1818_B2_Aurora.html
WARNING (2023-08-07 23:02:24,764): 
Cannot output event info from https://earthquake.phivolcs.dost.gov.ph/2019_Earthquake_Information/August/2019_0802_0219_B1F.pdf
WARNING (2023-08-07 23:02:31,336): 
Cannot output event info from https://earthquake.phivolcs.dost.gov.ph/2019_Earthquake_Information/August/2019_0801_2340_B1F.pdf
WARNING (2023-08-07 23:02:54,581): 
Cannot output event info from https://earthquake.phivolcs.dost.gov.ph/2019_Earthquake_Information/August/2019_0801_0723_B1F.pdf
WARNING (2023-08-07 23:02:58,077): 
Cannot output event info from https://earthquake.phivolcs.dost.gov.ph/2019_Earthquake_Information/August/2019_0801_0717_B1F.pdf
WARNING (2023-08-07 23:03:07,329): 
Cannot output event info from https://earthquake.phivolcs.dost.gov.ph/2019_Earthquake_Information/August/2019_0801_0016_B1F.pdf
