WARNING (2023-08-01 03:59:26,855): 
Max retries exceeded with url: https://earthquake.phivolcs.dost.gov.ph/EQLatest-Monthly/2019/2019_Earthquake_Information/November/2019_1127_2245_B2.html
WARNING (2023-08-01 04:00:08,858): 
Max retries exceeded with url: https://earthquake.phivolcs.dost.gov.ph/EQLatest-Monthly/2019/2019_Earthquake_Information/November/2019_1127_2230_B2.html
WARNING (2023-08-01 04:02:14,188): 
Max retries exceeded with url: https://earthquake.phivolcs.dost.gov.ph/EQLatest-Monthly/2019/2019_Earthquake_Information/November/2019_1120_1431_B2.html
WARNING (2023-08-01 04:02:50,198): 
Max retries exceeded with url: https://earthquake.phivolcs.dost.gov.ph/EQLatest-Monthly/2019/2019_Earthquake_Information/November/2019_1120_1431_B2_Occidental_Mindoro.html
WARNING (2023-08-01 04:03:38,191): 
Max retries exceeded with url: https://earthquake.phivolcs.dost.gov.ph/EQLatest-Monthly/2019/2019_Earthquake_Information/November/2019_1119_0254_B2.html
WARNING (2023-08-01 04:04:24,192): 
Max retries exceeded with url: https://earthquake.phivolcs.dost.gov.ph/2019_Earthquake_Information/November/2019_1118_1434_B1_BUKIDNON2.html
WARNING (2023-08-01 04:06:26,198): 
Max retries exceeded with url: https://earthquake.phivolcs.dost.gov.ph/EQLatest-Monthly/2019/2019_Earthquake_Information/November/2019_1112_1110_B2.html
WARNING (2023-08-01 04:08:18,210): 
Max retries exceeded with url: https://earthquake.phivolcs.dost.gov.ph/EQLatest-Monthly/2019/2019_Earthquake_Information/November/2019_1108_1035_B2.html
WARNING (2023-08-01 04:09:46,247): 
Max retries exceeded with url: https://earthquake.phivolcs.dost.gov.ph/2019_Earthquake_Information/November/2019_1105_1818_B2.html
WARNING (2023-08-01 04:10:29,250): 
Max retries exceeded with url: https://earthquake.phivolcs.dost.gov.ph/EQLatest-Monthly/2019/2019_Earthquake_Information/November/2019_1105_1537_B1.html
WARNING (2023-08-01 04:11:14,217): 
Max retries exceeded with url: https://earthquake.phivolcs.dost.gov.ph/EQLatest-Monthly/2019/2019_Earthquake_Information/November/2019_1105_1230_B2.html
