WARNING (2023-08-10 06:30:01,506): Retrying (Retry(total=4, connect=None, read=None, redirect=None, status=None)) after connection broken by 'ProtocolError('Connection aborted.', ConnectionResetError(10054, 'An existing connection was forcibly closed by the remote host', None, 10054, None))': /2020_Earthquake_Information/May/2020_0517_1847_B2.html
WARNING (2023-08-10 06:30:05,760): Retrying (Retry(total=3, connect=None, read=None, redirect=None, status=None)) after connection broken by 'NewConnectionError('<urllib3.connection.HTTPSConnection object at 0x000001E7074390F0>: Failed to establish a new connection: [WinError 10061] No connection could be made because the target machine actively refused it')': /2020_Earthquake_Information/May/2020_0517_1847_B2.html
CRITICAL (2023-08-10 06:40:00,697): 
404 Client Error: Not Found for url: https://earthquake.phivolcs.dost.gov.ph/2020_Earthquake_Information/May/2020_0506_2104_B2.html
CRITICAL (2023-08-10 06:40:02,754): 
404 Client Error: Not Found for url: https://earthquake.phivolcs.dost.gov.ph/2020_Earthquake_Information/May/2020_0506_1759_B2.html
CRITICAL (2023-08-10 06:40:03,071): 
404 Client Error: Not Found for url: https://earthquake.phivolcs.dost.gov.ph/2020_Earthquake_Information/May/2020_0506_1749_B2.html
CRITICAL (2023-08-10 06:40:03,406): 
404 Client Error: Not Found for url: https://earthquake.phivolcs.dost.gov.ph/2020_Earthquake_Information/May/2020_0506_1746_B2.html
CRITICAL (2023-08-10 06:40:03,663): 
404 Client Error: Not Found for url: https://earthquake.phivolcs.dost.gov.ph/2020_Earthquake_Information/May/2020_0506_1740_B2.html
CRITICAL (2023-08-10 06:40:04,306): 
404 Client Error: Not Found for url: https://earthquake.phivolcs.dost.gov.ph/2020_Earthquake_Information/May/2020_0506_1644_B2F.html
CRITICAL (2023-08-10 06:40:04,399): 
404 Client Error: Not Found for url: https://earthquake.phivolcs.dost.gov.ph/2020_Earthquake_Information/May/2020_0506_1643_B2.html
CRITICAL (2023-08-10 06:40:14,527): 
404 Client Error: Not Found for url: https://earthquake.phivolcs.dost.gov.ph/2020_Earthquake_Information/May/2020_0506_0809_B2.html
CRITICAL (2023-08-10 06:40:46,522): 
404 Client Error: Not Found for url: https://earthquake.phivolcs.dost.gov.ph/2020_Earthquake_Information/May/2020_0505_1702_B2.html
CRITICAL (2023-08-10 06:40:46,761): 
404 Client Error: Not Found for url: https://earthquake.phivolcs.dost.gov.ph/2020_Earthquake_Information/May/2020_0505_1637_B2.html
CRITICAL (2023-08-10 06:40:47,012): 
404 Client Error: Not Found for url: https://earthquake.phivolcs.dost.gov.ph/2020_Earthquake_Information/May/2020_0505_1635_B2F.html
CRITICAL (2023-08-10 06:40:47,105): 
404 Client Error: Not Found for url: https://earthquake.phivolcs.dost.gov.ph/2020_Earthquake_Information/May/2020_0505_1535_B2.html
CRITICAL (2023-08-10 06:40:48,247): 
404 Client Error: Not Found for url: https://earthquake.phivolcs.dost.gov.ph/2020_Earthquake_Information/May/2020_0505_1322_B2_Davao_Occidental.html
WARNING (2023-08-10 06:41:30,110): Retrying (Retry(total=4, connect=None, read=None, redirect=None, status=None)) after connection broken by 'ReadTimeoutError("HTTPSConnectionPool(host='earthquake.phivolcs.dost.gov.ph', port=443): Read timed out. (read timeout=9)")': /2020_Earthquake_Information/May/2020_0505_0345_B2.html
CRITICAL (2023-08-10 06:41:40,330): 
404 Client Error: Not Found for url: https://earthquake.phivolcs.dost.gov.ph/2020_Earthquake_Information/May/2020_0504_1745_B2_Batangas.html
CRITICAL (2023-08-10 06:41:45,657): 
404 Client Error: Not Found for url: https://earthquake.phivolcs.dost.gov.ph/2020_Earthquake_Information/May/2020_0504_1745_B2_Antique.html
CRITICAL (2023-08-10 06:41:45,912): 
404 Client Error: Not Found for url: https://earthquake.phivolcs.dost.gov.ph/2020_Earthquake_Information/May/2020_0504_1744_B2.html
CRITICAL (2023-08-10 06:41:46,053): 
404 Client Error: Not Found for url: https://earthquake.phivolcs.dost.gov.ph/2020_Earthquake_Information/May/2020_0504_1730_B2.html
CRITICAL (2023-08-10 06:41:46,243): 
404 Client Error: Not Found for url: https://earthquake.phivolcs.dost.gov.ph/2020_Earthquake_Information/May/2020_0504_1726_B2.html
CRITICAL (2023-08-10 06:41:46,464): 
404 Client Error: Not Found for url: https://earthquake.phivolcs.dost.gov.ph/2020_Earthquake_Information/May/2020_0504_1630_B2.html
CRITICAL (2023-08-10 06:41:46,635): 
404 Client Error: Not Found for url: https://earthquake.phivolcs.dost.gov.ph/2020_Earthquake_Information/May/2020_0504_1612_B2.html
CRITICAL (2023-08-10 06:42:11,470): 
404 Client Error: Not Found for url: https://earthquake.phivolcs.dost.gov.ph/2020_Earthquake_Information/May/2020_0503_1746_B2.html
CRITICAL (2023-08-10 06:42:11,661): 
404 Client Error: Not Found for url: https://earthquake.phivolcs.dost.gov.ph/2020_Earthquake_Information/May/2020_0503_1745_B2.html
CRITICAL (2023-08-10 06:42:11,903): 
404 Client Error: Not Found for url: https://earthquake.phivolcs.dost.gov.ph/2020_Earthquake_Information/May/2020_0503_1711_B2.html
CRITICAL (2023-08-10 06:42:12,229): 
404 Client Error: Not Found for url: https://earthquake.phivolcs.dost.gov.ph/2020_Earthquake_Information/May/2020_0503_1710_B2.html
CRITICAL (2023-08-10 06:42:17,987): 
404 Client Error: Not Found for url: https://earthquake.phivolcs.dost.gov.ph/2020_Earthquake_Information/May/2020_0503_1527_B2.html
CRITICAL (2023-08-10 06:42:18,404): 
404 Client Error: Not Found for url: https://earthquake.phivolcs.dost.gov.ph/2020_Earthquake_Information/May/2020_0503_1510_B2.html
CRITICAL (2023-08-10 06:42:19,973): 
404 Client Error: Not Found for url: https://earthquake.phivolcs.dost.gov.ph/2020_Earthquake_Information/May/2020_0503_1139_B2.html
WARNING (2023-08-10 06:45:01,828): Retrying (Retry(total=4, connect=None, read=None, redirect=None, status=None)) after connection broken by 'ProtocolError('Connection aborted.', RemoteDisconnected('Remote end closed connection without response'))': /2020_Earthquake_Information/May/2020_0501_0526_B2.html
