CRITICAL (2023-08-10 13:11:26,897): 
404 Client Error: Not Found for url: https://earthquake.phivolcs.dost.gov.ph/2021_Earthquake_Information/July/2021_0730_1517_B2.html
WARNING (2023-08-10 13:12:17,376): 
Cannot output event info from https://earthquake.phivolcs.dost.gov.ph/2021_Earthquake_Information/July/2021_0723_1219_B1.pdf
CRITICAL (2023-08-10 13:12:26,157): 
404 Client Error: Not Found for url: https://earthquake.phivolcs.dost.gov.ph/2021_Earthquake_Information/July/2021_0719_2139_B2.html
CRITICAL (2023-08-10 13:12:26,215): 
404 Client Error: Not Found for url: https://earthquake.phivolcs.dost.gov.ph/2021_Earthquake_Information/July/2021_0719_2012_B2.html
CRITICAL (2023-08-10 13:12:26,276): 
404 Client Error: Not Found for url: https://earthquake.phivolcs.dost.gov.ph/2021_Earthquake_Information/July/2021_0719_1911_B2.html
CRITICAL (2023-08-10 13:12:26,345): 
404 Client Error: Not Found for url: https://earthquake.phivolcs.dost.gov.ph/2021_Earthquake_Information/July/2021_0719_1901_B2.html
CRITICAL (2023-08-10 13:12:26,651): 
404 Client Error: Not Found for url: https://earthquake.phivolcs.dost.gov.ph/2021_Earthquake_Information/July/2021_0719_1746_B2.html
CRITICAL (2023-08-10 13:13:51,622): 
404 Client Error: Not Found for url: https://earthquake.phivolcs.dost.gov.ph/EQLatest-Monthly/2021/2021_Earthquake_Information/June/2021_0630_1800_B2.html
CRITICAL (2023-08-10 13:13:51,704): 
404 Client Error: Not Found for url: https://earthquake.phivolcs.dost.gov.ph/EQLatest-Monthly/2021/2021_Earthquake_Information/June/2021_0630_1750_B2.html
CRITICAL (2023-08-10 13:13:51,781): 
404 Client Error: Not Found for url: https://earthquake.phivolcs.dost.gov.ph/EQLatest-Monthly/2021/2021_Earthquake_Information/June/2021_0630_1737_B2.html
CRITICAL (2023-08-10 13:13:51,963): 
404 Client Error: Not Found for url: https://earthquake.phivolcs.dost.gov.ph/EQLatest-Monthly/2021/2021_Earthquake_Information/June/2021_0630_1637_B2.html
CRITICAL (2023-08-10 13:13:52,020): 
404 Client Error: Not Found for url: https://earthquake.phivolcs.dost.gov.ph/EQLatest-Monthly/2021/2021_Earthquake_Information/June/2021_0630_1611_B2.html
